
[2026-04-18T04:24:33.553568+00:00]
<New T="1776522273.7621" Seq="83"><M D="Victorian Motor Racing Championship Round 2 (VMRC)" Y="Cars" /><T C="CPR" N="Calder Park Raceway" I="0" P="0" PI1="0" PI2="0"></T><E C="R3" D="2026 Hankook Hyper Racer Australian Drivers&apos; C&apos;ship - Race 1" Y="Race" MP="N" MPD="0" L="12" TY="" ST="0" RY="Race" RI="57.8265" RD="739781" RC="Hayden Crossland" RS="NSW" RV="Hyper Racer X1" /><OL><O ID="0" C="HYPER" Y="Cars" RY="Race" RI="57.8265" RD="739781" RC="Hayden Crossland" RS="NSW" RV="Hyper Racer X1" /></OL><RL><R ID="1" CC="0" C="2" S="" N="2" V="Hyper Racer X1"><V ID="1" B="1" N="Dean Crooke" /></R><R ID="2" CC="0" C="4" S="" N="4" V="Hyper Racer X1"><V ID="1" B="1" N="Aaron Imbach" /></R><R ID="3" CC="0" C="5" S="" N="5" V="Hyper Racer X1"><V ID="1" B="1" N="Christopher Carydias" /></R><R ID="4" CC="0" C="11" S="" N="11" V="Hyper Racer X1"><V ID="1" B="1" N="Stephen Donnellan" /></R><R ID="5" CC="0" C="12" S="" N="12" V="Hyper Racer X1"><V ID="1" B="1" N="Rob Summons" /></R><R ID="6" CC="0" C="14" S="" N="14" V="Hyper Racer X1"><V ID="1" B="1" N="Jack Lewis" /></R><R ID="7" CC="0" C="19" S="" N="19" V="Hyper Racer X1"><V ID="1" B="1" N="Hamish Leighton" /></R><R ID="8" CC="0" C="23" S="" N="23" V="Hyper Racer X1"><V ID="1" B="1" N="Peter Nowlan" /></R><R ID="9" CC="0" C="24" S="" N="24" V="Hyper Racer X1"><V ID="1" B="1" N="Brenton Davey" /></R><R ID="10" CC="0" C="34" S="" N="34" V="Hyper Racer X1"><V ID="1" B="1" N="Lucas Stasi" /></R><R ID="11" CC="0" C="38" S="" N="38" V="Hyper Racer X1"><V ID="1" B="1" N="Zachary Catlin" /></R><R ID="12" CC="0" C="63" S="" N="63" V="Hyper Racer X1"><V ID="1" B="1" N="Harry Strik" /></R><R ID="13" CC="0" C="68" S="" N="68" V="Hyper Racer X1"><V ID="1" B="1" N="Terry Knowles" /></R><R ID="14" CC="0" C="74" S="" N="74" V="Hyper Racer X1"><V ID="1" B="1" N="Bradley Smith" /></R><R ID="15" CC="0" C="77" S="" N="77" V="Hyper Racer X1"><V ID="1" B="1" N="Justin Yuen" /></R><R ID="16" CC="0" C="82" S="" N="82" V="Hyper Racer X1"><V ID="1" B="1" N="Rocco Spinley" /></R><R ID="17" CC="0" C="88" S="" N="88" V="Hyper Racer X1"><V ID="1" B="1" N="Chris Peters" /></R></RL></New>

[2026-04-18T04:24:33.554404+00:00]
<C T="1776522273.7621" Y="L" C="3" E="585" />

[2026-04-18T04:24:33.555257+00:00]
<S T="1776522273.7621" S="Green" I="1776521687.5961" R="0" E="R3" P="1" SN="0" />

[2026-04-18T04:24:33.555435+00:00]
<G T="1776522273.7621" R="" C="" />

[2026-04-18T04:24:33.555630+00:00]
<A T="1776522273.7621" Y="f" C="14" I="59.7793" S1="0.0000" />

[2026-04-18T04:24:33.555671+00:00]
<L T="1776522273.7621" Y="f" L="13"><P L="1" LL="1" P="1" LP="1" C="10" D="1" T="10"><D LT="0" L="9" I="60.1456" T="1776522238.2643" PN="1" SN="0" LL="M" P="N" LLP="0" LDC="0" LCD="9" FL="8" FTY="" FI="60.0365" FT="1776522178.1187" GL="0" GI="0.0000" GNL="0" GNI="0.0000" LGL="0" LGI="0.0000" LGNL="0" LGNI="0.0000" PS="0" PF="" PI="0.0000" PT="0.0000" SP="0" LP="M" TY="" TSL="0" /></P><P L="2" LL="2" P="2" LP="2" C="11" D="1" T="11"><D LT="0" L="9" I="59.8950" T="1776522242.0174" PN="1" SN="0" LL="M" P="N" LLP="0" LDC="0" LCD="9" FL="9" FTY="" FI="59.8950" FT="1776522242.0174" GL="0" GI="3.7531" GNL="0" GNI="3.7531" LGL="0" LGI="3.7531" LGNL="0" LGNI="3.7531" PS="0" PF="" PI="0.0000" PT="0.0000" SP="0" LP="M" TY="" TSL="0" /></P><P L="3" LL="3" P="3" LP="3" C="14" D="1" T="14"><D LT="0" L="9" I="59.8020" T="1776522242.5409" PN="1" SN="0" LL="M" P="N" LLP="0" LDC="0" LCD="9" FL="5" FTY="" FI="59.7793" FT="1776522002.4392" GL="0" GI="4.2766" GNL="0" GNI="0.5235" LGL="0" LGI="4.2766" LGNL="0" LGNI="0.5235" PS="0" PF="" PI="0.0000" PT="0.0000" SP="0" LP="M" TY="" TSL="0" /></P><P L="4" LL="4" P="4" LP="4" C="9" D="1" T="9"><D LT="0" L="9" I="60.2200" T="1776522243.5619" PN="1" SN="0" LL="M" P="N" LLP="0" LDC="0" LCD="9" FL="9" FTY="" FI="60.2200" FT="1776522243.5619" GL="0" GI="5.2976" GNL="0" GNI="1.0210" LGL="0" LGI="5.2976" LGNL="0" LGNI="1.0210" PS="0" PF="" PI="0.0000" PT="0.0000" SP="0" LP="M" TY="" TSL="0" /></P><P L="5" LL="5" P="5" LP="5" C="16" D="1" T="16"><D LT="0" L="9" I="60.6985" T="1776522246.7777" PN="1" SN="0" LL="M" P="N" LLP="0" LDC="0" LCD="9" FL="6" FTY="" FI="59.8136" FT="1776522065.2744" GL="0" GI="8.5134" GNL="0" GNI="3.2158" LGL="0" LGI="8.5134" LGNL="0" LGNI="3.2158" PS="0" PF="" PI="0.0000" PT="0.0000" SP="0" LP="M" TY="" TSL="0" /></P><P L="6" LL="6" P="6" LP="6" C="2" D="1" T="2"><D LT="0" L="9" I="60.2660" T="1776522247.3082" PN="1" SN="0" LL="M" P="N" LLP="0" LDC="0" LCD="9" FL="7" FTY="" FI="60.2407" FT="1776522126.2386" GL="0" GI="9.0439" GNL="0" GNI="0.5305" LGL="0" LGI="9.0439" LGNL="0" LGNI="0.5305" PS="0" PF="" PI="0.0000" PT="0.0000" SP="0" LP="M" TY="" TSL="0" /></P><P L="7" LL="7" P="7" LP="7" C="17" D="1" T="1"><D LT="0" L="9" I="60.7437" T="1776522251.6931" PN="1" SN="0" LL="M" P="N" LLP="0" LDC="0" LCD="9" FL="9" FTY="" FI="60.7437" FT="1776522251.6931" GL="0" GI="13.4288" GNL="0" GNI="4.3849" LGL="0" LGI="13.4288" LGNL="0" LGNI="4.3849" PS="0" PF="" PI="0.0000" PT="0.0000" SP="0" LP="M" TY="" TSL="0" /></P><P L="8" LL="8" P="8" LP="8" C="13" D="1" T="17"><D LT="0" L="9" I="62.0638" T="1776522261.8034" PN="1" SN="0" LL="M" P="N" LLP="0" LDC="0" LCD="9" FL="7" FTY="" FI="61.7166" FT="1776522137.2572" GL="0" GI="23.5391" GNL="0" GNI="10.1103" LGL="0" LGI="23.5391" LGNL="0" LGNI="10.1103" PS="0" PF="" PI="0.0000" PT="0.0000" SP="0" LP="M" TY="" TSL="0" /></P><P L="9" LL="9" P="9" LP="9" C="6" D="1" T="3"><D LT="0" L="9" I="61.3959" T="1776522268.3303" PN="1" SN="0" LL="M" P="N" LLP="0" LDC="0" LCD="9" FL="6" FTY="" FI="60.1495" FT="1776522063.7144" GL="0" GI="30.0660" GNL="0" GNI="6.5269" LGL="0" LGI="30.0660" LGNL="0" LGNI="6.5269" PS="0" PF="" PI="0.0000" PT="0.0000" SP="0" LP="M" TY="" TSL="0" /></P><P L="10" LL="10" P="10" LP="10" C="7" D="1" T="13"><D LT="0" L="8" I="63.0356" T="1776522212.1495" PN="1" SN="0" LL="M" P="N" LLP="0" LDC="0" LCD="8" FL="6" FTY="" FI="62.6943" FT="1776522086.3322" GL="0" GI="34.0308" GNL="0" GNI="5.2151" LGL="0" LGI="34.0308" LGNL="0" LGNI="5.2151" PS="0" PF="" PI="0.0000" PT="0.0000" SP="0" LP="M" TY="" TSL="0" /></P><P L="11" LL="11" P="11" LP="11" C="5" D="1" T="6"><D LT="0" L="8" I="64.1060" T="1776522218.1019" PN="1" SN="0" LL="M" P="N" LLP="0" LDC="0" LCD="8" FL="7" FTY="" FI="63.8761" FT="1776522153.9959" GL="0" GI="39.9832" GNL="0" GNI="5.9524" LGL="0" LGI="39.9832" LGNL="0" LGNI="5.9524" PS="0" PF="" PI="0.0000" PT="0.0000" SP="0" LP="M" TY="" TSL="0" /></P><P L="12" LL="12" P="12" LP="12" C="1" D="1" T="7"><D LT="0" L="8" I="60.1151" T="1776522247.4863" PN="1" SN="0" LL="M" P="N" LLP="0" LDC="0" LCD="8" FL="6" FTY="" FI="60.0380" FT="1776522126.5118" GL="1" GI="9.2220" GNL="0" GNI="29.3844" LGL="1" LGI="9.2220" LGNL="0" LGNI="29.3844" PS="0" PF="" PI="0.0000" PT="0.0000" SP="0" LP="M" TY="" TSL="0" /></P><P L="13" LL="13" P="13" LP="13" C="3" D="1" T="5"><D LT="0" L="8" I="62.9907" T="1776522253.8184" PN="1" SN="0" LL="M" P="N" LLP="0" LDC="0" LCD="8" FL="4" FTY="" FI="61.2250" FT="1776521946.0955" GL="1" GI="15.5541" GNL="0" GNI="6.3321" LGL="1" LGI="15.5541" LGNL="0" LGNI="6.3321" PS="0" PF="" PI="0.0000" PT="0.0000" SP="0" LP="M" TY="" TSL="0" /></P></L>

[2026-04-18T04:24:33.823874+00:00]
<C T="1776522274.0580" Y="L" C="3" E="586" />

[2026-04-18T04:24:34.610923+00:00]
<L T="1776522274.8270" Y="p" L="13"><P L="10" LL="10" P="10" LP="10" C="7" D="1" T="13"><D L="9" I="62.3627" T="1776522274.5122" LCD="9" FL="9" FI="62.3627" FT="1776522274.5122" GI="36.2479" GNI="6.1819" LGI="36.2479" LGNI="6.1819" /></P></L>

[2026-04-18T04:24:34.790274+00:00]
<C T="1776522275.0150" Y="L" C="3" E="587" />

[2026-04-18T04:24:35.794121+00:00]
<C T="1776522276.0210" Y="L" C="3" E="588" />

[2026-04-18T04:24:36.863930+00:00]
<C T="1776522277.0370" Y="L" C="3" E="589" />

[2026-04-18T04:24:37.823834+00:00]
<C T="1776522278.0530" Y="L" C="3" E="590" />

[2026-04-18T04:24:38.837291+00:00]
<C T="1776522279.0520" Y="L" C="3" E="591" />

[2026-04-18T04:24:39.786324+00:00]
<C T="1776522280.0000" Y="L" C="3" E="592" />

[2026-04-18T04:24:40.837779+00:00]
<C T="1776522281.0270" Y="L" C="3" E="593" />

[2026-04-18T04:24:41.335589+00:00]
<L T="1776522281.5640" Y="p" L="13"><P L="11" LL="11" P="11" LP="11" C="5" D="1" T="6"><D L="9" I="63.1348" T="1776522281.2367" LCD="9" FL="9" FI="63.1348" FT="1776522281.2367" GI="42.9724" GNI="6.7245" LGI="42.9724" LGNI="6.7245" /></P></L>

[2026-04-18T04:24:41.790585+00:00]
<C T="1776522282.0080" Y="L" C="3" E="594" />

[2026-04-18T04:24:42.823994+00:00]
<C T="1776522283.0410" Y="L" C="3" E="595" />

[2026-04-18T04:24:43.788756+00:00]
<C T="1776522284.0070" Y="L" C="3" E="596" />

[2026-04-18T04:24:44.803580+00:00]
<C T="1776522285.0170" Y="L" C="3" E="597" />

[2026-04-18T04:24:45.839883+00:00]
<C T="1776522286.0460" Y="L" C="3" E="598" />

[2026-04-18T04:24:46.900166+00:00]
<C T="1776522287.0580" Y="L" C="3" E="599" />

[2026-04-18T04:24:47.818864+00:00]
<C T="1776522288.0210" Y="L" C="3" E="600" />

[2026-04-18T04:24:48.818535+00:00]
<C T="1776522289.0480" Y="L" C="3" E="601" />

[2026-04-18T04:24:49.944143+00:00]
<C T="1776522290.0610" Y="L" C="3" E="602" />

[2026-04-18T04:24:50.798968+00:00]
<C T="1776522291.0090" Y="L" C="3" E="603" />

[2026-04-18T04:24:51.839433+00:00]
<C T="1776522292.0370" Y="L" C="3" E="604" />

[2026-04-18T04:24:52.870763+00:00]
<C T="1776522293.0010" Y="L" C="3" E="605" />

[2026-04-18T04:24:53.835665+00:00]
<C T="1776522294.0260" Y="L" C="3" E="606" />

[2026-04-18T04:24:54.859754+00:00]
<C T="1776522295.0500" Y="L" C="3" E="607" />

[2026-04-18T04:24:55.813340+00:00]
<C T="1776522296.0030" Y="L" C="3" E="608" />

[2026-04-18T04:24:56.905965+00:00]
<C T="1776522297.0150" Y="L" C="3" E="609" />

[2026-04-18T04:24:57.828318+00:00]
<C T="1776522298.0300" Y="L" C="3" E="610" />

[2026-04-18T04:24:58.478254+00:00]
<C T="1776522298.6730" Y="L" C="2" E="610" />
