================================================================================
UTC: 2026-04-18T04:09:50.683747+00:00
RAW_LENGTH: 1635
DECODED_LENGTH: 1635
<New T="1776521390.8867" Seq="78"><M D="Victorian Motor Racing Championship Round 2 (VMRC)" Y="Cars" /><T C="CPR" N="Calder Park Raceway" I="0" P="0" PI1="0" PI2="0"></T><E C="R2" D="Sports Compact - Race 1" Y="Race" MP="N" MPD="0" L="12" TY="" ST="0" /><OL><O ID="0" C="2LS" Y="Cars" RY="Race" RI="0.0000" RD="0" RC="" RS="" RV="" /></OL><RL><R ID="1" CC="0" C="2" S="" N="2" V="JCW Mini Cooper S"><V ID="1" B="1" N="Linda Devlin" /></R><R ID="2" CC="0" C="10" S="" N="10" V="Nissan Pulsar"><V ID="1" B="1" N="Lee Nuttall" /></R><R ID="3" CC="0" C="13" S="" N="13" V="Toyota Corolla KE30"><V ID="1" B="1" N="Steve Howard" /></R><R ID="4" CC="0" C="17" S="" N="17" V="Nissan Pulsar"><V ID="1" B="1" N="Megan Kirkham" /></R><R ID="5" CC="0" C="21" S="" N="21" V="Toyota 86"><V ID="1" B="1" N="Richard Gay" /></R><R ID="6" CC="0" C="22" S="" N="22" V="Mazda 323"><V ID="1" B="1" N="Nicholas Kerr" /></R><R ID="7" CC="0" C="45" S="" N="45" V=""><V ID="1" B="1" N="TBA" /></R><R ID="8" CC="0" C="49" S="" N="49" V="Toyota Corolla"><V ID="1" B="1" N="Andrew Kearns" /></R><R ID="9" CC="0" C="51" S="" N="51" V="Volkswagen Scirocco"><V ID="1" B="1" N="Nicholas Jones" /></R><R ID="10" CC="0" C="55" S="" N="55" V="SEAT Ibiza"><V ID="1" B="1" N="Tim Hosie" /></R><R ID="11" CC="0" C="88" S="" N="88" V="Nissan Pulsar"><V ID="1" B="1" N="Ben Moore" /></R><R ID="12" CC="0" C="99" S="" N="99" V="Fiat Abarth 695"><V ID="1" B="1" N="Claudia Lennox" /></R><R ID="13" CC="0" C="111" S="" N="111" V="Honda Civic"><V ID="1" B="1" N="James Atkinson" /></R><R ID="14" CC="0" C="555" S="" N="555" V=""><V ID="1" B="1" N="Jessica Reid" /></R></RL></New>
================================================================================
UTC: 2026-04-18T04:09:50.684090+00:00
RAW_LENGTH: 45
DECODED_LENGTH: 45
<C T="1776521390.8867" Y="L" C="0" E="846" />
================================================================================
UTC: 2026-04-18T04:09:50.684162+00:00
RAW_LENGTH: 85
DECODED_LENGTH: 85
<S T="1776521390.8867" S="Checkered" I="1776521380.6062" R="0" E="R2" P="1" SN="0" />
================================================================================
UTC: 2026-04-18T04:09:50.684208+00:00
RAW_LENGTH: 35
DECODED_LENGTH: 35
<G T="1776521390.8867" R="" C="" />
================================================================================
UTC: 2026-04-18T04:09:50.684246+00:00
RAW_LENGTH: 61
DECODED_LENGTH: 61
<A T="1776521390.8867" Y="f" C="1" I="67.5655" S1="0.0000" />
================================================================================
UTC: 2026-04-18T04:09:50.684299+00:00
RAW_LENGTH: 4955
DECODED_LENGTH: 4955
<L T="1776521390.8867" Y="f" L="14"><P L="1" LL="1" P="1" LP="1" C="5" D="1" T="5"><D LT="0" L="12" I="68.8366" T="1776521368.2718" PN="1" SN="0" LL="M" P="N" LLP="0" LDC="0" LCD="12" FL="2" FTY="" FI="67.6280" FT="1776520684.1910" GL="0" GI="0.0000" GNL="0" GNI="0.0000" LGL="0" LGI="0.0000" LGNL="0" LGNI="0.0000" PS="0" PF="" PI="0.0000" PT="0.0000" SP="0" LP="M" TY="" TSL="0" /></P><P L="2" LL="2" P="2" LP="2" C="1" D="1" T="8"><D LT="0" L="12" I="69.2776" T="1776521372.0519" PN="1" SN="0" LL="M" P="N" LLP="0" LDC="0" LCD="12" FL="6" FTY="" FI="67.5655" FT="1776520960.9651" GL="0" GI="3.7801" GNL="0" GNI="3.7801" LGL="0" LGI="3.7801" LGNL="0" LGNI="3.7801" PS="0" PF="" PI="0.0000" PT="0.0000" SP="0" LP="M" TY="" TSL="0" /></P><P L="3" LL="3" P="3" LP="3" C="9" D="1" T="1"><D LT="0" L="12" I="68.5166" T="1776521385.5846" PN="1" SN="0" LL="M" P="N" LLP="0" LDC="0" LCD="12" FL="3" FTY="" FI="67.6463" FT="1776520753.2591" GL="0" GI="17.3128" GNL="0" GNI="13.5327" LGL="0" LGI="17.3128" LGNL="0" LGNI="13.5327" PS="0" PF="" PI="0.0000" PT="0.0000" SP="0" LP="M" TY="" TSL="0" /></P><P L="4" LL="4" P="4" LP="4" C="3" D="1" T="6"><D LT="0" L="12" I="69.9177" T="1776521386.7150" PN="1" SN="0" LL="M" P="N" LLP="0" LDC="0" LCD="12" FL="5" FTY="" FI="68.5948" FT="1776520898.8761" GL="0" GI="18.4432" GNL="0" GNI="1.1304" LGL="0" LGI="18.4432" LGNL="0" LGNI="1.1304" PS="0" PF="" PI="0.0000" PT="0.0000" SP="0" LP="M" TY="" TSL="0" /></P><P L="5" LL="5" P="5" LP="5" C="13" D="1" T="9"><D LT="0" L="11" I="71.9968" T="1776521319.1426" PN="1" SN="0" LL="M" P="N" LLP="0" LDC="0" LCD="11" FL="4" FTY="" FI="68.4529" FT="1776520825.3803" GL="0" GI="19.7074" GNL="0" GNI="2.3453" LGL="0" LGI="19.7074" LGNL="0" LGNI="2.3453" PS="0" PF="" PI="0.0000" PT="0.0000" SP="0" LP="M" TY="" TSL="0" /></P><P L="6" LL="6" P="6" LP="6" C="11" D="1" T="3"><D LT="0" L="11" I="70.8749" T="1776521331.3807" PN="1" SN="0" LL="M" P="N" LLP="0" LDC="0" LCD="11" FL="4" FTY="" FI="69.7928" FT="1776520832.4821" GL="0" GI="31.9455" GNL="0" GNI="12.2381" LGL="0" LGI="31.9455" LGNL="0" LGNI="12.2381" PS="0" PF="" PI="0.0000" PT="0.0000" SP="0" LP="M" TY="" TSL="0" /></P><P L="7" LL="7" P="7" LP="7" C="4" D="1" T="2"><D LT="0" L="11" I="73.4413" T="1776521350.4954" PN="1" SN="0" LL="M" P="N" LLP="0" LDC="0" LCD="11" FL="4" FTY="" FI="71.9924" FT="1776520841.5081" GL="0" GI="51.0602" GNL="0" GNI="19.1147" LGL="0" LGI="51.0602" LGNL="0" LGNI="19.1147" PS="0" PF="" PI="0.0000" PT="0.0000" SP="0" LP="M" TY="" TSL="0" /></P><P L="8" LL="8" P="8" LP="8" C="12" D="1" T="13"><D LT="0" L="11" I="72.1910" T="1776521353.7879" PN="1" SN="0" LL="M" P="N" LLP="0" LDC="0" LCD="11" FL="9" FTY="" FI="71.8551" FT="1776521209.1911" GL="0" GI="54.3527" GNL="0" GNI="3.2925" LGL="0" LGI="54.3527" LGNL="0" LGNI="3.2925" PS="0" PF="" PI="0.0000" PT="0.0000" SP="0" LP="M" TY="" TSL="0" /></P><P L="9" LL="9" P="9" LP="9" C="8" D="1" T="11"><D LT="0" L="11" I="76.6006" T="1776521371.2145" PN="1" SN="0" LL="M" P="N" LLP="0" LDC="0" LCD="11" FL="3" FTY="" FI="73.0642" FT="1776520775.8120" GL="1" GI="2.9427" GNL="0" GNI="17.4266" LGL="1" LGI="2.9427" LGNL="0" LGNI="17.4266" PS="0" PF="" PI="0.0000" PT="0.0000" SP="0" LP="M" TY="" TSL="0" /></P><P L="10" LL="10" P="10" LP="10" C="6" D="1" T="4"><D LT="0" L="11" I="75.2980" T="1776521374.5739" PN="1" SN="0" LL="M" P="N" LLP="0" LDC="0" LCD="11" FL="7" FTY="" FI="74.0806" FT="1776521074.8920" GL="1" GI="6.3021" GNL="0" GNI="3.3594" LGL="1" LGI="6.3021" LGNL="0" LGNI="3.3594" PS="0" PF="" PI="0.0000" PT="0.0000" SP="0" LP="M" TY="" TSL="0" /></P><P L="11" LL="11" P="11" LP="11" C="14" D="1" T="12"><D LT="0" L="10" I="80.5423" T="1776521354.6912" PN="1" SN="0" LL="M" P="N" LLP="0" LDC="0" LCD="10" FL="9" FTY="" FI="78.8179" FT="1776521274.1489" GL="1" GI="55.2560" GNL="0" GNI="55.4153" LGL="1" LGI="55.2560" LGNL="0" LGNI="55.4153" PS="0" PF="" PI="0.0000" PT="0.0000" SP="0" LP="M" TY="" TSL="0" /></P><P L="12" LL="12" P="12" LP="12" C="2" D="1" T="14"><D LT="0" L="10" I="102.5235" T="1776521388.9817" PN="1" SN="0" LL="M" P="N" LLP="0" LDC="0" LCD="10" FL="2" FTY="" FI="69.8636" FT="1776520689.9540" GL="2" GI="20.7099" GNL="0" GNI="34.2905" LGL="2" LGI="20.7099" LGNL="0" LGNI="34.2905" PS="0" PF="" PI="0.0000" PT="0.0000" SP="0" LP="M" TY="" TSL="0" /></P><P L="13" LL="13" P="13" LP="13" C="10" D="1" T="10"><D LT="0" L="3" I="122.4717" T="1776520826.8491" PN="1" SN="0" LL="M" P="Y" LLP="3" LDC="0" LCD="3" FL="2" FTY="" FI="73.7154" FT="1776520704.3774" GL="?" GI="?" GNL="?" GNI="?" LGL="?" LGI="?" LGNL="?" LGNI="?" PS="1" PF="P" PI="0.0000" PT="0.0000" SP="0" LP="M" TY="" TSL="0" /></P><P L="14" LL="14" P="" LP="" C="7" D="1" T="0"><D LT="0" L="0" I="0.0000" T="1776520543.4345" PN="0" SN="0" LL="M" P="N" LLP="0" LDC="0" LCD="0" FL="0" FTY="" FI="0.0000" FT="0.0000" GL="?" GI="?" GNL="?" GNI="?" LGL="?" LGI="?" LGNL="?" LGNI="?" PS="0" PF="" PI="0.0000" PT="0.0000" SP="0" LP="" TY="" TSL="0" /></P></L>
================================================================================
UTC: 2026-04-18T04:09:50.824698+00:00
RAW_LENGTH: 45
DECODED_LENGTH: 45
<C T="1776521391.0270" Y="L" C="0" E="847" />
================================================================================
UTC: 2026-04-18T04:09:51.845501+00:00
RAW_LENGTH: 45
DECODED_LENGTH: 45
<C T="1776521392.0590" Y="L" C="0" E="848" />
================================================================================
UTC: 2026-04-18T04:09:52.830908+00:00
RAW_LENGTH: 45
DECODED_LENGTH: 45
<C T="1776521393.0090" Y="L" C="0" E="849" />
================================================================================
UTC: 2026-04-18T04:09:53.854556+00:00
RAW_LENGTH: 45
DECODED_LENGTH: 45
<C T="1776521394.0410" Y="L" C="0" E="850" />
================================================================================
UTC: 2026-04-18T04:09:54.999850+00:00
RAW_LENGTH: 45
DECODED_LENGTH: 45
<C T="1776521395.0090" Y="L" C="0" E="851" />
================================================================================
UTC: 2026-04-18T04:09:55.889594+00:00
RAW_LENGTH: 45
DECODED_LENGTH: 45
<C T="1776521396.0380" Y="L" C="0" E="852" />
================================================================================
UTC: 2026-04-18T04:09:56.829224+00:00
RAW_LENGTH: 45
DECODED_LENGTH: 45
<C T="1776521397.0050" Y="L" C="0" E="853" />
================================================================================
UTC: 2026-04-18T04:09:57.066331+00:00
RAW_LENGTH: 201
DECODED_LENGTH: 201
<L T="1776521397.2740" Y="p" L="14"><P L="5" LL="5" P="5" LP="5" C="13" D="1" T="9"><D L="12" I="77.8377" T="1776521396.9803" LCD="12" GI="28.7085" GNI="10.2653" LGI="28.7085" LGNI="10.2653" /></P></L>
================================================================================
UTC: 2026-04-18T04:09:57.829363+00:00
RAW_LENGTH: 45
DECODED_LENGTH: 45
<C T="1776521398.0270" Y="L" C="0" E="854" />
================================================================================
UTC: 2026-04-18T04:09:58.874656+00:00
RAW_LENGTH: 45
DECODED_LENGTH: 45
<C T="1776521399.0590" Y="L" C="0" E="855" />
================================================================================
UTC: 2026-04-18T04:09:59.835140+00:00
RAW_LENGTH: 45
DECODED_LENGTH: 45
<C T="1776521400.0250" Y="L" C="0" E="856" />
================================================================================
UTC: 2026-04-18T04:10:00.849742+00:00
RAW_LENGTH: 45
DECODED_LENGTH: 45
<C T="1776521401.0450" Y="L" C="0" E="857" />
================================================================================
UTC: 2026-04-18T04:10:01.867657+00:00
RAW_LENGTH: 45
DECODED_LENGTH: 45
<C T="1776521402.0580" Y="L" C="0" E="858" />
================================================================================
UTC: 2026-04-18T04:10:02.851434+00:00
RAW_LENGTH: 45
DECODED_LENGTH: 45
<C T="1776521403.0070" Y="L" C="0" E="859" />
================================================================================
UTC: 2026-04-18T04:10:03.261901+00:00
RAW_LENGTH: 199
DECODED_LENGTH: 199
<L T="1776521403.4740" Y="p" L="14"><P L="6" LL="6" P="6" LP="6" C="11" D="1" T="3"><D L="12" I="71.8337" T="1776521403.2144" LCD="12" GI="34.9426" GNI="6.2341" LGI="34.9426" LGNI="6.2341" /></P></L>
================================================================================
UTC: 2026-04-18T04:10:03.844848+00:00
RAW_LENGTH: 45
DECODED_LENGTH: 45
<C T="1776521404.0370" Y="L" C="0" E="860" />
================================================================================
UTC: 2026-04-18T04:10:04.815462+00:00
RAW_LENGTH: 45
DECODED_LENGTH: 45
<C T="1776521405.0020" Y="L" C="0" E="861" />
================================================================================
UTC: 2026-04-18T04:10:05.940213+00:00
RAW_LENGTH: 45
DECODED_LENGTH: 45
<C T="1776521406.0360" Y="L" C="0" E="862" />
================================================================================
UTC: 2026-04-18T04:10:06.863864+00:00
RAW_LENGTH: 45
DECODED_LENGTH: 45
<C T="1776521407.0520" Y="L" C="0" E="863" />
================================================================================
UTC: 2026-04-18T04:10:07.814631+00:00
RAW_LENGTH: 45
DECODED_LENGTH: 45
<C T="1776521408.0040" Y="L" C="0" E="864" />
================================================================================
UTC: 2026-04-18T04:10:08.911814+00:00
RAW_LENGTH: 45
DECODED_LENGTH: 45
<C T="1776521409.0180" Y="L" C="0" E="865" />
================================================================================
UTC: 2026-04-18T04:10:09.829544+00:00
RAW_LENGTH: 45
DECODED_LENGTH: 45
<C T="1776521410.0280" Y="L" C="0" E="866" />
================================================================================
UTC: 2026-04-18T04:10:10.854065+00:00
RAW_LENGTH: 45
DECODED_LENGTH: 45
<C T="1776521411.0570" Y="L" C="0" E="867" />
================================================================================
UTC: 2026-04-18T04:10:11.815328+00:00
RAW_LENGTH: 45
DECODED_LENGTH: 45
<C T="1776521412.0230" Y="L" C="0" E="868" />
================================================================================
UTC: 2026-04-18T04:10:12.865353+00:00
RAW_LENGTH: 45
DECODED_LENGTH: 45
<C T="1776521413.0500" Y="L" C="0" E="869" />
================================================================================
UTC: 2026-04-18T04:10:13.824418+00:00
RAW_LENGTH: 45
DECODED_LENGTH: 45
<C T="1776521414.0130" Y="L" C="0" E="870" />
================================================================================
UTC: 2026-04-18T04:10:14.848929+00:00
RAW_LENGTH: 45
DECODED_LENGTH: 45
<C T="1776521415.0400" Y="L" C="0" E="871" />
================================================================================
UTC: 2026-04-18T04:10:15.800976+00:00
RAW_LENGTH: 45
DECODED_LENGTH: 45
<C T="1776521416.0040" Y="L" C="0" E="872" />
================================================================================
UTC: 2026-04-18T04:10:16.829227+00:00
RAW_LENGTH: 45
DECODED_LENGTH: 45
<C T="1776521417.0300" Y="L" C="0" E="873" />
================================================================================
UTC: 2026-04-18T04:10:17.852352+00:00
RAW_LENGTH: 45
DECODED_LENGTH: 45
<C T="1776521418.0580" Y="L" C="0" E="874" />
================================================================================
UTC: 2026-04-18T04:10:18.804532+00:00
RAW_LENGTH: 45
DECODED_LENGTH: 45
<C T="1776521419.0010" Y="L" C="0" E="875" />
================================================================================
UTC: 2026-04-18T04:10:19.840293+00:00
RAW_LENGTH: 45
DECODED_LENGTH: 45
<C T="1776521420.0260" Y="L" C="0" E="876" />
================================================================================
UTC: 2026-04-18T04:10:20.849373+00:00
RAW_LENGTH: 45
DECODED_LENGTH: 45
<C T="1776521421.0550" Y="L" C="0" E="877" />
================================================================================
UTC: 2026-04-18T04:10:21.819864+00:00
RAW_LENGTH: 45
DECODED_LENGTH: 45
<C T="1776521422.0220" Y="L" C="0" E="878" />
================================================================================
UTC: 2026-04-18T04:10:22.891538+00:00
RAW_LENGTH: 45
DECODED_LENGTH: 45
<C T="1776521423.0500" Y="L" C="0" E="879" />
================================================================================
UTC: 2026-04-18T04:10:23.962525+00:00
RAW_LENGTH: 45
DECODED_LENGTH: 45
<C T="1776521424.0140" Y="L" C="0" E="880" />
================================================================================
UTC: 2026-04-18T04:10:24.986274+00:00
RAW_LENGTH: 45
DECODED_LENGTH: 45
<C T="1776521425.0380" Y="L" C="0" E="881" />
================================================================================
UTC: 2026-04-18T04:10:25.907908+00:00
RAW_LENGTH: 45
DECODED_LENGTH: 45
<C T="1776521426.0080" Y="L" C="0" E="882" />
================================================================================
UTC: 2026-04-18T04:10:27.030373+00:00
RAW_LENGTH: 45
DECODED_LENGTH: 45
<C T="1776521427.0360" Y="L" C="0" E="883" />
