
[2026-04-18T04:21:02.997510+00:00]
<New T="1776522063.1795" Seq="83"><M D="Victorian Motor Racing Championship Round 2 (VMRC)" Y="Cars" /><T C="CPR" N="Calder Park Raceway" I="0" P="0" PI1="0" PI2="0"></T><E C="R3" D="2026 Hankook Hyper Racer Australian Drivers&apos; C&apos;ship - Race 1" Y="Race" MP="N" MPD="0" L="12" TY="" ST="0" RY="Race" RI="57.8265" RD="739781" RC="Hayden Crossland" RS="NSW" RV="Hyper Racer X1" /><OL><O ID="0" C="HYPER" Y="Cars" RY="Race" RI="57.8265" RD="739781" RC="Hayden Crossland" RS="NSW" RV="Hyper Racer X1" /></OL><RL><R ID="1" CC="0" C="2" S="" N="2" V="Hyper Racer X1"><V ID="1" B="1" N="Dean Crooke" /></R><R ID="2" CC="0" C="4" S="" N="4" V="Hyper Racer X1"><V ID="1" B="1" N="Aaron Imbach" /></R><R ID="3" CC="0" C="5" S="" N="5" V="Hyper Racer X1"><V ID="1" B="1" N="Christopher Carydias" /></R><R ID="4" CC="0" C="11" S="" N="11" V="Hyper Racer X1"><V ID="1" B="1" N="Stephen Donnellan" /></R><R ID="5" CC="0" C="12" S="" N="12" V="Hyper Racer X1"><V ID="1" B="1" N="Rob Summons" /></R><R ID="6" CC="0" C="14" S="" N="14" V="Hyper Racer X1"><V ID="1" B="1" N="Jack Lewis" /></R><R ID="7" CC="0" C="19" S="" N="19" V="Hyper Racer X1"><V ID="1" B="1" N="Hamish Leighton" /></R><R ID="8" CC="0" C="23" S="" N="23" V="Hyper Racer X1"><V ID="1" B="1" N="Peter Nowlan" /></R><R ID="9" CC="0" C="24" S="" N="24" V="Hyper Racer X1"><V ID="1" B="1" N="Brenton Davey" /></R><R ID="10" CC="0" C="34" S="" N="34" V="Hyper Racer X1"><V ID="1" B="1" N="Lucas Stasi" /></R><R ID="11" CC="0" C="38" S="" N="38" V="Hyper Racer X1"><V ID="1" B="1" N="Zachary Catlin" /></R><R ID="12" CC="0" C="63" S="" N="63" V="Hyper Racer X1"><V ID="1" B="1" N="Harry Strik" /></R><R ID="13" CC="0" C="68" S="" N="68" V="Hyper Racer X1"><V ID="1" B="1" N="Terry Knowles" /></R><R ID="14" CC="0" C="74" S="" N="74" V="Hyper Racer X1"><V ID="1" B="1" N="Bradley Smith" /></R><R ID="15" CC="0" C="77" S="" N="77" V="Hyper Racer X1"><V ID="1" B="1" N="Justin Yuen" /></R><R ID="16" CC="0" C="82" S="" N="82" V="Hyper Racer X1"><V ID="1" B="1" N="Rocco Spinley" /></R><R ID="17" CC="0" C="88" S="" N="88" V="Hyper Racer X1"><V ID="1" B="1" N="Chris Peters" /></R></RL></New>

[2026-04-18T04:21:02.998203+00:00]
<C T="1776522063.1795" Y="L" C="6" E="375" />

[2026-04-18T04:21:02.998406+00:00]
<S T="1776522063.1795" S="Green" I="1776521687.5961" R="0" E="R3" P="1" SN="0" />

[2026-04-18T04:21:02.998559+00:00]
<G T="1776522063.1795" R="" C="" />

[2026-04-18T04:21:02.998616+00:00]
<A T="1776522063.1795" Y="f" C="14" I="59.7793" S1="0.0000" />

[2026-04-18T04:21:02.998668+00:00]
<L T="1776522063.1795" Y="f" L="13"><P L="1" LL="1" P="1" LP="1" C="10" D="1" T="10"><D LT="0" L="6" I="60.1887" T="1776522057.7736" PN="1" SN="0" LL="M" P="N" LLP="0" LDC="0" LCD="6" FL="6" FTY="" FI="60.1887" FT="1776522057.7736" GL="0" GI="0.0000" GNL="0" GNI="0.0000" LGL="0" LGI="0.0000" LGNL="0" LGNI="0.0000" PS="0" PF="" PI="0.0000" PT="0.0000" SP="0" LP="M" TY="" TSL="0" /></P><P L="2" LL="2" P="2" LP="2" C="11" D="1" T="3"><D LT="0" L="6" I="60.2940" T="1776522061.0389" PN="1" SN="0" LL="M" P="N" LLP="0" LDC="0" LCD="6" FL="6" FTY="" FI="60.2940" FT="1776522061.0389" GL="0" GI="3.2653" GNL="0" GNI="3.2653" LGL="0" LGI="3.2653" LGNL="0" LGNI="3.2653" PS="0" PF="" PI="0.0000" PT="0.0000" SP="0" LP="M" TY="" TSL="0" /></P><P L="3" LL="3" P="3" LP="3" C="9" D="1" T="11"><D LT="0" L="6" I="60.4250" T="1776522061.9050" PN="1" SN="0" LL="M" P="N" LLP="0" LDC="0" LCD="6" FL="6" FTY="" FI="60.4250" FT="1776522061.9050" GL="0" GI="4.1314" GNL="0" GNI="0.8661" LGL="0" LGI="4.1314" LGNL="0" LGNI="0.8661" PS="0" PF="" PI="0.0000" PT="0.0000" SP="0" LP="M" TY="" TSL="0" /></P><P L="4" LL="4" P="4" LP="4" C="14" D="1" T="9"><D LT="0" L="6" I="59.8867" T="1776522062.3259" PN="1" SN="0" LL="M" P="N" LLP="0" LDC="0" LCD="6" FL="5" FTY="" FI="59.7793" FT="1776522002.4392" GL="0" GI="4.5523" GNL="0" GNI="0.4209" LGL="0" LGI="4.5523" LGNL="0" LGNI="0.4209" PS="0" PF="" PI="0.0000" PT="0.0000" SP="0" LP="M" TY="" TSL="0" /></P><P L="5" LL="5" P="5" LP="5" C="6" D="1" T="14"><D LT="0" L="5" I="61.2984" T="1776522003.5649" PN="1" SN="0" LL="M" P="N" LLP="0" LDC="0" LCD="5" FL="4" FTY="" FI="60.9621" FT="1776521942.2665" GL="0" GI="5.9800" GNL="0" GNI="1.1257" LGL="0" LGI="5.9800" LGNL="0" LGNI="1.1257" PS="0" PF="" PI="0.0000" PT="0.0000" SP="0" LP="M" TY="" TSL="0" /></P><P L="6" LL="6" P="6" LP="6" C="2" D="1" T="6"><D LT="0" L="5" I="60.8642" T="1776522005.1584" PN="1" SN="0" LL="M" P="N" LLP="0" LDC="0" LCD="5" FL="5" FTY="" FI="60.8642" FT="1776522005.1584" GL="0" GI="7.5735" GNL="0" GNI="1.5935" LGL="0" LGI="7.5735" LGNL="0" LGNI="1.5935" PS="0" PF="" PI="0.0000" PT="0.0000" SP="0" LP="M" TY="" TSL="0" /></P><P L="7" LL="7" P="7" LP="7" C="16" D="1" T="2"><D LT="0" L="5" I="60.5811" T="1776522005.4608" PN="1" SN="0" LL="M" P="N" LLP="0" LDC="0" LCD="5" FL="5" FTY="" FI="60.5811" FT="1776522005.4608" GL="0" GI="7.8759" GNL="0" GNI="0.3024" LGL="0" LGI="7.8759" LGNL="0" LGNI="0.3024" PS="0" PF="" PI="0.0000" PT="0.0000" SP="0" LP="M" TY="" TSL="0" /></P><P L="8" LL="8" P="8" LP="8" C="17" D="1" T="16"><D LT="0" L="5" I="60.8248" T="1776522007.8180" PN="1" SN="0" LL="M" P="N" LLP="0" LDC="0" LCD="5" FL="5" FTY="" FI="60.8248" FT="1776522007.8180" GL="0" GI="10.2331" GNL="0" GNI="2.3572" LGL="0" LGI="10.2331" LGNL="0" LGNI="2.3572" PS="0" PF="" PI="0.0000" PT="0.0000" SP="0" LP="M" TY="" TSL="0" /></P><P L="9" LL="9" P="9" LP="9" C="13" D="1" T="1"><D LT="0" L="5" I="62.8959" T="1776522013.1852" PN="1" SN="0" LL="M" P="N" LLP="0" LDC="0" LCD="5" FL="4" FTY="" FI="62.5808" FT="1776521950.2893" GL="0" GI="15.6003" GNL="0" GNI="5.3672" LGL="0" LGI="15.6003" LGNL="0" LGNI="5.3672" PS="0" PF="" PI="0.0000" PT="0.0000" SP="0" LP="M" TY="" TSL="0" /></P><P L="10" LL="10" P="10" LP="10" C="7" D="1" T="17"><D LT="0" L="5" I="66.3785" T="1776522023.6379" PN="1" SN="0" LL="M" P="N" LLP="0" LDC="0" LCD="5" FL="2" FTY="" FI="63.5685" FT="1776521824.6492" GL="0" GI="26.0530" GNL="0" GNI="10.4527" LGL="0" LGI="26.0530" LGNL="0" LGNI="10.4527" PS="0" PF="" PI="0.0000" PT="0.0000" SP="0" LP="M" TY="" TSL="0" /></P><P L="11" LL="11" P="11" LP="11" C="5" D="1" T="13"><D LT="0" L="5" I="67.0258" T="1776522025.7714" PN="1" SN="0" LL="M" P="N" LLP="0" LDC="0" LCD="5" FL="4" FTY="" FI="64.5238" FT="1776521958.7456" GL="0" GI="28.1865" GNL="0" GNI="2.1335" LGL="0" LGI="28.1865" LGNL="0" LGNI="2.1335" PS="0" PF="" PI="0.0000" PT="0.0000" SP="0" LP="M" TY="" TSL="0" /></P><P L="12" LL="12" P="12" LP="12" C="3" D="1" T="7"><D LT="0" L="5" I="111.9370" T="1776522058.0325" PN="1" SN="0" LL="M" P="N" LLP="0" LDC="0" LCD="5" FL="4" FTY="" FI="61.2250" FT="1776521946.0955" GL="1" GI="0.2589" GNL="0" GNI="32.2611" LGL="1" LGI="0.2589" LGNL="0" LGNI="32.2611" PS="0" PF="" PI="0.0000" PT="0.0000" SP="0" LP="M" TY="" TSL="0" /></P><P L="13" LL="13" P="13" LP="13" C="1" D="1" T="5"><D LT="0" L="4" I="122.1486" T="1776522006.1080" PN="1" SN="0" LL="M" P="N" LLP="0" LDC="0" LCD="4" FL="3" FTY="" FI="61.4908" FT="1776521883.9594" GL="1" GI="8.5231" GNL="0" GNI="60.0125" LGL="1" LGI="8.5231" LGNL="0" LGNI="60.0125" PS="0" PF="" PI="0.0000" PT="0.0000" SP="0" LP="M" TY="" TSL="0" /></P></L>

[2026-04-18T04:21:03.807385+00:00]
<C T="1776522064.0430" Y="L" C="6" E="376" />

[2026-04-18T04:21:03.818955+00:00]
<L T="1776522064.0460" Y="p" L="13"><P L="5" LL="5" P="5" LP="5" C="6" D="1" T="14"><D L="6" I="60.1495" T="1776522063.7144" LCD="6" FL="6" FI="60.1495" FT="1776522063.7144" GI="5.9408" GNI="1.3885" LGI="5.9408" LGNI="1.3885" /></P></L>

[2026-04-18T04:21:04.840416+00:00]
<C T="1776522065.0580" Y="L" C="6" E="377" />

[2026-04-18T04:21:05.373386+00:00]
<L T="1776522065.5840" Y="p" L="13"><P L="6" LL="6" P="6" LP="6" C="16" D="1" T="6"><D L="6" I="59.8136" T="1776522065.2744" LCD="6" FL="6" FI="59.8136" FT="1776522065.2744" GI="7.5008" GNI="1.5600" LGI="7.5008" LGNI="1.5600" /></P><P L="7" LL="7" P="7" LP="7" C="2" D="1" T="16"><D GNL="?" GNI="?" LGNL="?" LGNI="?" /></P><P L="8" LL="8" P="8" LP="8" C="17" D="1" T="2"><D GNI="2.6596" LGNI="2.6596" /></P></L>

[2026-04-18T04:21:05.813509+00:00]
<C T="1776522066.0300" Y="L" C="6" E="378" />

[2026-04-18T04:21:06.017421+00:00]
<L T="1776522066.2380" Y="p" L="13"><P L="7" LL="7" P="7" LP="7" C="2" D="1" T="16"><D L="6" I="60.8395" T="1776522065.9979" LCD="6" FL="6" FI="60.8395" FT="1776522065.9979" GI="8.2243" GNL="0" GNI="0.7235" LGI="8.2243" LGNL="0" LGNI="0.7235" /></P></L>

[2026-04-18T04:21:06.509983+00:00]
<L T="1776522066.6940" Y="p" L="13"><P L="13" LL="13" P="13" LP="13" C="1" D="1" T="5"><D L="5" I="60.3658" T="1776522066.4738" LCD="5" FL="5" FI="60.3658" FT="1776522066.4738" GI="8.7002" GNI="8.4413" LGI="8.7002" LGNI="8.4413" /></P></L>

[2026-04-18T04:21:06.787940+00:00]
<C T="1776522067.0070" Y="L" C="6" E="379" />

[2026-04-18T04:21:07.793040+00:00]
<C T="1776522068.0130" Y="L" C="6" E="380" />

[2026-04-18T04:21:08.832971+00:00]
<C T="1776522069.0500" Y="L" C="6" E="381" />

[2026-04-18T04:21:08.910987+00:00]
<L T="1776522069.1290" Y="p" L="13"><P L="8" LL="8" P="8" LP="8" C="17" D="1" T="2"><D L="6" I="61.0756" T="1776522068.8936" LCD="6" GI="11.1200" GNI="2.8957" LGI="11.1200" LGNI="2.8957" /></P></L>

[2026-04-18T04:21:09.877591+00:00]
<C T="1776522070.0070" Y="L" C="6" E="382" />

[2026-04-18T04:21:10.845923+00:00]
<C T="1776522071.0400" Y="L" C="6" E="383" />

[2026-04-18T04:21:11.787854+00:00]
<C T="1776522072.0040" Y="L" C="6" E="384" />

[2026-04-18T04:21:12.801864+00:00]
<C T="1776522073.0230" Y="L" C="6" E="385" />

[2026-04-18T04:21:13.822489+00:00]
<C T="1776522074.0400" Y="L" C="6" E="386" />

[2026-04-18T04:21:14.786304+00:00]
<C T="1776522075.0030" Y="L" C="6" E="387" />

[2026-04-18T04:21:15.564411+00:00]
<L T="1776522075.7940" Y="p" L="13"><P L="9" LL="9" P="9" LP="9" C="13" D="1" T="1"><D L="6" I="62.3554" T="1776522075.5406" LCD="6" FL="6" FI="62.3554" FT="1776522075.5406" GI="17.7670" GNI="6.6470" LGI="17.7670" LGNI="6.6470" /></P></L>

[2026-04-18T04:21:15.828792+00:00]
<C T="1776522076.0480" Y="L" C="6" E="388" />

[2026-04-18T04:21:16.800191+00:00]
<C T="1776522077.0140" Y="L" C="6" E="389" />

[2026-04-18T04:21:17.828960+00:00]
<C T="1776522078.0470" Y="L" C="6" E="390" />

[2026-04-18T04:21:18.793734+00:00]
<C T="1776522079.0110" Y="L" C="6" E="391" />

[2026-04-18T04:21:19.823779+00:00]
<C T="1776522080.0270" Y="L" C="6" E="392" />

[2026-04-18T04:21:20.833643+00:00]
<C T="1776522081.0510" Y="L" C="6" E="393" />

[2026-04-18T04:21:21.797477+00:00]
<C T="1776522082.0180" Y="L" C="6" E="394" />

[2026-04-18T04:21:22.828405+00:00]
<C T="1776522083.0500" Y="L" C="6" E="395" />

[2026-04-18T04:21:23.803089+00:00]
<C T="1776522084.0200" Y="L" C="6" E="396" />

[2026-04-18T04:21:24.832637+00:00]
<C T="1776522085.0510" Y="L" C="6" E="397" />

[2026-04-18T04:21:25.802788+00:00]
<C T="1776522086.0190" Y="L" C="6" E="398" />

[2026-04-18T04:21:26.532721+00:00]
<L T="1776522086.7500" Y="p" L="13"><P L="10" LL="10" P="10" LP="10" C="7" D="1" T="17"><D L="6" I="62.6943" T="1776522086.3322" LCD="6" FL="6" FI="62.6943" FT="1776522086.3322" GI="28.5586" GNI="10.7916" LGI="28.5586" LGNI="10.7916" /></P></L>
