================================================================================
UTC: 2026-04-18T04:08:53.774714+00:00
RAW_LENGTH: 1635
DECODED_LENGTH: 1635
<New T="1776521333.9818" Seq="78"><M D="Victorian Motor Racing Championship Round 2 (VMRC)" Y="Cars" /><T C="CPR" N="Calder Park Raceway" I="0" P="0" PI1="0" PI2="0"></T><E C="R2" D="Sports Compact - Race 1" Y="Race" MP="N" MPD="0" L="12" TY="" ST="0" /><OL><O ID="0" C="2LS" Y="Cars" RY="Race" RI="0.0000" RD="0" RC="" RS="" RV="" /></OL><RL><R ID="1" CC="0" C="2" S="" N="2" V="JCW Mini Cooper S"><V ID="1" B="1" N="Linda Devlin" /></R><R ID="2" CC="0" C="10" S="" N="10" V="Nissan Pulsar"><V ID="1" B="1" N="Lee Nuttall" /></R><R ID="3" CC="0" C="13" S="" N="13" V="Toyota Corolla KE30"><V ID="1" B="1" N="Steve Howard" /></R><R ID="4" CC="0" C="17" S="" N="17" V="Nissan Pulsar"><V ID="1" B="1" N="Megan Kirkham" /></R><R ID="5" CC="0" C="21" S="" N="21" V="Toyota 86"><V ID="1" B="1" N="Richard Gay" /></R><R ID="6" CC="0" C="22" S="" N="22" V="Mazda 323"><V ID="1" B="1" N="Nicholas Kerr" /></R><R ID="7" CC="0" C="45" S="" N="45" V=""><V ID="1" B="1" N="TBA" /></R><R ID="8" CC="0" C="49" S="" N="49" V="Toyota Corolla"><V ID="1" B="1" N="Andrew Kearns" /></R><R ID="9" CC="0" C="51" S="" N="51" V="Volkswagen Scirocco"><V ID="1" B="1" N="Nicholas Jones" /></R><R ID="10" CC="0" C="55" S="" N="55" V="SEAT Ibiza"><V ID="1" B="1" N="Tim Hosie" /></R><R ID="11" CC="0" C="88" S="" N="88" V="Nissan Pulsar"><V ID="1" B="1" N="Ben Moore" /></R><R ID="12" CC="0" C="99" S="" N="99" V="Fiat Abarth 695"><V ID="1" B="1" N="Claudia Lennox" /></R><R ID="13" CC="0" C="111" S="" N="111" V="Honda Civic"><V ID="1" B="1" N="James Atkinson" /></R><R ID="14" CC="0" C="555" S="" N="555" V=""><V ID="1" B="1" N="Jessica Reid" /></R></RL></New>
================================================================================
UTC: 2026-04-18T04:08:53.777355+00:00
RAW_LENGTH: 45
DECODED_LENGTH: 45
<C T="1776521333.9818" Y="L" C="1" E="789" />
================================================================================
UTC: 2026-04-18T04:08:53.777739+00:00
RAW_LENGTH: 81
DECODED_LENGTH: 81
<S T="1776521333.9818" S="Green" I="1776520543.4345" R="0" E="R2" P="1" SN="0" />
================================================================================
UTC: 2026-04-18T04:08:53.778169+00:00
RAW_LENGTH: 35
DECODED_LENGTH: 35
<G T="1776521333.9818" R="" C="" />
================================================================================
UTC: 2026-04-18T04:08:53.778263+00:00
RAW_LENGTH: 61
DECODED_LENGTH: 61
<A T="1776521333.9818" Y="f" C="1" I="67.5655" S1="0.0000" />
================================================================================
UTC: 2026-04-18T04:08:53.778330+00:00
RAW_LENGTH: 4954
DECODED_LENGTH: 4954
<L T="1776521333.9818" Y="f" L="14"><P L="1" LL="1" P="1" LP="1" C="5" D="1" T="5"><D LT="0" L="11" I="68.3039" T="1776521299.4352" PN="1" SN="0" LL="M" P="N" LLP="0" LDC="0" LCD="11" FL="2" FTY="" FI="67.6280" FT="1776520684.1910" GL="0" GI="0.0000" GNL="0" GNI="0.0000" LGL="0" LGI="0.0000" LGNL="0" LGNI="0.0000" PS="0" PF="" PI="0.0000" PT="0.0000" SP="0" LP="M" TY="" TSL="0" /></P><P L="2" LL="2" P="2" LP="2" C="1" D="1" T="1"><D LT="0" L="11" I="68.4328" T="1776521302.7743" PN="1" SN="0" LL="M" P="N" LLP="0" LDC="0" LCD="11" FL="6" FTY="" FI="67.5655" FT="1776520960.9651" GL="0" GI="3.3391" GNL="0" GNI="3.3391" LGL="0" LGI="3.3391" LGNL="0" LGNI="3.3391" PS="0" PF="" PI="0.0000" PT="0.0000" SP="0" LP="M" TY="" TSL="0" /></P><P L="3" LL="3" P="3" LP="3" C="3" D="1" T="3"><D LT="0" L="11" I="70.2216" T="1776521316.7973" PN="1" SN="0" LL="M" P="N" LLP="0" LDC="0" LCD="11" FL="5" FTY="" FI="68.5948" FT="1776520898.8761" GL="0" GI="17.3621" GNL="0" GNI="14.0230" LGL="0" LGI="17.3621" LGNL="0" LGNI="14.0230" PS="0" PF="" PI="0.0000" PT="0.0000" SP="0" LP="M" TY="" TSL="0" /></P><P L="4" LL="4" P="4" LP="4" C="9" D="1" T="9"><D LT="0" L="11" I="69.8701" T="1776521317.0680" PN="1" SN="0" LL="M" P="N" LLP="0" LDC="0" LCD="11" FL="3" FTY="" FI="67.6463" FT="1776520753.2591" GL="0" GI="17.6328" GNL="0" GNI="0.2707" LGL="0" LGI="17.6328" LGNL="0" LGNI="0.2707" PS="0" PF="" PI="0.0000" PT="0.0000" SP="0" LP="M" TY="" TSL="0" /></P><P L="5" LL="5" P="5" LP="5" C="13" D="1" T="13"><D LT="0" L="11" I="71.9968" T="1776521319.1426" PN="1" SN="0" LL="M" P="N" LLP="0" LDC="0" LCD="11" FL="4" FTY="" FI="68.4529" FT="1776520825.3803" GL="0" GI="19.7074" GNL="0" GNI="2.0746" LGL="0" LGI="19.7074" LGNL="0" LGNI="2.0746" PS="0" PF="" PI="0.0000" PT="0.0000" SP="0" LP="M" TY="" TSL="0" /></P><P L="6" LL="6" P="6" LP="6" C="11" D="1" T="11"><D LT="0" L="11" I="70.8749" T="1776521331.3807" PN="1" SN="0" LL="M" P="N" LLP="0" LDC="0" LCD="11" FL="4" FTY="" FI="69.7928" FT="1776520832.4821" GL="0" GI="31.9455" GNL="0" GNI="12.2381" LGL="0" LGI="31.9455" LGNL="0" LGNI="12.2381" PS="0" PF="" PI="0.0000" PT="0.0000" SP="0" LP="M" TY="" TSL="0" /></P><P L="7" LL="7" P="7" LP="7" C="4" D="1" T="14"><D LT="0" L="10" I="72.9043" T="1776521277.0541" PN="1" SN="0" LL="M" P="N" LLP="0" LDC="0" LCD="10" FL="4" FTY="" FI="71.9924" FT="1776520841.5081" GL="0" GI="45.9228" GNL="0" GNI="16.5483" LGL="0" LGI="45.9228" LGNL="0" LGNI="16.5483" PS="0" PF="" PI="0.0000" PT="0.0000" SP="0" LP="M" TY="" TSL="0" /></P><P L="8" LL="8" P="8" LP="8" C="12" D="1" T="4"><D LT="0" L="10" I="72.4058" T="1776521281.5969" PN="1" SN="0" LL="M" P="N" LLP="0" LDC="0" LCD="10" FL="9" FTY="" FI="71.8551" FT="1776521209.1911" GL="0" GI="50.4656" GNL="0" GNI="4.5428" LGL="0" LGI="50.4656" LGNL="0" LGNI="4.5428" PS="0" PF="" PI="0.0000" PT="0.0000" SP="0" LP="M" TY="" TSL="0" /></P><P L="9" LL="9" P="9" LP="9" C="8" D="1" T="12"><D LT="0" L="10" I="75.7944" T="1776521294.6139" PN="1" SN="0" LL="M" P="N" LLP="0" LDC="0" LCD="10" FL="3" FTY="" FI="73.0642" FT="1776520775.8120" GL="0" GI="63.4826" GNL="0" GNI="13.0170" LGL="0" LGI="63.4826" LGNL="0" LGNI="13.0170" PS="0" PF="" PI="0.0000" PT="0.0000" SP="0" LP="M" TY="" TSL="0" /></P><P L="10" LL="10" P="10" LP="10" C="6" D="1" T="2"><D LT="0" L="10" I="74.8798" T="1776521299.2759" PN="1" SN="0" LL="M" P="N" LLP="0" LDC="0" LCD="10" FL="7" FTY="" FI="74.0806" FT="1776521074.8920" GL="0" GI="68.1446" GNL="0" GNI="4.6620" LGL="0" LGI="68.1446" LGNL="0" LGNI="4.6620" PS="0" PF="" PI="0.0000" PT="0.0000" SP="0" LP="M" TY="" TSL="0" /></P><P L="11" LL="11" P="11" LP="11" C="14" D="1" T="8"><D LT="0" L="9" I="78.8179" T="1776521274.1489" PN="1" SN="0" LL="M" P="N" LLP="0" LDC="0" LCD="9" FL="9" FTY="" FI="78.8179" FT="1776521274.1489" GL="1" GI="43.0176" GNL="0" GNI="49.7528" LGL="1" LGI="43.0176" LGNL="0" LGNI="49.7528" PS="0" PF="" PI="0.0000" PT="0.0000" SP="0" LP="M" TY="" TSL="0" /></P><P L="12" LL="12" P="12" LP="12" C="2" D="1" T="6"><D LT="0" L="9" I="97.0746" T="1776521286.4582" PN="1" SN="0" LL="M" P="N" LLP="0" LDC="0" LCD="9" FL="2" FTY="" FI="69.8636" FT="1776520689.9540" GL="1" GI="55.3269" GNL="0" GNI="12.3093" LGL="1" LGI="55.3269" LGNL="0" LGNI="12.3093" PS="0" PF="" PI="0.0000" PT="0.0000" SP="0" LP="M" TY="" TSL="0" /></P><P L="13" LL="13" P="13" LP="13" C="10" D="1" T="10"><D LT="0" L="3" I="122.4717" T="1776520826.8491" PN="1" SN="0" LL="M" P="Y" LLP="3" LDC="0" LCD="3" FL="2" FTY="" FI="73.7154" FT="1776520704.3774" GL="?" GI="?" GNL="?" GNI="?" LGL="?" LGI="?" LGNL="?" LGNI="?" PS="1" PF="P" PI="0.0000" PT="0.0000" SP="0" LP="M" TY="" TSL="0" /></P><P L="14" LL="14" P="" LP="" C="7" D="1" T="0"><D LT="0" L="0" I="0.0000" T="1776520543.4345" PN="0" SN="0" LL="M" P="N" LLP="0" LDC="0" LCD="0" FL="0" FTY="" FI="0.0000" FT="0.0000" GL="?" GI="?" GNL="?" GNI="?" LGL="?" LGI="?" LGNL="?" LGNI="?" PS="0" PF="" PI="0.0000" PT="0.0000" SP="0" LP="" TY="" TSL="0" /></P></L>
================================================================================
UTC: 2026-04-18T04:08:53.814071+00:00
RAW_LENGTH: 45
DECODED_LENGTH: 45
<C T="1776521334.0240" Y="L" C="1" E="790" />
================================================================================
UTC: 2026-04-18T04:08:54.869222+00:00
RAW_LENGTH: 45
DECODED_LENGTH: 45
<C T="1776521335.0320" Y="L" C="1" E="791" />
================================================================================
UTC: 2026-04-18T04:08:55.846831+00:00
RAW_LENGTH: 45
DECODED_LENGTH: 45
<C T="1776521336.0620" Y="L" C="1" E="792" />
================================================================================
UTC: 2026-04-18T04:08:56.842615+00:00
RAW_LENGTH: 45
DECODED_LENGTH: 45
<C T="1776521337.0110" Y="L" C="1" E="793" />
================================================================================
UTC: 2026-04-18T04:08:57.841260+00:00
RAW_LENGTH: 45
DECODED_LENGTH: 45
<C T="1776521338.0410" Y="L" C="1" E="794" />
================================================================================
UTC: 2026-04-18T04:08:58.818866+00:00
RAW_LENGTH: 45
DECODED_LENGTH: 45
<C T="1776521339.0060" Y="L" C="1" E="795" />
================================================================================
UTC: 2026-04-18T04:08:59.936307+00:00
RAW_LENGTH: 45
DECODED_LENGTH: 45
<C T="1776521340.0380" Y="L" C="1" E="796" />
================================================================================
UTC: 2026-04-18T04:09:00.909107+00:00
RAW_LENGTH: 45
DECODED_LENGTH: 45
<C T="1776521341.0560" Y="L" C="1" E="797" />
================================================================================
UTC: 2026-04-18T04:09:01.806615+00:00
RAW_LENGTH: 45
DECODED_LENGTH: 45
<C T="1776521342.0200" Y="L" C="1" E="798" />
================================================================================
UTC: 2026-04-18T04:09:02.837215+00:00
RAW_LENGTH: 45
DECODED_LENGTH: 45
<C T="1776521343.0330" Y="L" C="1" E="799" />
================================================================================
UTC: 2026-04-18T04:09:03.933242+00:00
RAW_LENGTH: 45
DECODED_LENGTH: 45
<C T="1776521344.0590" Y="L" C="1" E="800" />
================================================================================
UTC: 2026-04-18T04:09:04.786001+00:00
RAW_LENGTH: 45
DECODED_LENGTH: 45
<C T="1776521345.0000" Y="L" C="1" E="801" />
================================================================================
UTC: 2026-04-18T04:09:05.797040+00:00
RAW_LENGTH: 45
DECODED_LENGTH: 45
<C T="1776521346.0020" Y="L" C="1" E="802" />
================================================================================
UTC: 2026-04-18T04:09:06.827389+00:00
RAW_LENGTH: 45
DECODED_LENGTH: 45
<C T="1776521347.0120" Y="L" C="1" E="803" />
================================================================================
UTC: 2026-04-18T04:09:07.816483+00:00
RAW_LENGTH: 45
DECODED_LENGTH: 45
<C T="1776521348.0310" Y="L" C="1" E="804" />
================================================================================
UTC: 2026-04-18T04:09:08.835588+00:00
RAW_LENGTH: 45
DECODED_LENGTH: 45
<C T="1776521349.0400" Y="L" C="1" E="805" />
================================================================================
UTC: 2026-04-18T04:09:09.853973+00:00
RAW_LENGTH: 45
DECODED_LENGTH: 45
<C T="1776521350.0550" Y="L" C="1" E="806" />
================================================================================
UTC: 2026-04-18T04:09:10.567806+00:00
RAW_LENGTH: 258
DECODED_LENGTH: 258
<L T="1776521350.7780" Y="p" L="14"><P L="7" LL="7" P="7" LP="7" C="4" D="1" T="4"><D L="11" I="73.4413" T="1776521350.4954" LCD="11" GI="51.0602" GNI="19.1147" LGI="51.0602" LGNI="19.1147" /></P><P L="8" LL="8" P="8" LP="8" C="12" D="1" T="14"><D /></P></L>
================================================================================
UTC: 2026-04-18T04:09:10.835565+00:00
RAW_LENGTH: 45
DECODED_LENGTH: 45
<C T="1776521351.0290" Y="L" C="1" E="807" />
================================================================================
UTC: 2026-04-18T04:09:11.843477+00:00
RAW_LENGTH: 45
DECODED_LENGTH: 45
<C T="1776521352.0570" Y="L" C="1" E="808" />
================================================================================
UTC: 2026-04-18T04:09:12.815505+00:00
RAW_LENGTH: 45
DECODED_LENGTH: 45
<C T="1776521353.0180" Y="L" C="1" E="809" />
================================================================================
UTC: 2026-04-18T04:09:13.817077+00:00
RAW_LENGTH: 45
DECODED_LENGTH: 45
<C T="1776521354.0300" Y="L" C="1" E="810" />
