================================================================================
UTC: 2026-04-18T04:09:19.065085+00:00
RAW_LENGTH: 1635
DECODED_LENGTH: 1635
<New T="1776521359.2663" Seq="78"><M D="Victorian Motor Racing Championship Round 2 (VMRC)" Y="Cars" /><T C="CPR" N="Calder Park Raceway" I="0" P="0" PI1="0" PI2="0"></T><E C="R2" D="Sports Compact - Race 1" Y="Race" MP="N" MPD="0" L="12" TY="" ST="0" /><OL><O ID="0" C="2LS" Y="Cars" RY="Race" RI="0.0000" RD="0" RC="" RS="" RV="" /></OL><RL><R ID="1" CC="0" C="2" S="" N="2" V="JCW Mini Cooper S"><V ID="1" B="1" N="Linda Devlin" /></R><R ID="2" CC="0" C="10" S="" N="10" V="Nissan Pulsar"><V ID="1" B="1" N="Lee Nuttall" /></R><R ID="3" CC="0" C="13" S="" N="13" V="Toyota Corolla KE30"><V ID="1" B="1" N="Steve Howard" /></R><R ID="4" CC="0" C="17" S="" N="17" V="Nissan Pulsar"><V ID="1" B="1" N="Megan Kirkham" /></R><R ID="5" CC="0" C="21" S="" N="21" V="Toyota 86"><V ID="1" B="1" N="Richard Gay" /></R><R ID="6" CC="0" C="22" S="" N="22" V="Mazda 323"><V ID="1" B="1" N="Nicholas Kerr" /></R><R ID="7" CC="0" C="45" S="" N="45" V=""><V ID="1" B="1" N="TBA" /></R><R ID="8" CC="0" C="49" S="" N="49" V="Toyota Corolla"><V ID="1" B="1" N="Andrew Kearns" /></R><R ID="9" CC="0" C="51" S="" N="51" V="Volkswagen Scirocco"><V ID="1" B="1" N="Nicholas Jones" /></R><R ID="10" CC="0" C="55" S="" N="55" V="SEAT Ibiza"><V ID="1" B="1" N="Tim Hosie" /></R><R ID="11" CC="0" C="88" S="" N="88" V="Nissan Pulsar"><V ID="1" B="1" N="Ben Moore" /></R><R ID="12" CC="0" C="99" S="" N="99" V="Fiat Abarth 695"><V ID="1" B="1" N="Claudia Lennox" /></R><R ID="13" CC="0" C="111" S="" N="111" V="Honda Civic"><V ID="1" B="1" N="James Atkinson" /></R><R ID="14" CC="0" C="555" S="" N="555" V=""><V ID="1" B="1" N="Jessica Reid" /></R></RL></New>
================================================================================
UTC: 2026-04-18T04:09:19.065583+00:00
RAW_LENGTH: 45
DECODED_LENGTH: 45
<C T="1776521359.2663" Y="L" C="1" E="815" />
================================================================================
UTC: 2026-04-18T04:09:19.065655+00:00
RAW_LENGTH: 81
DECODED_LENGTH: 81
<S T="1776521359.2663" S="Green" I="1776520543.4345" R="0" E="R2" P="1" SN="0" />
================================================================================
UTC: 2026-04-18T04:09:19.065694+00:00
RAW_LENGTH: 35
DECODED_LENGTH: 35
<G T="1776521359.2664" R="" C="" />
================================================================================
UTC: 2026-04-18T04:09:19.065726+00:00
RAW_LENGTH: 61
DECODED_LENGTH: 61
<A T="1776521359.2664" Y="f" C="1" I="67.5655" S1="0.0000" />
================================================================================
UTC: 2026-04-18T04:09:19.065758+00:00
RAW_LENGTH: 4956
DECODED_LENGTH: 4956
<L T="1776521359.2664" Y="f" L="14"><P L="1" LL="1" P="1" LP="1" C="5" D="1" T="5"><D LT="0" L="11" I="68.3039" T="1776521299.4352" PN="1" SN="0" LL="M" P="N" LLP="0" LDC="0" LCD="11" FL="2" FTY="" FI="67.6280" FT="1776520684.1910" GL="0" GI="0.0000" GNL="0" GNI="0.0000" LGL="0" LGI="0.0000" LGNL="0" LGNI="0.0000" PS="0" PF="" PI="0.0000" PT="0.0000" SP="0" LP="M" TY="" TSL="0" /></P><P L="2" LL="2" P="2" LP="2" C="1" D="1" T="1"><D LT="0" L="11" I="68.4328" T="1776521302.7743" PN="1" SN="0" LL="M" P="N" LLP="0" LDC="0" LCD="11" FL="6" FTY="" FI="67.5655" FT="1776520960.9651" GL="0" GI="3.3391" GNL="0" GNI="3.3391" LGL="0" LGI="3.3391" LGNL="0" LGNI="3.3391" PS="0" PF="" PI="0.0000" PT="0.0000" SP="0" LP="M" TY="" TSL="0" /></P><P L="3" LL="3" P="3" LP="3" C="3" D="1" T="3"><D LT="0" L="11" I="70.2216" T="1776521316.7973" PN="1" SN="0" LL="M" P="N" LLP="0" LDC="0" LCD="11" FL="5" FTY="" FI="68.5948" FT="1776520898.8761" GL="0" GI="17.3621" GNL="0" GNI="14.0230" LGL="0" LGI="17.3621" LGNL="0" LGNI="14.0230" PS="0" PF="" PI="0.0000" PT="0.0000" SP="0" LP="M" TY="" TSL="0" /></P><P L="4" LL="4" P="4" LP="4" C="9" D="1" T="9"><D LT="0" L="11" I="69.8701" T="1776521317.0680" PN="1" SN="0" LL="M" P="N" LLP="0" LDC="0" LCD="11" FL="3" FTY="" FI="67.6463" FT="1776520753.2591" GL="0" GI="17.6328" GNL="0" GNI="0.2707" LGL="0" LGI="17.6328" LGNL="0" LGNI="0.2707" PS="0" PF="" PI="0.0000" PT="0.0000" SP="0" LP="M" TY="" TSL="0" /></P><P L="5" LL="5" P="5" LP="5" C="13" D="1" T="13"><D LT="0" L="11" I="71.9968" T="1776521319.1426" PN="1" SN="0" LL="M" P="N" LLP="0" LDC="0" LCD="11" FL="4" FTY="" FI="68.4529" FT="1776520825.3803" GL="0" GI="19.7074" GNL="0" GNI="2.0746" LGL="0" LGI="19.7074" LGNL="0" LGNI="2.0746" PS="0" PF="" PI="0.0000" PT="0.0000" SP="0" LP="M" TY="" TSL="0" /></P><P L="6" LL="6" P="6" LP="6" C="11" D="1" T="11"><D LT="0" L="11" I="70.8749" T="1776521331.3807" PN="1" SN="0" LL="M" P="N" LLP="0" LDC="0" LCD="11" FL="4" FTY="" FI="69.7928" FT="1776520832.4821" GL="0" GI="31.9455" GNL="0" GNI="12.2381" LGL="0" LGI="31.9455" LGNL="0" LGNI="12.2381" PS="0" PF="" PI="0.0000" PT="0.0000" SP="0" LP="M" TY="" TSL="0" /></P><P L="7" LL="7" P="7" LP="7" C="4" D="1" T="4"><D LT="0" L="11" I="73.4413" T="1776521350.4954" PN="1" SN="0" LL="M" P="N" LLP="0" LDC="0" LCD="11" FL="4" FTY="" FI="71.9924" FT="1776520841.5081" GL="0" GI="51.0602" GNL="0" GNI="19.1147" LGL="0" LGI="51.0602" LGNL="0" LGNI="19.1147" PS="0" PF="" PI="0.0000" PT="0.0000" SP="0" LP="M" TY="" TSL="0" /></P><P L="8" LL="8" P="8" LP="8" C="12" D="1" T="12"><D LT="0" L="11" I="72.1910" T="1776521353.7879" PN="1" SN="0" LL="M" P="N" LLP="0" LDC="0" LCD="11" FL="9" FTY="" FI="71.8551" FT="1776521209.1911" GL="0" GI="54.3527" GNL="0" GNI="3.2925" LGL="0" LGI="54.3527" LGNL="0" LGNI="3.2925" PS="0" PF="" PI="0.0000" PT="0.0000" SP="0" LP="M" TY="" TSL="0" /></P><P L="9" LL="9" P="9" LP="9" C="8" D="1" T="14"><D LT="0" L="10" I="75.7944" T="1776521294.6139" PN="1" SN="0" LL="M" P="N" LLP="0" LDC="0" LCD="10" FL="3" FTY="" FI="73.0642" FT="1776520775.8120" GL="0" GI="63.4826" GNL="0" GNI="13.0170" LGL="0" LGI="63.4826" LGNL="0" LGNI="13.0170" PS="0" PF="" PI="0.0000" PT="0.0000" SP="0" LP="M" TY="" TSL="0" /></P><P L="10" LL="10" P="10" LP="10" C="6" D="1" T="2"><D LT="0" L="10" I="74.8798" T="1776521299.2759" PN="1" SN="0" LL="M" P="N" LLP="0" LDC="0" LCD="10" FL="7" FTY="" FI="74.0806" FT="1776521074.8920" GL="0" GI="68.1446" GNL="0" GNI="4.6620" LGL="0" LGI="68.1446" LGNL="0" LGNI="4.6620" PS="0" PF="" PI="0.0000" PT="0.0000" SP="0" LP="M" TY="" TSL="0" /></P><P L="11" LL="11" P="11" LP="11" C="14" D="1" T="8"><D LT="0" L="10" I="80.5423" T="1776521354.6912" PN="1" SN="0" LL="M" P="N" LLP="0" LDC="0" LCD="10" FL="9" FTY="" FI="78.8179" FT="1776521274.1489" GL="1" GI="55.2560" GNL="0" GNI="55.4153" LGL="1" LGI="55.2560" LGNL="0" LGNI="55.4153" PS="0" PF="" PI="0.0000" PT="0.0000" SP="0" LP="M" TY="" TSL="0" /></P><P L="12" LL="12" P="12" LP="12" C="2" D="1" T="6"><D LT="0" L="9" I="97.0746" T="1776521286.4582" PN="1" SN="0" LL="M" P="N" LLP="0" LDC="0" LCD="9" FL="2" FTY="" FI="69.8636" FT="1776520689.9540" GL="1" GI="55.3269" GNL="0" GNI="12.3093" LGL="1" LGI="55.3269" LGNL="0" LGNI="12.3093" PS="0" PF="" PI="0.0000" PT="0.0000" SP="0" LP="M" TY="" TSL="0" /></P><P L="13" LL="13" P="13" LP="13" C="10" D="1" T="10"><D LT="0" L="3" I="122.4717" T="1776520826.8491" PN="1" SN="0" LL="M" P="Y" LLP="3" LDC="0" LCD="3" FL="2" FTY="" FI="73.7154" FT="1776520704.3774" GL="?" GI="?" GNL="?" GNI="?" LGL="?" LGI="?" LGNL="?" LGNI="?" PS="1" PF="P" PI="0.0000" PT="0.0000" SP="0" LP="M" TY="" TSL="0" /></P><P L="14" LL="14" P="" LP="" C="7" D="1" T="0"><D LT="0" L="0" I="0.0000" T="1776520543.4345" PN="0" SN="0" LL="M" P="N" LLP="0" LDC="0" LCD="0" FL="0" FTY="" FI="0.0000" FT="0.0000" GL="?" GI="?" GNL="?" GNI="?" LGL="?" LGI="?" LGNL="?" LGNI="?" PS="0" PF="" PI="0.0000" PT="0.0000" SP="0" LP="" TY="" TSL="0" /></P></L>
================================================================================
UTC: 2026-04-18T04:09:19.820553+00:00
RAW_LENGTH: 45
DECODED_LENGTH: 45
<C T="1776521360.0240" Y="L" C="1" E="816" />
================================================================================
UTC: 2026-04-18T04:09:20.814597+00:00
RAW_LENGTH: 45
DECODED_LENGTH: 45
<C T="1776521361.0220" Y="L" C="1" E="817" />
================================================================================
UTC: 2026-04-18T04:09:21.840906+00:00
RAW_LENGTH: 45
DECODED_LENGTH: 45
<C T="1776521362.0270" Y="L" C="1" E="818" />
================================================================================
UTC: 2026-04-18T04:09:22.866045+00:00
RAW_LENGTH: 45
DECODED_LENGTH: 45
<C T="1776521363.0510" Y="L" C="1" E="819" />
================================================================================
UTC: 2026-04-18T04:09:23.805321+00:00
RAW_LENGTH: 45
DECODED_LENGTH: 45
<C T="1776521364.0100" Y="L" C="1" E="820" />
================================================================================
UTC: 2026-04-18T04:09:24.825671+00:00
RAW_LENGTH: 45
DECODED_LENGTH: 45
<C T="1776521365.0120" Y="L" C="1" E="821" />
================================================================================
UTC: 2026-04-18T04:09:25.815267+00:00
RAW_LENGTH: 45
DECODED_LENGTH: 45
<C T="1776521366.0280" Y="L" C="1" E="822" />
================================================================================
UTC: 2026-04-18T04:09:26.825080+00:00
RAW_LENGTH: 45
DECODED_LENGTH: 45
<C T="1776521367.0280" Y="L" C="1" E="823" />
================================================================================
UTC: 2026-04-18T04:09:27.860467+00:00
RAW_LENGTH: 45
DECODED_LENGTH: 45
<C T="1776521368.0590" Y="L" C="1" E="824" />
================================================================================
UTC: 2026-04-18T04:09:28.269264+00:00
RAW_LENGTH: 45
DECODED_LENGTH: 45
<C T="1776521368.4530" Y="L" C="0" E="824" />
================================================================================
UTC: 2026-04-18T04:09:28.270580+00:00
RAW_LENGTH: 411
DECODED_LENGTH: 411
<L T="1776521368.4690" Y="p" L="14"><P L="1" LL="1" P="1" LP="1" C="5" D="1" T="5"><D L="12" I="68.8366" T="1776521368.2718" LCD="12" /></P><P L="9" LL="9" P="9" LP="9" C="8" D="1" T="14"><D GL="?" GI="?" LGL="?" LGI="?" /></P><P L="10" LL="10" P="10" LP="10" C="6" D="1" T="2"><D GL="?" GI="?" LGL="?" LGI="?" /></P><P L="12" LL="12" P="12" LP="12" C="2" D="1" T="6"><D GL="?" GI="?" LGL="?" LGI="?" /></P></L>
================================================================================
UTC: 2026-04-18T04:09:28.839886+00:00
RAW_LENGTH: 45
DECODED_LENGTH: 45
<C T="1776521369.0400" Y="L" C="0" E="825" />
================================================================================
UTC: 2026-04-18T04:09:29.805328+00:00
RAW_LENGTH: 45
DECODED_LENGTH: 45
<C T="1776521370.0080" Y="L" C="0" E="826" />
================================================================================
UTC: 2026-04-18T04:09:30.832375+00:00
RAW_LENGTH: 45
DECODED_LENGTH: 45
<C T="1776521371.0340" Y="L" C="0" E="827" />
================================================================================
UTC: 2026-04-18T04:09:31.177680+00:00
RAW_LENGTH: 733
DECODED_LENGTH: 733
<L T="1776521371.3810" Y="p" L="14"><P L="2" LL="2" P="2" LP="2" C="1" D="1" T="8"><D /></P><P L="3" LL="3" P="3" LP="3" C="3" D="1" T="1"><D /></P><P L="4" LL="4" P="4" LP="4" C="9" D="1" T="3"><D /></P><P L="5" LL="5" P="5" LP="5" C="13" D="1" T="9"><D /></P><P L="6" LL="6" P="6" LP="6" C="11" D="1" T="13"><D /></P><P L="7" LL="7" P="7" LP="7" C="4" D="1" T="11"><D /></P><P L="8" LL="8" P="8" LP="8" C="12" D="1" T="4"><D /></P><P L="9" LL="9" P="9" LP="9" C="8" D="1" T="12"><D L="11" I="76.6006" T="1776521371.2145" LCD="11" GL="1" GI="2.9427" GNI="17.4266" LGL="1" LGI="2.9427" LGNI="17.4266" /></P><P L="10" LL="10" P="10" LP="10" C="6" D="1" T="14"><D /></P><P L="11" LL="11" P="11" LP="11" C="14" D="1" T="2"><D /></P></L>
================================================================================
UTC: 2026-04-18T04:09:31.826794+00:00
RAW_LENGTH: 45
DECODED_LENGTH: 45
<C T="1776521372.0140" Y="L" C="0" E="828" />
================================================================================
UTC: 2026-04-18T04:09:32.086200+00:00
RAW_LENGTH: 196
DECODED_LENGTH: 196
<L T="1776521372.2950" Y="p" L="14"><P L="2" LL="2" P="2" LP="2" C="1" D="1" T="8"><D L="12" I="69.2776" T="1776521372.0519" LCD="12" GI="3.7801" GNI="3.7801" LGI="3.7801" LGNI="3.7801" /></P></L>
================================================================================
UTC: 2026-04-18T04:09:32.858176+00:00
RAW_LENGTH: 45
DECODED_LENGTH: 45
<C T="1776521373.0460" Y="L" C="0" E="829" />
================================================================================
UTC: 2026-04-18T04:09:33.818774+00:00
RAW_LENGTH: 45
DECODED_LENGTH: 45
<C T="1776521374.0160" Y="L" C="0" E="830" />
================================================================================
UTC: 2026-04-18T04:09:34.607749+00:00
RAW_LENGTH: 679
DECODED_LENGTH: 679
<L T="1776521374.8110" Y="p" L="14"><P L="4" LL="4" P="4" LP="4" C="9" D="1" T="6"><D /></P><P L="5" LL="5" P="5" LP="5" C="13" D="1" T="3"><D /></P><P L="6" LL="6" P="6" LP="6" C="11" D="1" T="9"><D /></P><P L="7" LL="7" P="7" LP="7" C="4" D="1" T="13"><D /></P><P L="8" LL="8" P="8" LP="8" C="12" D="1" T="11"><D /></P><P L="9" LL="9" P="9" LP="9" C="8" D="1" T="4"><D /></P><P L="10" LL="10" P="10" LP="10" C="6" D="1" T="12"><D L="11" I="75.2980" T="1776521374.5739" LCD="11" GL="1" GI="6.3021" GNI="3.3594" LGL="1" LGI="6.3021" LGNI="3.3594" /></P><P L="11" LL="11" P="11" LP="11" C="14" D="1" T="14"><D /></P><P L="12" LL="12" P="12" LP="12" C="2" D="1" T="2"><D /></P></L>
================================================================================
UTC: 2026-04-18T04:09:34.784904+00:00
RAW_LENGTH: 45
DECODED_LENGTH: 45
<C T="1776521375.0010" Y="L" C="0" E="831" />
================================================================================
UTC: 2026-04-18T04:09:35.812197+00:00
RAW_LENGTH: 45
DECODED_LENGTH: 45
<C T="1776521376.0120" Y="L" C="0" E="832" />
================================================================================
UTC: 2026-04-18T04:09:36.843186+00:00
RAW_LENGTH: 45
DECODED_LENGTH: 45
<C T="1776521377.0430" Y="L" C="0" E="833" />
================================================================================
UTC: 2026-04-18T04:09:37.810001+00:00
RAW_LENGTH: 45
DECODED_LENGTH: 45
<C T="1776521378.0070" Y="L" C="0" E="834" />
================================================================================
UTC: 2026-04-18T04:09:38.836387+00:00
RAW_LENGTH: 45
DECODED_LENGTH: 45
<C T="1776521379.0370" Y="L" C="0" E="835" />
================================================================================
UTC: 2026-04-18T04:09:39.800019+00:00
RAW_LENGTH: 45
DECODED_LENGTH: 45
<C T="1776521380.0010" Y="L" C="0" E="836" />
================================================================================
UTC: 2026-04-18T04:09:40.451800+00:00
RAW_LENGTH: 85
DECODED_LENGTH: 85
<S T="1776521380.6450" S="Checkered" I="1776521380.6062" R="0" E="R2" P="1" SN="0" />
================================================================================
UTC: 2026-04-18T04:09:40.454164+00:00
RAW_LENGTH: 72
DECODED_LENGTH: 72
<F T="1776521380.6640" S="Checkered" I="1776521380.6062" P="1" SN="0" />
================================================================================
UTC: 2026-04-18T04:09:40.841255+00:00
RAW_LENGTH: 45
DECODED_LENGTH: 45
<C T="1776521381.0410" Y="L" C="0" E="837" />
================================================================================
UTC: 2026-04-18T04:09:41.815151+00:00
RAW_LENGTH: 45
DECODED_LENGTH: 45
<C T="1776521382.0060" Y="L" C="0" E="838" />
================================================================================
UTC: 2026-04-18T04:09:42.844470+00:00
RAW_LENGTH: 45
DECODED_LENGTH: 45
<C T="1776521383.0350" Y="L" C="0" E="839" />
================================================================================
UTC: 2026-04-18T04:09:43.866147+00:00
RAW_LENGTH: 45
DECODED_LENGTH: 45
<C T="1776521384.0600" Y="L" C="0" E="840" />
================================================================================
UTC: 2026-04-18T04:09:44.810453+00:00
RAW_LENGTH: 45
DECODED_LENGTH: 45
<C T="1776521385.0090" Y="L" C="0" E="841" />
