
[2026-04-18T04:36:49.777942+00:00]
<New T="1776523009.8332" Seq="102"><M D="Victorian Motor Racing Championship Round 2 (VMRC)" Y="Cars" /><T C="CPR" N="Calder Park Raceway" I="0" P="0" PI1="0" PI2="0"></T><E C="R4" D="Victorian Super Tin Tops &amp; BMW E30 Racing - Race 1" Y="Race" MP="N" MPD="0" L="12" TY="" ST="0" /><OL><O ID="0" C="STT" Y="Cars" RY="Race" RI="0.0000" RD="0" RC="" RS="" RV=""></O><O ID="1" C="E30" Y="Cars" RY="Race" RI="0.0000" RD="0" RC="" RS="" RV="" /></OL><RL><R ID="1" CC="0" C="9" S="" N="9" V="Mazda RX7"><V ID="1" B="1" N="Wayne Alway" /></R><R ID="2" CC="0" C="17" S="" N="17" V="Nissan Pulsar"><V ID="1" B="1" N="Megan Kirkham" /></R><R ID="3" CC="0" C="51" S="" N="51" V="Subaru WRX"><V ID="1" B="1" N="Scott Wilson" /></R><R ID="4" CC="0" C="56" S="" N="56" V="Aston Martin Vantage"><V ID="1" B="1" N="Ranald MacLurkin" /></R><R ID="5" CC="0" C="61" S="" N="61" V="Mazda MX5"><V ID="1" B="1" N="Robert Mikolajewicz" /></R><R ID="6" CC="0" C="66" S="" N="66" V="Audi RS3 LMS"><V ID="1" B="1" N="Barney Hogan" /></R><R ID="7" CC="0" C="139" S="" N="139" V="Nissan N14 Pulsar"><V ID="1" B="1" N="Timothy Maynard" /></R><R ID="8" CC="1" C="7" S="" N="7" V="BMW E30R"><V ID="1" B="1" N="Rory Plant" /></R><R ID="9" CC="1" C="17" S="" N="17" V="BMW 325i"><V ID="1" B="1" N="Brett Stevens" /></R><R ID="10" CC="1" C="22" S="" N="22" V="BMW E30"><V ID="1" B="1" N="Alex Jory" /></R><R ID="11" CC="1" C="27" S="" N="27" V="BMW E30"><V ID="1" B="1" N="Brian Bourke" /></R><R ID="12" CC="1" C="40" S="" N="40" V="BMW E30 325i"><V ID="1" B="1" N="Roderick Martin" /></R><R ID="13" CC="1" C="47" S="" N="47" V="BMW E30"><V ID="1" B="1" N="Clay Douglas" /></R><R ID="14" CC="1" C="61" S="" N="61" V="BMW E30R"><V ID="1" B="1" N="Zac Dunn" /></R><R ID="15" CC="1" C="66" S="" N="66" V="BMW E30 318i"><V ID="1" B="1" N="Benjamin Munro" /></R><R ID="16" CC="1" C="90" S="" N="90" V="BMW E30R"><V ID="1" B="1" N="Shannon Cooper" /></R></RL></New>

[2026-04-18T04:36:49.778191+00:00]
<C T="1776523009.8332" Y="L" C="10" E="150" />

[2026-04-18T04:36:49.779289+00:00]
<S T="1776523009.8332" S="Green" I="1776522858.3206" R="0" E="R4" P="1" SN="0" />

[2026-04-18T04:36:49.779330+00:00]
<G T="1776523009.8332" R="" C="" />

[2026-04-18T04:36:49.781922+00:00]
<A T="1776523009.8332" Y="f" C="6" I="70.7602" S1="0.0000" />

[2026-04-18T04:36:49.781953+00:00]
<L T="1776523009.8332" Y="f" L="15"><P L="1" LL="1" P="1" LP="1" C="4" D="1" T="4"><D LT="0" L="2" I="71.3068" T="1776523004.6611" PN="1" SN="0" LL="M" P="N" LLP="0" LDC="0" LCD="2" FL="2" FTY="" FI="71.3068" FT="1776523004.6611" GL="0" GI="0.0000" GNL="0" GNI="0.0000" LGL="0" LGI="0.0000" LGNL="0" LGNI="0.0000" PS="0" PF="" PI="0.0000" PT="0.0000" SP="0" LP="M" TY="" TSL="0" /></P><P L="2" LL="2" P="2" LP="2" C="1" D="1" T="1"><D LT="0" L="2" I="71.2521" T="1776523004.8162" PN="1" SN="0" LL="M" P="N" LLP="0" LDC="0" LCD="2" FL="2" FTY="" FI="71.2521" FT="1776523004.8162" GL="0" GI="0.1551" GNL="0" GNI="0.1551" LGL="0" LGI="0.1551" LGNL="0" LGNI="0.1551" PS="0" PF="" PI="0.0000" PT="0.0000" SP="0" LP="M" TY="" TSL="0" /></P><P L="3" LL="3" P="3" LP="3" C="6" D="1" T="6"><D LT="0" L="2" I="70.7602" T="1776523005.5389" PN="1" SN="0" LL="M" P="N" LLP="0" LDC="0" LCD="2" FL="2" FTY="" FI="70.7602" FT="1776523005.5389" GL="0" GI="0.8778" GNL="0" GNI="0.7227" LGL="0" LGI="0.8778" LGNL="0" LGNI="0.7227" PS="0" PF="" PI="0.0000" PT="0.0000" SP="0" LP="M" TY="" TSL="0" /></P><P L="4" LL="4" P="4" LP="4" C="7" D="1" T="7"><D LT="0" L="2" I="71.6882" T="1776523006.1254" PN="1" SN="0" LL="M" P="N" LLP="0" LDC="0" LCD="2" FL="2" FTY="" FI="71.6882" FT="1776523006.1254" GL="0" GI="1.4643" GNL="0" GNI="0.5865" LGL="0" LGI="1.4643" LGNL="0" LGNI="0.5865" PS="0" PF="" PI="0.0000" PT="0.0000" SP="0" LP="M" TY="" TSL="0" /></P><P L="5" LL="5" P="5" LP="5" C="2" D="1" T="2"><D LT="0" L="1" I="83.6810" T="1776522942.0016" PN="1" SN="0" LL="M" P="N" LLP="0" LDC="0" LCD="1" FL="1" FTY="" FI="83.6810" FT="1776522942.0016" GL="0" GI="8.6473" GNL="0" GNI="7.5644" LGL="0" LGI="8.6473" LGNL="0" LGNI="7.5644" PS="0" PF="" PI="0.0000" PT="0.0000" SP="0" LP="M" TY="" TSL="0" /></P><P L="6" LL="6" P="6" LP="6" C="15" D="1" T="15"><D LT="0" L="1" I="98.3706" T="1776522956.6912" PN="1" SN="0" LL="M" P="N" LLP="0" LDC="0" LCD="1" FL="1" FTY="" FI="98.3706" FT="1776522956.6912" GL="0" GI="23.3369" GNL="0" GNI="14.6896" LGL="0" LGI="23.3369" LGNL="0" LGNI="14.6896" PS="0" PF="" PI="0.0000" PT="0.0000" SP="0" LP="M" TY="" TSL="0" /></P><P L="7" LL="7" P="7" LP="7" C="11" D="1" T="11"><D LT="0" L="1" I="100.0016" T="1776522958.3222" PN="1" SN="0" LL="M" P="N" LLP="0" LDC="0" LCD="1" FL="1" FTY="" FI="100.0016" FT="1776522958.3222" GL="0" GI="24.9679" GNL="0" GNI="1.6310" LGL="0" LGI="24.9679" LGNL="0" LGNI="1.6310" PS="0" PF="" PI="0.0000" PT="0.0000" SP="0" LP="M" TY="" TSL="0" /></P><P L="8" LL="8" P="8" LP="8" C="9" D="1" T="9"><D LT="0" L="1" I="100.4843" T="1776522958.8049" PN="1" SN="0" LL="M" P="N" LLP="0" LDC="0" LCD="1" FL="1" FTY="" FI="100.4843" FT="1776522958.8049" GL="0" GI="25.4506" GNL="0" GNI="0.4827" LGL="0" LGI="25.4506" LGNL="0" LGNI="0.4827" PS="0" PF="" PI="0.0000" PT="0.0000" SP="0" LP="M" TY="" TSL="0" /></P><P L="9" LL="9" P="9" LP="9" C="14" D="1" T="14"><D LT="0" L="1" I="101.4910" T="1776522959.8116" PN="1" SN="0" LL="M" P="N" LLP="0" LDC="0" LCD="1" FL="1" FTY="" FI="101.4910" FT="1776522959.8116" GL="0" GI="26.4573" GNL="0" GNI="1.0067" LGL="0" LGI="26.4573" LGNL="0" LGNI="1.0067" PS="0" PF="" PI="0.0000" PT="0.0000" SP="0" LP="M" TY="" TSL="0" /></P><P L="10" LL="10" P="10" LP="10" C="12" D="1" T="12"><D LT="0" L="1" I="103.0757" T="1776522961.3963" PN="1" SN="0" LL="M" P="N" LLP="0" LDC="0" LCD="1" FL="1" FTY="" FI="103.0757" FT="1776522961.3963" GL="0" GI="28.0420" GNL="0" GNI="1.5847" LGL="0" LGI="28.0420" LGNL="0" LGNI="1.5847" PS="0" PF="" PI="0.0000" PT="0.0000" SP="0" LP="M" TY="" TSL="0" /></P><P L="11" LL="11" P="11" LP="11" C="16" D="1" T="16"><D LT="0" L="1" I="104.4370" T="1776522962.7576" PN="1" SN="0" LL="M" P="N" LLP="0" LDC="0" LCD="1" FL="1" FTY="" FI="104.4370" FT="1776522962.7576" GL="0" GI="29.4033" GNL="0" GNI="1.3613" LGL="0" LGI="29.4033" LGNL="0" LGNI="1.3613" PS="0" PF="" PI="0.0000" PT="0.0000" SP="0" LP="M" TY="" TSL="0" /></P><P L="12" LL="12" P="12" LP="12" C="10" D="1" T="10"><D LT="0" L="1" I="104.5706" T="1776522962.8912" PN="1" SN="0" LL="M" P="N" LLP="0" LDC="0" LCD="1" FL="1" FTY="" FI="104.5706" FT="1776522962.8912" GL="0" GI="29.5369" GNL="0" GNI="0.1336" LGL="0" LGI="29.5369" LGNL="0" LGNI="0.1336" PS="0" PF="" PI="0.0000" PT="0.0000" SP="0" LP="M" TY="" TSL="0" /></P><P L="13" LL="13" P="13" LP="13" C="8" D="1" T="8"><D LT="0" L="1" I="105.4896" T="1776522963.8102" PN="1" SN="0" LL="M" P="N" LLP="0" LDC="0" LCD="1" FL="1" FTY="" FI="105.4896" FT="1776522963.8102" GL="0" GI="30.4559" GNL="0" GNI="0.9190" LGL="0" LGI="30.4559" LGNL="0" LGNI="0.9190" PS="0" PF="" PI="0.0000" PT="0.0000" SP="0" LP="M" TY="" TSL="0" /></P><P L="14" LL="14" P="14" LP="14" C="13" D="1" T="13"><D LT="0" L="1" I="106.2418" T="1776522964.5624" PN="1" SN="0" LL="M" P="N" LLP="0" LDC="0" LCD="1" FL="1" FTY="" FI="106.2418" FT="1776522964.5624" GL="0" GI="31.2081" GNL="0" GNI="0.7522" LGL="0" LGI="31.2081" LGNL="0" LGNI="0.7522" PS="0" PF="" PI="0.0000" PT="0.0000" SP="0" LP="M" TY="" TSL="0" /></P><P L="15" LL="15" P="" LP="" C="3" D="1" T="0"><D LT="0" L="0" I="0.0000" T="1776522858.3206" PN="0" SN="0" LL="M" P="N" LLP="0" LDC="0" LCD="0" FL="0" FTY="" FI="0.0000" FT="0.0000" GL="?" GI="?" GNL="?" GNI="?" LGL="?" LGI="?" LGNL="?" LGNI="?" PS="0" PF="" PI="0.0000" PT="0.0000" SP="0" LP="" TY="" TSL="0" /></P></L>

[2026-04-18T04:36:50.004627+00:00]
<C T="1776523010.0370" Y="L" C="10" E="151" />

[2026-04-18T04:36:50.993194+00:00]
<C T="1776523011.0530" Y="L" C="10" E="152" />

[2026-04-18T04:36:51.975852+00:00]
<C T="1776523012.0150" Y="L" C="10" E="153" />

[2026-04-18T04:36:52.961987+00:00]
<C T="1776523013.0320" Y="L" C="10" E="154" />

[2026-04-18T04:36:53.962454+00:00]
<C T="1776523014.0410" Y="L" C="10" E="155" />

[2026-04-18T04:36:54.972513+00:00]
<C T="1776523015.0380" Y="L" C="10" E="156" />

[2026-04-18T04:36:55.990052+00:00]
<C T="1776523016.0520" Y="L" C="10" E="157" />

[2026-04-18T04:36:56.945875+00:00]
<C T="1776523017.0060" Y="L" C="10" E="158" />

[2026-04-18T04:36:57.951852+00:00]
<C T="1776523018.0180" Y="L" C="10" E="159" />

[2026-04-18T04:36:58.972412+00:00]
<C T="1776523019.0360" Y="L" C="10" E="160" />

[2026-04-18T04:36:59.625857+00:00]
<L T="1776523019.6950" Y="p" L="15"><P L="5" LL="5" P="5" LP="5" C="2" D="1" T="2"><D L="2" I="77.4404" T="1776523019.4420" LCD="2" FL="2" FI="77.4404" FT="1776523019.4420" GI="14.7809" GNI="13.3166" LGI="14.7809" LGNI="13.3166" /></P></L>

[2026-04-18T04:36:59.942732+00:00]
<C T="1776523020.0080" Y="L" C="10" E="161" />

[2026-04-18T04:37:01.041821+00:00]
<C T="1776523021.0290" Y="L" C="10" E="162" />

[2026-04-18T04:37:01.989527+00:00]
<C T="1776523022.0610" Y="L" C="10" E="163" />

[2026-04-18T04:37:02.937526+00:00]
<C T="1776523023.0150" Y="L" C="10" E="164" />

[2026-04-18T04:37:03.952483+00:00]
<C T="1776523024.0170" Y="L" C="10" E="165" />

[2026-04-18T04:37:04.984081+00:00]
<C T="1776523025.0470" Y="L" C="10" E="166" />

[2026-04-18T04:37:05.953043+00:00]
<C T="1776523026.0140" Y="L" C="10" E="167" />

[2026-04-18T04:37:06.368799+00:00]
<A T="1776523026.3000" Y="p" C="15" I="69.2334" />

[2026-04-18T04:37:06.370783+00:00]
<L T="1776523026.3000" Y="p" L="15"><P L="6" LL="6" P="6" LP="6" C="15" D="1" T="15"><D L="2" I="69.2334" T="1776523025.9246" LCD="2" FL="2" FI="69.2334" FT="1776523025.9246" GI="21.2635" GNI="6.4826" LGI="21.2635" LGNI="6.4826" /></P></L>

[2026-04-18T04:37:07.003343+00:00]
<C T="1776523027.0600" Y="L" C="10" E="168" />

[2026-04-18T04:37:07.988074+00:00]
<C T="1776523028.0630" Y="L" C="10" E="169" />

[2026-04-18T04:37:08.972836+00:00]
<C T="1776523029.0370" Y="L" C="10" E="170" />

[2026-04-18T04:37:09.174869+00:00]
<L T="1776523029.2430" Y="p" L="15"><P L="7" LL="7" P="7" LP="7" C="11" D="1" T="11"><D L="2" I="70.6338" T="1776523028.9560" LCD="2" FL="2" FI="70.6338" FT="1776523028.9560" GI="24.2949" GNI="3.0314" LGI="24.2949" LGNI="3.0314" /></P></L>

[2026-04-18T04:37:09.958761+00:00]
<C T="1776523030.0190" Y="L" C="10" E="171" />

[2026-04-18T04:37:10.029858+00:00]
<L T="1776523030.0990" Y="p" L="15"><P L="8" LL="8" P="8" LP="8" C="9" D="1" T="9"><D L="2" I="70.9010" T="1776523029.7059" LCD="2" FL="2" FI="70.9010" FT="1776523029.7059" GI="25.0448" GNI="0.7499" LGI="25.0448" LGNI="0.7499" /></P></L>

[2026-04-18T04:37:11.060691+00:00]
<C T="1776523031.0500" Y="L" C="10" E="172" />

[2026-04-18T04:37:11.061250+00:00]
<L T="1776523031.0660" Y="p" L="15"><P L="9" LL="9" P="9" LP="9" C="14" D="1" T="14"><D L="2" I="70.9322" T="1776523030.7438" LCD="2" FL="2" FI="70.9322" FT="1776523030.7438" GI="26.0827" GNI="1.0379" LGI="26.0827" LGNI="1.0379" /></P></L>

[2026-04-18T04:37:11.990091+00:00]
<C T="1776523032.0180" Y="L" C="10" E="173" />

[2026-04-18T04:37:12.952957+00:00]
<C T="1776523033.0180" Y="L" C="10" E="174" />

[2026-04-18T04:37:13.842694+00:00]
<L T="1776523033.7970" Y="p" L="15"><P L="10" LL="10" P="10" LP="10" C="12" D="1" T="12"><D L="2" I="72.1382" T="1776523033.5345" LCD="2" FL="2" FI="72.1382" FT="1776523033.5345" GI="28.8734" GNI="2.7907" LGI="28.8734" LGNI="2.7907" /></P></L>

[2026-04-18T04:37:13.992981+00:00]
<C T="1776523034.0520" Y="L" C="10" E="175" />

[2026-04-18T04:37:14.000400+00:00]
<L T="1776523034.0700" Y="p" L="15"><P L="11" LL="11" P="11" LP="11" C="10" D="1" T="10"><D L="2" I="70.8874" T="1776523033.7786" LCD="2" FL="2" FI="70.8874" FT="1776523033.7786" GI="29.1175" GNI="0.2441" LGI="29.1175" LGNI="0.2441" /></P><P L="12" LL="12" P="12" LP="12" C="16" D="1" T="16"><D GNL="?" GNI="?" LGNL="?" LGNI="?" /></P><P L="13" LL="13" P="13" LP="13" C="8" D="1" T="8"><D GNI="1.0526" LGNI="1.0526" /></P></L>

[2026-04-18T04:37:15.070410+00:00]
<C T="1776523035.0190" Y="L" C="10" E="176" />

[2026-04-18T04:37:15.992012+00:00]
<C T="1776523036.0180" Y="L" C="10" E="177" />

[2026-04-18T04:37:16.515633+00:00]
<L T="1776523036.4960" Y="p" L="15"><P L="12" LL="12" P="12" LP="12" C="16" D="1" T="16"><D L="2" I="73.4007" T="1776523036.1583" LCD="2" FL="2" FI="73.4007" FT="1776523036.1583" GI="31.4972" GNL="0" GNI="2.3797" LGI="31.4972" LGNL="0" LGNI="2.3797" /></P></L>

[2026-04-18T04:37:16.943303+00:00]
<C T="1776523037.0030" Y="L" C="10" E="178" />

[2026-04-18T04:37:17.217379+00:00]
<L T="1776523037.2910" Y="p" L="15"><P L="13" LL="13" P="13" LP="13" C="8" D="1" T="8"><D L="2" I="73.1857" T="1776523036.9959" LCD="2" FL="2" FI="73.1857" FT="1776523036.9959" GI="32.3348" GNI="0.8376" LGI="32.3348" LGNI="0.8376" /></P></L>

[2026-04-18T04:37:17.999173+00:00]
<C T="1776523038.0490" Y="L" C="10" E="179" />

[2026-04-18T04:37:18.655478+00:00]
<L T="1776523038.5750" Y="p" L="15"><P L="14" LL="14" P="14" LP="14" C="13" D="1" T="13"><D L="2" I="73.7047" T="1776523038.2671" LCD="2" FL="2" FI="73.7047" FT="1776523038.2671" GI="33.6060" GNI="1.2712" LGI="33.6060" LGNI="1.2712" /></P></L>

[2026-04-18T04:37:18.975098+00:00]
<C T="1776523039.0360" Y="L" C="10" E="180" />

[2026-04-18T04:37:20.088266+00:00]
<C T="1776523040.0190" Y="L" C="10" E="181" />

[2026-04-18T04:37:21.012712+00:00]
<C T="1776523041.0150" Y="L" C="10" E="182" />

[2026-04-18T04:37:21.987182+00:00]
<C T="1776523042.0450" Y="L" C="10" E="183" />

[2026-04-18T04:37:22.948854+00:00]
<C T="1776523043.0120" Y="L" C="10" E="184" />

[2026-04-18T04:37:24.081688+00:00]
<C T="1776523044.0420" Y="L" C="10" E="185" />

[2026-04-18T04:37:25.003470+00:00]
<C T="1776523045.0080" Y="L" C="10" E="186" />

[2026-04-18T04:37:26.027291+00:00]
<C T="1776523046.0370" Y="L" C="10" E="187" />

[2026-04-18T04:37:26.958370+00:00]
<C T="1776523047.0040" Y="L" C="10" E="188" />

[2026-04-18T04:37:27.973398+00:00]
<C T="1776523048.0320" Y="L" C="10" E="189" />

[2026-04-18T04:37:29.099395+00:00]
<C T="1776523049.0620" Y="L" C="10" E="190" />

[2026-04-18T04:37:30.021025+00:00]
<C T="1776523050.0120" Y="L" C="10" E="191" />

[2026-04-18T04:37:30.978435+00:00]
<C T="1776523051.0410" Y="L" C="10" E="192" />

[2026-04-18T04:37:31.948557+00:00]
<C T="1776523052.0060" Y="L" C="10" E="193" />

[2026-04-18T04:37:32.973192+00:00]
<C T="1776523053.0370" Y="L" C="10" E="194" />

[2026-04-18T04:37:33.943011+00:00]
<C T="1776523054.0030" Y="L" C="10" E="195" />

[2026-04-18T04:37:34.988279+00:00]
<C T="1776523055.0320" Y="L" C="10" E="196" />

[2026-04-18T04:37:36.045976+00:00]
<C T="1776523056.0610" Y="L" C="10" E="197" />

[2026-04-18T04:37:36.984428+00:00]
<C T="1776523057.0290" Y="L" C="10" E="198" />

[2026-04-18T04:37:37.995010+00:00]
<C T="1776523058.0580" Y="L" C="10" E="199" />

[2026-04-18T04:37:39.039878+00:00]
<C T="1776523059.0260" Y="L" C="10" E="200" />

[2026-04-18T04:37:40.056743+00:00]
<C T="1776523060.0570" Y="L" C="10" E="201" />

[2026-04-18T04:37:40.958600+00:00]
<C T="1776523061.0230" Y="L" C="10" E="202" />

[2026-04-18T04:37:42.004612+00:00]
<C T="1776523062.0550" Y="L" C="10" E="203" />

[2026-04-18T04:37:43.027152+00:00]
<C T="1776523063.0190" Y="L" C="10" E="204" />

[2026-04-18T04:37:43.988644+00:00]
<C T="1776523064.0480" Y="L" C="10" E="205" />

[2026-04-18T04:37:44.953114+00:00]
<C T="1776523065.0150" Y="L" C="10" E="206" />

[2026-04-18T04:37:45.986126+00:00]
<C T="1776523066.0450" Y="L" C="10" E="207" />

[2026-04-18T04:37:46.949581+00:00]
<C T="1776523067.0100" Y="L" C="10" E="208" />

[2026-04-18T04:37:47.985924+00:00]
<C T="1776523068.0400" Y="L" C="10" E="209" />

[2026-04-18T04:37:48.958883+00:00]
<C T="1776523069.0060" Y="L" C="10" E="210" />

[2026-04-18T04:37:49.974262+00:00]
<C T="1776523070.0370" Y="L" C="10" E="211" />

[2026-04-18T04:37:50.978436+00:00]
<C T="1776523071.0520" Y="L" C="10" E="212" />

[2026-04-18T04:37:51.959929+00:00]
<C T="1776523072.0040" Y="L" C="10" E="213" />

[2026-04-18T04:37:52.981159+00:00]
<C T="1776523073.0350" Y="L" C="10" E="214" />

[2026-04-18T04:37:53.829351+00:00]
<C T="1776523073.8760" Y="L" C="9" E="214" />

[2026-04-18T04:37:53.829793+00:00]
<A T="1776523073.8900" Y="p" C="4" I="68.9041" />

[2026-04-18T04:37:53.829905+00:00]
<L T="1776523073.8900" Y="p" L="15"><P L="1" LL="1" P="1" LP="1" C="4" D="1" T="4"><D L="3" I="68.9041" T="1776523073.5652" LCD="3" FL="3" FI="68.9041" FT="1776523073.5652" /></P></L>

[2026-04-18T04:37:53.943186+00:00]
<C T="1776523074.0190" Y="L" C="9" E="215" />

[2026-04-18T04:37:54.280760+00:00]
<L T="1776523074.3520" Y="p" L="15"><P L="2" LL="2" P="2" LP="2" C="1" D="1" T="1"><D L="3" I="69.3119" T="1776523074.1281" LCD="3" FL="3" FI="69.3119" FT="1776523074.1281" GI="0.5629" GNI="0.5629" LGI="0.5629" LGNI="0.5629" /></P></L>

[2026-04-18T04:37:54.974635+00:00]
<C T="1776523075.0480" Y="L" C="9" E="216" />

[2026-04-18T04:37:55.601254+00:00]
<L T="1776523075.5710" Y="p" L="15"><P L="3" LL="3" P="3" LP="3" C="6" D="1" T="6"><D L="3" I="69.6915" T="1776523075.2304" LCD="3" FL="3" FI="69.6915" FT="1776523075.2304" GI="1.6652" GNI="1.1023" LGI="1.6652" LGNI="1.1023" /></P></L>

[2026-04-18T04:37:56.133995+00:00]
<C T="1776523076.0290" Y="L" C="9" E="217" />

[2026-04-18T04:37:56.134635+00:00]
<L T="1776523076.1770" Y="p" L="15"><P L="4" LL="4" P="4" LP="4" C="7" D="1" T="7"><D L="3" I="69.7346" T="1776523075.8600" LCD="3" FL="3" FI="69.7346" FT="1776523075.8600" GI="2.2948" GNI="0.6296" LGI="2.2948" LGNI="0.6296" /></P></L>

[2026-04-18T04:37:56.968831+00:00]
<C T="1776523077.0120" Y="L" C="9" E="218" />

[2026-04-18T04:37:57.966525+00:00]
<C T="1776523078.0070" Y="L" C="9" E="219" />

[2026-04-18T04:37:59.127666+00:00]
<C T="1776523079.0420" Y="L" C="9" E="220" />

[2026-04-18T04:38:00.014686+00:00]
<C T="1776523080.0140" Y="L" C="9" E="221" />

[2026-04-18T04:38:00.984603+00:00]
<C T="1776523081.0420" Y="L" C="9" E="222" />

[2026-04-18T04:38:02.074316+00:00]
<C T="1776523082.0090" Y="L" C="9" E="223" />

[2026-04-18T04:38:03.000022+00:00]
<C T="1776523083.0430" Y="L" C="9" E="224" />

[2026-04-18T04:38:03.963061+00:00]
<C T="1776523084.0110" Y="L" C="9" E="225" />

[2026-04-18T04:38:04.989002+00:00]
<C T="1776523085.0390" Y="L" C="9" E="226" />

[2026-04-18T04:38:05.959110+00:00]
<C T="1776523086.0060" Y="L" C="9" E="227" />

[2026-04-18T04:38:06.974274+00:00]
<C T="1776523087.0340" Y="L" C="9" E="228" />

[2026-04-18T04:38:07.954005+00:00]
<C T="1776523088.0000" Y="L" C="9" E="229" />

[2026-04-18T04:38:08.969216+00:00]
<C T="1776523089.0310" Y="L" C="9" E="230" />

[2026-04-18T04:38:09.991487+00:00]
<C T="1776523090.0620" Y="L" C="9" E="231" />

[2026-04-18T04:38:10.958733+00:00]
<C T="1776523091.0120" Y="L" C="9" E="232" />

[2026-04-18T04:38:11.987151+00:00]
<C T="1776523092.0430" Y="L" C="9" E="233" />

[2026-04-18T04:38:12.959293+00:00]
<C T="1776523093.0090" Y="L" C="9" E="234" />

[2026-04-18T04:38:13.989720+00:00]
<C T="1776523094.0400" Y="L" C="9" E="235" />

[2026-04-18T04:38:14.955544+00:00]
<C T="1776523095.0070" Y="L" C="9" E="236" />

[2026-04-18T04:38:15.548423+00:00]
<L T="1776523095.6080" Y="p" L="15"><P L="5" LL="5" P="5" LP="5" C="15" D="1" T="15"><D L="3" I="69.4363" T="1776523095.3609" LCD="3" GI="21.7957" GNI="19.5009" LGI="21.7957" LGNI="19.5009" /></P><P L="6" LL="6" P="6" LP="6" C="2" D="1" T="2"><D GNL="?" GNI="?" LGNL="?" LGNI="?" /></P><P L="7" LL="7" P="7" LP="7" C="11" D="1" T="11"><D GNI="9.5140" LGNI="9.5140" /></P></L>

[2026-04-18T04:38:15.978503+00:00]
<C T="1776523096.0520" Y="L" C="9" E="237" />

[2026-04-18T04:38:16.949318+00:00]
<C T="1776523097.0050" Y="L" C="9" E="238" />

[2026-04-18T04:38:17.179987+00:00]
<L T="1776523097.2100" Y="p" L="15"><P L="6" LL="6" P="6" LP="6" C="2" D="1" T="2"><D L="3" I="77.4826" T="1776523096.9246" LCD="3" GI="23.3594" GNL="0" GNI="1.5637" LGI="23.3594" LGNL="0" LGNI="1.5637" /></P></L>

[2026-04-18T04:38:17.975844+00:00]
<C T="1776523098.0360" Y="L" C="9" E="239" />

[2026-04-18T04:38:18.945562+00:00]
<C T="1776523099.0030" Y="L" C="9" E="240" />

[2026-04-18T04:38:19.972192+00:00]
<C T="1776523100.0320" Y="L" C="9" E="241" />

[2026-04-18T04:38:20.254443+00:00]
<L T="1776523100.3200" Y="p" L="15"><P L="7" LL="7" P="7" LP="7" C="11" D="1" T="11"><D L="3" I="70.9690" T="1776523099.9250" LCD="3" GI="26.3598" GNI="3.0004" LGI="26.3598" LGNI="3.0004" /></P></L>

[2026-04-18T04:38:20.955153+00:00]
<C T="1776523101.0110" Y="L" C="9" E="242" />

[2026-04-18T04:38:21.022063+00:00]
<L T="1776523101.0900" Y="p" L="15"><P L="8" LL="8" P="8" LP="8" C="9" D="1" T="9"><D L="3" I="71.1787" T="1776523100.8846" LCD="3" GI="27.3194" GNI="0.9596" LGI="27.3194" LGNI="0.9596" /></P></L>

[2026-04-18T04:38:21.979090+00:00]
<C T="1776523102.0390" Y="L" C="9" E="243" />

[2026-04-18T04:38:22.259423+00:00]
<L T="1776523102.3260" Y="p" L="15"><P L="9" LL="9" P="9" LP="9" C="14" D="1" T="14"><D L="3" I="71.2600" T="1776523102.0038" LCD="3" GI="28.4386" GNI="1.1192" LGI="28.4386" LGNI="1.1192" /></P></L>

[2026-04-18T04:38:22.970336+00:00]
<C T="1776523103.0270" Y="L" C="9" E="244" />

[2026-04-18T04:38:24.020472+00:00]
<C T="1776523104.0610" Y="L" C="9" E="245" />

[2026-04-18T04:38:24.409277+00:00]
<L T="1776523104.3480" Y="p" L="15"><P L="10" LL="10" P="10" LP="10" C="10" D="1" T="10"><D L="3" I="70.3285" T="1776523104.1071" LCD="3" FL="3" FI="70.3285" FT="1776523104.1071" GI="30.5419" GNI="2.1033" LGI="30.5419" LGNI="2.1033" /></P><P L="11" LL="11" P="11" LP="11" C="12" D="1" T="12"><D GNL="?" GNI="?" LGNL="?" LGNI="?" /></P><P L="12" LL="12" P="12" LP="12" C="16" D="1" T="16"><D GNI="2.6238" LGNI="2.6238" /></P></L>

[2026-04-18T04:38:24.989700+00:00]
<C T="1776523105.0470" Y="L" C="9" E="246" />

[2026-04-18T04:38:25.959563+00:00]
<C T="1776523106.0150" Y="L" C="9" E="247" />

[2026-04-18T04:38:26.237323+00:00]
<L T="1776523106.3050" Y="p" L="15"><P L="11" LL="11" P="11" LP="11" C="12" D="1" T="12"><D L="3" I="72.4243" T="1776523105.9588" LCD="3" GI="32.3936" GNL="0" GNI="1.8517" LGI="32.3936" LGNL="0" LGNI="1.8517" /></P></L>

[2026-04-18T04:38:27.012645+00:00]
<C T="1776523107.0580" Y="L" C="9" E="248" />

[2026-04-18T04:38:27.979266+00:00]
<C T="1776523108.0220" Y="L" C="9" E="249" />

[2026-04-18T04:38:28.423550+00:00]
<L T="1776523108.4350" Y="p" L="15"><P L="12" LL="12" P="12" LP="12" C="16" D="1" T="16"><D L="3" I="71.9056" T="1776523108.0639" LCD="3" FL="3" FI="71.9056" FT="1776523108.0639" GI="34.4987" GNI="2.1051" LGI="34.4987" LGNI="2.1051" /></P></L>

[2026-04-18T04:38:28.954230+00:00]
<C T="1776523109.0050" Y="L" C="9" E="250" />

[2026-04-18T04:38:29.149666+00:00]
<L T="1776523109.2130" Y="p" L="15"><P L="13" LL="13" P="13" LP="13" C="8" D="1" T="8"><D L="3" I="71.8555" T="1776523108.8514" LCD="3" FL="3" FI="71.8555" FT="1776523108.8514" GI="35.2862" GNI="0.7875" LGI="35.2862" LGNI="0.7875" /></P></L>

[2026-04-18T04:38:30.029001+00:00]
<C T="1776523110.0330" Y="L" C="9" E="251" />

[2026-04-18T04:38:30.950101+00:00]
<C T="1776523111.0030" Y="L" C="9" E="252" />

[2026-04-18T04:38:31.785683+00:00]
<L T="1776523111.8460" Y="p" L="15"><P L="14" LL="14" P="14" LP="14" C="13" D="1" T="13"><D L="3" I="73.2364" T="1776523111.5035" LCD="3" FL="3" FI="73.2364" FT="1776523111.5035" GI="37.9383" GNI="2.6521" LGI="37.9383" LGNI="2.6521" /></P></L>

[2026-04-18T04:38:31.965867+00:00]
<C T="1776523112.0360" Y="L" C="9" E="253" />

[2026-04-18T04:38:32.983836+00:00]
<C T="1776523113.0420" Y="L" C="9" E="254" />

[2026-04-18T04:38:33.942445+00:00]
<C T="1776523114.0090" Y="L" C="9" E="255" />

[2026-04-18T04:38:34.983721+00:00]
<C T="1776523115.0260" Y="L" C="9" E="256" />

[2026-04-18T04:38:36.005054+00:00]
<C T="1776523116.0550" Y="L" C="9" E="257" />

[2026-04-18T04:38:36.960740+00:00]
<C T="1776523117.0190" Y="L" C="9" E="258" />

[2026-04-18T04:38:37.989608+00:00]
<C T="1776523118.0470" Y="L" C="9" E="259" />

[2026-04-18T04:38:38.951783+00:00]
<C T="1776523119.0120" Y="L" C="9" E="260" />

[2026-04-18T04:38:40.092132+00:00]
<C T="1776523120.0320" Y="L" C="9" E="261" />

[2026-04-18T04:38:40.999447+00:00]
<C T="1776523121.0560" Y="L" C="9" E="262" />

[2026-04-18T04:38:41.966603+00:00]
<C T="1776523122.0180" Y="L" C="9" E="263" />

[2026-04-18T04:38:42.972240+00:00]
<C T="1776523123.0380" Y="L" C="9" E="264" />

[2026-04-18T04:38:44.057845+00:00]
<C T="1776523124.0350" Y="L" C="9" E="265" />

[2026-04-18T04:38:45.082040+00:00]
<C T="1776523125.0420" Y="L" C="9" E="266" />

[2026-04-18T04:38:46.003119+00:00]
<C T="1776523126.0040" Y="L" C="9" E="267" />

[2026-04-18T04:38:47.130002+00:00]
<C T="1776523127.0160" Y="L" C="9" E="268" />

[2026-04-18T04:38:48.000201+00:00]
<C T="1776523128.0440" Y="L" C="9" E="269" />

[2026-04-18T04:38:49.075546+00:00]
<C T="1776523129.0100" Y="L" C="9" E="270" />

[2026-04-18T04:38:50.002932+00:00]
<C T="1776523130.0400" Y="L" C="9" E="271" />

[2026-04-18T04:38:50.965723+00:00]
<C T="1776523131.0050" Y="L" C="9" E="272" />

[2026-04-18T04:38:52.352429+00:00]
<C T="1776523132.0350" Y="L" C="9" E="273" />

[2026-04-18T04:38:53.069186+00:00]
<C T="1776523133.0000" Y="L" C="9" E="274" />

[2026-04-18T04:38:53.964259+00:00]
<C T="1776523134.0280" Y="L" C="9" E="275" />

[2026-04-18T04:38:54.992338+00:00]
<C T="1776523135.0360" Y="L" C="9" E="276" />

[2026-04-18T04:38:56.008724+00:00]
<C T="1776523136.0600" Y="L" C="9" E="277" />

[2026-04-18T04:38:56.965504+00:00]
<C T="1776523137.0160" Y="L" C="9" E="278" />

[2026-04-18T04:38:57.992530+00:00]
<C T="1776523138.0350" Y="L" C="9" E="279" />

[2026-04-18T04:38:59.026660+00:00]
<C T="1776523139.0580" Y="L" C="9" E="280" />

[2026-04-18T04:39:00.033650+00:00]
<C T="1776523140.0200" Y="L" C="9" E="281" />

[2026-04-18T04:39:00.962553+00:00]
<C T="1776523141.0210" Y="L" C="9" E="282" />

[2026-04-18T04:39:01.980453+00:00]
<C T="1776523142.0400" Y="L" C="9" E="283" />

[2026-04-18T04:39:02.565259+00:00]
<C T="1776523142.6180" Y="L" C="8" E="283" />

[2026-04-18T04:39:02.572912+00:00]
<A T="1776523142.6350" Y="p" I="68.7121" />

[2026-04-18T04:39:02.575740+00:00]
<L T="1776523142.6350" Y="p" L="15"><P L="1" LL="1" P="1" LP="1" C="4" D="1" T="4"><D L="4" I="68.7121" T="1776523142.2773" LCD="4" FL="4" FI="68.7121" FT="1776523142.2773" /></P></L>

[2026-04-18T04:39:02.953767+00:00]
<C T="1776523143.0130" Y="L" C="8" E="284" />

[2026-04-18T04:39:03.232608+00:00]
<A T="1776523143.2970" Y="p" C="1" I="68.6998" />

[2026-04-18T04:39:03.235424+00:00]
<L T="1776523143.2970" Y="p" L="15"><P L="2" LL="2" P="2" LP="2" C="1" D="1" T="1"><D L="4" I="68.6998" T="1776523142.8279" LCD="4" FL="4" FI="68.6998" FT="1776523142.8279" GI="0.5506" GNI="0.5506" LGI="0.5506" LGNI="0.5506" /></P></L>

[2026-04-18T04:39:03.823374+00:00]
<A T="1776523143.7560" Y="p" C="6" I="68.2256" />

[2026-04-18T04:39:03.823592+00:00]
<L T="1776523143.7560" Y="p" L="15"><P L="3" LL="3" P="3" LP="3" C="6" D="1" T="6"><D L="4" I="68.2256" T="1776523143.4560" LCD="4" FL="4" FI="68.2256" FT="1776523143.4560" GI="1.1787" GNI="0.6281" LGI="1.1787" LGNI="0.6281" /></P></L>

[2026-04-18T04:39:03.940495+00:00]
<C T="1776523144.0090" Y="L" C="8" E="285" />

[2026-04-18T04:39:04.780585+00:00]
<L T="1776523144.8420" Y="p" L="15"><P L="4" LL="4" P="4" LP="4" C="7" D="1" T="7"><D L="4" I="68.6417" T="1776523144.5017" LCD="4" FL="4" FI="68.6417" FT="1776523144.5017" GI="2.2244" GNI="1.0457" LGI="2.2244" LGNI="1.0457" /></P></L>

[2026-04-18T04:39:05.025238+00:00]
<C T="1776523145.0330" Y="L" C="8" E="286" />

[2026-04-18T04:39:06.076815+00:00]
<C T="1776523146.0510" Y="L" C="8" E="287" />

[2026-04-18T04:39:06.990743+00:00]
<C T="1776523147.0040" Y="L" C="8" E="288" />

[2026-04-18T04:39:08.122397+00:00]
<C T="1776523148.0330" Y="L" C="8" E="289" />

[2026-04-18T04:39:09.249415+00:00]
<C T="1776523149.0440" Y="L" C="8" E="290" />

[2026-04-18T04:39:10.068691+00:00]
<C T="1776523150.0090" Y="L" C="8" E="291" />

[2026-04-18T04:39:10.976409+00:00]
<C T="1776523151.0220" Y="L" C="8" E="292" />

[2026-04-18T04:39:12.116855+00:00]
<C T="1776523152.0500" Y="L" C="8" E="293" />

[2026-04-18T04:39:13.140790+00:00]
<C T="1776523153.0140" Y="L" C="8" E="294" />

[2026-04-18T04:39:14.062689+00:00]
<C T="1776523154.0420" Y="L" C="8" E="295" />

[2026-04-18T04:39:15.029411+00:00]
<C T="1776523155.0560" Y="L" C="8" E="296" />

[2026-04-18T04:39:15.966652+00:00]
<C T="1776523156.0210" Y="L" C="8" E="297" />

[2026-04-18T04:39:16.983735+00:00]
<C T="1776523157.0350" Y="L" C="8" E="298" />

[2026-04-18T04:39:18.021037+00:00]
<C T="1776523158.0610" Y="L" C="8" E="299" />
