
[2026-04-18T04:48:21.364812+00:00]
<New T="1776523701.3776" Seq="102"><M D="Victorian Motor Racing Championship Round 2 (VMRC)" Y="Cars" /><T C="CPR" N="Calder Park Raceway" I="0" P="0" PI1="0" PI2="0"></T><E C="R4" D="Victorian Super Tin Tops &amp; BMW E30 Racing - Race 1" Y="Race" MP="N" MPD="0" L="12" TY="" ST="0" /><OL><O ID="0" C="STT" Y="Cars" RY="Race" RI="0.0000" RD="0" RC="" RS="" RV=""></O><O ID="1" C="E30" Y="Cars" RY="Race" RI="0.0000" RD="0" RC="" RS="" RV="" /></OL><RL><R ID="1" CC="0" C="9" S="" N="9" V="Mazda RX7"><V ID="1" B="1" N="Wayne Alway" /></R><R ID="2" CC="0" C="17" S="" N="17" V="Nissan Pulsar"><V ID="1" B="1" N="Megan Kirkham" /></R><R ID="3" CC="0" C="51" S="" N="51" V="Subaru WRX"><V ID="1" B="1" N="Scott Wilson" /></R><R ID="4" CC="0" C="56" S="" N="56" V="Aston Martin Vantage"><V ID="1" B="1" N="Ranald MacLurkin" /></R><R ID="5" CC="0" C="61" S="" N="61" V="Mazda MX5"><V ID="1" B="1" N="Robert Mikolajewicz" /></R><R ID="6" CC="0" C="66" S="" N="66" V="Audi RS3 LMS"><V ID="1" B="1" N="Barney Hogan" /></R><R ID="7" CC="0" C="139" S="" N="139" V="Nissan N14 Pulsar"><V ID="1" B="1" N="Timothy Maynard" /></R><R ID="8" CC="1" C="7" S="" N="7" V="BMW E30R"><V ID="1" B="1" N="Rory Plant" /></R><R ID="9" CC="1" C="17" S="" N="17" V="BMW 325i"><V ID="1" B="1" N="Brett Stevens" /></R><R ID="10" CC="1" C="22" S="" N="22" V="BMW E30"><V ID="1" B="1" N="Alex Jory" /></R><R ID="11" CC="1" C="27" S="" N="27" V="BMW E30"><V ID="1" B="1" N="Brian Bourke" /></R><R ID="12" CC="1" C="40" S="" N="40" V="BMW E30 325i"><V ID="1" B="1" N="Roderick Martin" /></R><R ID="13" CC="1" C="47" S="" N="47" V="BMW E30"><V ID="1" B="1" N="Clay Douglas" /></R><R ID="14" CC="1" C="61" S="" N="61" V="BMW E30R"><V ID="1" B="1" N="Zac Dunn" /></R><R ID="15" CC="1" C="66" S="" N="66" V="BMW E30 318i"><V ID="1" B="1" N="Benjamin Munro" /></R><R ID="16" CC="1" C="90" S="" N="90" V="BMW E30R"><V ID="1" B="1" N="Shannon Cooper" /></R></RL></New>

[2026-04-18T04:48:21.365486+00:00]
<C T="1776523701.3776" Y="L" C="0" E="842" />

[2026-04-18T04:48:21.365835+00:00]
<S T="1776523701.3776" S="Green" I="1776522858.3206" R="0" E="R4" P="1" SN="0" />

[2026-04-18T04:48:21.366019+00:00]
<G T="1776523701.3776" R="" C="" />

[2026-04-18T04:48:21.366173+00:00]
<A T="1776523701.3776" Y="f" C="4" I="67.4524" S1="0.0000" />

[2026-04-18T04:48:21.369417+00:00]
<L T="1776523701.3776" Y="f" L="15"><P L="1" LL="1" P="1" LP="1" C="4" D="1" T="4"><D LT="0" L="12" I="69.0006" T="1776523688.1566" PN="1" SN="0" LL="M" P="N" LLP="0" LDC="0" LCD="12" FL="11" FTY="" FI="67.4524" FT="1776523619.1560" GL="0" GI="0.0000" GNL="0" GNI="0.0000" LGL="0" LGI="0.0000" LGNL="0" LGNI="0.0000" PS="0" PF="" PI="0.0000" PT="0.0000" SP="0" LP="M" TY="" TSL="0" /></P><P L="2" LL="2" P="2" LP="2" C="6" D="1" T="6"><D LT="0" L="12" I="69.0172" T="1776523690.5611" PN="1" SN="0" LL="M" P="N" LLP="0" LDC="0" LCD="12" FL="8" FTY="" FI="67.9522" FT="1776523416.1948" GL="0" GI="2.4045" GNL="0" GNI="2.4045" LGL="0" LGI="2.4045" LGNL="0" LGNI="2.4045" PS="0" PF="" PI="0.0000" PT="0.0000" SP="0" LP="M" TY="" TSL="0" /></P><P L="3" LL="3" P="3" LP="3" C="1" D="1" T="1"><D LT="0" L="12" I="68.4858" T="1776523690.8348" PN="1" SN="0" LL="M" P="N" LLP="0" LDC="0" LCD="12" FL="8" FTY="" FI="68.2240" FT="1776523417.0839" GL="0" GI="2.6782" GNL="0" GNI="0.2737" LGL="0" LGI="2.6782" LGNL="0" LGNI="0.2737" PS="0" PF="" PI="0.0000" PT="0.0000" SP="0" LP="M" TY="" TSL="0" /></P><P L="4" LL="4" P="4" LP="4" C="7" D="1" T="7"><D LT="0" L="12" I="70.0023" T="1776523698.8089" PN="1" SN="0" LL="M" P="N" LLP="0" LDC="0" LCD="12" FL="10" FTY="" FI="68.1274" FT="1776523558.3590" GL="0" GI="10.6523" GNL="0" GNI="7.9741" LGL="0" LGI="10.6523" LGNL="0" LGNI="7.9741" PS="0" PF="" PI="0.0000" PT="0.0000" SP="0" LP="M" TY="" TSL="0" /></P><P L="5" LL="5" P="5" LP="5" C="15" D="1" T="13"><D LT="0" L="11" I="69.4404" T="1776523650.2644" PN="1" SN="0" LL="M" P="N" LLP="0" LDC="0" LCD="11" FL="4" FTY="" FI="69.0202" FT="1776523164.3811" GL="0" GI="31.1084" GNL="0" GNI="21.4578" LGL="0" LGI="31.1084" LGNL="0" LGNI="21.4578" PS="0" PF="" PI="0.0000" PT="0.0000" SP="0" LP="M" TY="" TSL="0" /></P><P L="6" LL="6" P="6" LP="6" C="9" D="1" T="2"><D LT="0" L="11" I="71.1964" T="1776523666.9881" PN="1" SN="0" LL="M" P="N" LLP="0" LDC="0" LCD="11" FL="8" FTY="" FI="70.0832" FT="1776523455.1066" GL="0" GI="47.8321" GNL="0" GNI="16.7237" LGL="0" LGI="47.8321" LGNL="0" LGNI="16.7237" PS="0" PF="" PI="0.0000" PT="0.0000" SP="0" LP="M" TY="" TSL="0" /></P><P L="7" LL="7" P="7" LP="7" C="10" D="1" T="15"><D LT="0" L="11" I="70.6633" T="1776523667.1216" PN="1" SN="0" LL="M" P="N" LLP="0" LDC="0" LCD="11" FL="6" FTY="" FI="69.6052" FT="1776523317.1821" GL="0" GI="47.9656" GNL="0" GNI="0.1335" LGL="0" LGI="47.9656" LGNL="0" LGNI="0.1335" PS="0" PF="" PI="0.0000" PT="0.0000" SP="0" LP="M" TY="" TSL="0" /></P><P L="8" LL="8" P="8" LP="8" C="11" D="1" T="9"><D LT="0" L="11" I="70.6046" T="1776523668.7552" PN="1" SN="0" LL="M" P="N" LLP="0" LDC="0" LCD="11" FL="10" FTY="" FI="70.5676" FT="1776523598.1506" GL="0" GI="49.5992" GNL="0" GNI="1.6336" LGL="0" LGI="49.5992" LGNL="0" LGNI="1.6336" PS="0" PF="" PI="0.0000" PT="0.0000" SP="0" LP="M" TY="" TSL="0" /></P><P L="9" LL="9" P="9" LP="9" C="14" D="1" T="10"><D LT="0" L="11" I="71.0092" T="1776523670.3161" PN="1" SN="0" LL="M" P="N" LLP="0" LDC="0" LCD="11" FL="10" FTY="" FI="70.4878" FT="1776523599.3069" GL="0" GI="51.1601" GNL="0" GNI="1.5609" LGL="0" LGI="51.1601" LGNL="0" LGNI="1.5609" PS="0" PF="" PI="0.0000" PT="0.0000" SP="0" LP="M" TY="" TSL="0" /></P><P L="10" LL="10" P="10" LP="10" C="16" D="1" T="11"><D LT="0" L="11" I="72.0303" T="1776523683.6174" PN="1" SN="0" LL="M" P="N" LLP="0" LDC="0" LCD="11" FL="7" FTY="" FI="71.3453" FT="1776523395.6232" GL="0" GI="64.4614" GNL="0" GNI="13.3013" LGL="0" LGI="64.4614" LGNL="0" LGNI="13.3013" PS="0" PF="" PI="0.0000" PT="0.0000" SP="0" LP="M" TY="" TSL="0" /></P><P L="11" LL="11" P="11" LP="11" C="12" D="1" T="14"><D LT="0" L="11" I="71.2023" T="1776523684.3226" PN="1" SN="0" LL="M" P="N" LLP="0" LDC="0" LCD="11" FL="11" FTY="" FI="71.2023" FT="1776523684.3226" GL="0" GI="65.1666" GNL="0" GNI="0.7052" LGL="0" LGI="65.1666" LGNL="0" LGNI="0.7052" PS="0" PF="" PI="0.0000" PT="0.0000" SP="0" LP="M" TY="" TSL="0" /></P><P L="12" LL="12" P="12" LP="12" C="8" D="1" T="16"><D LT="0" L="11" I="72.6354" T="1776523685.2158" PN="1" SN="0" LL="M" P="N" LLP="0" LDC="0" LCD="11" FL="6" FTY="" FI="71.1669" FT="1776523325.2124" GL="0" GI="66.0598" GNL="0" GNI="0.8932" LGL="0" LGI="66.0598" LGNL="0" LGNI="0.8932" PS="0" PF="" PI="0.0000" PT="0.0000" SP="0" LP="M" TY="" TSL="0" /></P><P L="13" LL="13" P="13" LP="13" C="13" D="1" T="12"><D LT="0" L="10" I="74.2779" T="1776523626.6692" PN="1" SN="0" LL="M" P="N" LLP="0" LDC="0" LCD="10" FL="6" FTY="" FI="72.9782" FT="1776523331.3450" GL="1" GI="7.5132" GNL="0" GNI="14.0888" LGL="1" LGI="7.5132" LGNL="0" LGNI="14.0888" PS="0" PF="" PI="0.0000" PT="0.0000" SP="0" LP="M" TY="" TSL="0" /></P><P L="14" LL="14" P="14" LP="14" C="2" D="1" T="8"><D LT="0" L="10" I="78.1039" T="1776523647.5902" PN="1" SN="0" LL="M" P="N" LLP="0" LDC="0" LCD="10" FL="9" FTY="" FI="76.6965" FT="1776523569.4863" GL="1" GI="28.4342" GNL="0" GNI="20.9210" LGL="1" LGI="28.4342" LGNL="0" LGNI="20.9210" PS="0" PF="" PI="0.0000" PT="0.0000" SP="0" LP="M" TY="" TSL="0" /></P><P L="15" LL="15" P="" LP="" C="3" D="1" T="0"><D LT="0" L="0" I="0.0000" T="1776522858.3206" PN="0" SN="0" LL="M" P="N" LLP="0" LDC="0" LCD="0" FL="0" FTY="" FI="0.0000" FT="0.0000" GL="?" GI="?" GNL="?" GNI="?" LGL="?" LGI="?" LGNL="?" LGNI="?" PS="0" PF="" PI="0.0000" PT="0.0000" SP="0" LP="" TY="" TSL="0" /></P></L>

[2026-04-18T04:48:21.815164+00:00]
<S T="1776523701.8380" S="Checkered" I="1776523701.8317" R="0" E="R4" P="1" SN="0" />

[2026-04-18T04:48:21.821982+00:00]
<F T="1776523701.8520" S="Checkered" I="1776523701.8317" P="1" SN="0" />

[2026-04-18T04:48:22.004279+00:00]
<C T="1776523702.0420" Y="L" C="0" E="843" />

[2026-04-18T04:48:22.786932+00:00]
<L T="1776523702.8190" Y="p" L="15"><P L="13" LL="13" P="13" LP="13" C="13" D="1" T="12"><D L="11" I="75.8959" T="1776523702.5651" LCD="11" GI="14.4085" GNI="17.3493" LGI="14.4085" LGNI="17.3493" /></P></L>

[2026-04-18T04:48:22.968651+00:00]
<C T="1776523703.0080" Y="L" C="0" E="844" />

[2026-04-18T04:48:23.993999+00:00]
<C T="1776523704.0200" Y="L" C="0" E="845" />

[2026-04-18T04:48:25.027120+00:00]
<C T="1776523705.0510" Y="L" C="0" E="846" />

[2026-04-18T04:48:26.113513+00:00]
<C T="1776523706.0140" Y="L" C="0" E="847" />

[2026-04-18T04:48:27.014150+00:00]
<C T="1776523707.0430" Y="L" C="0" E="848" />

[2026-04-18T04:48:27.980548+00:00]
<C T="1776523708.0080" Y="L" C="0" E="849" />

[2026-04-18T04:48:29.010842+00:00]
<C T="1776523709.0370" Y="L" C="0" E="850" />

[2026-04-18T04:48:29.992253+00:00]
<C T="1776523710.0000" Y="L" C="0" E="851" />

[2026-04-18T04:48:31.004235+00:00]
<C T="1776523711.0290" Y="L" C="0" E="852" />

[2026-04-18T04:48:32.029119+00:00]
<C T="1776523712.0560" Y="L" C="0" E="853" />

[2026-04-18T04:48:32.996877+00:00]
<C T="1776523713.0350" Y="L" C="0" E="854" />

[2026-04-18T04:48:34.049669+00:00]
<C T="1776523714.0450" Y="L" C="0" E="855" />

[2026-04-18T04:48:34.984102+00:00]
<C T="1776523715.0080" Y="L" C="0" E="856" />

[2026-04-18T04:48:35.524466+00:00]
<S T="1776523715.5300" S="Checkered" I="1776523688.1566" R="0" E="R4" P="1" SN="0" />

[2026-04-18T04:48:36.024043+00:00]
<C T="1776523716.0490" Y="L" C="0" E="857" />

[2026-04-18T04:48:37.171454+00:00]
<C T="1776523717.0130" Y="L" C="0" E="858" />

[2026-04-18T04:48:38.020648+00:00]
<C T="1776523718.0390" Y="L" C="0" E="859" />

[2026-04-18T04:48:38.978850+00:00]
<C T="1776523719.0030" Y="L" C="0" E="860" />

[2026-04-18T04:48:40.041160+00:00]
<C T="1776523720.0310" Y="L" C="0" E="861" />

[2026-04-18T04:48:40.351398+00:00]
<L T="1776523720.3830" Y="p" L="15"><P L="5" LL="5" P="5" LP="5" C="15" D="1" T="13"><D L="12" I="69.9107" T="1776523720.1751" LCD="12" GI="32.0185" GNI="21.3662" LGI="32.0185" LGNI="21.3662" /></P><P L="6" LL="6" P="6" LP="6" C="9" D="1" T="15"><D /></P><P L="7" LL="7" P="7" LP="7" C="10" D="1" T="2"><D /></P></L>

[2026-04-18T04:48:40.984260+00:00]
<C T="1776523721.0110" Y="L" C="0" E="862" />

[2026-04-18T04:48:42.192021+00:00]
<C T="1776523722.0450" Y="L" C="0" E="863" />

[2026-04-18T04:48:42.984652+00:00]
<C T="1776523723.0130" Y="L" C="0" E="864" />

[2026-04-18T04:48:44.013723+00:00]
<C T="1776523724.0420" Y="L" C="0" E="865" />

[2026-04-18T04:48:44.940637+00:00]
<L T="1776523724.9790" Y="p" L="15"><P L="14" LL="14" P="14" LP="14" C="2" D="1" T="8"><D L="11" I="77.0502" T="1776523724.6404" LCD="11" GI="36.4838" GNI="22.0753" LGI="36.4838" LGNI="22.0753" /></P></L>

[2026-04-18T04:48:44.968559+00:00]
<C T="1776523725.0080" Y="L" C="0" E="866" />

[2026-04-18T04:48:45.993292+00:00]
<C T="1776523726.0200" Y="L" C="0" E="867" />

[2026-04-18T04:48:47.034619+00:00]
<C T="1776523727.0610" Y="L" C="0" E="868" />

[2026-04-18T04:48:48.002696+00:00]
<C T="1776523728.0260" Y="L" C="0" E="869" />

[2026-04-18T04:48:49.154492+00:00]
<C T="1776523729.0540" Y="L" C="0" E="870" />

[2026-04-18T04:48:50.114815+00:00]
<C T="1776523730.0030" Y="L" C="0" E="871" />

[2026-04-18T04:48:51.545771+00:00]
<C T="1776523731.0330" Y="L" C="0" E="872" />

[2026-04-18T04:48:52.031789+00:00]
<C T="1776523732.0580" Y="L" C="0" E="873" />

[2026-04-18T04:48:53.014605+00:00]
<C T="1776523733.0240" Y="L" C="0" E="874" />

[2026-04-18T04:48:54.029250+00:00]
<C T="1776523734.0540" Y="L" C="0" E="875" />

[2026-04-18T04:48:54.989641+00:00]
<C T="1776523735.0170" Y="L" C="0" E="876" />

[2026-04-18T04:48:56.107338+00:00]
<C T="1776523736.0440" Y="L" C="0" E="877" />

[2026-04-18T04:48:56.979484+00:00]
<C T="1776523737.0100" Y="L" C="0" E="878" />

[2026-04-18T04:48:58.015278+00:00]
<C T="1776523738.0360" Y="L" C="0" E="879" />

[2026-04-18T04:48:59.086487+00:00]
<C T="1776523739.0020" Y="L" C="0" E="880" />

[2026-04-18T04:48:59.251901+00:00]
<L T="1776523739.2870" Y="p" L="15"><P L="6" LL="6" P="6" LP="6" C="9" D="1" T="15"><D L="12" I="71.9152" T="1776523738.9033" LCD="12" GI="50.7467" GNI="18.7282" LGI="50.7467" LGNI="18.7282" /></P></L>

[2026-04-18T04:49:00.025604+00:00]
<C T="1776523740.0480" Y="L" C="0" E="881" />

[2026-04-18T04:49:00.241257+00:00]
<L T="1776523740.2550" Y="p" L="15"><P L="7" LL="7" P="7" LP="7" C="11" D="1" T="2"><D L="12" I="71.0976" T="1776523739.8528" LCD="12" GI="51.6962" GNI="0.9495" LGI="51.6962" LGNI="0.9495" /></P><P L="8" LL="8" P="8" LP="8" C="10" D="1" T="9"><D GNL="?" GNI="?" LGNL="?" LGNI="?" /></P><P L="9" LL="9" P="9" LP="9" C="14" D="1" T="11"><D GNI="3.1945" LGNI="3.1945" /></P><P L="10" LL="10" P="10" LP="10" C="16" D="1" T="10"><D /></P></L>

[2026-04-18T04:49:00.698190+00:00]
<L T="1776523740.5860" Y="p" L="15"><P L="8" LL="8" P="8" LP="8" C="10" D="1" T="9"><D L="12" I="73.2084" T="1776523740.3300" LCD="12" GI="52.1734" GNL="0" GNI="0.4772" LGI="52.1734" LGNL="0" LGNI="0.4772" /></P></L>

[2026-04-18T04:49:01.005560+00:00]
<C T="1776523741.0310" Y="L" C="0" E="882" />

[2026-04-18T04:49:01.748780+00:00]
<L T="1776523741.6980" Y="p" L="15"><P L="9" LL="9" P="9" LP="9" C="14" D="1" T="11"><D L="12" I="71.1477" T="1776523741.4638" LCD="12" GI="53.3072" GNI="1.1338" LGI="53.3072" LGNI="1.1338" /></P></L>

[2026-04-18T04:49:02.158437+00:00]
<C T="1776523742.0220" Y="L" C="0" E="883" />

[2026-04-18T04:49:03.035553+00:00]
<C T="1776523743.0610" Y="L" C="0" E="884" />

[2026-04-18T04:49:04.006268+00:00]
<C T="1776523744.0280" Y="L" C="0" E="885" />

[2026-04-18T04:49:05.029356+00:00]
<C T="1776523745.0540" Y="L" C="0" E="886" />

[2026-04-18T04:49:05.993260+00:00]
<C T="1776523746.0170" Y="L" C="0" E="887" />

[2026-04-18T04:49:07.019331+00:00]
<C T="1776523747.0430" Y="L" C="0" E="888" />

[2026-04-18T04:49:07.979203+00:00]
<C T="1776523748.0050" Y="L" C="0" E="889" />

[2026-04-18T04:49:09.003309+00:00]
<C T="1776523749.0310" Y="L" C="0" E="890" />

[2026-04-18T04:49:10.032420+00:00]
<C T="1776523750.0570" Y="L" C="0" E="891" />

[2026-04-18T04:49:10.994476+00:00]
<C T="1776523751.0190" Y="L" C="0" E="892" />

[2026-04-18T04:49:12.056157+00:00]
<C T="1776523752.0450" Y="L" C="0" E="893" />

[2026-04-18T04:49:12.981261+00:00]
<C T="1776523753.0070" Y="L" C="0" E="894" />

[2026-04-18T04:49:14.010293+00:00]
<C T="1776523754.0350" Y="L" C="0" E="895" />

[2026-04-18T04:49:14.982432+00:00]
<C T="1776523755.0010" Y="L" C="0" E="896" />

[2026-04-18T04:49:16.005199+00:00]
<C T="1776523756.0300" Y="L" C="0" E="897" />

[2026-04-18T04:49:16.932916+00:00]
<L T="1776523756.9510" Y="p" L="15"><P L="10" LL="10" P="10" LP="10" C="16" D="1" T="10"><D L="12" I="72.9872" T="1776523756.6046" LCD="12" GI="68.4480" GNI="15.1408" LGI="68.4480" LGNI="15.1408" /></P></L>

[2026-04-18T04:49:16.976320+00:00]
<C T="1776523757.0110" Y="L" C="0" E="898" />

[2026-04-18T04:49:17.245827+00:00]
<L T="1776523757.2800" Y="p" L="15"><P L="11" LL="11" P="11" LP="11" C="12" D="1" T="14"><D L="12" I="72.6454" T="1776523756.9680" LCD="12" GI="68.8114" GNI="0.3634" LGI="68.8114" LGNI="0.3634" /></P></L>

[2026-04-18T04:49:18.016117+00:00]
<C T="1776523758.0390" Y="L" C="0" E="899" />

[2026-04-18T04:49:18.257587+00:00]
<L T="1776523758.1820" Y="p" L="15"><P L="12" LL="12" P="12" LP="12" C="8" D="1" T="16"><D L="12" I="72.5294" T="1776523757.7452" LCD="12" GI="69.5886" GNI="0.7772" LGI="69.5886" LGNI="0.7772" /></P></L>

[2026-04-18T04:49:18.975004+00:00]
<C T="1776523759.0020" Y="L" C="0" E="900" />

[2026-04-18T04:49:19.990827+00:00]
<C T="1776523760.0300" Y="L" C="0" E="901" />

[2026-04-18T04:49:21.015147+00:00]
<C T="1776523761.0410" Y="L" C="0" E="902" />

[2026-04-18T04:49:21.981009+00:00]
<C T="1776523762.0230" Y="L" C="0" E="903" />

[2026-04-18T04:49:23.004769+00:00]
<C T="1776523763.0500" Y="L" C="0" E="904" />

[2026-04-18T04:49:23.969670+00:00]
<C T="1776523764.0150" Y="L" C="0" E="905" />

[2026-04-18T04:49:25.000602+00:00]
<C T="1776523765.0410" Y="L" C="0" E="906" />

[2026-04-18T04:49:25.964962+00:00]
<C T="1776523766.0060" Y="L" C="0" E="907" />

[2026-04-18T04:49:27.060201+00:00]
<C T="1776523767.0350" Y="L" C="0" E="908" />

[2026-04-18T04:49:27.960204+00:00]
<C T="1776523768.0000" Y="L" C="0" E="909" />

[2026-04-18T04:49:28.984650+00:00]
<C T="1776523769.0260" Y="L" C="0" E="910" />

[2026-04-18T04:49:30.100091+00:00]
<C T="1776523770.0580" Y="L" C="0" E="911" />

[2026-04-18T04:49:30.641842+00:00]
<C T="1776523770.6430" Y="L" C="0" E="829" />

[2026-04-18T04:49:30.645117+00:00]
<S T="1776523770.6610" S="Ended" I="1776523770.6352" R="0" E="R4" P="1" SN="0" />

[2026-04-18T04:49:30.647132+00:00]
<F T="1776523770.6610" S="End" I="1776523770.6352" P="1" SN="0" />

[2026-04-18T04:49:30.648525+00:00]
<L T="1776523770.6610" Y="p" L="15"><P L="15" LL="15" P="DNS" LP="DNS" C="3" D="1" T="0"><D /></P></L>

[2026-04-18T04:49:34.985185+00:00]
<H T="1776523775.0280" />

[2026-04-18T04:49:39.985231+00:00]
<H T="1776523780.0280" />

[2026-04-18T04:49:44.995373+00:00]
<H T="1776523785.0350" />

[2026-04-18T04:49:50.101813+00:00]
<H T="1776523790.0390" />

[2026-04-18T04:49:55.005708+00:00]
<H T="1776523795.0280" />

[2026-04-18T04:50:00.066039+00:00]
<H T="1776523800.0350" />

[2026-04-18T04:50:04.980707+00:00]
<H T="1776523805.0220" />

[2026-04-18T04:50:11.061194+00:00]
<H T="1776523811.0580" />

[2026-04-18T04:50:18.998327+00:00]
<H T="1776523819.0390" />

[2026-04-18T04:50:24.081161+00:00]
<H T="1776523824.0050" />

[2026-04-18T04:50:29.098490+00:00]
<H T="1776523829.0450" />

[2026-04-18T04:50:31.010049+00:00]
<New T="1776523831.0510" Seq="1"><M D="Victorian Motor Racing Championship Round 2 (VMRC)" Y="Cars" /><T C="CPR" N="Calder Park Raceway" I="0" P="0" PI1="0" PI2="0"></T><E C="R5" D="VICTORIAN V8 Series - Race 1" Y="Race" MP="N" MPD="0" L="12" TY="" ST="0" /><OL><O ID="0" C="VV8" Y="Cars" RY="Race" RI="0.0000" RD="0" RC="" RS="" RV=""></O></OL><RL><R ID="1" CC="0" C="5" S="SP" N="5" V="Ford XA Hardtop"><V ID="1" B="1" N="David Ramsay" /></R><R ID="2" CC="0" C="21" S="CH" N="21" V="Holden VH"><V ID="1" B="1" N="Graeme Meer" /></R><R ID="3" CC="0" C="22" S="SP" N="22" V="HSV GTS 300 VT Serie"><V ID="1" B="1" N="Greg Lynch" /></R><R ID="4" CC="0" C="24" S="SP" N="24" V="Holden VX R8 Clubspo"><V ID="1" B="1" N="Frank Turrell" /></R><R ID="5" CC="0" C="28" S="CH" N="28" V="Holden Commodore"><V ID="1" B="1" N="Nathan Ford" /></R><R ID="6" CC="0" C="36" S="CH" N="36" V="Holden Commodore"><V ID="1" B="1" N="Nathan Bell" /></R><R ID="7" CC="0" C="39" S="CH" N="39" V="Holden VH"><V ID="1" B="1" N="Mark Kakouri" /></R><R ID="8" CC="0" C="42" S="SP" N="42" V="Holden Vy Commodore"><V ID="1" B="1" N="Mark Pesavento" /></R><R ID="9" CC="0" C="48" S="CH" N="48" V="Ford XB Coupe"><V ID="1" B="1" N="Gary Finemore" /></R><R ID="10" CC="0" C="50" S="CH" N="50" V="Holden Commodore"><V ID="1" B="1" N="Matthew Horne" /></R><R ID="11" CC="0" C="60" S="SP" N="60" V="Holden VS Commodore"><V ID="1" B="1" N="Michael Kostos" /></R><R ID="12" CC="0" C="90" S="SP" N="90" V="HSV Clubsport"><V ID="1" B="1" N="Steven Bonner" /></R><R ID="13" CC="0" C="97" S="CH" N="97" V="Holden VE Commodore"><V ID="1" B="1" N="Brett Lehmann" /></R></RL></New>

[2026-04-18T04:50:31.013644+00:00]
<C T="1776523831.0530" Y="L" C="12" E="0" />

[2026-04-18T04:50:31.016039+00:00]
<S T="1776523831.0530" S="WaitStart" I="0.0000" R="0" E="R5" P="1" SN="0" />

[2026-04-18T04:50:31.017883+00:00]
<G T="1776523831.0530" R="" C="" />

[2026-04-18T04:50:31.019590+00:00]
<A T="1776523831.0530" Y="f" C="0" I="0.0000" S1="0.0000" />

[2026-04-18T04:50:31.045942+00:00]
<L T="1776523831.0530" Y="f" L="13"><P L="1" LL="1" P="" LP="" C="3" D="1" T="0"><D LT="0" L="0" I="0.0000" T="0.0000" PN="0" SN="0" LL="M" P="N" LLP="0" LDC="0" LCD="0" FL="0" FTY="" FI="0.0000" FT="0.0000" GL="0" GI="0.0000" GNL="0" GNI="0.0000" LGL="0" LGI="0.0000" LGNL="0" LGNI="0.0000" PS="0" PF="" PI="0.0000" PT="0.0000" SP="0" LP="" TY="" TSL="0" /></P><P L="2" LL="2" P="" LP="" C="7" D="1" T="0"><D LT="0" L="0" I="0.0000" T="0.0000" PN="0" SN="0" LL="M" P="N" LLP="0" LDC="0" LCD="0" FL="0" FTY="" FI="0.0000" FT="0.0000" GL="?" GI="?" GNL="?" GNI="?" LGL="?" LGI="?" LGNL="?" LGNI="?" PS="0" PF="" PI="0.0000" PT="0.0000" SP="0" LP="" TY="" TSL="0" /></P><P L="3" LL="3" P="" LP="" C="13" D="1" T="0"><D LT="0" L="0" I="0.0000" T="0.0000" PN="0" SN="0" LL="M" P="N" LLP="0" LDC="0" LCD="0" FL="0" FTY="" FI="0.0000" FT="0.0000" GL="?" GI="?" GNL="?" GNI="?" LGL="?" LGI="?" LGNL="?" LGNI="?" PS="0" PF="" PI="0.0000" PT="0.0000" SP="0" LP="" TY="" TSL="0" /></P><P L="4" LL="4" P="" LP="" C="2" D="1" T="0"><D LT="0" L="0" I="0.0000" T="0.0000" PN="0" SN="0" LL="M" P="N" LLP="0" LDC="0" LCD="0" FL="0" FTY="" FI="0.0000" FT="0.0000" GL="?" GI="?" GNL="?" GNI="?" LGL="?" LGI="?" LGNL="?" LGNI="?" PS="0" PF="" PI="0.0000" PT="0.0000" SP="0" LP="" TY="" TSL="0" /></P><P L="5" LL="5" P="" LP="" C="9" D="1" T="0"><D LT="0" L="0" I="0.0000" T="0.0000" PN="0" SN="0" LL="M" P="N" LLP="0" LDC="0" LCD="0" FL="0" FTY="" FI="0.0000" FT="0.0000" GL="?" GI="?" GNL="?" GNI="?" LGL="?" LGI="?" LGNL="?" LGNI="?" PS="0" PF="" PI="0.0000" PT="0.0000" SP="0" LP="" TY="" TSL="0" /></P><P L="6" LL="6" P="" LP="" C="6" D="1" T="0"><D LT="0" L="0" I="0.0000" T="0.0000" PN="0" SN="0" LL="M" P="N" LLP="0" LDC="0" LCD="0" FL="0" FTY="" FI="0.0000" FT="0.0000" GL="?" GI="?" GNL="?" GNI="?" LGL="?" LGI="?" LGNL="?" LGNI="?" PS="0" PF="" PI="0.0000" PT="0.0000" SP="0" LP="" TY="" TSL="0" /></P><P L="7" LL="7" P="" LP="" C="12" D="1" T="0"><D LT="0" L="0" I="0.0000" T="0.0000" PN="0" SN="0" LL="M" P="N" LLP="0" LDC="0" LCD="0" FL="0" FTY="" FI="0.0000" FT="0.0000" GL="?" GI="?" GNL="?" GNI="?" LGL="?" LGI="?" LGNL="?" LGNI="?" PS="0" PF="" PI="0.0000" PT="0.0000" SP="0" LP="" TY="" TSL="0" /></P><P L="8" LL="8" P="" LP="" C="10" D="1" T="0"><D LT="0" L="0" I="0.0000" T="0.0000" PN="0" SN="0" LL="M" P="N" LLP="0" LDC="0" LCD="0" FL="0" FTY="" FI="0.0000" FT="0.0000" GL="?" GI="?" GNL="?" GNI="?" LGL="?" LGI="?" LGNL="?" LGNI="?" PS="0" PF="" PI="0.0000" PT="0.0000" SP="0" LP="" TY="" TSL="0" /></P><P L="9" LL="9" P="" LP="" C="4" D="1" T="0"><D LT="0" L="0" I="0.0000" T="0.0000" PN="0" SN="0" LL="M" P="N" LLP="0" LDC="0" LCD="0" FL="0" FTY="" FI="0.0000" FT="0.0000" GL="?" GI="?" GNL="?" GNI="?" LGL="?" LGI="?" LGNL="?" LGNI="?" PS="0" PF="" PI="0.0000" PT="0.0000" SP="0" LP="" TY="" TSL="0" /></P><P L="10" LL="10" P="" LP="" C="5" D="1" T="0"><D LT="0" L="0" I="0.0000" T="0.0000" PN="0" SN="0" LL="M" P="N" LLP="0" LDC="0" LCD="0" FL="0" FTY="" FI="0.0000" FT="0.0000" GL="?" GI="?" GNL="?" GNI="?" LGL="?" LGI="?" LGNL="?" LGNI="?" PS="0" PF="" PI="0.0000" PT="0.0000" SP="0" LP="" TY="" TSL="0" /></P><P L="11" LL="11" P="" LP="" C="11" D="1" T="0"><D LT="0" L="0" I="0.0000" T="0.0000" PN="0" SN="0" LL="M" P="N" LLP="0" LDC="0" LCD="0" FL="0" FTY="" FI="0.0000" FT="0.0000" GL="?" GI="?" GNL="?" GNI="?" LGL="?" LGI="?" LGNL="?" LGNI="?" PS="0" PF="" PI="0.0000" PT="0.0000" SP="0" LP="" TY="" TSL="0" /></P><P L="12" LL="12" P="" LP="" C="8" D="1" T="0"><D LT="0" L="0" I="0.0000" T="0.0000" PN="0" SN="0" LL="M" P="N" LLP="0" LDC="0" LCD="0" FL="0" FTY="" FI="0.0000" FT="0.0000" GL="?" GI="?" GNL="?" GNI="?" LGL="?" LGI="?" LGNL="?" LGNI="?" PS="0" PF="" PI="0.0000" PT="0.0000" SP="0" LP="" TY="" TSL="0" /></P><P L="13" LL="13" P="" LP="" C="1" D="1" T="0"><D LT="0" L="0" I="0.0000" T="0.0000" PN="0" SN="0" LL="M" P="N" LLP="0" LDC="0" LCD="0" FL="0" FTY="" FI="0.0000" FT="0.0000" GL="?" GI="?" GNL="?" GNI="?" LGL="?" LGI="?" LGNL="?" LGNI="?" PS="0" PF="" PI="0.0000" PT="0.0000" SP="0" LP="" TY="" TSL="0" /></P></L>

[2026-04-18T04:50:35.997326+00:00]
<H T="1776523836.0350" />

[2026-04-18T04:50:41.183676+00:00]
<H T="1776523841.0420" />

[2026-04-18T04:50:46.199602+00:00]
<H T="1776523846.0120" />

[2026-04-18T04:50:50.998383+00:00]
<H T="1776523851.0390" />

[2026-04-18T04:50:56.030038+00:00]
<H T="1776523856.0570" />

[2026-04-18T04:51:01.150457+00:00]
<H T="1776523861.0140" />

[2026-04-18T04:51:06.008175+00:00]
<H T="1776523866.0430" />

[2026-04-18T04:51:11.083741+00:00]
<H T="1776523871.0570" />

[2026-04-18T04:51:16.028801+00:00]
<H T="1776523876.0090" />

[2026-04-18T04:51:21.007305+00:00]
<H T="1776523881.0350" />

[2026-04-18T04:51:26.104587+00:00]
<H T="1776523886.0270" />

[2026-04-18T04:51:31.025905+00:00]
<H T="1776523891.0560" />

[2026-04-18T04:51:36.042906+00:00]
<H T="1776523896.0350" />

[2026-04-18T04:51:41.087327+00:00]
<H T="1776523901.0100" />

[2026-04-18T04:51:46.207190+00:00]
<H T="1776523906.0470" />

[2026-04-18T04:51:50.988423+00:00]
<H T="1776523911.0110" />

[2026-04-18T04:51:56.004911+00:00]
<H T="1776523916.0390" />

[2026-04-18T04:52:00.985420+00:00]
<H T="1776523921.0160" />

[2026-04-18T04:52:06.175653+00:00]
<H T="1776523926.0520" />

[2026-04-18T04:52:11.068842+00:00]
<H T="1776523931.0050" />

[2026-04-18T04:52:16.108693+00:00]
<H T="1776523936.0550" />

[2026-04-18T04:52:21.228761+00:00]
<H T="1776523941.0110" />

[2026-04-18T04:52:26.009613+00:00]
<H T="1776523946.0280" />

[2026-04-18T04:52:31.064821+00:00]
<H T="1776523951.0480" />

[2026-04-18T04:52:36.030115+00:00]
<H T="1776523956.0570" />

[2026-04-18T04:52:43.143504+00:00]
<H T="1776523963.0480" />

[2026-04-18T04:52:46.662032+00:00]
<L T="1776523966.7020" Y="p" L="13"><P L="5" LL="5" P="" LP="" C="9" D="1" T="0"><D /></P></L>

[2026-04-18T04:52:47.545500+00:00]
<L T="1776523967.5280" Y="p" L="13"><P L="1" LL="1" P="" LP="" C="3" D="1" T="0"><D /></P></L>

[2026-04-18T04:52:47.553234+00:00]
<L T="1776523967.5900" Y="p" L="13"><P L="2" LL="2" P="" LP="" C="7" D="1" T="0"><D /></P></L>

[2026-04-18T04:52:48.025777+00:00]
<L T="1776523968.0500" Y="p" L="13"><P L="3" LL="3" P="" LP="" C="13" D="1" T="0"><D /></P></L>

[2026-04-18T04:52:48.202556+00:00]
<L T="1776523968.2400" Y="p" L="13"><P L="4" LL="4" P="" LP="" C="2" D="1" T="0"><D /></P></L>

[2026-04-18T04:52:48.787411+00:00]
<L T="1776523968.8260" Y="p" L="13"><P L="6" LL="6" P="" LP="" C="6" D="1" T="0"><D /></P><P L="7" LL="7" P="" LP="" C="12" D="1" T="0"><D /></P></L>

[2026-04-18T04:52:49.379806+00:00]
<L T="1776523969.2880" Y="p" L="13"><P L="9" LL="9" P="" LP="" C="4" D="1" T="0"><D /></P></L>

[2026-04-18T04:52:49.383082+00:00]
<L T="1776523969.3500" Y="p" L="13"><P L="8" LL="8" P="" LP="" C="10" D="1" T="0"><D /></P></L>

[2026-04-18T04:52:49.971166+00:00]
<L T="1776523969.9990" Y="p" L="13"><P L="10" LL="10" P="" LP="" C="5" D="1" T="0"><D /></P></L>

[2026-04-18T04:52:50.152321+00:00]
<L T="1776523970.1940" Y="p" L="13"><P L="11" LL="11" P="" LP="" C="11" D="1" T="0"><D /></P></L>

[2026-04-18T04:52:51.167584+00:00]
<L T="1776523971.2060" Y="p" L="13"><P L="12" LL="12" P="" LP="" C="8" D="1" T="0"><D /></P><P L="13" LL="13" P="" LP="" C="1" D="1" T="0"><D /></P></L>

[2026-04-18T04:52:56.015670+00:00]
<H T="1776523976.0470" />

[2026-04-18T04:53:01.062700+00:00]
<H T="1776523981.0130" />

[2026-04-18T04:53:06.145487+00:00]
<H T="1776523986.0300" />

[2026-04-18T04:53:11.099472+00:00]
<H T="1776523991.0420" />

[2026-04-18T04:53:16.061850+00:00]
<H T="1776523996.0410" />

[2026-04-18T04:53:21.010979+00:00]
<H T="1776524001.0430" />

[2026-04-18T04:53:26.152041+00:00]
<H T="1776524006.0600" />

[2026-04-18T04:53:31.051914+00:00]
<H T="1776524011.0240" />

[2026-04-18T04:53:36.177871+00:00]
<H T="1776524016.0440" />

[2026-04-18T04:53:41.205044+00:00]
<H T="1776524021.0500" />

[2026-04-18T04:53:46.000899+00:00]
<H T="1776524026.0240" />

[2026-04-18T04:53:50.996444+00:00]
<H T="1776524031.0210" />

[2026-04-18T04:53:56.010630+00:00]
<H T="1776524036.0410" />

[2026-04-18T04:54:01.041399+00:00]
<H T="1776524041.0590" />

[2026-04-18T04:54:06.090627+00:00]
<H T="1776524046.0400" />

[2026-04-18T04:54:11.108202+00:00]
<H T="1776524051.0570" />

[2026-04-18T04:54:16.027350+00:00]
<H T="1776524056.0160" />

[2026-04-18T04:54:21.040308+00:00]
<H T="1776524061.0550" />

[2026-04-18T04:54:26.159524+00:00]
<H T="1776524066.0550" />

[2026-04-18T04:54:30.972464+00:00]
<H T="1776524071.0010" />

[2026-04-18T04:54:35.063183+00:00]
<New T="1776524074.9400" Seq="91"><M D="Victorian Motor Racing Championship Round 2 (VMRC)" Y="Cars" /><T C="CPR" N="Calder Park Raceway" I="0" P="0" PI1="0" PI2="0"></T><E C="R5" D="VICTORIAN V8 Series - Race 1" Y="Race" MP="N" MPD="0" L="12" TY="" ST="0" /><OL><O ID="0" C="VV8" Y="Cars" RY="Race" RI="0.0000" RD="0" RC="" RS="" RV=""></O></OL><RL><R ID="1" CC="0" C="5" S="SP" N="5" V="Ford XA Hardtop"><V ID="1" B="1" N="David Ramsay" /></R><R ID="2" CC="0" C="21" S="CH" N="21" V="Holden VH"><V ID="1" B="1" N="Graeme Meer" /></R><R ID="3" CC="0" C="22" S="SP" N="22" V="HSV GTS 300 VT Serie"><V ID="1" B="1" N="Greg Lynch" /></R><R ID="4" CC="0" C="24" S="SP" N="24" V="Holden VX R8 Clubspo"><V ID="1" B="1" N="Frank Turrell" /></R><R ID="5" CC="0" C="28" S="CH" N="28" V="Holden Commodore"><V ID="1" B="1" N="Nathan Ford" /></R><R ID="6" CC="0" C="36" S="CH" N="36" V="Holden Commodore"><V ID="1" B="1" N="Nathan Bell" /></R><R ID="7" CC="0" C="39" S="CH" N="39" V="Holden VH"><V ID="1" B="1" N="Mark Kakouri" /></R><R ID="8" CC="0" C="42" S="SP" N="42" V="Holden Vy Commodore"><V ID="1" B="1" N="Mark Pesavento" /></R><R ID="9" CC="0" C="48" S="CH" N="48" V="Ford XB Coupe"><V ID="1" B="1" N="Gary Finemore" /></R><R ID="10" CC="0" C="50" S="CH" N="50" V="Holden Commodore"><V ID="1" B="1" N="Matthew Horne" /></R><R ID="11" CC="0" C="60" S="SP" N="60" V="Holden VS Commodore"><V ID="1" B="1" N="Michael Kostos" /></R><R ID="12" CC="0" C="90" S="SP" N="90" V="HSV Clubsport"><V ID="1" B="1" N="Steven Bonner" /></R><R ID="13" CC="0" C="97" S="CH" N="97" V="Holden VE Commodore"><V ID="1" B="1" N="Brett Lehmann" /></R></RL></New>

[2026-04-18T04:54:35.066407+00:00]
<C T="1776524074.9400" Y="L" C="12" E="0" />

[2026-04-18T04:54:35.067707+00:00]
<S T="1776524074.9400" S="Green" I="1776524074.8904" R="0" E="R5" P="1" SN="0" />

[2026-04-18T04:54:35.069106+00:00]
<G T="1776524074.9400" R="" C="" />

[2026-04-18T04:54:35.070732+00:00]
<A T="1776524074.9400" Y="f" C="0" I="0.0000" S1="0.0000" />

[2026-04-18T04:54:35.142575+00:00]
<L T="1776524074.9400" Y="f" L="13"><P L="1" LL="1" P="" LP="" C="3" D="1" T="0"><D LT="0" L="0" I="0.0000" T="1776524074.8904" PN="0" SN="0" LL="M" P="N" LLP="0" LDC="0" LCD="0" FL="0" FTY="" FI="0.0000" FT="0.0000" GL="0" GI="0.0000" GNL="0" GNI="0.0000" LGL="0" LGI="0.0000" LGNL="0" LGNI="0.0000" PS="0" PF="" PI="0.0000" PT="0.0000" SP="0" LP="" TY="" TSL="0" /></P><P L="2" LL="2" P="" LP="" C="7" D="1" T="0"><D LT="0" L="0" I="0.0000" T="1776524074.8904" PN="0" SN="0" LL="M" P="N" LLP="0" LDC="0" LCD="0" FL="0" FTY="" FI="0.0000" FT="0.0000" GL="?" GI="?" GNL="?" GNI="?" LGL="?" LGI="?" LGNL="?" LGNI="?" PS="0" PF="" PI="0.0000" PT="0.0000" SP="0" LP="" TY="" TSL="0" /></P><P L="3" LL="3" P="" LP="" C="13" D="1" T="0"><D LT="0" L="0" I="0.0000" T="1776524074.8904" PN="0" SN="0" LL="M" P="N" LLP="0" LDC="0" LCD="0" FL="0" FTY="" FI="0.0000" FT="0.0000" GL="?" GI="?" GNL="?" GNI="?" LGL="?" LGI="?" LGNL="?" LGNI="?" PS="0" PF="" PI="0.0000" PT="0.0000" SP="0" LP="" TY="" TSL="0" /></P><P L="4" LL="4" P="" LP="" C="2" D="1" T="0"><D LT="0" L="0" I="0.0000" T="1776524074.8904" PN="0" SN="0" LL="M" P="N" LLP="0" LDC="0" LCD="0" FL="0" FTY="" FI="0.0000" FT="0.0000" GL="?" GI="?" GNL="?" GNI="?" LGL="?" LGI="?" LGNL="?" LGNI="?" PS="0" PF="" PI="0.0000" PT="0.0000" SP="0" LP="" TY="" TSL="0" /></P><P L="5" LL="5" P="" LP="" C="9" D="1" T="0"><D LT="0" L="0" I="0.0000" T="1776524074.8904" PN="0" SN="0" LL="M" P="N" LLP="0" LDC="0" LCD="0" FL="0" FTY="" FI="0.0000" FT="0.0000" GL="?" GI="?" GNL="?" GNI="?" LGL="?" LGI="?" LGNL="?" LGNI="?" PS="0" PF="" PI="0.0000" PT="0.0000" SP="0" LP="" TY="" TSL="0" /></P><P L="6" LL="6" P="" LP="" C="6" D="1" T="0"><D LT="0" L="0" I="0.0000" T="1776524074.8904" PN="0" SN="0" LL="M" P="N" LLP="0" LDC="0" LCD="0" FL="0" FTY="" FI="0.0000" FT="0.0000" GL="?" GI="?" GNL="?" GNI="?" LGL="?" LGI="?" LGNL="?" LGNI="?" PS="0" PF="" PI="0.0000" PT="0.0000" SP="0" LP="" TY="" TSL="0" /></P><P L="7" LL="7" P="" LP="" C="12" D="1" T="0"><D LT="0" L="0" I="0.0000" T="1776524074.8904" PN="0" SN="0" LL="M" P="N" LLP="0" LDC="0" LCD="0" FL="0" FTY="" FI="0.0000" FT="0.0000" GL="?" GI="?" GNL="?" GNI="?" LGL="?" LGI="?" LGNL="?" LGNI="?" PS="0" PF="" PI="0.0000" PT="0.0000" SP="0" LP="" TY="" TSL="0" /></P><P L="8" LL="8" P="" LP="" C="10" D="1" T="0"><D LT="0" L="0" I="0.0000" T="1776524074.8904" PN="0" SN="0" LL="M" P="N" LLP="0" LDC="0" LCD="0" FL="0" FTY="" FI="0.0000" FT="0.0000" GL="?" GI="?" GNL="?" GNI="?" LGL="?" LGI="?" LGNL="?" LGNI="?" PS="0" PF="" PI="0.0000" PT="0.0000" SP="0" LP="" TY="" TSL="0" /></P><P L="9" LL="9" P="" LP="" C="4" D="1" T="0"><D LT="0" L="0" I="0.0000" T="1776524074.8904" PN="0" SN="0" LL="M" P="N" LLP="0" LDC="0" LCD="0" FL="0" FTY="" FI="0.0000" FT="0.0000" GL="?" GI="?" GNL="?" GNI="?" LGL="?" LGI="?" LGNL="?" LGNI="?" PS="0" PF="" PI="0.0000" PT="0.0000" SP="0" LP="" TY="" TSL="0" /></P><P L="10" LL="10" P="" LP="" C="5" D="1" T="0"><D LT="0" L="0" I="0.0000" T="1776524074.8904" PN="0" SN="0" LL="M" P="N" LLP="0" LDC="0" LCD="0" FL="0" FTY="" FI="0.0000" FT="0.0000" GL="?" GI="?" GNL="?" GNI="?" LGL="?" LGI="?" LGNL="?" LGNI="?" PS="0" PF="" PI="0.0000" PT="0.0000" SP="0" LP="" TY="" TSL="0" /></P><P L="11" LL="11" P="" LP="" C="11" D="1" T="0"><D LT="0" L="0" I="0.0000" T="1776524074.8904" PN="0" SN="0" LL="M" P="N" LLP="0" LDC="0" LCD="0" FL="0" FTY="" FI="0.0000" FT="0.0000" GL="?" GI="?" GNL="?" GNI="?" LGL="?" LGI="?" LGNL="?" LGNI="?" PS="0" PF="" PI="0.0000" PT="0.0000" SP="0" LP="" TY="" TSL="0" /></P><P L="12" LL="12" P="" LP="" C="8" D="1" T="0"><D LT="0" L="0" I="0.0000" T="1776524074.8904" PN="0" SN="0" LL="M" P="N" LLP="0" LDC="0" LCD="0" FL="0" FTY="" FI="0.0000" FT="0.0000" GL="?" GI="?" GNL="?" GNI="?" LGL="?" LGI="?" LGNL="?" LGNI="?" PS="0" PF="" PI="0.0000" PT="0.0000" SP="0" LP="" TY="" TSL="0" /></P><P L="13" LL="13" P="" LP="" C="1" D="1" T="0"><D LT="0" L="0" I="0.0000" T="1776524074.8904" PN="0" SN="0" LL="M" P="N" LLP="0" LDC="0" LCD="0" FL="0" FTY="" FI="0.0000" FT="0.0000" GL="?" GI="?" GNL="?" GNI="?" LGL="?" LGI="?" LGNL="?" LGNI="?" PS="0" PF="" PI="0.0000" PT="0.0000" SP="0" LP="" TY="" TSL="0" /></P></L>

[2026-04-18T04:54:35.143660+00:00]
<F T="1776524075.0180" S="Green" I="1776524074.8904" P="1" SN="0" />

[2026-04-18T04:54:35.993478+00:00]
<C T="1776524076.0290" Y="L" C="12" E="1" />

[2026-04-18T04:54:37.008379+00:00]
<C T="1776524077.0310" Y="L" C="12" E="2" />

[2026-04-18T04:54:38.023942+00:00]
<C T="1776524078.0590" Y="L" C="12" E="3" />

[2026-04-18T04:54:39.102358+00:00]
<C T="1776524079.0180" Y="L" C="12" E="4" />

[2026-04-18T04:54:40.086308+00:00]
<C T="1776524080.0100" Y="L" C="12" E="5" />

[2026-04-18T04:54:41.009499+00:00]
<C T="1776524081.0130" Y="L" C="12" E="6" />

[2026-04-18T04:54:42.033824+00:00]
<C T="1776524082.0270" Y="L" C="12" E="7" />

[2026-04-18T04:54:43.160527+00:00]
<C T="1776524083.0220" Y="L" C="12" E="8" />

[2026-04-18T04:54:43.973830+00:00]
<C T="1776524084.0090" Y="L" C="12" E="9" />

[2026-04-18T04:54:45.004964+00:00]
<C T="1776524085.0190" Y="L" C="12" E="10" />

[2026-04-18T04:54:46.013737+00:00]
<C T="1776524086.0480" Y="L" C="12" E="11" />

[2026-04-18T04:54:47.032505+00:00]
<C T="1776524087.0590" Y="L" C="12" E="12" />

[2026-04-18T04:54:48.037320+00:00]
<C T="1776524088.0220" Y="L" C="12" E="13" />

[2026-04-18T04:54:49.026973+00:00]
<C T="1776524089.0500" Y="L" C="12" E="14" />

[2026-04-18T04:54:50.122613+00:00]
<C T="1776524090.0140" Y="L" C="12" E="15" />

[2026-04-18T04:54:51.019951+00:00]
<C T="1776524091.0420" Y="L" C="12" E="16" />

[2026-04-18T04:54:51.998265+00:00]
<C T="1776524092.0070" Y="L" C="12" E="17" />

[2026-04-18T04:54:53.022741+00:00]
<C T="1776524093.0330" Y="L" C="12" E="18" />

[2026-04-18T04:54:54.023225+00:00]
<C T="1776524094.0620" Y="L" C="12" E="19" />

[2026-04-18T04:54:55.002823+00:00]
<C T="1776524095.0100" Y="L" C="12" E="20" />

[2026-04-18T04:54:56.061961+00:00]
<C T="1776524096.0370" Y="L" C="12" E="21" />

[2026-04-18T04:54:57.012622+00:00]
<C T="1776524097.0510" Y="L" C="12" E="22" />

[2026-04-18T04:54:58.023435+00:00]
<C T="1776524098.0500" Y="L" C="12" E="23" />

[2026-04-18T04:54:59.078424+00:00]
<C T="1776524099.0030" Y="L" C="12" E="24" />

[2026-04-18T04:55:00.004542+00:00]
<C T="1776524100.0260" Y="L" C="12" E="25" />

[2026-04-18T04:55:01.181148+00:00]
<C T="1776524101.0530" Y="L" C="12" E="26" />

[2026-04-18T04:55:01.993871+00:00]
<C T="1776524102.0170" Y="L" C="12" E="27" />

[2026-04-18T04:55:03.018787+00:00]
<C T="1776524103.0440" Y="L" C="12" E="28" />

[2026-04-18T04:55:03.983349+00:00]
<C T="1776524104.0100" Y="L" C="12" E="29" />
