
[2026-04-18T04:20:29.000535+00:00]
<New T="1776522029.2224" Seq="83"><M D="Victorian Motor Racing Championship Round 2 (VMRC)" Y="Cars" /><T C="CPR" N="Calder Park Raceway" I="0" P="0" PI1="0" PI2="0"></T><E C="R3" D="2026 Hankook Hyper Racer Australian Drivers&apos; C&apos;ship - Race 1" Y="Race" MP="N" MPD="0" L="12" TY="" ST="0" RY="Race" RI="57.8265" RD="739781" RC="Hayden Crossland" RS="NSW" RV="Hyper Racer X1" /><OL><O ID="0" C="HYPER" Y="Cars" RY="Race" RI="57.8265" RD="739781" RC="Hayden Crossland" RS="NSW" RV="Hyper Racer X1" /></OL><RL><R ID="1" CC="0" C="2" S="" N="2" V="Hyper Racer X1"><V ID="1" B="1" N="Dean Crooke" /></R><R ID="2" CC="0" C="4" S="" N="4" V="Hyper Racer X1"><V ID="1" B="1" N="Aaron Imbach" /></R><R ID="3" CC="0" C="5" S="" N="5" V="Hyper Racer X1"><V ID="1" B="1" N="Christopher Carydias" /></R><R ID="4" CC="0" C="11" S="" N="11" V="Hyper Racer X1"><V ID="1" B="1" N="Stephen Donnellan" /></R><R ID="5" CC="0" C="12" S="" N="12" V="Hyper Racer X1"><V ID="1" B="1" N="Rob Summons" /></R><R ID="6" CC="0" C="14" S="" N="14" V="Hyper Racer X1"><V ID="1" B="1" N="Jack Lewis" /></R><R ID="7" CC="0" C="19" S="" N="19" V="Hyper Racer X1"><V ID="1" B="1" N="Hamish Leighton" /></R><R ID="8" CC="0" C="23" S="" N="23" V="Hyper Racer X1"><V ID="1" B="1" N="Peter Nowlan" /></R><R ID="9" CC="0" C="24" S="" N="24" V="Hyper Racer X1"><V ID="1" B="1" N="Brenton Davey" /></R><R ID="10" CC="0" C="34" S="" N="34" V="Hyper Racer X1"><V ID="1" B="1" N="Lucas Stasi" /></R><R ID="11" CC="0" C="38" S="" N="38" V="Hyper Racer X1"><V ID="1" B="1" N="Zachary Catlin" /></R><R ID="12" CC="0" C="63" S="" N="63" V="Hyper Racer X1"><V ID="1" B="1" N="Harry Strik" /></R><R ID="13" CC="0" C="68" S="" N="68" V="Hyper Racer X1"><V ID="1" B="1" N="Terry Knowles" /></R><R ID="14" CC="0" C="74" S="" N="74" V="Hyper Racer X1"><V ID="1" B="1" N="Bradley Smith" /></R><R ID="15" CC="0" C="77" S="" N="77" V="Hyper Racer X1"><V ID="1" B="1" N="Justin Yuen" /></R><R ID="16" CC="0" C="82" S="" N="82" V="Hyper Racer X1"><V ID="1" B="1" N="Rocco Spinley" /></R><R ID="17" CC="0" C="88" S="" N="88" V="Hyper Racer X1"><V ID="1" B="1" N="Chris Peters" /></R></RL></New>

[2026-04-18T04:20:29.003168+00:00]
<C T="1776522029.2224" Y="L" C="7" E="341" />

[2026-04-18T04:20:29.003421+00:00]
<S T="1776522029.2224" S="Green" I="1776521687.5961" R="0" E="R3" P="1" SN="0" />

[2026-04-18T04:20:29.003641+00:00]
<G T="1776522029.2224" R="" C="" />

[2026-04-18T04:20:29.003755+00:00]
<A T="1776522029.2224" Y="f" C="14" I="59.7793" S1="0.0000" />

[2026-04-18T04:20:29.003872+00:00]
<L T="1776522029.2224" Y="f" L="13"><P L="1" LL="1" P="1" LP="1" C="10" D="1" T="10"><D LT="0" L="5" I="60.3257" T="1776521997.5849" PN="1" SN="0" LL="M" P="N" LLP="0" LDC="0" LCD="5" FL="5" FTY="" FI="60.3257" FT="1776521997.5849" GL="0" GI="0.0000" GNL="0" GNI="0.0000" LGL="0" LGI="0.0000" LGNL="0" LGNI="0.0000" PS="0" PF="" PI="0.0000" PT="0.0000" SP="0" LP="M" TY="" TSL="0" /></P><P L="2" LL="2" P="2" LP="2" C="11" D="1" T="11"><D LT="0" L="5" I="60.5414" T="1776522000.7449" PN="1" SN="0" LL="M" P="N" LLP="0" LDC="0" LCD="5" FL="5" FTY="" FI="60.5414" FT="1776522000.7449" GL="0" GI="3.1600" GNL="0" GNI="3.1600" LGL="0" LGI="3.1600" LGNL="0" LGNI="3.1600" PS="0" PF="" PI="0.0000" PT="0.0000" SP="0" LP="M" TY="" TSL="0" /></P><P L="3" LL="3" P="3" LP="3" C="9" D="1" T="9"><D LT="0" L="5" I="60.4554" T="1776522001.4800" PN="1" SN="0" LL="M" P="N" LLP="0" LDC="0" LCD="5" FL="5" FTY="" FI="60.4554" FT="1776522001.4800" GL="0" GI="3.8951" GNL="0" GNI="0.7351" LGL="0" LGI="3.8951" LGNL="0" LGNI="0.7351" PS="0" PF="" PI="0.0000" PT="0.0000" SP="0" LP="M" TY="" TSL="0" /></P><P L="4" LL="4" P="4" LP="4" C="14" D="1" T="14"><D LT="0" L="5" I="59.7793" T="1776522002.4392" PN="1" SN="0" LL="M" P="N" LLP="0" LDC="0" LCD="5" FL="5" FTY="" FI="59.7793" FT="1776522002.4392" GL="0" GI="4.8543" GNL="0" GNI="0.9592" LGL="0" LGI="4.8543" LGNL="0" LGNI="0.9592" PS="0" PF="" PI="0.0000" PT="0.0000" SP="0" LP="M" TY="" TSL="0" /></P><P L="5" LL="5" P="5" LP="5" C="6" D="1" T="6"><D LT="0" L="5" I="61.2984" T="1776522003.5649" PN="1" SN="0" LL="M" P="N" LLP="0" LDC="0" LCD="5" FL="4" FTY="" FI="60.9621" FT="1776521942.2665" GL="0" GI="5.9800" GNL="0" GNI="1.1257" LGL="0" LGI="5.9800" LGNL="0" LGNI="1.1257" PS="0" PF="" PI="0.0000" PT="0.0000" SP="0" LP="M" TY="" TSL="0" /></P><P L="6" LL="6" P="6" LP="6" C="2" D="1" T="2"><D LT="0" L="5" I="60.8642" T="1776522005.1584" PN="1" SN="0" LL="M" P="N" LLP="0" LDC="0" LCD="5" FL="5" FTY="" FI="60.8642" FT="1776522005.1584" GL="0" GI="7.5735" GNL="0" GNI="1.5935" LGL="0" LGI="7.5735" LGNL="0" LGNI="1.5935" PS="0" PF="" PI="0.0000" PT="0.0000" SP="0" LP="M" TY="" TSL="0" /></P><P L="7" LL="7" P="7" LP="7" C="16" D="1" T="16"><D LT="0" L="5" I="60.5811" T="1776522005.4608" PN="1" SN="0" LL="M" P="N" LLP="0" LDC="0" LCD="5" FL="5" FTY="" FI="60.5811" FT="1776522005.4608" GL="0" GI="7.8759" GNL="0" GNI="0.3024" LGL="0" LGI="7.8759" LGNL="0" LGNI="0.3024" PS="0" PF="" PI="0.0000" PT="0.0000" SP="0" LP="M" TY="" TSL="0" /></P><P L="8" LL="8" P="8" LP="8" C="17" D="1" T="1"><D LT="0" L="5" I="60.8248" T="1776522007.8180" PN="1" SN="0" LL="M" P="N" LLP="0" LDC="0" LCD="5" FL="5" FTY="" FI="60.8248" FT="1776522007.8180" GL="0" GI="10.2331" GNL="0" GNI="2.3572" LGL="0" LGI="10.2331" LGNL="0" LGNI="2.3572" PS="0" PF="" PI="0.0000" PT="0.0000" SP="0" LP="M" TY="" TSL="0" /></P><P L="9" LL="9" P="9" LP="9" C="13" D="1" T="17"><D LT="0" L="5" I="62.8959" T="1776522013.1852" PN="1" SN="0" LL="M" P="N" LLP="0" LDC="0" LCD="5" FL="4" FTY="" FI="62.5808" FT="1776521950.2893" GL="0" GI="15.6003" GNL="0" GNI="5.3672" LGL="0" LGI="15.6003" LGNL="0" LGNI="5.3672" PS="0" PF="" PI="0.0000" PT="0.0000" SP="0" LP="M" TY="" TSL="0" /></P><P L="10" LL="10" P="10" LP="10" C="7" D="1" T="13"><D LT="0" L="5" I="66.3785" T="1776522023.6379" PN="1" SN="0" LL="M" P="N" LLP="0" LDC="0" LCD="5" FL="2" FTY="" FI="63.5685" FT="1776521824.6492" GL="0" GI="26.0530" GNL="0" GNI="10.4527" LGL="0" LGI="26.0530" LGNL="0" LGNI="10.4527" PS="0" PF="" PI="0.0000" PT="0.0000" SP="0" LP="M" TY="" TSL="0" /></P><P L="11" LL="11" P="11" LP="11" C="5" D="1" T="7"><D LT="0" L="5" I="67.0258" T="1776522025.7714" PN="1" SN="0" LL="M" P="N" LLP="0" LDC="0" LCD="5" FL="4" FTY="" FI="64.5238" FT="1776521958.7456" GL="0" GI="28.1865" GNL="0" GNI="2.1335" LGL="0" LGI="28.1865" LGNL="0" LGNI="2.1335" PS="0" PF="" PI="0.0000" PT="0.0000" SP="0" LP="M" TY="" TSL="0" /></P><P L="12" LL="12" P="12" LP="12" C="3" D="1" T="5"><D LT="0" L="4" I="61.2250" T="1776521946.0955" PN="1" SN="0" LL="M" P="N" LLP="0" LDC="0" LCD="4" FL="4" FTY="" FI="61.2250" FT="1776521946.0955" GL="0" GI="8.8363" GNL="?" GNI="?" LGL="0" LGI="8.8363" LGNL="?" LGNI="?" PS="0" PF="" PI="0.0000" PT="0.0000" SP="0" LP="M" TY="" TSL="0" /></P><P L="13" LL="13" P="13" LP="13" C="1" D="1" T="3"><D LT="0" L="4" I="122.1486" T="1776522006.1080" PN="1" SN="0" LL="M" P="N" LLP="0" LDC="0" LCD="4" FL="3" FTY="" FI="61.4908" FT="1776521883.9594" GL="1" GI="8.5231" GNL="0" GNI="60.0125" LGL="1" LGI="8.5231" LGNL="0" LGNI="60.0125" PS="0" PF="" PI="0.0000" PT="0.0000" SP="0" LP="M" TY="" TSL="0" /></P></L>

[2026-04-18T04:20:29.863541+00:00]
<C T="1776522030.0200" Y="L" C="7" E="342" />

[2026-04-18T04:20:30.834277+00:00]
<C T="1776522031.0280" Y="L" C="7" E="343" />

[2026-04-18T04:20:31.832927+00:00]
<C T="1776522032.0460" Y="L" C="7" E="344" />

[2026-04-18T04:20:32.784033+00:00]
<C T="1776522033.0020" Y="L" C="7" E="345" />

[2026-04-18T04:20:33.843710+00:00]
<C T="1776522034.0050" Y="L" C="7" E="346" />

[2026-04-18T04:20:34.788096+00:00]
<C T="1776522035.0180" Y="L" C="7" E="347" />

[2026-04-18T04:20:35.798096+00:00]
<C T="1776522036.0160" Y="L" C="7" E="348" />

[2026-04-18T04:20:36.808383+00:00]
<C T="1776522037.0280" Y="L" C="7" E="349" />

[2026-04-18T04:20:37.843598+00:00]
<C T="1776522038.0530" Y="L" C="7" E="350" />

[2026-04-18T04:20:38.803197+00:00]
<C T="1776522039.0190" Y="L" C="7" E="351" />

[2026-04-18T04:20:39.828179+00:00]
<C T="1776522040.0460" Y="L" C="7" E="352" />

[2026-04-18T04:20:40.778344+00:00]
<C T="1776522041.0100" Y="L" C="7" E="353" />

[2026-04-18T04:20:41.804909+00:00]
<C T="1776522042.0200" Y="L" C="7" E="354" />

[2026-04-18T04:20:43.060777+00:00]
<C T="1776522043.0460" Y="L" C="7" E="355" />

[2026-04-18T04:20:43.982402+00:00]
<C T="1776522044.0030" Y="L" C="7" E="356" />

[2026-04-18T04:20:44.793470+00:00]
<C T="1776522045.0230" Y="L" C="7" E="357" />

[2026-04-18T04:20:45.788626+00:00]
<C T="1776522046.0190" Y="L" C="7" E="358" />

[2026-04-18T04:20:46.803671+00:00]
<C T="1776522047.0170" Y="L" C="7" E="359" />

[2026-04-18T04:20:47.798340+00:00]
<C T="1776522048.0170" Y="L" C="7" E="360" />

[2026-04-18T04:20:48.862890+00:00]
<C T="1776522049.0290" Y="L" C="7" E="361" />

[2026-04-18T04:20:49.921793+00:00]
<C T="1776522050.0500" Y="L" C="7" E="362" />

[2026-04-18T04:20:50.777753+00:00]
<C T="1776522051.0060" Y="L" C="7" E="363" />

[2026-04-18T04:20:51.788366+00:00]
<C T="1776522052.0090" Y="L" C="7" E="364" />

[2026-04-18T04:20:52.890815+00:00]
<C T="1776522053.0270" Y="L" C="7" E="365" />

[2026-04-18T04:20:53.843606+00:00]
<C T="1776522054.0460" Y="L" C="7" E="366" />

[2026-04-18T04:20:54.833275+00:00]
<C T="1776522055.0610" Y="L" C="7" E="367" />

[2026-04-18T04:20:55.894318+00:00]
<C T="1776522056.0600" Y="L" C="7" E="368" />

[2026-04-18T04:20:56.884426+00:00]
<C T="1776522057.0110" Y="L" C="7" E="369" />

[2026-04-18T04:20:57.803658+00:00]
<C T="1776522058.0240" Y="L" C="7" E="370" />

[2026-04-18T04:20:57.874016+00:00]
<C T="1776522058.1050" Y="L" C="6" E="370" />
