
[2026-04-18T05:09:09.825002+00:00]
<New T="1776524949.7941" Seq="1"><M D="Victorian Motor Racing Championship Round 2 (VMRC)" Y="Cars" /><T C="CPR" N="Calder Park Raceway" I="0" P="0" PI1="0" PI2="0"></T><E C="R6" D="Alfa Romeo Racing - Race 1" Y="Race" MP="N" MPD="0" L="12" TY="" ST="0" /><OL><O ID="0" C="ALFA" Y="Cars" RY="Race" RI="0.0000" RD="0" RC="" RS="" RV="" /></OL><RL><R ID="1" CC="0" C="6" S="" N="6" V="Alfa Romeo 147 Twin"><V ID="1" B="1" N="David McKee" /></R><R ID="2" CC="0" C="7" S="" N="7" V="Alfa Romeo 147 Twin"><V ID="1" B="1" N="Rob McKee" /></R><R ID="3" CC="0" C="8" S="" N="8" V="Alfa Romeo 147 Twin"><V ID="1" B="1" N="Richard McKee" /></R><R ID="4" CC="0" C="10" S="" N="10" V="Alfa Romeo 147 TS"><V ID="1" B="1" N="Brad Wilson" /></R><R ID="5" CC="0" C="51" S="" N="51" V="Alfa Romeo GTV6"><V ID="1" B="1" N="Mick Aarons" /></R><R ID="6" CC="0" C="75" S="" N="75" V="Alfa Romeo GTV"><V ID="1" B="1" N="Hugh Harrison" /></R><R ID="7" CC="0" C="81" S="" N="81" V="Alfa Romeo 147 Twin"><V ID="1" B="1" N="Peter Tillett" /></R><R ID="8" CC="0" C="84" S="" N="84" V="Alfa Romeo Sud Ti"><V ID="1" B="1" N="Ray Pignataro" /></R><R ID="9" CC="0" C="147" S="" N="147" V="Alfa Romeo 147"><V ID="1" B="1" N="Matthew Cucuzza" /></R><R ID="10" CC="0" C="172" S="" N="172" V="Alfa Romeo 156 Twin"><V ID="1" B="1" N="Evan Bottcher" /></R><R ID="11" CC="0" C="280" S="" N="280" V="Alfa Romeo Guilietta"><V ID="1" B="1" N="Andrew Wilson" /></R><R ID="12" CC="0" C="777" S="" N="777" V="Alfa Romeo Alfetta G"><V ID="1" B="1" N="Simon Greirson" /></R></RL></New>

[2026-04-18T05:09:09.825538+00:00]
<C T="1776524949.7941" Y="L" C="12" E="0" />

[2026-04-18T05:09:09.825701+00:00]
<S T="1776524949.7941" S="WaitStart" I="0.0000" R="0" E="R6" P="1" SN="0" />

[2026-04-18T05:09:09.825916+00:00]
<G T="1776524949.7941" R="" C="" />

[2026-04-18T05:09:09.826029+00:00]
<A T="1776524949.7941" Y="f" C="0" I="0.0000" S1="0.0000" />

[2026-04-18T05:09:09.826138+00:00]
<L T="1776524949.7941" Y="f" L="11"><P L="1" LL="1" P="" LP="" C="5" D="1" T="0"><D LT="0" L="0" I="0.0000" T="0.0000" PN="0" SN="0" LL="M" P="N" LLP="0" LDC="0" LCD="0" FL="0" FTY="" FI="0.0000" FT="0.0000" GL="0" GI="0.0000" GNL="0" GNI="0.0000" LGL="0" LGI="0.0000" LGNL="0" LGNI="0.0000" PS="0" PF="" PI="0.0000" PT="0.0000" SP="0" LP="" TY="" TSL="0" /></P><P L="2" LL="2" P="" LP="" C="12" D="1" T="0"><D LT="0" L="0" I="0.0000" T="0.0000" PN="0" SN="0" LL="M" P="N" LLP="0" LDC="0" LCD="0" FL="0" FTY="" FI="0.0000" FT="0.0000" GL="?" GI="?" GNL="?" GNI="?" LGL="?" LGI="?" LGNL="?" LGNI="?" PS="0" PF="" PI="0.0000" PT="0.0000" SP="0" LP="" TY="" TSL="0" /></P><P L="3" LL="3" P="" LP="" C="11" D="1" T="0"><D LT="0" L="0" I="0.0000" T="0.0000" PN="0" SN="0" LL="M" P="N" LLP="0" LDC="0" LCD="0" FL="0" FTY="" FI="0.0000" FT="0.0000" GL="?" GI="?" GNL="?" GNI="?" LGL="?" LGI="?" LGNL="?" LGNI="?" PS="0" PF="" PI="0.0000" PT="0.0000" SP="0" LP="" TY="" TSL="0" /></P><P L="4" LL="4" P="" LP="" C="9" D="1" T="0"><D LT="0" L="0" I="0.0000" T="0.0000" PN="0" SN="0" LL="M" P="N" LLP="0" LDC="0" LCD="0" FL="0" FTY="" FI="0.0000" FT="0.0000" GL="?" GI="?" GNL="?" GNI="?" LGL="?" LGI="?" LGNL="?" LGNI="?" PS="0" PF="" PI="0.0000" PT="0.0000" SP="0" LP="" TY="" TSL="0" /></P><P L="5" LL="5" P="" LP="" C="6" D="1" T="0"><D LT="0" L="0" I="0.0000" T="0.0000" PN="0" SN="0" LL="M" P="N" LLP="0" LDC="0" LCD="0" FL="0" FTY="" FI="0.0000" FT="0.0000" GL="?" GI="?" GNL="?" GNI="?" LGL="?" LGI="?" LGNL="?" LGNI="?" PS="0" PF="" PI="0.0000" PT="0.0000" SP="0" LP="" TY="" TSL="0" /></P><P L="6" LL="6" P="" LP="" C="4" D="1" T="0"><D LT="0" L="0" I="0.0000" T="0.0000" PN="0" SN="0" LL="M" P="N" LLP="0" LDC="0" LCD="0" FL="0" FTY="" FI="0.0000" FT="0.0000" GL="?" GI="?" GNL="?" GNI="?" LGL="?" LGI="?" LGNL="?" LGNI="?" PS="0" PF="" PI="0.0000" PT="0.0000" SP="0" LP="" TY="" TSL="0" /></P><P L="7" LL="7" P="" LP="" C="2" D="1" T="0"><D LT="0" L="0" I="0.0000" T="0.0000" PN="0" SN="0" LL="M" P="N" LLP="0" LDC="0" LCD="0" FL="0" FTY="" FI="0.0000" FT="0.0000" GL="?" GI="?" GNL="?" GNI="?" LGL="?" LGI="?" LGNL="?" LGNI="?" PS="0" PF="" PI="0.0000" PT="0.0000" SP="0" LP="" TY="" TSL="0" /></P><P L="8" LL="8" P="" LP="" C="1" D="1" T="0"><D LT="0" L="0" I="0.0000" T="0.0000" PN="0" SN="0" LL="M" P="N" LLP="0" LDC="0" LCD="0" FL="0" FTY="" FI="0.0000" FT="0.0000" GL="?" GI="?" GNL="?" GNI="?" LGL="?" LGI="?" LGNL="?" LGNI="?" PS="0" PF="" PI="0.0000" PT="0.0000" SP="0" LP="" TY="" TSL="0" /></P><P L="9" LL="9" P="" LP="" C="10" D="1" T="0"><D LT="0" L="0" I="0.0000" T="0.0000" PN="0" SN="0" LL="M" P="N" LLP="0" LDC="0" LCD="0" FL="0" FTY="" FI="0.0000" FT="0.0000" GL="?" GI="?" GNL="?" GNI="?" LGL="?" LGI="?" LGNL="?" LGNI="?" PS="0" PF="" PI="0.0000" PT="0.0000" SP="0" LP="" TY="" TSL="0" /></P><P L="10" LL="10" P="" LP="" C="3" D="1" T="0"><D LT="0" L="0" I="0.0000" T="0.0000" PN="0" SN="0" LL="M" P="N" LLP="0" LDC="0" LCD="0" FL="0" FTY="" FI="0.0000" FT="0.0000" GL="?" GI="?" GNL="?" GNI="?" LGL="?" LGI="?" LGNL="?" LGNI="?" PS="0" PF="" PI="0.0000" PT="0.0000" SP="0" LP="" TY="" TSL="0" /></P><P L="11" LL="11" P="" LP="" C="8" D="1" T="0"><D LT="0" L="0" I="0.0000" T="0.0000" PN="0" SN="0" LL="M" P="N" LLP="0" LDC="0" LCD="0" FL="0" FTY="" FI="0.0000" FT="0.0000" GL="?" GI="?" GNL="?" GNI="?" LGL="?" LGI="?" LGNL="?" LGNI="?" PS="0" PF="" PI="0.0000" PT="0.0000" SP="0" LP="" TY="" TSL="0" /></P></L>

[2026-04-18T05:09:14.028402+00:00]
<H T="1776524954.0500" />

[2026-04-18T05:09:19.201593+00:00]
<H T="1776524959.0130" />

[2026-04-18T05:09:24.115390+00:00]
<H T="1776524964.0610" />

[2026-04-18T05:09:29.027171+00:00]
<H T="1776524969.0060" />

[2026-04-18T05:09:34.048980+00:00]
<H T="1776524974.0360" />

[2026-04-18T05:09:39.033711+00:00]
<H T="1776524979.0400" />

[2026-04-18T05:09:44.037569+00:00]
<H T="1776524984.0400" />

[2026-04-18T05:09:49.023611+00:00]
<H T="1776524989.0320" />

[2026-04-18T05:09:53.993865+00:00]
<H T="1776524994.0000" />

[2026-04-18T05:09:59.030536+00:00]
<H T="1776524999.0260" />

[2026-04-18T05:10:04.052579+00:00]
<H T="1776525004.0300" />

[2026-04-18T05:10:09.002077+00:00]
<H T="1776525009.0050" />

[2026-04-18T05:10:13.998409+00:00]
<H T="1776525014.0000" />

[2026-04-18T05:10:19.208143+00:00]
<H T="1776525019.0540" />

[2026-04-18T05:10:24.123036+00:00]
<H T="1776525024.0270" />

[2026-04-18T05:10:29.000389+00:00]
<H T="1776525029.0020" />

[2026-04-18T05:10:34.074511+00:00]
<H T="1776525034.0260" />

[2026-04-18T05:10:39.172863+00:00]
<H T="1776525039.0360" />

[2026-04-18T05:10:44.082168+00:00]
<H T="1776525044.0580" />

[2026-04-18T05:10:49.110658+00:00]
<H T="1776525049.0240" />

[2026-04-18T05:10:54.005348+00:00]
<H T="1776525054.0130" />

[2026-04-18T05:10:59.041007+00:00]
<H T="1776525059.0430" />

[2026-04-18T05:11:04.063130+00:00]
<H T="1776525064.0600" />

[2026-04-18T05:11:09.071465+00:00]
<H T="1776525069.0280" />

[2026-04-18T05:11:14.056018+00:00]
<H T="1776525074.0020" />

[2026-04-18T05:11:19.075525+00:00]
<H T="1776525079.0280" />

[2026-04-18T05:11:24.233662+00:00]
<H T="1776525084.0560" />

[2026-04-18T05:11:29.031558+00:00]
<H T="1776525089.0310" />

[2026-04-18T05:11:34.056504+00:00]
<H T="1776525094.0460" />

[2026-04-18T05:11:39.060270+00:00]
<H T="1776525099.0030" />

[2026-04-18T05:11:44.048024+00:00]
<H T="1776525104.0080" />

[2026-04-18T05:11:49.064427+00:00]
<H T="1776525109.0590" />

[2026-04-18T05:11:54.048592+00:00]
<H T="1776525114.0510" />

[2026-04-18T05:11:59.050260+00:00]
<H T="1776525119.0520" />

[2026-04-18T05:12:04.072183+00:00]
<H T="1776525124.0390" />

[2026-04-18T05:12:09.085916+00:00]
<H T="1776525129.0130" />

[2026-04-18T05:12:14.092163+00:00]
<H T="1776525134.0060" />

[2026-04-18T05:12:19.039185+00:00]
<H T="1776525139.0210" />

[2026-04-18T05:12:24.068346+00:00]
<H T="1776525144.0530" />

[2026-04-18T05:12:29.052804+00:00]
<H T="1776525149.0250" />

[2026-04-18T05:12:34.153304+00:00]
<H T="1776525154.0540" />

[2026-04-18T05:12:39.135352+00:00]
<H T="1776525159.0530" />

[2026-04-18T05:12:44.026986+00:00]
<H T="1776525164.0260" />

[2026-04-18T05:12:49.109856+00:00]
<H T="1776525169.0520" />

[2026-04-18T05:12:54.246996+00:00]
<H T="1776525174.0110" />

[2026-04-18T05:12:59.164782+00:00]
<H T="1776525179.0400" />

[2026-04-18T05:13:04.082509+00:00]
<H T="1776525184.0060" />

[2026-04-18T05:13:08.998948+00:00]
<H T="1776525189.0070" />

[2026-04-18T05:13:14.045077+00:00]
<H T="1776525194.0570" />

[2026-04-18T05:13:18.985688+00:00]
<H T="1776525199.0520" />

[2026-04-18T05:13:24.006533+00:00]
<H T="1776525204.0570" />

[2026-04-18T05:13:28.980171+00:00]
<H T="1776525209.0370" />

[2026-04-18T05:13:33.955607+00:00]
<H T="1776525214.0220" />

[2026-04-18T05:13:39.000178+00:00]
<H T="1776525219.0550" />

[2026-04-18T05:13:43.991933+00:00]
<H T="1776525224.0450" />

[2026-04-18T05:13:48.962513+00:00]
<H T="1776525229.0150" />

[2026-04-18T05:13:53.992390+00:00]
<H T="1776525234.0520" />

[2026-04-18T05:13:59.026230+00:00]
<H T="1776525239.0300" />

[2026-04-18T05:14:04.040976+00:00]
<H T="1776525244.0460" />

[2026-04-18T05:14:09.011367+00:00]
<H T="1776525249.0600" />

[2026-04-18T05:14:14.027834+00:00]
<H T="1776525254.0310" />

[2026-04-18T05:14:19.022847+00:00]
<H T="1776525259.0250" />

[2026-04-18T05:14:24.042505+00:00]
<H T="1776525264.0450" />

[2026-04-18T05:14:29.042377+00:00]
<H T="1776525269.0450" />

[2026-04-18T05:14:34.130343+00:00]
<H T="1776525274.0360" />

[2026-04-18T05:14:39.057014+00:00]
<H T="1776525279.0610" />

[2026-04-18T05:14:43.981321+00:00]
<H T="1776525284.0290" />

[2026-04-18T05:14:49.006827+00:00]
<H T="1776525289.0080" />

[2026-04-18T05:14:53.977903+00:00]
<H T="1776525294.0240" />

[2026-04-18T05:14:59.006816+00:00]
<H T="1776525299.0580" />

[2026-04-18T05:15:03.961655+00:00]
<H T="1776525304.0130" />

[2026-04-18T05:15:08.992468+00:00]
<H T="1776525309.0430" />

[2026-04-18T05:15:14.051617+00:00]
<H T="1776525314.0550" />

[2026-04-18T05:15:19.015452+00:00]
<H T="1776525319.0610" />

[2026-04-18T05:15:23.981450+00:00]
<H T="1776525324.0160" />

[2026-04-18T05:15:29.222644+00:00]
<H T="1776525329.0570" />

[2026-04-18T05:15:34.024313+00:00]
<H T="1776525334.0220" />

[2026-04-18T05:15:39.154958+00:00]
<H T="1776525339.0180" />

[2026-04-18T05:15:43.975901+00:00]
<H T="1776525344.0370" />

[2026-04-18T05:15:49.087782+00:00]
<H T="1776525349.0200" />

[2026-04-18T05:15:54.057752+00:00]
<H T="1776525354.0610" />

[2026-04-18T05:15:59.061973+00:00]
<H T="1776525359.0620" />

[2026-04-18T05:16:04.041164+00:00]
<H T="1776525364.0490" />

[2026-04-18T05:16:09.159478+00:00]
<H T="1776525369.0430" />

[2026-04-18T05:16:14.045772+00:00]
<H T="1776525374.0180" />

[2026-04-18T05:16:18.990142+00:00]
<H T="1776525379.0170" />

[2026-04-18T05:16:24.110246+00:00]
<H T="1776525384.0000" />

[2026-04-18T05:16:29.063696+00:00]
<H T="1776525389.0600" />

[2026-04-18T05:16:34.041283+00:00]
<H T="1776525394.0100" />

[2026-04-18T05:16:39.058447+00:00]
<H T="1776525399.0380" />

[2026-04-18T05:16:43.979234+00:00]
<H T="1776525404.0000" />

[2026-04-18T05:16:49.032932+00:00]
<H T="1776525409.0150" />

[2026-04-18T05:16:54.103751+00:00]
<H T="1776525414.0070" />

[2026-04-18T05:16:59.027603+00:00]
<H T="1776525419.0490" />

[2026-04-18T05:17:04.176450+00:00]
<H T="1776525424.0380" />

[2026-04-18T05:17:09.062446+00:00]
<H T="1776525429.0320" />
