================================================================================
UTC: 2026-04-18T04:13:08.992515+00:00
RAW_LENGTH: 2142
DECODED_LENGTH: 2142
<New T="1776521589.1712" Seq="1"><M D="Victorian Motor Racing Championship Round 2 (VMRC)" Y="Cars" /><T C="CPR" N="Calder Park Raceway" I="0" P="0" PI1="0" PI2="0"></T><E C="R3" D="2026 Hankook Hyper Racer Australian Drivers&apos; C&apos;ship - Race 1" Y="Race" MP="N" MPD="0" L="12" TY="" ST="0" RY="Race" RI="57.8265" RD="739781" RC="Hayden Crossland" RS="NSW" RV="Hyper Racer X1" /><OL><O ID="0" C="HYPER" Y="Cars" RY="Race" RI="57.8265" RD="739781" RC="Hayden Crossland" RS="NSW" RV="Hyper Racer X1" /></OL><RL><R ID="1" CC="0" C="2" S="" N="2" V="Hyper Racer X1"><V ID="1" B="1" N="Dean Crooke" /></R><R ID="2" CC="0" C="4" S="" N="4" V="Hyper Racer X1"><V ID="1" B="1" N="Aaron Imbach" /></R><R ID="3" CC="0" C="5" S="" N="5" V="Hyper Racer X1"><V ID="1" B="1" N="Christopher Carydias" /></R><R ID="4" CC="0" C="11" S="" N="11" V="Hyper Racer X1"><V ID="1" B="1" N="Stephen Donnellan" /></R><R ID="5" CC="0" C="12" S="" N="12" V="Hyper Racer X1"><V ID="1" B="1" N="Rob Summons" /></R><R ID="6" CC="0" C="14" S="" N="14" V="Hyper Racer X1"><V ID="1" B="1" N="Jack Lewis" /></R><R ID="7" CC="0" C="19" S="" N="19" V="Hyper Racer X1"><V ID="1" B="1" N="Hamish Leighton" /></R><R ID="8" CC="0" C="23" S="" N="23" V="Hyper Racer X1"><V ID="1" B="1" N="Peter Nowlan" /></R><R ID="9" CC="0" C="24" S="" N="24" V="Hyper Racer X1"><V ID="1" B="1" N="Brenton Davey" /></R><R ID="10" CC="0" C="34" S="" N="34" V="Hyper Racer X1"><V ID="1" B="1" N="Lucas Stasi" /></R><R ID="11" CC="0" C="38" S="" N="38" V="Hyper Racer X1"><V ID="1" B="1" N="Zachary Catlin" /></R><R ID="12" CC="0" C="63" S="" N="63" V="Hyper Racer X1"><V ID="1" B="1" N="Harry Strik" /></R><R ID="13" CC="0" C="68" S="" N="68" V="Hyper Racer X1"><V ID="1" B="1" N="Terry Knowles" /></R><R ID="14" CC="0" C="74" S="" N="74" V="Hyper Racer X1"><V ID="1" B="1" N="Bradley Smith" /></R><R ID="15" CC="0" C="77" S="" N="77" V="Hyper Racer X1"><V ID="1" B="1" N="Justin Yuen" /></R><R ID="16" CC="0" C="82" S="" N="82" V="Hyper Racer X1"><V ID="1" B="1" N="Rocco Spinley" /></R><R ID="17" CC="0" C="88" S="" N="88" V="Hyper Racer X1"><V ID="1" B="1" N="Chris Peters" /></R></RL></New>
================================================================================
UTC: 2026-04-18T04:13:09.037427+00:00
RAW_LENGTH: 44
DECODED_LENGTH: 44
<C T="1776521589.1712" Y="L" C="12" E="0" />
================================================================================
UTC: 2026-04-18T04:13:09.102835+00:00
RAW_LENGTH: 76
DECODED_LENGTH: 76
<S T="1776521589.1712" S="WaitStart" I="0.0000" R="0" E="R3" P="1" SN="0" />
================================================================================
UTC: 2026-04-18T04:13:09.104788+00:00
RAW_LENGTH: 35
DECODED_LENGTH: 35
<G T="1776521589.1712" R="" C="" />
================================================================================
UTC: 2026-04-18T04:13:09.104867+00:00
RAW_LENGTH: 60
DECODED_LENGTH: 60
<A T="1776521589.1712" Y="f" C="0" I="0.0000" S1="0.0000" />
================================================================================
UTC: 2026-04-18T04:13:09.104911+00:00
RAW_LENGTH: 4052
DECODED_LENGTH: 4052
<L T="1776521589.1712" Y="f" L="13"><P L="1" LL="1" P="" LP="" C="10" D="1" T="0"><D LT="0" L="0" I="0.0000" T="0.0000" PN="0" SN="0" LL="M" P="N" LLP="0" LDC="0" LCD="0" FL="0" FTY="" FI="0.0000" FT="0.0000" GL="0" GI="0.0000" GNL="0" GNI="0.0000" LGL="0" LGI="0.0000" LGNL="0" LGNI="0.0000" PS="0" PF="" PI="0.0000" PT="0.0000" SP="0" LP="" TY="" TSL="0" /></P><P L="2" LL="2" P="" LP="" C="11" D="1" T="0"><D LT="0" L="0" I="0.0000" T="0.0000" PN="0" SN="0" LL="M" P="N" LLP="0" LDC="0" LCD="0" FL="0" FTY="" FI="0.0000" FT="0.0000" GL="?" GI="?" GNL="?" GNI="?" LGL="?" LGI="?" LGNL="?" LGNI="?" PS="0" PF="" PI="0.0000" PT="0.0000" SP="0" LP="" TY="" TSL="0" /></P><P L="3" LL="3" P="" LP="" C="9" D="1" T="0"><D LT="0" L="0" I="0.0000" T="0.0000" PN="0" SN="0" LL="M" P="N" LLP="0" LDC="0" LCD="0" FL="0" FTY="" FI="0.0000" FT="0.0000" GL="?" GI="?" GNL="?" GNI="?" LGL="?" LGI="?" LGNL="?" LGNI="?" PS="0" PF="" PI="0.0000" PT="0.0000" SP="0" LP="" TY="" TSL="0" /></P><P L="4" LL="4" P="" LP="" C="14" D="1" T="0"><D LT="0" L="0" I="0.0000" T="0.0000" PN="0" SN="0" LL="M" P="N" LLP="0" LDC="0" LCD="0" FL="0" FTY="" FI="0.0000" FT="0.0000" GL="?" GI="?" GNL="?" GNI="?" LGL="?" LGI="?" LGNL="?" LGNI="?" PS="0" PF="" PI="0.0000" PT="0.0000" SP="0" LP="" TY="" TSL="0" /></P><P L="5" LL="5" P="" LP="" C="2" D="1" T="0"><D LT="0" L="0" I="0.0000" T="0.0000" PN="0" SN="0" LL="M" P="N" LLP="0" LDC="0" LCD="0" FL="0" FTY="" FI="0.0000" FT="0.0000" GL="?" GI="?" GNL="?" GNI="?" LGL="?" LGI="?" LGNL="?" LGNI="?" PS="0" PF="" PI="0.0000" PT="0.0000" SP="0" LP="" TY="" TSL="0" /></P><P L="6" LL="6" P="" LP="" C="6" D="1" T="0"><D LT="0" L="0" I="0.0000" T="0.0000" PN="0" SN="0" LL="M" P="N" LLP="0" LDC="0" LCD="0" FL="0" FTY="" FI="0.0000" FT="0.0000" GL="?" GI="?" GNL="?" GNI="?" LGL="?" LGI="?" LGNL="?" LGNI="?" PS="0" PF="" PI="0.0000" PT="0.0000" SP="0" LP="" TY="" TSL="0" /></P><P L="7" LL="7" P="" LP="" C="16" D="1" T="0"><D LT="0" L="0" I="0.0000" T="0.0000" PN="0" SN="0" LL="M" P="N" LLP="0" LDC="0" LCD="0" FL="0" FTY="" FI="0.0000" FT="0.0000" GL="?" GI="?" GNL="?" GNI="?" LGL="?" LGI="?" LGNL="?" LGNI="?" PS="0" PF="" PI="0.0000" PT="0.0000" SP="0" LP="" TY="" TSL="0" /></P><P L="8" LL="8" P="" LP="" C="1" D="1" T="0"><D LT="0" L="0" I="0.0000" T="0.0000" PN="0" SN="0" LL="M" P="N" LLP="0" LDC="0" LCD="0" FL="0" FTY="" FI="0.0000" FT="0.0000" GL="?" GI="?" GNL="?" GNI="?" LGL="?" LGI="?" LGNL="?" LGNI="?" PS="0" PF="" PI="0.0000" PT="0.0000" SP="0" LP="" TY="" TSL="0" /></P><P L="9" LL="9" P="" LP="" C="17" D="1" T="0"><D LT="0" L="0" I="0.0000" T="0.0000" PN="0" SN="0" LL="M" P="N" LLP="0" LDC="0" LCD="0" FL="0" FTY="" FI="0.0000" FT="0.0000" GL="?" GI="?" GNL="?" GNI="?" LGL="?" LGI="?" LGNL="?" LGNI="?" PS="0" PF="" PI="0.0000" PT="0.0000" SP="0" LP="" TY="" TSL="0" /></P><P L="10" LL="10" P="" LP="" C="3" D="1" T="0"><D LT="0" L="0" I="0.0000" T="0.0000" PN="0" SN="0" LL="M" P="N" LLP="0" LDC="0" LCD="0" FL="0" FTY="" FI="0.0000" FT="0.0000" GL="?" GI="?" GNL="?" GNI="?" LGL="?" LGI="?" LGNL="?" LGNI="?" PS="0" PF="" PI="0.0000" PT="0.0000" SP="0" LP="" TY="" TSL="0" /></P><P L="11" LL="11" P="" LP="" C="13" D="1" T="0"><D LT="0" L="0" I="0.0000" T="0.0000" PN="0" SN="0" LL="M" P="N" LLP="0" LDC="0" LCD="0" FL="0" FTY="" FI="0.0000" FT="0.0000" GL="?" GI="?" GNL="?" GNI="?" LGL="?" LGI="?" LGNL="?" LGNI="?" PS="0" PF="" PI="0.0000" PT="0.0000" SP="0" LP="" TY="" TSL="0" /></P><P L="12" LL="12" P="" LP="" C="7" D="1" T="0"><D LT="0" L="0" I="0.0000" T="0.0000" PN="0" SN="0" LL="M" P="N" LLP="0" LDC="0" LCD="0" FL="0" FTY="" FI="0.0000" FT="0.0000" GL="?" GI="?" GNL="?" GNI="?" LGL="?" LGI="?" LGNL="?" LGNI="?" PS="0" PF="" PI="0.0000" PT="0.0000" SP="0" LP="" TY="" TSL="0" /></P><P L="13" LL="13" P="" LP="" C="5" D="1" T="0"><D LT="0" L="0" I="0.0000" T="0.0000" PN="0" SN="0" LL="M" P="N" LLP="0" LDC="0" LCD="0" FL="0" FTY="" FI="0.0000" FT="0.0000" GL="?" GI="?" GNL="?" GNI="?" LGL="?" LGI="?" LGNL="?" LGNI="?" PS="0" PF="" PI="0.0000" PT="0.0000" SP="0" LP="" TY="" TSL="0" /></P></L>
================================================================================
UTC: 2026-04-18T04:13:09.402642+00:00
RAW_LENGTH: 95
DECODED_LENGTH: 95
<L T="1776521589.6150" Y="p" L="13"><P L="1" LL="1" P="" LP="" C="10" D="1" T="0"><D /></P></L>
================================================================================
UTC: 2026-04-18T04:13:10.751958+00:00
RAW_LENGTH: 150
DECODED_LENGTH: 150
<L T="1776521590.8940" Y="p" L="13"><P L="1" LL="1" P="" LP="" C="10" D="1" T="0"><D /></P><P L="2" LL="2" P="" LP="" C="11" D="1" T="0"><D /></P></L>
================================================================================
UTC: 2026-04-18T04:13:11.856005+00:00
RAW_LENGTH: 204
DECODED_LENGTH: 204
<L T="1776521592.0480" Y="p" L="13"><P L="1" LL="1" P="" LP="" C="10" D="1" T="0"><D /></P><P L="2" LL="2" P="" LP="" C="11" D="1" T="0"><D /></P><P L="3" LL="3" P="" LP="" C="9" D="1" T="0"><D /></P></L>
================================================================================
UTC: 2026-04-18T04:13:12.688531+00:00
RAW_LENGTH: 259
DECODED_LENGTH: 259
<L T="1776521592.8790" Y="p" L="13"><P L="1" LL="1" P="" LP="" C="10" D="1" T="0"><D /></P><P L="2" LL="2" P="" LP="" C="11" D="1" T="0"><D /></P><P L="3" LL="3" P="" LP="" C="9" D="1" T="0"><D /></P><P L="4" LL="4" P="" LP="" C="14" D="1" T="0"><D /></P></L>
================================================================================
UTC: 2026-04-18T04:13:14.452260+00:00
RAW_LENGTH: 313
DECODED_LENGTH: 313
<L T="1776521594.6390" Y="p" L="13"><P L="1" LL="1" P="" LP="" C="10" D="1" T="0"><D /></P><P L="2" LL="2" P="" LP="" C="11" D="1" T="0"><D /></P><P L="3" LL="3" P="" LP="" C="9" D="1" T="0"><D /></P><P L="4" LL="4" P="" LP="" C="14" D="1" T="0"><D /></P><P L="5" LL="5" P="" LP="" C="2" D="1" T="0"><D /></P></L>
================================================================================
UTC: 2026-04-18T04:13:15.818431+00:00
RAW_LENGTH: 367
DECODED_LENGTH: 367
<L T="1776521596.0270" Y="p" L="13"><P L="1" LL="1" P="" LP="" C="10" D="1" T="0"><D /></P><P L="2" LL="2" P="" LP="" C="11" D="1" T="0"><D /></P><P L="3" LL="3" P="" LP="" C="9" D="1" T="0"><D /></P><P L="4" LL="4" P="" LP="" C="14" D="1" T="0"><D /></P><P L="5" LL="5" P="" LP="" C="2" D="1" T="0"><D /></P><P L="6" LL="6" P="" LP="" C="6" D="1" T="0"><D /></P></L>
================================================================================
UTC: 2026-04-18T04:13:16.586747+00:00
RAW_LENGTH: 422
DECODED_LENGTH: 422
<L T="1776521596.7910" Y="p" L="13"><P L="1" LL="1" P="" LP="" C="10" D="1" T="0"><D /></P><P L="2" LL="2" P="" LP="" C="11" D="1" T="0"><D /></P><P L="3" LL="3" P="" LP="" C="9" D="1" T="0"><D /></P><P L="4" LL="4" P="" LP="" C="14" D="1" T="0"><D /></P><P L="5" LL="5" P="" LP="" C="2" D="1" T="0"><D /></P><P L="6" LL="6" P="" LP="" C="6" D="1" T="0"><D /></P><P L="7" LL="7" P="" LP="" C="16" D="1" T="0"><D /></P></L>
================================================================================
UTC: 2026-04-18T04:13:18.008572+00:00
RAW_LENGTH: 476
DECODED_LENGTH: 476
<L T="1776521598.1840" Y="p" L="13"><P L="1" LL="1" P="" LP="" C="10" D="1" T="0"><D /></P><P L="2" LL="2" P="" LP="" C="11" D="1" T="0"><D /></P><P L="3" LL="3" P="" LP="" C="9" D="1" T="0"><D /></P><P L="4" LL="4" P="" LP="" C="14" D="1" T="0"><D /></P><P L="5" LL="5" P="" LP="" C="2" D="1" T="0"><D /></P><P L="6" LL="6" P="" LP="" C="6" D="1" T="0"><D /></P><P L="7" LL="7" P="" LP="" C="16" D="1" T="0"><D /></P><P L="8" LL="8" P="" LP="" C="1" D="1" T="0"><D /></P></L>
================================================================================
UTC: 2026-04-18T04:13:18.489303+00:00
RAW_LENGTH: 531
DECODED_LENGTH: 531
<L T="1776521598.6980" Y="p" L="13"><P L="1" LL="1" P="" LP="" C="10" D="1" T="0"><D /></P><P L="2" LL="2" P="" LP="" C="11" D="1" T="0"><D /></P><P L="3" LL="3" P="" LP="" C="9" D="1" T="0"><D /></P><P L="4" LL="4" P="" LP="" C="14" D="1" T="0"><D /></P><P L="5" LL="5" P="" LP="" C="2" D="1" T="0"><D /></P><P L="6" LL="6" P="" LP="" C="6" D="1" T="0"><D /></P><P L="7" LL="7" P="" LP="" C="16" D="1" T="0"><D /></P><P L="8" LL="8" P="" LP="" C="1" D="1" T="0"><D /></P><P L="9" LL="9" P="" LP="" C="17" D="1" T="0"><D /></P></L>
================================================================================
UTC: 2026-04-18T04:13:19.078586+00:00
RAW_LENGTH: 587
DECODED_LENGTH: 587
<L T="1776521599.2860" Y="p" L="13"><P L="1" LL="1" P="" LP="" C="10" D="1" T="0"><D /></P><P L="2" LL="2" P="" LP="" C="11" D="1" T="0"><D /></P><P L="3" LL="3" P="" LP="" C="9" D="1" T="0"><D /></P><P L="4" LL="4" P="" LP="" C="14" D="1" T="0"><D /></P><P L="5" LL="5" P="" LP="" C="2" D="1" T="0"><D /></P><P L="6" LL="6" P="" LP="" C="6" D="1" T="0"><D /></P><P L="7" LL="7" P="" LP="" C="16" D="1" T="0"><D /></P><P L="8" LL="8" P="" LP="" C="1" D="1" T="0"><D /></P><P L="9" LL="9" P="" LP="" C="17" D="1" T="0"><D /></P><P L="10" LL="10" P="" LP="" C="3" D="1" T="0"><D /></P></L>
================================================================================
UTC: 2026-04-18T04:13:21.626659+00:00
RAW_LENGTH: 644
DECODED_LENGTH: 644
<L T="1776521601.8310" Y="p" L="13"><P L="1" LL="1" P="" LP="" C="10" D="1" T="0"><D /></P><P L="2" LL="2" P="" LP="" C="11" D="1" T="0"><D /></P><P L="3" LL="3" P="" LP="" C="9" D="1" T="0"><D /></P><P L="4" LL="4" P="" LP="" C="14" D="1" T="0"><D /></P><P L="5" LL="5" P="" LP="" C="2" D="1" T="0"><D /></P><P L="6" LL="6" P="" LP="" C="6" D="1" T="0"><D /></P><P L="7" LL="7" P="" LP="" C="16" D="1" T="0"><D /></P><P L="8" LL="8" P="" LP="" C="1" D="1" T="0"><D /></P><P L="9" LL="9" P="" LP="" C="17" D="1" T="0"><D /></P><P L="10" LL="10" P="" LP="" C="3" D="1" T="0"><D /></P><P L="11" LL="11" P="" LP="" C="13" D="1" T="0"><D /></P></L>
================================================================================
UTC: 2026-04-18T04:13:22.833951+00:00
RAW_LENGTH: 700
DECODED_LENGTH: 700
<L T="1776521603.0310" Y="p" L="13"><P L="1" LL="1" P="" LP="" C="10" D="1" T="0"><D /></P><P L="2" LL="2" P="" LP="" C="11" D="1" T="0"><D /></P><P L="3" LL="3" P="" LP="" C="9" D="1" T="0"><D /></P><P L="4" LL="4" P="" LP="" C="14" D="1" T="0"><D /></P><P L="5" LL="5" P="" LP="" C="2" D="1" T="0"><D /></P><P L="6" LL="6" P="" LP="" C="6" D="1" T="0"><D /></P><P L="7" LL="7" P="" LP="" C="16" D="1" T="0"><D /></P><P L="8" LL="8" P="" LP="" C="1" D="1" T="0"><D /></P><P L="9" LL="9" P="" LP="" C="17" D="1" T="0"><D /></P><P L="10" LL="10" P="" LP="" C="3" D="1" T="0"><D /></P><P L="11" LL="11" P="" LP="" C="13" D="1" T="0"><D /></P><P L="12" LL="12" P="" LP="" C="7" D="1" T="0"><D /></P></L>
================================================================================
UTC: 2026-04-18T04:13:24.104864+00:00
RAW_LENGTH: 756
DECODED_LENGTH: 756
<L T="1776521604.3010" Y="p" L="13"><P L="1" LL="1" P="" LP="" C="10" D="1" T="0"><D /></P><P L="2" LL="2" P="" LP="" C="11" D="1" T="0"><D /></P><P L="3" LL="3" P="" LP="" C="9" D="1" T="0"><D /></P><P L="4" LL="4" P="" LP="" C="14" D="1" T="0"><D /></P><P L="5" LL="5" P="" LP="" C="2" D="1" T="0"><D /></P><P L="6" LL="6" P="" LP="" C="6" D="1" T="0"><D /></P><P L="7" LL="7" P="" LP="" C="16" D="1" T="0"><D /></P><P L="8" LL="8" P="" LP="" C="1" D="1" T="0"><D /></P><P L="9" LL="9" P="" LP="" C="17" D="1" T="0"><D /></P><P L="10" LL="10" P="" LP="" C="3" D="1" T="0"><D /></P><P L="11" LL="11" P="" LP="" C="13" D="1" T="0"><D /></P><P L="12" LL="12" P="" LP="" C="7" D="1" T="0"><D /></P><P L="13" LL="13" P="" LP="" C="5" D="1" T="0"><D /></P></L>
================================================================================
UTC: 2026-04-18T04:13:28.886245+00:00
RAW_LENGTH: 25
DECODED_LENGTH: 25
<H T="1776521609.0390" />
================================================================================
UTC: 2026-04-18T04:13:33.816318+00:00
RAW_LENGTH: 25
DECODED_LENGTH: 25
<H T="1776521614.0170" />
