
[2026-04-18T04:17:00.377850+00:00]
<New T="1776521820.5805" Seq="83"><M D="Victorian Motor Racing Championship Round 2 (VMRC)" Y="Cars" /><T C="CPR" N="Calder Park Raceway" I="0" P="0" PI1="0" PI2="0"></T><E C="R3" D="2026 Hankook Hyper Racer Australian Drivers&apos; C&apos;ship - Race 1" Y="Race" MP="N" MPD="0" L="12" TY="" ST="0" RY="Race" RI="57.8265" RD="739781" RC="Hayden Crossland" RS="NSW" RV="Hyper Racer X1" /><OL><O ID="0" C="HYPER" Y="Cars" RY="Race" RI="57.8265" RD="739781" RC="Hayden Crossland" RS="NSW" RV="Hyper Racer X1" /></OL><RL><R ID="1" CC="0" C="2" S="" N="2" V="Hyper Racer X1"><V ID="1" B="1" N="Dean Crooke" /></R><R ID="2" CC="0" C="4" S="" N="4" V="Hyper Racer X1"><V ID="1" B="1" N="Aaron Imbach" /></R><R ID="3" CC="0" C="5" S="" N="5" V="Hyper Racer X1"><V ID="1" B="1" N="Christopher Carydias" /></R><R ID="4" CC="0" C="11" S="" N="11" V="Hyper Racer X1"><V ID="1" B="1" N="Stephen Donnellan" /></R><R ID="5" CC="0" C="12" S="" N="12" V="Hyper Racer X1"><V ID="1" B="1" N="Rob Summons" /></R><R ID="6" CC="0" C="14" S="" N="14" V="Hyper Racer X1"><V ID="1" B="1" N="Jack Lewis" /></R><R ID="7" CC="0" C="19" S="" N="19" V="Hyper Racer X1"><V ID="1" B="1" N="Hamish Leighton" /></R><R ID="8" CC="0" C="23" S="" N="23" V="Hyper Racer X1"><V ID="1" B="1" N="Peter Nowlan" /></R><R ID="9" CC="0" C="24" S="" N="24" V="Hyper Racer X1"><V ID="1" B="1" N="Brenton Davey" /></R><R ID="10" CC="0" C="34" S="" N="34" V="Hyper Racer X1"><V ID="1" B="1" N="Lucas Stasi" /></R><R ID="11" CC="0" C="38" S="" N="38" V="Hyper Racer X1"><V ID="1" B="1" N="Zachary Catlin" /></R><R ID="12" CC="0" C="63" S="" N="63" V="Hyper Racer X1"><V ID="1" B="1" N="Harry Strik" /></R><R ID="13" CC="0" C="68" S="" N="68" V="Hyper Racer X1"><V ID="1" B="1" N="Terry Knowles" /></R><R ID="14" CC="0" C="74" S="" N="74" V="Hyper Racer X1"><V ID="1" B="1" N="Bradley Smith" /></R><R ID="15" CC="0" C="77" S="" N="77" V="Hyper Racer X1"><V ID="1" B="1" N="Justin Yuen" /></R><R ID="16" CC="0" C="82" S="" N="82" V="Hyper Racer X1"><V ID="1" B="1" N="Rocco Spinley" /></R><R ID="17" CC="0" C="88" S="" N="88" V="Hyper Racer X1"><V ID="1" B="1" N="Chris Peters" /></R></RL></New>

[2026-04-18T04:17:00.378129+00:00]
<C T="1776521820.5805" Y="L" C="10" E="132" />

[2026-04-18T04:17:00.378173+00:00]
<S T="1776521820.5805" S="Green" I="1776521687.5961" R="0" E="R3" P="1" SN="0" />

[2026-04-18T04:17:00.378218+00:00]
<G T="1776521820.5805" R="" C="" />

[2026-04-18T04:17:00.378241+00:00]
<A T="1776521820.5805" Y="f" C="11" I="61.5511" S1="0.0000" />

[2026-04-18T04:17:00.378265+00:00]
<L T="1776521820.5805" Y="f" L="13"><P L="1" LL="1" P="1" LP="1" C="10" D="1" T="10"><D LT="0" L="2" I="61.6227" T="1776521815.7630" PN="1" SN="0" LL="M" P="N" LLP="0" LDC="0" LCD="2" FL="2" FTY="" FI="61.6227" FT="1776521815.7630" GL="0" GI="0.0000" GNL="0" GNI="0.0000" LGL="0" LGI="0.0000" LGNL="0" LGNI="0.0000" PS="0" PF="" PI="0.0000" PT="0.0000" SP="0" LP="M" TY="" TSL="0" /></P><P L="2" LL="2" P="2" LP="2" C="11" D="1" T="11"><D LT="0" L="2" I="61.5511" T="1776521817.6576" PN="1" SN="0" LL="M" P="N" LLP="0" LDC="0" LCD="2" FL="2" FTY="" FI="61.5511" FT="1776521817.6576" GL="0" GI="1.8946" GNL="0" GNI="1.8946" LGL="0" LGI="1.8946" LGNL="0" LGNI="1.8946" PS="0" PF="" PI="0.0000" PT="0.0000" SP="0" LP="M" TY="" TSL="0" /></P><P L="3" LL="3" P="3" LP="3" C="9" D="1" T="9"><D LT="0" L="2" I="62.2096" T="1776521818.9355" PN="1" SN="0" LL="M" P="N" LLP="0" LDC="0" LCD="2" FL="2" FTY="" FI="62.2096" FT="1776521818.9355" GL="0" GI="3.1725" GNL="0" GNI="1.2779" LGL="0" LGI="3.1725" LGNL="0" LGNI="1.2779" PS="0" PF="" PI="0.0000" PT="0.0000" SP="0" LP="M" TY="" TSL="0" /></P><P L="4" LL="4" P="4" LP="4" C="6" D="1" T="6"><D LT="0" L="2" I="61.7378" T="1776521819.8232" PN="1" SN="0" LL="M" P="N" LLP="0" LDC="0" LCD="2" FL="2" FTY="" FI="61.7378" FT="1776521819.8232" GL="0" GI="4.0602" GNL="0" GNI="0.8877" LGL="0" LGI="4.0602" LGNL="0" LGNI="0.8877" PS="0" PF="" PI="0.0000" PT="0.0000" SP="0" LP="M" TY="" TSL="0" /></P><P L="5" LL="5" P="5" LP="5" C="2" D="1" T="2"><D LT="0" L="1" I="70.2722" T="1776521757.8683" PN="1" SN="0" LL="M" P="N" LLP="0" LDC="0" LCD="1" FL="1" FTY="" FI="70.2722" FT="1776521757.8683" GL="0" GI="3.7280" GNL="?" GNI="?" LGL="0" LGI="3.7280" LGNL="?" LGNI="?" PS="0" PF="" PI="0.0000" PT="0.0000" SP="0" LP="M" TY="" TSL="0" /></P><P L="6" LL="6" P="6" LP="6" C="14" D="1" T="14"><D LT="0" L="1" I="71.0286" T="1776521758.6247" PN="1" SN="0" LL="M" P="N" LLP="0" LDC="0" LCD="1" FL="1" FTY="" FI="71.0286" FT="1776521758.6247" GL="0" GI="4.4844" GNL="0" GNI="0.7564" LGL="0" LGI="4.4844" LGNL="0" LGNI="0.7564" PS="0" PF="" PI="0.0000" PT="0.0000" SP="0" LP="M" TY="" TSL="0" /></P><P L="7" LL="7" P="7" LP="7" C="16" D="1" T="16"><D LT="0" L="1" I="71.1918" T="1776521758.7879" PN="1" SN="0" LL="M" P="N" LLP="0" LDC="0" LCD="1" FL="1" FTY="" FI="71.1918" FT="1776521758.7879" GL="0" GI="4.6476" GNL="0" GNI="0.1632" LGL="0" LGI="4.6476" LGNL="0" LGNI="0.1632" PS="0" PF="" PI="0.0000" PT="0.0000" SP="0" LP="M" TY="" TSL="0" /></P><P L="8" LL="8" P="8" LP="8" C="1" D="1" T="1"><D LT="0" L="1" I="71.6419" T="1776521759.2380" PN="1" SN="0" LL="M" P="N" LLP="0" LDC="0" LCD="1" FL="1" FTY="" FI="71.6419" FT="1776521759.2380" GL="0" GI="5.0977" GNL="0" GNI="0.4501" LGL="0" LGI="5.0977" LGNL="0" LGNI="0.4501" PS="0" PF="" PI="0.0000" PT="0.0000" SP="0" LP="M" TY="" TSL="0" /></P><P L="9" LL="9" P="9" LP="9" C="17" D="1" T="17"><D LT="0" L="1" I="72.8715" T="1776521760.4676" PN="1" SN="0" LL="M" P="N" LLP="0" LDC="0" LCD="1" FL="1" FTY="" FI="72.8715" FT="1776521760.4676" GL="0" GI="6.3273" GNL="0" GNI="1.2296" LGL="0" LGI="6.3273" LGNL="0" LGNI="1.2296" PS="0" PF="" PI="0.0000" PT="0.0000" SP="0" LP="M" TY="" TSL="0" /></P><P L="10" LL="10" P="10" LP="10" C="3" D="1" T="3"><D LT="0" L="1" I="73.0503" T="1776521760.6464" PN="1" SN="0" LL="M" P="N" LLP="0" LDC="0" LCD="1" FL="1" FTY="" FI="73.0503" FT="1776521760.6464" GL="0" GI="6.5061" GNL="0" GNI="0.1788" LGL="0" LGI="6.5061" LGNL="0" LGNI="0.1788" PS="0" PF="" PI="0.0000" PT="0.0000" SP="0" LP="M" TY="" TSL="0" /></P><P L="11" LL="11" P="11" LP="11" C="7" D="1" T="7"><D LT="0" L="1" I="73.4846" T="1776521761.0807" PN="1" SN="0" LL="M" P="N" LLP="0" LDC="0" LCD="1" FL="1" FTY="" FI="73.4846" FT="1776521761.0807" GL="0" GI="6.9404" GNL="0" GNI="0.4343" LGL="0" LGI="6.9404" LGNL="0" LGNI="0.4343" PS="0" PF="" PI="0.0000" PT="0.0000" SP="0" LP="M" TY="" TSL="0" /></P><P L="12" LL="12" P="12" LP="12" C="13" D="1" T="13"><D LT="0" L="1" I="73.9794" T="1776521761.5755" PN="1" SN="0" LL="M" P="N" LLP="0" LDC="0" LCD="1" FL="1" FTY="" FI="73.9794" FT="1776521761.5755" GL="0" GI="7.4352" GNL="0" GNI="0.4948" LGL="0" LGI="7.4352" LGNL="0" LGNI="0.4948" PS="0" PF="" PI="0.0000" PT="0.0000" SP="0" LP="M" TY="" TSL="0" /></P><P L="13" LL="13" P="13" LP="13" C="5" D="1" T="5"><D LT="0" L="1" I="74.8574" T="1776521762.4535" PN="1" SN="0" LL="M" P="N" LLP="0" LDC="0" LCD="1" FL="1" FTY="" FI="74.8574" FT="1776521762.4535" GL="0" GI="8.3132" GNL="0" GNI="0.8780" LGL="0" LGI="8.3132" LGNL="0" LGNI="0.8780" PS="0" PF="" PI="0.0000" PT="0.0000" SP="0" LP="M" TY="" TSL="0" /></P></L>

[2026-04-18T04:17:00.963021+00:00]
<C T="1776521821.0170" Y="L" C="10" E="133" />

[2026-04-18T04:17:01.364801+00:00]
<L T="1776521821.5500" Y="p" L="13"><P L="5" LL="5" P="5" LP="5" C="2" D="1" T="2"><D L="2" I="63.3865" T="1776521821.2548" LCD="2" FL="2" FI="63.3865" FT="1776521821.2548" GI="5.4918" GNL="0" GNI="1.4316" LGI="5.4918" LGNL="0" LGNI="1.4316" /></P></L>

[2026-04-18T04:17:01.629376+00:00]
<L T="1776521821.8350" Y="p" L="13"><P L="6" LL="6" P="6" LP="6" C="14" D="1" T="14"><D L="2" I="62.9841" T="1776521821.6088" LCD="2" FL="2" FI="62.9841" FT="1776521821.6088" GI="5.8458" GNI="0.3540" LGI="5.8458" LGNI="0.3540" /></P></L>

[2026-04-18T04:17:01.846769+00:00]
<C T="1776521822.0550" Y="L" C="10" E="134" />

[2026-04-18T04:17:01.983435+00:00]
<L T="1776521822.1820" Y="p" L="13"><P L="7" LL="7" P="7" LP="7" C="16" D="1" T="16"><D L="2" I="63.1156" T="1776521821.9035" LCD="2" FL="2" FI="63.1156" FT="1776521821.9035" GI="6.1405" GNI="0.2947" LGI="6.1405" LGNI="0.2947" /></P></L>

[2026-04-18T04:17:02.496486+00:00]
<L T="1776521822.6930" Y="p" L="13"><P L="8" LL="8" P="8" LP="8" C="1" D="1" T="1"><D L="2" I="63.2306" T="1776521822.4686" LCD="2" FL="2" FI="63.2306" FT="1776521822.4686" GI="6.7056" GNI="0.5651" LGI="6.7056" LGNI="0.5651" /></P></L>

[2026-04-18T04:17:02.817620+00:00]
<C T="1776521823.0080" Y="L" C="10" E="135" />

[2026-04-18T04:17:03.012179+00:00]
<L T="1776521823.2150" Y="p" L="13"><P L="9" LL="9" P="9" LP="9" C="3" D="1" T="3"><D L="2" I="62.4391" T="1776521823.0855" LCD="2" FL="2" FI="62.4391" FT="1776521823.0855" GI="7.3225" GNI="0.6169" LGI="7.3225" LGNI="0.6169" /></P><P L="10" LL="10" P="10" LP="10" C="17" D="1" T="17"><D GNL="?" GNI="?" LGNL="?" LGNI="?" /></P><P L="11" LL="11" P="11" LP="11" C="7" D="1" T="7"><D GNI="0.6131" LGNI="0.6131" /></P></L>

[2026-04-18T04:17:03.834939+00:00]
<C T="1776521824.0220" Y="L" C="10" E="136" />

[2026-04-18T04:17:04.354764+00:00]
<L T="1776521824.5530" Y="p" L="13"><P L="10" LL="10" P="10" LP="10" C="17" D="1" T="17"><D L="2" I="63.7613" T="1776521824.2289" LCD="2" FL="2" FI="63.7613" FT="1776521824.2289" GI="8.4659" GNL="0" GNI="1.1434" LGI="8.4659" LGNL="0" LGNI="1.1434" /></P></L>

[2026-04-18T04:17:04.664123+00:00]
<L T="1776521824.8670" Y="p" L="13"><P L="11" LL="11" P="11" LP="11" C="7" D="1" T="7"><D L="2" I="63.5685" T="1776521824.6492" LCD="2" FL="2" FI="63.5685" FT="1776521824.6492" GI="8.8862" GNI="0.4203" LGI="8.8862" LGNI="0.4203" /></P></L>

[2026-04-18T04:17:04.841734+00:00]
<C T="1776521825.0530" Y="L" C="10" E="137" />

[2026-04-18T04:17:05.122306+00:00]
<L T="1776521825.3180" Y="p" L="13"><P L="12" LL="12" P="12" LP="12" C="13" D="1" T="13"><D L="2" I="63.5247" T="1776521825.1002" LCD="2" FL="2" FI="63.5247" FT="1776521825.1002" GI="9.3372" GNI="0.4510" LGI="9.3372" LGNI="0.4510" /></P></L>

[2026-04-18T04:17:05.806661+00:00]
<C T="1776521826.0060" Y="L" C="10" E="138" />

[2026-04-18T04:17:07.000445+00:00]
<C T="1776521827.0200" Y="L" C="10" E="139" />

[2026-04-18T04:17:07.847063+00:00]
<C T="1776521828.0320" Y="L" C="10" E="140" />

[2026-04-18T04:17:08.946432+00:00]
<C T="1776521829.0430" Y="L" C="10" E="141" />

[2026-04-18T04:17:09.868117+00:00]
<C T="1776521830.0090" Y="L" C="10" E="142" />

[2026-04-18T04:17:09.868534+00:00]
<L T="1776521830.0270" Y="p" L="13"><P L="13" LL="13" P="13" LP="13" C="5" D="1" T="5"><D L="2" I="67.1814" T="1776521829.6349" LCD="2" FL="2" FI="67.1814" FT="1776521829.6349" GI="13.8719" GNI="4.5347" LGI="13.8719" LGNI="4.5347" /></P></L>

[2026-04-18T04:17:10.994439+00:00]
<C T="1776521831.0370" Y="L" C="10" E="143" />

[2026-04-18T04:17:11.803031+00:00]
<C T="1776521832.0000" Y="L" C="10" E="144" />

[2026-04-18T04:17:12.826441+00:00]
<C T="1776521833.0260" Y="L" C="10" E="145" />

[2026-04-18T04:17:13.861779+00:00]
<C T="1776521834.0530" Y="L" C="10" E="146" />

[2026-04-18T04:17:14.885900+00:00]
<C T="1776521835.0190" Y="L" C="10" E="147" />

[2026-04-18T04:17:16.013303+00:00]
<C T="1776521836.0460" Y="L" C="10" E="148" />

[2026-04-18T04:17:16.807650+00:00]
<C T="1776521837.0040" Y="L" C="10" E="149" />

[2026-04-18T04:17:17.827795+00:00]
<C T="1776521838.0220" Y="L" C="10" E="150" />

[2026-04-18T04:17:18.847168+00:00]
<C T="1776521839.0410" Y="L" C="10" E="151" />

[2026-04-18T04:17:19.811368+00:00]
<C T="1776521840.0070" Y="L" C="10" E="152" />

[2026-04-18T04:17:20.839119+00:00]
<C T="1776521841.0360" Y="L" C="10" E="153" />

[2026-04-18T04:17:21.801178+00:00]
<C T="1776521842.0010" Y="L" C="10" E="154" />

[2026-04-18T04:17:22.828101+00:00]
<C T="1776521843.0320" Y="L" C="10" E="155" />

[2026-04-18T04:17:23.861386+00:00]
<C T="1776521844.0610" Y="L" C="10" E="156" />

[2026-04-18T04:17:24.826529+00:00]
<C T="1776521845.0260" Y="L" C="10" E="157" />

[2026-04-18T04:17:25.856521+00:00]
<C T="1776521846.0530" Y="L" C="10" E="158" />

[2026-04-18T04:17:26.822600+00:00]
<C T="1776521847.0200" Y="L" C="10" E="159" />

[2026-04-18T04:17:27.846754+00:00]
<C T="1776521848.0460" Y="L" C="10" E="160" />

[2026-04-18T04:17:28.811386+00:00]
<C T="1776521849.0080" Y="L" C="10" E="161" />

[2026-04-18T04:17:29.938022+00:00]
<C T="1776521850.0330" Y="L" C="10" E="162" />

[2026-04-18T04:17:31.042260+00:00]
<C T="1776521851.0470" Y="L" C="10" E="163" />

[2026-04-18T04:17:31.801558+00:00]
<C T="1776521852.0130" Y="L" C="10" E="164" />

[2026-04-18T04:17:33.010015+00:00]
<C T="1776521853.0250" Y="L" C="10" E="165" />

[2026-04-18T04:17:33.863065+00:00]
<C T="1776521854.0530" Y="L" C="10" E="166" />

[2026-04-18T04:17:34.825843+00:00]
<C T="1776521855.0080" Y="L" C="10" E="167" />

[2026-04-18T04:17:35.979677+00:00]
<C T="1776521856.0270" Y="L" C="10" E="168" />

[2026-04-18T04:17:36.901251+00:00]
<C T="1776521857.0530" Y="L" C="10" E="169" />

[2026-04-18T04:17:37.827903+00:00]
<C T="1776521858.0180" Y="L" C="10" E="170" />

[2026-04-18T04:17:38.836385+00:00]
<C T="1776521859.0330" Y="L" C="10" E="171" />

[2026-04-18T04:17:39.973201+00:00]
<C T="1776521860.0470" Y="L" C="10" E="172" />
