
[2026-04-18T04:23:32.012025+00:00]
<New T="1776522212.2272" Seq="83"><M D="Victorian Motor Racing Championship Round 2 (VMRC)" Y="Cars" /><T C="CPR" N="Calder Park Raceway" I="0" P="0" PI1="0" PI2="0"></T><E C="R3" D="2026 Hankook Hyper Racer Australian Drivers&apos; C&apos;ship - Race 1" Y="Race" MP="N" MPD="0" L="12" TY="" ST="0" RY="Race" RI="57.8265" RD="739781" RC="Hayden Crossland" RS="NSW" RV="Hyper Racer X1" /><OL><O ID="0" C="HYPER" Y="Cars" RY="Race" RI="57.8265" RD="739781" RC="Hayden Crossland" RS="NSW" RV="Hyper Racer X1" /></OL><RL><R ID="1" CC="0" C="2" S="" N="2" V="Hyper Racer X1"><V ID="1" B="1" N="Dean Crooke" /></R><R ID="2" CC="0" C="4" S="" N="4" V="Hyper Racer X1"><V ID="1" B="1" N="Aaron Imbach" /></R><R ID="3" CC="0" C="5" S="" N="5" V="Hyper Racer X1"><V ID="1" B="1" N="Christopher Carydias" /></R><R ID="4" CC="0" C="11" S="" N="11" V="Hyper Racer X1"><V ID="1" B="1" N="Stephen Donnellan" /></R><R ID="5" CC="0" C="12" S="" N="12" V="Hyper Racer X1"><V ID="1" B="1" N="Rob Summons" /></R><R ID="6" CC="0" C="14" S="" N="14" V="Hyper Racer X1"><V ID="1" B="1" N="Jack Lewis" /></R><R ID="7" CC="0" C="19" S="" N="19" V="Hyper Racer X1"><V ID="1" B="1" N="Hamish Leighton" /></R><R ID="8" CC="0" C="23" S="" N="23" V="Hyper Racer X1"><V ID="1" B="1" N="Peter Nowlan" /></R><R ID="9" CC="0" C="24" S="" N="24" V="Hyper Racer X1"><V ID="1" B="1" N="Brenton Davey" /></R><R ID="10" CC="0" C="34" S="" N="34" V="Hyper Racer X1"><V ID="1" B="1" N="Lucas Stasi" /></R><R ID="11" CC="0" C="38" S="" N="38" V="Hyper Racer X1"><V ID="1" B="1" N="Zachary Catlin" /></R><R ID="12" CC="0" C="63" S="" N="63" V="Hyper Racer X1"><V ID="1" B="1" N="Harry Strik" /></R><R ID="13" CC="0" C="68" S="" N="68" V="Hyper Racer X1"><V ID="1" B="1" N="Terry Knowles" /></R><R ID="14" CC="0" C="74" S="" N="74" V="Hyper Racer X1"><V ID="1" B="1" N="Bradley Smith" /></R><R ID="15" CC="0" C="77" S="" N="77" V="Hyper Racer X1"><V ID="1" B="1" N="Justin Yuen" /></R><R ID="16" CC="0" C="82" S="" N="82" V="Hyper Racer X1"><V ID="1" B="1" N="Rocco Spinley" /></R><R ID="17" CC="0" C="88" S="" N="88" V="Hyper Racer X1"><V ID="1" B="1" N="Chris Peters" /></R></RL></New>

[2026-04-18T04:23:32.012503+00:00]
<C T="1776522212.2272" Y="L" C="4" E="524" />

[2026-04-18T04:23:32.012662+00:00]
<S T="1776522212.2272" S="Green" I="1776521687.5961" R="0" E="R3" P="1" SN="0" />

[2026-04-18T04:23:32.012732+00:00]
<G T="1776522212.2272" R="" C="" />

[2026-04-18T04:23:32.012761+00:00]
<A T="1776522212.2272" Y="f" C="14" I="59.7793" S1="0.0000" />

[2026-04-18T04:23:32.012792+00:00]
<L T="1776522212.2272" Y="f" L="13"><P L="1" LL="1" P="1" LP="1" C="10" D="1" T="10"><D LT="0" L="8" I="60.0365" T="1776522178.1187" PN="1" SN="0" LL="M" P="N" LLP="0" LDC="0" LCD="8" FL="8" FTY="" FI="60.0365" FT="1776522178.1187" GL="0" GI="0.0000" GNL="0" GNI="0.0000" LGL="0" LGI="0.0000" LGNL="0" LGNI="0.0000" PS="0" PF="" PI="0.0000" PT="0.0000" SP="0" LP="M" TY="" TSL="0" /></P><P L="2" LL="2" P="2" LP="2" C="11" D="1" T="11"><D LT="0" L="8" I="60.4044" T="1776522182.1224" PN="1" SN="0" LL="M" P="N" LLP="0" LDC="0" LCD="8" FL="6" FTY="" FI="60.2940" FT="1776522061.0389" GL="0" GI="4.0037" GNL="0" GNI="4.0037" LGL="0" LGI="4.0037" LGNL="0" LGNI="4.0037" PS="0" PF="" PI="0.0000" PT="0.0000" SP="0" LP="M" TY="" TSL="0" /></P><P L="3" LL="3" P="3" LP="3" C="14" D="1" T="14"><D LT="0" L="8" I="59.8773" T="1776522182.7389" PN="1" SN="0" LL="M" P="N" LLP="0" LDC="0" LCD="8" FL="5" FTY="" FI="59.7793" FT="1776522002.4392" GL="0" GI="4.6202" GNL="0" GNI="0.6165" LGL="0" LGI="4.6202" LGNL="0" LGNI="0.6165" PS="0" PF="" PI="0.0000" PT="0.0000" SP="0" LP="M" TY="" TSL="0" /></P><P L="4" LL="4" P="4" LP="4" C="9" D="1" T="9"><D LT="0" L="8" I="60.8568" T="1776522183.3419" PN="1" SN="0" LL="M" P="N" LLP="0" LDC="0" LCD="8" FL="6" FTY="" FI="60.4250" FT="1776522061.9050" GL="0" GI="5.2232" GNL="0" GNI="0.6030" LGL="0" LGI="5.2232" LGNL="0" LGNI="0.6030" PS="0" PF="" PI="0.0000" PT="0.0000" SP="0" LP="M" TY="" TSL="0" /></P><P L="5" LL="5" P="5" LP="5" C="16" D="1" T="16"><D LT="0" L="8" I="60.3712" T="1776522186.0792" PN="1" SN="0" LL="M" P="N" LLP="0" LDC="0" LCD="8" FL="6" FTY="" FI="59.8136" FT="1776522065.2744" GL="0" GI="7.9605" GNL="0" GNI="2.7373" LGL="0" LGI="7.9605" LGNL="0" LGNI="2.7373" PS="0" PF="" PI="0.0000" PT="0.0000" SP="0" LP="M" TY="" TSL="0" /></P><P L="6" LL="6" P="6" LP="6" C="2" D="1" T="2"><D LT="0" L="8" I="60.8036" T="1776522187.0422" PN="1" SN="0" LL="M" P="N" LLP="0" LDC="0" LCD="8" FL="7" FTY="" FI="60.2407" FT="1776522126.2386" GL="0" GI="8.9235" GNL="0" GNI="0.9630" LGL="0" LGI="8.9235" LGNL="0" LGNI="0.9630" PS="0" PF="" PI="0.0000" PT="0.0000" SP="0" LP="M" TY="" TSL="0" /></P><P L="7" LL="7" P="7" LP="7" C="17" D="1" T="1"><D LT="0" L="8" I="61.1120" T="1776522190.9494" PN="1" SN="0" LL="M" P="N" LLP="0" LDC="0" LCD="8" FL="5" FTY="" FI="60.8248" FT="1776522007.8180" GL="0" GI="12.8307" GNL="0" GNI="3.9072" LGL="0" LGI="12.8307" LGNL="0" LGNI="3.9072" PS="0" PF="" PI="0.0000" PT="0.0000" SP="0" LP="M" TY="" TSL="0" /></P><P L="8" LL="8" P="8" LP="8" C="13" D="1" T="3"><D LT="0" L="8" I="62.4824" T="1776522199.7396" PN="1" SN="0" LL="M" P="N" LLP="0" LDC="0" LCD="8" FL="7" FTY="" FI="61.7166" FT="1776522137.2572" GL="0" GI="21.6209" GNL="0" GNI="8.7902" LGL="0" LGI="21.6209" LGNL="0" LGNI="8.7902" PS="0" PF="" PI="0.0000" PT="0.0000" SP="0" LP="M" TY="" TSL="0" /></P><P L="9" LL="9" P="9" LP="9" C="6" D="1" T="17"><D LT="0" L="8" I="82.5134" T="1776522206.9344" PN="1" SN="0" LL="M" P="N" LLP="0" LDC="0" LCD="8" FL="6" FTY="" FI="60.1495" FT="1776522063.7144" GL="0" GI="28.8157" GNL="0" GNI="7.1948" LGL="0" LGI="28.8157" LGNL="0" LGNI="7.1948" PS="0" PF="" PI="0.0000" PT="0.0000" SP="0" LP="M" TY="" TSL="0" /></P><P L="10" LL="10" P="10" LP="10" C="7" D="1" T="13"><D LT="0" L="7" I="62.7817" T="1776522149.1139" PN="1" SN="0" LL="M" P="N" LLP="0" LDC="0" LCD="7" FL="6" FTY="" FI="62.6943" FT="1776522086.3322" GL="0" GI="31.0317" GNL="0" GNI="24.6929" LGL="0" LGI="31.0317" LGNL="0" LGNI="24.6929" PS="0" PF="" PI="0.0000" PT="0.0000" SP="0" LP="M" TY="" TSL="0" /></P><P L="11" LL="11" P="11" LP="11" C="5" D="1" T="6"><D LT="0" L="7" I="63.8761" T="1776522153.9959" PN="1" SN="0" LL="M" P="N" LLP="0" LDC="0" LCD="7" FL="7" FTY="" FI="63.8761" FT="1776522153.9959" GL="0" GI="35.9137" GNL="0" GNI="4.8820" LGL="0" LGI="35.9137" LGNL="0" LGNI="4.8820" PS="0" PF="" PI="0.0000" PT="0.0000" SP="0" LP="M" TY="" TSL="0" /></P><P L="12" LL="12" P="12" LP="12" C="1" D="1" T="7"><D LT="0" L="7" I="60.8594" T="1776522187.3712" PN="1" SN="0" LL="M" P="N" LLP="0" LDC="0" LCD="7" FL="6" FTY="" FI="60.0380" FT="1776522126.5118" GL="1" GI="9.2525" GNL="0" GNI="33.3753" LGL="1" LGI="9.2525" LGNL="0" LGNI="33.3753" PS="0" PF="" PI="0.0000" PT="0.0000" SP="0" LP="M" TY="" TSL="0" /></P><P L="13" LL="13" P="13" LP="13" C="3" D="1" T="5"><D LT="0" L="7" I="64.4862" T="1776522190.8277" PN="1" SN="0" LL="M" P="N" LLP="0" LDC="0" LCD="7" FL="4" FTY="" FI="61.2250" FT="1776521946.0955" GL="1" GI="12.7090" GNL="0" GNI="3.4565" LGL="1" LGI="12.7090" LGNL="0" LGNI="3.4565" PS="0" PF="" PI="0.0000" PT="0.0000" SP="0" LP="M" TY="" TSL="0" /></P></L>

[2026-04-18T04:23:32.201944+00:00]
<L T="1776522212.4310" Y="p" L="13"><P L="10" LL="10" P="10" LP="10" C="7" D="1" T="13"><D L="8" I="63.0356" T="1776522212.1495" LCD="8" GI="34.0308" GNI="5.2151" LGI="34.0308" LGNI="5.2151" /></P></L>

[2026-04-18T04:23:32.821899+00:00]
<C T="1776522213.0390" Y="L" C="4" E="525" />

[2026-04-18T04:23:33.791900+00:00]
<C T="1776522214.0060" Y="L" C="4" E="526" />

[2026-04-18T04:23:34.821439+00:00]
<C T="1776522215.0380" Y="L" C="4" E="527" />

[2026-04-18T04:23:35.772859+00:00]
<C T="1776522216.0010" Y="L" C="4" E="528" />

[2026-04-18T04:23:36.821883+00:00]
<C T="1776522217.0120" Y="L" C="4" E="529" />

[2026-04-18T04:23:37.820260+00:00]
<C T="1776522218.0400" Y="L" C="4" E="530" />

[2026-04-18T04:23:38.226845+00:00]
<L T="1776522218.4520" Y="p" L="13"><P L="11" LL="11" P="11" LP="11" C="5" D="1" T="6"><D L="8" I="64.1060" T="1776522218.1019" LCD="8" GI="39.9832" GNI="5.9524" LGI="39.9832" LGNI="5.9524" /></P></L>

[2026-04-18T04:23:38.805195+00:00]
<C T="1776522219.0190" Y="L" C="4" E="531" />

[2026-04-18T04:23:39.835230+00:00]
<C T="1776522220.0510" Y="L" C="4" E="532" />

[2026-04-18T04:23:40.904091+00:00]
<C T="1776522221.0180" Y="L" C="4" E="533" />

[2026-04-18T04:23:41.941937+00:00]
<C T="1776522222.0360" Y="L" C="4" E="534" />

[2026-04-18T04:23:42.973931+00:00]
<C T="1776522223.0550" Y="L" C="4" E="535" />

[2026-04-18T04:23:43.795362+00:00]
<C T="1776522224.0130" Y="L" C="4" E="536" />

[2026-04-18T04:23:44.841959+00:00]
<C T="1776522225.0400" Y="L" C="4" E="537" />

[2026-04-18T04:23:45.945327+00:00]
<C T="1776522226.0540" Y="L" C="4" E="538" />

[2026-04-18T04:23:46.790053+00:00]
<C T="1776522227.0050" Y="L" C="4" E="539" />

[2026-04-18T04:23:47.805540+00:00]
<C T="1776522228.0180" Y="L" C="4" E="540" />

[2026-04-18T04:23:48.809814+00:00]
<C T="1776522229.0300" Y="L" C="4" E="541" />

[2026-04-18T04:23:49.826434+00:00]
<C T="1776522230.0430" Y="L" C="4" E="542" />

[2026-04-18T04:23:50.841260+00:00]
<C T="1776522231.0580" Y="L" C="4" E="543" />

[2026-04-18T04:23:51.839739+00:00]
<C T="1776522232.0570" Y="L" C="4" E="544" />

[2026-04-18T04:23:52.906604+00:00]
<C T="1776522233.0070" Y="L" C="4" E="545" />

[2026-04-18T04:23:53.801742+00:00]
<C T="1776522234.0180" Y="L" C="4" E="546" />

[2026-04-18T04:23:54.799668+00:00]
<C T="1776522235.0160" Y="L" C="4" E="547" />

[2026-04-18T04:23:55.808561+00:00]
<C T="1776522236.0320" Y="L" C="4" E="548" />

[2026-04-18T04:23:56.804637+00:00]
<C T="1776522237.0360" Y="L" C="4" E="549" />

[2026-04-18T04:23:57.839872+00:00]
<C T="1776522238.0390" Y="L" C="4" E="550" />

[2026-04-18T04:23:58.463007+00:00]
<C T="1776522238.5570" Y="L" C="3" E="550" />
