
[2026-04-18T04:22:34.391119+00:00]
<New T="1776522154.6204" Seq="83"><M D="Victorian Motor Racing Championship Round 2 (VMRC)" Y="Cars" /><T C="CPR" N="Calder Park Raceway" I="0" P="0" PI1="0" PI2="0"></T><E C="R3" D="2026 Hankook Hyper Racer Australian Drivers&apos; C&apos;ship - Race 1" Y="Race" MP="N" MPD="0" L="12" TY="" ST="0" RY="Race" RI="57.8265" RD="739781" RC="Hayden Crossland" RS="NSW" RV="Hyper Racer X1" /><OL><O ID="0" C="HYPER" Y="Cars" RY="Race" RI="57.8265" RD="739781" RC="Hayden Crossland" RS="NSW" RV="Hyper Racer X1" /></OL><RL><R ID="1" CC="0" C="2" S="" N="2" V="Hyper Racer X1"><V ID="1" B="1" N="Dean Crooke" /></R><R ID="2" CC="0" C="4" S="" N="4" V="Hyper Racer X1"><V ID="1" B="1" N="Aaron Imbach" /></R><R ID="3" CC="0" C="5" S="" N="5" V="Hyper Racer X1"><V ID="1" B="1" N="Christopher Carydias" /></R><R ID="4" CC="0" C="11" S="" N="11" V="Hyper Racer X1"><V ID="1" B="1" N="Stephen Donnellan" /></R><R ID="5" CC="0" C="12" S="" N="12" V="Hyper Racer X1"><V ID="1" B="1" N="Rob Summons" /></R><R ID="6" CC="0" C="14" S="" N="14" V="Hyper Racer X1"><V ID="1" B="1" N="Jack Lewis" /></R><R ID="7" CC="0" C="19" S="" N="19" V="Hyper Racer X1"><V ID="1" B="1" N="Hamish Leighton" /></R><R ID="8" CC="0" C="23" S="" N="23" V="Hyper Racer X1"><V ID="1" B="1" N="Peter Nowlan" /></R><R ID="9" CC="0" C="24" S="" N="24" V="Hyper Racer X1"><V ID="1" B="1" N="Brenton Davey" /></R><R ID="10" CC="0" C="34" S="" N="34" V="Hyper Racer X1"><V ID="1" B="1" N="Lucas Stasi" /></R><R ID="11" CC="0" C="38" S="" N="38" V="Hyper Racer X1"><V ID="1" B="1" N="Zachary Catlin" /></R><R ID="12" CC="0" C="63" S="" N="63" V="Hyper Racer X1"><V ID="1" B="1" N="Harry Strik" /></R><R ID="13" CC="0" C="68" S="" N="68" V="Hyper Racer X1"><V ID="1" B="1" N="Terry Knowles" /></R><R ID="14" CC="0" C="74" S="" N="74" V="Hyper Racer X1"><V ID="1" B="1" N="Bradley Smith" /></R><R ID="15" CC="0" C="77" S="" N="77" V="Hyper Racer X1"><V ID="1" B="1" N="Justin Yuen" /></R><R ID="16" CC="0" C="82" S="" N="82" V="Hyper Racer X1"><V ID="1" B="1" N="Rocco Spinley" /></R><R ID="17" CC="0" C="88" S="" N="88" V="Hyper Racer X1"><V ID="1" B="1" N="Chris Peters" /></R></RL></New>

[2026-04-18T04:22:34.392609+00:00]
<C T="1776522154.6204" Y="L" C="5" E="466" />

[2026-04-18T04:22:34.393021+00:00]
<S T="1776522154.6204" S="Green" I="1776521687.5961" R="0" E="R3" P="1" SN="0" />

[2026-04-18T04:22:34.393191+00:00]
<G T="1776522154.6204" R="" C="" />

[2026-04-18T04:22:34.393279+00:00]
<A T="1776522154.6204" Y="f" C="14" I="59.7793" S1="0.0000" />

[2026-04-18T04:22:34.393697+00:00]
<L T="1776522154.6204" Y="f" L="13"><P L="1" LL="1" P="1" LP="1" C="10" D="1" T="10"><D LT="0" L="7" I="60.3086" T="1776522118.0822" PN="1" SN="0" LL="M" P="N" LLP="0" LDC="0" LCD="7" FL="6" FTY="" FI="60.1887" FT="1776522057.7736" GL="0" GI="0.0000" GNL="0" GNI="0.0000" LGL="0" LGI="0.0000" LGNL="0" LGNI="0.0000" PS="0" PF="" PI="0.0000" PT="0.0000" SP="0" LP="M" TY="" TSL="0" /></P><P L="2" LL="2" P="2" LP="2" C="11" D="1" T="11"><D LT="0" L="7" I="60.6791" T="1776522121.7180" PN="1" SN="0" LL="M" P="N" LLP="0" LDC="0" LCD="7" FL="6" FTY="" FI="60.2940" FT="1776522061.0389" GL="0" GI="3.6358" GNL="0" GNI="3.6358" LGL="0" LGI="3.6358" LGNL="0" LGNI="3.6358" PS="0" PF="" PI="0.0000" PT="0.0000" SP="0" LP="M" TY="" TSL="0" /></P><P L="3" LL="3" P="3" LP="3" C="9" D="1" T="9"><D LT="0" L="7" I="60.5801" T="1776522122.4851" PN="1" SN="0" LL="M" P="N" LLP="0" LDC="0" LCD="7" FL="6" FTY="" FI="60.4250" FT="1776522061.9050" GL="0" GI="4.4029" GNL="0" GNI="0.7671" LGL="0" LGI="4.4029" LGNL="0" LGNI="0.7671" PS="0" PF="" PI="0.0000" PT="0.0000" SP="0" LP="M" TY="" TSL="0" /></P><P L="4" LL="4" P="4" LP="4" C="14" D="1" T="14"><D LT="0" L="7" I="60.5357" T="1776522122.8616" PN="1" SN="0" LL="M" P="N" LLP="0" LDC="0" LCD="7" FL="5" FTY="" FI="59.7793" FT="1776522002.4392" GL="0" GI="4.7794" GNL="0" GNI="0.3765" LGL="0" LGI="4.7794" LGNL="0" LGNI="0.3765" PS="0" PF="" PI="0.0000" PT="0.0000" SP="0" LP="M" TY="" TSL="0" /></P><P L="5" LL="5" P="5" LP="5" C="6" D="1" T="6"><D LT="0" L="7" I="60.7066" T="1776522124.4210" PN="1" SN="0" LL="M" P="N" LLP="0" LDC="0" LCD="7" FL="6" FTY="" FI="60.1495" FT="1776522063.7144" GL="0" GI="6.3388" GNL="0" GNI="1.5594" LGL="0" LGI="6.3388" LGNL="0" LGNI="1.5594" PS="0" PF="" PI="0.0000" PT="0.0000" SP="0" LP="M" TY="" TSL="0" /></P><P L="6" LL="6" P="6" LP="6" C="16" D="1" T="16"><D LT="0" L="7" I="60.4336" T="1776522125.7080" PN="1" SN="0" LL="M" P="N" LLP="0" LDC="0" LCD="7" FL="6" FTY="" FI="59.8136" FT="1776522065.2744" GL="0" GI="7.6258" GNL="0" GNI="1.2870" LGL="0" LGI="7.6258" LGNL="0" LGNI="1.2870" PS="0" PF="" PI="0.0000" PT="0.0000" SP="0" LP="M" TY="" TSL="0" /></P><P L="7" LL="7" P="7" LP="7" C="2" D="1" T="2"><D LT="0" L="7" I="60.2407" T="1776522126.2386" PN="1" SN="0" LL="M" P="N" LLP="0" LDC="0" LCD="7" FL="7" FTY="" FI="60.2407" FT="1776522126.2386" GL="0" GI="8.1564" GNL="0" GNI="0.5306" LGL="0" LGI="8.1564" LGNL="0" LGNI="0.5306" PS="0" PF="" PI="0.0000" PT="0.0000" SP="0" LP="M" TY="" TSL="0" /></P><P L="8" LL="8" P="8" LP="8" C="17" D="1" T="3"><D LT="0" L="7" I="60.9438" T="1776522129.8374" PN="1" SN="0" LL="M" P="N" LLP="0" LDC="0" LCD="7" FL="5" FTY="" FI="60.8248" FT="1776522007.8180" GL="0" GI="11.7552" GNL="0" GNI="3.5988" LGL="0" LGI="11.7552" LGNL="0" LGNI="3.5988" PS="0" PF="" PI="0.0000" PT="0.0000" SP="0" LP="M" TY="" TSL="0" /></P><P L="9" LL="9" P="9" LP="9" C="13" D="1" T="1"><D LT="0" L="7" I="61.7166" T="1776522137.2572" PN="1" SN="0" LL="M" P="N" LLP="0" LDC="0" LCD="7" FL="7" FTY="" FI="61.7166" FT="1776522137.2572" GL="0" GI="19.1750" GNL="0" GNI="7.4198" LGL="0" LGI="19.1750" LGNL="0" LGNI="7.4198" PS="0" PF="" PI="0.0000" PT="0.0000" SP="0" LP="M" TY="" TSL="0" /></P><P L="10" LL="10" P="10" LP="10" C="7" D="1" T="17"><D LT="0" L="7" I="62.7817" T="1776522149.1139" PN="1" SN="0" LL="M" P="N" LLP="0" LDC="0" LCD="7" FL="6" FTY="" FI="62.6943" FT="1776522086.3322" GL="0" GI="31.0317" GNL="0" GNI="11.8567" LGL="0" LGI="31.0317" LGNL="0" LGNI="11.8567" PS="0" PF="" PI="0.0000" PT="0.0000" SP="0" LP="M" TY="" TSL="0" /></P><P L="11" LL="11" P="11" LP="11" C="5" D="1" T="13"><D LT="0" L="7" I="63.8761" T="1776522153.9959" PN="1" SN="0" LL="M" P="N" LLP="0" LDC="0" LCD="7" FL="7" FTY="" FI="63.8761" FT="1776522153.9959" GL="0" GI="35.9137" GNL="0" GNI="4.8820" LGL="0" LGI="35.9137" LGNL="0" LGNI="4.8820" PS="0" PF="" PI="0.0000" PT="0.0000" SP="0" LP="M" TY="" TSL="0" /></P><P L="12" LL="12" P="12" LP="12" C="3" D="1" T="7"><D LT="0" L="6" I="68.3090" T="1776522126.3415" PN="1" SN="0" LL="M" P="N" LLP="0" LDC="0" LCD="6" FL="4" FTY="" FI="61.2250" FT="1776521946.0955" GL="1" GI="8.2593" GNL="0" GNI="36.2217" LGL="1" LGI="8.2593" LGNL="0" LGNI="36.2217" PS="0" PF="" PI="0.0000" PT="0.0000" SP="0" LP="M" TY="" TSL="0" /></P><P L="13" LL="13" P="13" LP="13" C="1" D="1" T="5"><D LT="0" L="6" I="60.0380" T="1776522126.5118" PN="1" SN="0" LL="M" P="N" LLP="0" LDC="0" LCD="6" FL="6" FTY="" FI="60.0380" FT="1776522126.5118" GL="1" GI="8.4296" GNL="0" GNI="0.1703" LGL="1" LGI="8.4296" LGNL="0" LGNI="0.1703" PS="0" PF="" PI="0.0000" PT="0.0000" SP="0" LP="M" TY="" TSL="0" /></P></L>

[2026-04-18T04:22:34.790959+00:00]
<C T="1776522155.0090" Y="L" C="5" E="467" />

[2026-04-18T04:22:35.813934+00:00]
<C T="1776522156.0280" Y="L" C="5" E="468" />

[2026-04-18T04:22:36.873568+00:00]
<C T="1776522157.0380" Y="L" C="5" E="469" />

[2026-04-18T04:22:37.853368+00:00]
<C T="1776522158.0390" Y="L" C="5" E="470" />

[2026-04-18T04:22:38.843497+00:00]
<C T="1776522159.0580" Y="L" C="5" E="471" />

[2026-04-18T04:22:39.827526+00:00]
<C T="1776522160.0530" Y="L" C="5" E="472" />

[2026-04-18T04:22:40.831870+00:00]
<C T="1776522161.0520" Y="L" C="5" E="473" />

[2026-04-18T04:22:41.791494+00:00]
<C T="1776522162.0050" Y="L" C="5" E="474" />

[2026-04-18T04:22:42.787851+00:00]
<C T="1776522163.0200" Y="L" C="5" E="475" />

[2026-04-18T04:22:43.968704+00:00]
<C T="1776522164.0180" Y="L" C="5" E="476" />

[2026-04-18T04:22:44.797681+00:00]
<C T="1776522165.0310" Y="L" C="5" E="477" />

[2026-04-18T04:22:45.825801+00:00]
<C T="1776522166.0440" Y="L" C="5" E="478" />

[2026-04-18T04:22:46.843255+00:00]
<C T="1776522167.0590" Y="L" C="5" E="479" />

[2026-04-18T04:22:47.838829+00:00]
<C T="1776522168.0220" Y="L" C="5" E="480" />

[2026-04-18T04:22:48.788875+00:00]
<C T="1776522169.0240" Y="L" C="5" E="481" />

[2026-04-18T04:22:49.807306+00:00]
<C T="1776522170.0350" Y="L" C="5" E="482" />

[2026-04-18T04:22:50.811220+00:00]
<C T="1776522171.0400" Y="L" C="5" E="483" />

[2026-04-18T04:22:51.812820+00:00]
<C T="1776522172.0440" Y="L" C="5" E="484" />

[2026-04-18T04:22:52.822125+00:00]
<C T="1776522173.0470" Y="L" C="5" E="485" />

[2026-04-18T04:22:53.831348+00:00]
<C T="1776522174.0470" Y="L" C="5" E="486" />

[2026-04-18T04:22:54.924630+00:00]
<C T="1776522175.0620" Y="L" C="5" E="487" />

[2026-04-18T04:22:55.786213+00:00]
<C T="1776522176.0140" Y="L" C="5" E="488" />

[2026-04-18T04:22:56.792470+00:00]
<C T="1776522177.0080" Y="L" C="5" E="489" />

[2026-04-18T04:22:57.799400+00:00]
<C T="1776522178.0270" Y="L" C="5" E="490" />

[2026-04-18T04:22:58.244703+00:00]
<C T="1776522178.4680" Y="L" C="4" E="490" />
