
[2026-04-18T04:26:44.200369+00:00]
<New T="1776522404.3286" Seq="83"><M D="Victorian Motor Racing Championship Round 2 (VMRC)" Y="Cars" /><T C="CPR" N="Calder Park Raceway" I="0" P="0" PI1="0" PI2="0"></T><E C="R3" D="2026 Hankook Hyper Racer Australian Drivers&apos; C&apos;ship - Race 1" Y="Race" MP="N" MPD="0" L="12" TY="" ST="0" RY="Race" RI="57.8265" RD="739781" RC="Hayden Crossland" RS="NSW" RV="Hyper Racer X1" /><OL><O ID="0" C="HYPER" Y="Cars" RY="Race" RI="57.8265" RD="739781" RC="Hayden Crossland" RS="NSW" RV="Hyper Racer X1" /></OL><RL><R ID="1" CC="0" C="2" S="" N="2" V="Hyper Racer X1"><V ID="1" B="1" N="Dean Crooke" /></R><R ID="2" CC="0" C="4" S="" N="4" V="Hyper Racer X1"><V ID="1" B="1" N="Aaron Imbach" /></R><R ID="3" CC="0" C="5" S="" N="5" V="Hyper Racer X1"><V ID="1" B="1" N="Christopher Carydias" /></R><R ID="4" CC="0" C="11" S="" N="11" V="Hyper Racer X1"><V ID="1" B="1" N="Stephen Donnellan" /></R><R ID="5" CC="0" C="12" S="" N="12" V="Hyper Racer X1"><V ID="1" B="1" N="Rob Summons" /></R><R ID="6" CC="0" C="14" S="" N="14" V="Hyper Racer X1"><V ID="1" B="1" N="Jack Lewis" /></R><R ID="7" CC="0" C="19" S="" N="19" V="Hyper Racer X1"><V ID="1" B="1" N="Hamish Leighton" /></R><R ID="8" CC="0" C="23" S="" N="23" V="Hyper Racer X1"><V ID="1" B="1" N="Peter Nowlan" /></R><R ID="9" CC="0" C="24" S="" N="24" V="Hyper Racer X1"><V ID="1" B="1" N="Brenton Davey" /></R><R ID="10" CC="0" C="34" S="" N="34" V="Hyper Racer X1"><V ID="1" B="1" N="Lucas Stasi" /></R><R ID="11" CC="0" C="38" S="" N="38" V="Hyper Racer X1"><V ID="1" B="1" N="Zachary Catlin" /></R><R ID="12" CC="0" C="63" S="" N="63" V="Hyper Racer X1"><V ID="1" B="1" N="Harry Strik" /></R><R ID="13" CC="0" C="68" S="" N="68" V="Hyper Racer X1"><V ID="1" B="1" N="Terry Knowles" /></R><R ID="14" CC="0" C="74" S="" N="74" V="Hyper Racer X1"><V ID="1" B="1" N="Bradley Smith" /></R><R ID="15" CC="0" C="77" S="" N="77" V="Hyper Racer X1"><V ID="1" B="1" N="Justin Yuen" /></R><R ID="16" CC="0" C="82" S="" N="82" V="Hyper Racer X1"><V ID="1" B="1" N="Rocco Spinley" /></R><R ID="17" CC="0" C="88" S="" N="88" V="Hyper Racer X1"><V ID="1" B="1" N="Chris Peters" /></R></RL></New>

[2026-04-18T04:26:44.201284+00:00]
<C T="1776522404.3286" Y="L" C="1" E="716" />

[2026-04-18T04:26:44.201490+00:00]
<S T="1776522404.3286" S="Green" I="1776521687.5961" R="0" E="R3" P="1" SN="0" />

[2026-04-18T04:26:44.201707+00:00]
<G T="1776522404.3286" R="" C="" />

[2026-04-18T04:26:44.201824+00:00]
<A T="1776522404.3286" Y="f" C="14" I="59.6222" S1="0.0000" />

[2026-04-18T04:26:44.201937+00:00]
<L T="1776522404.3286" Y="f" L="13"><P L="1" LL="1" P="1" LP="1" C="10" D="1" T="10"><D LT="0" L="11" I="59.6773" T="1776522358.1709" PN="1" SN="0" LL="M" P="N" LLP="0" LDC="0" LCD="11" FL="11" FTY="" FI="59.6773" FT="1776522358.1709" GL="0" GI="0.0000" GNL="0" GNI="0.0000" LGL="0" LGI="0.0000" LGNL="0" LGNI="0.0000" PS="0" PF="" PI="0.0000" PT="0.0000" SP="0" LP="M" TY="" TSL="0" /></P><P L="2" LL="2" P="2" LP="2" C="11" D="1" T="11"><D LT="0" L="11" I="59.7324" T="1776522361.9610" PN="1" SN="0" LL="M" P="N" LLP="0" LDC="0" LCD="11" FL="11" FTY="" FI="59.7324" FT="1776522361.9610" GL="0" GI="3.7901" GNL="0" GNI="3.7901" LGL="0" LGI="3.7901" LGNL="0" LGNI="3.7901" PS="0" PF="" PI="0.0000" PT="0.0000" SP="0" LP="M" TY="" TSL="0" /></P><P L="3" LL="3" P="3" LP="3" C="14" D="1" T="14"><D LT="0" L="11" I="59.6222" T="1776522362.3449" PN="1" SN="0" LL="M" P="N" LLP="0" LDC="0" LCD="11" FL="11" FTY="" FI="59.6222" FT="1776522362.3449" GL="0" GI="4.1740" GNL="0" GNI="0.3839" LGL="0" LGI="4.1740" LGNL="0" LGNI="0.3839" PS="0" PF="" PI="0.0000" PT="0.0000" SP="0" LP="M" TY="" TSL="0" /></P><P L="4" LL="4" P="4" LP="4" C="9" D="1" T="9"><D LT="0" L="11" I="59.8124" T="1776522363.2547" PN="1" SN="0" LL="M" P="N" LLP="0" LDC="0" LCD="11" FL="11" FTY="" FI="59.8124" FT="1776522363.2547" GL="0" GI="5.0838" GNL="0" GNI="0.9098" LGL="0" LGI="5.0838" LGNL="0" LGNI="0.9098" PS="0" PF="" PI="0.0000" PT="0.0000" SP="0" LP="M" TY="" TSL="0" /></P><P L="5" LL="5" P="5" LP="5" C="1" D="1" T="1"><D LT="0" L="11" I="59.8168" T="1776522368.2173" PN="1" SN="0" LL="M" P="N" LLP="0" LDC="0" LCD="11" FL="11" FTY="" FI="59.8168" FT="1776522368.2173" GL="0" GI="10.0464" GNL="0" GNI="4.9626" LGL="0" LGI="10.0464" LGNL="0" LGNI="4.9626" PS="0" PF="" PI="0.0000" PT="0.0000" SP="0" LP="M" TY="" TSL="0" /></P><P L="6" LL="6" P="6" LP="6" C="2" D="1" T="2"><D LT="0" L="11" I="60.1010" T="1776522368.9399" PN="1" SN="0" LL="M" P="N" LLP="0" LDC="0" LCD="11" FL="11" FTY="" FI="60.1010" FT="1776522368.9399" GL="0" GI="10.7690" GNL="0" GNI="0.7226" LGL="0" LGI="10.7690" LGNL="0" LGNI="0.7226" PS="0" PF="" PI="0.0000" PT="0.0000" SP="0" LP="M" TY="" TSL="0" /></P><P L="7" LL="7" P="7" LP="7" C="16" D="1" T="16"><D LT="0" L="11" I="60.3428" T="1776522369.4870" PN="1" SN="0" LL="M" P="N" LLP="0" LDC="0" LCD="11" FL="6" FTY="" FI="59.8136" FT="1776522065.2744" GL="0" GI="11.3161" GNL="0" GNI="0.5471" LGL="0" LGI="11.3161" LGNL="0" LGNI="0.5471" PS="0" PF="" PI="0.0000" PT="0.0000" SP="0" LP="M" TY="" TSL="0" /></P><P L="8" LL="8" P="8" LP="8" C="17" D="1" T="17"><D LT="0" L="11" I="60.3850" T="1776522372.9089" PN="1" SN="0" LL="M" P="N" LLP="0" LDC="0" LCD="11" FL="11" FTY="" FI="60.3850" FT="1776522372.9089" GL="0" GI="14.7380" GNL="0" GNI="3.4219" LGL="0" LGI="14.7380" LGNL="0" LGNI="3.4219" PS="0" PF="" PI="0.0000" PT="0.0000" SP="0" LP="M" TY="" TSL="0" /></P><P L="9" LL="9" P="9" LP="9" C="13" D="1" T="3"><D LT="0" L="11" I="61.6549" T="1776522385.2137" PN="1" SN="0" LL="M" P="N" LLP="0" LDC="0" LCD="11" FL="11" FTY="" FI="61.6549" FT="1776522385.2137" GL="0" GI="27.0428" GNL="0" GNI="12.3048" LGL="0" LGI="27.0428" LGNL="0" LGNI="12.3048" PS="0" PF="" PI="0.0000" PT="0.0000" SP="0" LP="M" TY="" TSL="0" /></P><P L="10" LL="10" P="10" LP="10" C="6" D="1" T="13"><D LT="0" L="11" I="59.9850" T="1776522388.7950" PN="1" SN="0" LL="M" P="N" LLP="0" LDC="0" LCD="11" FL="11" FTY="" FI="59.9850" FT="1776522388.7950" GL="0" GI="30.6241" GNL="0" GNI="3.5813" LGL="0" LGI="30.6241" LGNL="0" LGNI="3.5813" PS="0" PF="" PI="0.0000" PT="0.0000" SP="0" LP="M" TY="" TSL="0" /></P><P L="11" LL="11" P="11" LP="11" C="7" D="1" T="6"><D LT="0" L="11" I="61.8763" T="1776522398.2331" PN="1" SN="0" LL="M" P="N" LLP="0" LDC="0" LCD="11" FL="10" FTY="" FI="61.8446" FT="1776522336.3568" GL="0" GI="40.0622" GNL="0" GNI="9.4381" LGL="0" LGI="40.0622" LGNL="0" LGNI="9.4381" PS="0" PF="" PI="0.0000" PT="0.0000" SP="0" LP="M" TY="" TSL="0" /></P><P L="12" LL="12" P="12" LP="12" C="5" D="1" T="7"><D LT="0" L="10" I="62.6784" T="1776522343.9151" PN="1" SN="0" LL="M" P="N" LLP="0" LDC="0" LCD="10" FL="10" FTY="" FI="62.6784" FT="1776522343.9151" GL="0" GI="45.4215" GNL="0" GNI="7.5583" LGL="0" LGI="45.4215" LGNL="0" LGNI="7.5583" PS="0" PF="" PI="0.0000" PT="0.0000" SP="0" LP="M" TY="" TSL="0" /></P><P L="13" LL="13" P="13" LP="13" C="3" D="1" T="5"><D LT="0" L="10" I="61.1393" T="1776522376.9325" PN="1" SN="0" LL="M" P="N" LLP="0" LDC="0" LCD="10" FL="10" FTY="" FI="61.1393" FT="1776522376.9325" GL="1" GI="18.7616" GNL="0" GNI="33.0174" LGL="1" LGI="18.7616" LGNL="0" LGNI="33.0174" PS="0" PF="" PI="0.0000" PT="0.0000" SP="0" LP="M" TY="" TSL="0" /></P></L>

[2026-04-18T04:26:44.816536+00:00]
<C T="1776522405.0310" Y="L" C="1" E="717" />

[2026-04-18T04:26:45.832385+00:00]
<C T="1776522406.0470" Y="L" C="1" E="718" />

[2026-04-18T04:26:46.743437+00:00]
<L T="1776522406.9600" Y="p" L="13"><P L="12" LL="12" P="12" LP="12" C="5" D="1" T="7"><D L="11" I="62.7376" T="1776522406.6527" LCD="11" GI="48.4818" GNI="8.4196" LGI="48.4818" LGNI="8.4196" /></P></L>

[2026-04-18T04:26:46.791630+00:00]
<C T="1776522407.0200" Y="L" C="1" E="719" />

[2026-04-18T04:26:47.827362+00:00]
<C T="1776522408.0250" Y="L" C="1" E="720" />

[2026-04-18T04:26:48.842306+00:00]
<C T="1776522409.0540" Y="L" C="1" E="721" />

[2026-04-18T04:26:49.799824+00:00]
<C T="1776522410.0140" Y="L" C="1" E="722" />

[2026-04-18T04:26:50.801867+00:00]
<C T="1776522411.0160" Y="L" C="1" E="723" />

[2026-04-18T04:26:51.823975+00:00]
<C T="1776522412.0350" Y="L" C="1" E="724" />

[2026-04-18T04:26:52.839626+00:00]
<C T="1776522413.0540" Y="L" C="1" E="725" />

[2026-04-18T04:26:53.805319+00:00]
<C T="1776522414.0100" Y="L" C="1" E="726" />

[2026-04-18T04:26:54.814393+00:00]
<C T="1776522415.0250" Y="L" C="1" E="727" />

[2026-04-18T04:26:55.836201+00:00]
<C T="1776522416.0400" Y="L" C="1" E="728" />

[2026-04-18T04:26:56.841885+00:00]
<C T="1776522417.0540" Y="L" C="1" E="729" />

[2026-04-18T04:26:57.806201+00:00]
<C T="1776522418.0050" Y="L" C="1" E="730" />

[2026-04-18T04:26:58.145179+00:00]
<S T="1776522418.2740" S="Checkered" I="1776522418.2641" R="0" E="R3" P="1" SN="0" />

[2026-04-18T04:26:58.145559+00:00]
<F T="1776522418.2890" S="Checkered" I="1776522418.2641" P="1" SN="0" />

[2026-04-18T04:26:58.381901+00:00]
<C T="1776522418.6060" Y="L" C="0" E="730" />

[2026-04-18T04:26:58.387129+00:00]
<L T="1776522418.6060" Y="p" L="13"><P L="1" LL="1" P="1" LP="1" C="10" D="1" T="10"><D L="12" I="60.2422" T="1776522418.4131" LCD="12" /></P></L>

[2026-04-18T04:26:58.964094+00:00]
<C T="1776522419.0500" Y="L" C="0" E="731" />

[2026-04-18T04:26:59.807884+00:00]
<C T="1776522420.0190" Y="L" C="0" E="732" />

[2026-04-18T04:27:00.876824+00:00]
<C T="1776522421.0490" Y="L" C="0" E="733" />

[2026-04-18T04:27:01.837247+00:00]
<C T="1776522422.0150" Y="L" C="0" E="734" />

[2026-04-18T04:27:01.879480+00:00]
<A T="1776522422.0940" Y="p" I="59.5372" />

[2026-04-18T04:27:01.885807+00:00]
<L T="1776522422.0940" Y="p" L="13"><P L="2" LL="2" P="2" LP="2" C="14" D="1" T="14"><D L="12" I="59.5372" T="1776522421.8821" LCD="12" FL="12" FI="59.5372" FT="1776522421.8821" GI="3.4690" GNI="3.4690" LGI="3.4690" LGNI="3.4690" /></P><P L="3" LL="3" P="3" LP="3" C="11" D="1" T="11"><D GNL="?" GNI="?" LGNL="?" LGNI="?" /></P><P L="4" LL="4" P="4" LP="4" C="9" D="1" T="9"><D GNI="1.2937" LGNI="1.2937" /></P></L>

[2026-04-18T04:27:03.063809+00:00]
<C T="1776522423.0420" Y="L" C="0" E="735" />

[2026-04-18T04:27:03.064875+00:00]
<L T="1776522423.1920" Y="p" L="13"><P L="3" LL="3" P="3" LP="3" C="11" D="1" T="11"><D L="12" I="61.0225" T="1776522422.9835" LCD="12" GI="4.5704" GNL="0" GNI="1.1014" LGI="4.5704" LGNL="0" LGNI="1.1014" /></P></L>

[2026-04-18T04:27:03.276884+00:00]
<L T="1776522423.4800" Y="p" L="13"><P L="4" LL="4" P="4" LP="4" C="9" D="1" T="9"><D L="12" I="60.0085" T="1776522423.2632" LCD="12" GI="4.8501" GNI="0.2797" LGI="4.8501" LGNI="0.2797" /></P></L>

[2026-04-18T04:27:03.982015+00:00]
<C T="1776522424.0320" Y="L" C="0" E="736" />

[2026-04-18T04:27:04.812097+00:00]
<C T="1776522425.0120" Y="L" C="0" E="737" />

[2026-04-18T04:27:05.788784+00:00]
<C T="1776522426.0140" Y="L" C="0" E="738" />

[2026-04-18T04:27:06.848570+00:00]
<C T="1776522427.0280" Y="L" C="0" E="739" />

[2026-04-18T04:27:07.841611+00:00]
<C T="1776522428.0580" Y="L" C="0" E="740" />

[2026-04-18T04:27:08.447503+00:00]
<L T="1776522428.6440" Y="p" L="13"><P L="5" LL="5" P="5" LP="5" C="1" D="1" T="1"><D L="12" I="60.2201" T="1776522428.4374" LCD="12" GI="10.0243" GNI="5.1742" LGI="10.0243" LGNI="5.1742" /></P></L>

[2026-04-18T04:27:08.817809+00:00]
<C T="1776522429.0230" Y="L" C="0" E="741" />

[2026-04-18T04:27:09.411306+00:00]
<L T="1776522429.5000" Y="p" L="13"><P L="6" LL="6" P="6" LP="6" C="2" D="1" T="2"><D L="12" I="60.3710" T="1776522429.3109" LCD="12" GI="10.8978" GNI="0.8735" LGI="10.8978" LGNI="0.8735" /></P></L>

[2026-04-18T04:27:09.751486+00:00]
<L T="1776522429.9580" Y="p" L="13"><P L="7" LL="7" P="7" LP="7" C="16" D="1" T="16"><D L="12" I="60.2864" T="1776522429.7734" LCD="12" GI="11.3603" GNI="0.4625" LGI="11.3603" LGNI="0.4625" /></P></L>

[2026-04-18T04:27:09.792425+00:00]
<C T="1776522430.0210" Y="L" C="0" E="742" />

[2026-04-18T04:27:10.817625+00:00]
<C T="1776522431.0350" Y="L" C="0" E="743" />

[2026-04-18T04:27:11.857056+00:00]
<C T="1776522432.0570" Y="L" C="0" E="744" />

[2026-04-18T04:27:12.828510+00:00]
<C T="1776522433.0200" Y="L" C="0" E="745" />

[2026-04-18T04:27:13.914222+00:00]
<C T="1776522434.0510" Y="L" C="0" E="746" />

[2026-04-18T04:27:14.835779+00:00]
<C T="1776522435.0160" Y="L" C="0" E="747" />

[2026-04-18T04:27:15.820992+00:00]
<C T="1776522436.0440" Y="L" C="0" E="748" />

[2026-04-18T04:27:16.862276+00:00]
<C T="1776522437.0600" Y="L" C="0" E="749" />

[2026-04-18T04:27:17.826996+00:00]
<C T="1776522438.0240" Y="L" C="0" E="750" />

[2026-04-18T04:27:18.835920+00:00]
<C T="1776522439.0560" Y="L" C="0" E="751" />

[2026-04-18T04:27:19.826817+00:00]
<C T="1776522440.0210" Y="L" C="0" E="752" />

[2026-04-18T04:27:20.433306+00:00]
<L T="1776522440.6240" Y="p" L="13"><P L="8" LL="8" P="8" LP="8" C="17" D="1" T="3"><D /></P><P L="9" LL="9" P="9" LP="9" C="13" D="1" T="17"><D /></P><P L="13" LL="13" P="13" LP="13" C="3" D="1" T="5"><D L="11" I="63.4053" T="1776522440.3378" LCD="11" GI="21.9247" GNI="33.6851" LGI="21.9247" LGNI="33.6851" /></P></L>

[2026-04-18T04:27:20.867456+00:00]
<C T="1776522441.0010" Y="L" C="0" E="753" />

[2026-04-18T04:27:21.836173+00:00]
<C T="1776522442.0340" Y="L" C="0" E="754" />

[2026-04-18T04:27:22.796228+00:00]
<C T="1776522443.0090" Y="L" C="0" E="755" />

[2026-04-18T04:27:23.830746+00:00]
<C T="1776522444.0390" Y="L" C="0" E="756" />

[2026-04-18T04:27:24.969922+00:00]
<C T="1776522445.0050" Y="L" C="0" E="757" />

[2026-04-18T04:27:25.837040+00:00]
<C T="1776522446.0360" Y="L" C="0" E="758" />

[2026-04-18T04:27:26.816441+00:00]
<C T="1776522447.0020" Y="L" C="0" E="759" />

[2026-04-18T04:27:27.573257+00:00]
<L T="1776522447.7970" Y="p" L="13"><P L="8" LL="8" P="8" LP="8" C="13" D="1" T="3"><D L="12" I="62.4310" T="1776522447.6447" LCD="12" GI="29.2316" GNI="17.8713" LGI="29.2316" LGNI="17.8713" /></P><P L="9" LL="9" P="9" LP="9" C="17" D="1" T="13"><D GNL="?" GNI="?" LGNL="?" LGNI="?" /></P><P L="10" LL="10" P="10" LP="10" C="6" D="1" T="17"><D GNI="15.8861" LGNI="15.8861" /></P></L>

[2026-04-18T04:27:27.833714+00:00]
<C T="1776522448.0470" Y="L" C="0" E="760" />

[2026-04-18T04:27:28.902133+00:00]
<L T="1776522448.9510" Y="p" L="13"><P L="9" LL="9" P="9" LP="9" C="6" D="1" T="13"><D L="12" I="59.8576" T="1776522448.6526" LCD="12" FL="12" FI="59.8576" FT="1776522448.6526" GI="30.2395" GNI="1.0079" LGI="30.2395" LGNI="1.0079" /></P><P L="10" LL="10" P="10" LP="10" C="17" D="1" T="6"><D /></P><P L="11" LL="11" P="11" LP="11" C="7" D="1" T="17"><D GNI="25.3242" LGNI="25.3242" /></P></L>

[2026-04-18T04:27:28.902616+00:00]
<C T="1776522449.0140" Y="L" C="0" E="761" />

[2026-04-18T04:27:29.888353+00:00]
<C T="1776522450.0320" Y="L" C="0" E="762" />

[2026-04-18T04:27:30.821076+00:00]
<C T="1776522451.0380" Y="L" C="0" E="763" />

[2026-04-18T04:27:31.791218+00:00]
<C T="1776522452.0030" Y="L" C="0" E="764" />

[2026-04-18T04:27:32.823313+00:00]
<C T="1776522453.0320" Y="L" C="0" E="765" />

[2026-04-18T04:27:33.796402+00:00]
<C T="1776522454.0000" Y="L" C="0" E="766" />

[2026-04-18T04:27:34.813770+00:00]
<C T="1776522455.0300" Y="L" C="0" E="767" />

[2026-04-18T04:27:35.931885+00:00]
<C T="1776522456.0590" Y="L" C="0" E="768" />

[2026-04-18T04:27:36.796594+00:00]
<C T="1776522457.0250" Y="L" C="0" E="769" />

[2026-04-18T04:27:37.836032+00:00]
<C T="1776522458.0380" Y="L" C="0" E="770" />

[2026-04-18T04:27:38.804980+00:00]
<C T="1776522459.0070" Y="L" C="0" E="771" />

[2026-04-18T04:27:39.805154+00:00]
<C T="1776522460.0220" Y="L" C="0" E="772" />

[2026-04-18T04:27:40.085002+00:00]
<L T="1776522460.3090" Y="p" L="13"><P L="10" LL="10" P="10" LP="10" C="7" D="1" T="6"><D L="12" I="61.8644" T="1776522460.0975" LCD="12" GI="41.6844" GNI="11.4449" LGI="41.6844" LGNI="11.4449" /></P><P L="11" LL="11" P="11" LP="11" C="17" D="1" T="7"><D /></P><P L="12" LL="12" P="12" LP="12" C="5" D="1" T="17"><D GNI="33.7438" LGNI="33.7438" /></P></L>

[2026-04-18T04:27:40.953982+00:00]
<C T="1776522461.0050" Y="L" C="0" E="773" />

[2026-04-18T04:27:41.816434+00:00]
<C T="1776522462.0230" Y="L" C="0" E="774" />

[2026-04-18T04:27:42.857430+00:00]
<C T="1776522463.0560" Y="L" C="0" E="775" />

[2026-04-18T04:27:43.810030+00:00]
<C T="1776522464.0230" Y="L" C="0" E="776" />

[2026-04-18T04:27:44.853922+00:00]
<C T="1776522465.0510" Y="L" C="0" E="777" />

[2026-04-18T04:27:45.790304+00:00]
<C T="1776522466.0000" Y="L" C="0" E="778" />

[2026-04-18T04:27:46.803067+00:00]
<C T="1776522467.0280" Y="L" C="0" E="779" />

[2026-04-18T04:27:47.825089+00:00]
<C T="1776522468.0400" Y="L" C="0" E="780" />

[2026-04-18T04:27:48.792199+00:00]
<C T="1776522469.0060" Y="L" C="0" E="781" />

[2026-04-18T04:27:49.830839+00:00]
<C T="1776522470.0370" Y="L" C="0" E="782" />

[2026-04-18T04:27:50.880602+00:00]
<C T="1776522471.0630" Y="L" C="0" E="783" />

[2026-04-18T04:27:51.804550+00:00]
<C T="1776522472.0140" Y="L" C="0" E="784" />

[2026-04-18T04:27:51.804882+00:00]
<L T="1776522472.0270" Y="p" L="13"><P L="11" LL="11" P="11" LP="11" C="5" D="1" T="7"><D L="12" I="65.1593" T="1776522471.8120" LCD="12" GI="53.3989" GNI="11.7145" LGI="53.3989" LGNI="11.7145" /></P><P L="12" LL="12" P="12" LP="12" C="17" D="1" T="5"><D /></P><P L="13" LL="13" P="13" LP="13" C="3" D="1" T="17"><D GNI="67.4289" LGNI="67.4289" /></P></L>

[2026-04-18T04:27:52.816173+00:00]
<C T="1776522473.0420" Y="L" C="0" E="785" />

[2026-04-18T04:27:53.846328+00:00]
<C T="1776522474.0590" Y="L" C="0" E="786" />

[2026-04-18T04:27:54.849772+00:00]
<C T="1776522475.0270" Y="L" C="0" E="787" />

[2026-04-18T04:27:56.000082+00:00]
<C T="1776522476.0240" Y="L" C="0" E="788" />

[2026-04-18T04:27:56.826214+00:00]
<C T="1776522477.0540" Y="L" C="0" E="789" />

[2026-04-18T04:27:57.786323+00:00]
<C T="1776522478.0080" Y="L" C="0" E="790" />

[2026-04-18T04:27:58.786189+00:00]
<C T="1776522479.0110" Y="L" C="0" E="791" />

[2026-04-18T04:27:59.800982+00:00]
<C T="1776522480.0170" Y="L" C="0" E="792" />

[2026-04-18T04:28:00.915262+00:00]
<C T="1776522481.0420" Y="L" C="0" E="793" />

[2026-04-18T04:28:01.840529+00:00]
<C T="1776522482.0570" Y="L" C="0" E="794" />

[2026-04-18T04:28:02.860662+00:00]
<C T="1776522483.0240" Y="L" C="0" E="795" />

[2026-04-18T04:28:03.884541+00:00]
<C T="1776522484.0410" Y="L" C="0" E="796" />

[2026-04-18T04:28:04.908563+00:00]
<C T="1776522485.0090" Y="L" C="0" E="797" />

[2026-04-18T04:28:05.932275+00:00]
<C T="1776522486.0420" Y="L" C="0" E="798" />

[2026-04-18T04:28:06.839343+00:00]
<C T="1776522487.0090" Y="L" C="0" E="799" />

[2026-04-18T04:28:07.840673+00:00]
<C T="1776522488.0420" Y="L" C="0" E="800" />

[2026-04-18T04:28:08.901904+00:00]
<C T="1776522489.0100" Y="L" C="0" E="801" />

[2026-04-18T04:28:09.810754+00:00]
<C T="1776522490.0230" Y="L" C="0" E="802" />

[2026-04-18T04:28:10.949429+00:00]
<C T="1776522491.0520" Y="L" C="0" E="803" />

[2026-04-18T04:28:11.792591+00:00]
<C T="1776522492.0060" Y="L" C="0" E="804" />

[2026-04-18T04:28:12.895735+00:00]
<C T="1776522493.0370" Y="L" C="0" E="805" />

[2026-04-18T04:28:13.785280+00:00]
<C T="1776522494.0020" Y="L" C="0" E="806" />

[2026-04-18T04:28:14.811906+00:00]
<C T="1776522495.0210" Y="L" C="0" E="807" />

[2026-04-18T04:28:15.967200+00:00]
<C T="1776522496.0400" Y="L" C="0" E="808" />

[2026-04-18T04:28:16.735158+00:00]
<L T="1776522496.9470" Y="p" L="13"><P L="12" LL="12" P="12" LP="12" C="17" D="1" T="5"><D L="12" I="123.6409" T="1776522496.5498" P="Y" LCD="12" GI="78.1367" GNL="0" GNI="24.7378" LGI="78.1367" LGNL="0" LGNI="24.7378" PF="P" /></P></L>

[2026-04-18T04:28:16.785208+00:00]
<C T="1776522497.0120" Y="L" C="0" E="809" />

[2026-04-18T04:28:17.821530+00:00]
<C T="1776522498.0170" Y="L" C="0" E="810" />

[2026-04-18T04:28:18.936971+00:00]
<C T="1776522499.0530" Y="L" C="0" E="811" />

[2026-04-18T04:28:19.961064+00:00]
<C T="1776522500.0600" Y="L" C="0" E="812" />

[2026-04-18T04:28:20.882355+00:00]
<C T="1776522501.0160" Y="L" C="0" E="813" />

[2026-04-18T04:28:22.009323+00:00]
<C T="1776522502.0160" Y="L" C="0" E="814" />

[2026-04-18T04:28:22.830648+00:00]
<C T="1776522503.0300" Y="L" C="0" E="815" />

[2026-04-18T04:28:23.954772+00:00]
<C T="1776522504.0440" Y="L" C="0" E="816" />

[2026-04-18T04:28:24.979127+00:00]
<C T="1776522505.0470" Y="L" C="0" E="817" />

[2026-04-18T04:28:26.002553+00:00]
<C T="1776522506.0500" Y="L" C="0" E="818" />

[2026-04-18T04:28:26.822087+00:00]
<C T="1776522507.0060" Y="L" C="0" E="819" />

[2026-04-18T04:28:27.448770+00:00]
<C T="1776522507.6560" Y="L" C="0" E="730" />

[2026-04-18T04:28:27.449673+00:00]
<S T="1776522507.6700" S="Ended" I="1776522507.6738" R="0" E="R3" P="1" SN="0" />

[2026-04-18T04:28:27.450150+00:00]
<F T="1776522507.6720" S="End" I="1776522507.6738" P="1" SN="0" />

[2026-04-18T04:28:27.455173+00:00]
<L T="1776522507.6720" Y="p" L="13"><P L="12" LL="12" P="12" LP="12" C="3" D="1" T="5"><D GNI="33.6851" LGNI="33.6851" /></P><P L="13" LL="13" P="DNF" LP="DNF" C="17" D="1" T="17"><D GNL="?" GNI="?" LGNL="?" LGNI="?" /></P></L>

[2026-04-18T04:28:31.839804+00:00]
<H T="1776522512.0450" />

[2026-04-18T04:28:36.800154+00:00]
<H T="1776522517.0120" />

[2026-04-18T04:28:41.977996+00:00]
<H T="1776522522.0350" />

[2026-04-18T04:28:46.995652+00:00]
<H T="1776522527.0420" />

[2026-04-18T04:28:58.800457+00:00]
<H T="1776522539.0030" />

[2026-04-18T04:29:03.859808+00:00]
<H T="1776522544.0480" />

[2026-04-18T04:29:04.957153+00:00]
<New T="1776522545.1590" Seq="1"><M D="Victorian Motor Racing Championship Round 2 (VMRC)" Y="Cars" /><T C="CPR" N="Calder Park Raceway" I="0" P="0" PI1="0" PI2="0"></T><E C="R4" D="Victorian Super Tin Tops &amp; BMW E30 Racing - Race 1" Y="Race" MP="N" MPD="0" L="12" TY="" ST="0" /><OL><O ID="0" C="STT" Y="Cars" RY="Race" RI="0.0000" RD="0" RC="" RS="" RV=""></O><O ID="1" C="E30" Y="Cars" RY="Race" RI="0.0000" RD="0" RC="" RS="" RV="" /></OL><RL><R ID="1" CC="0" C="9" S="" N="9" V="Mazda RX7"><V ID="1" B="1" N="Wayne Alway" /></R><R ID="2" CC="0" C="17" S="" N="17" V="Nissan Pulsar"><V ID="1" B="1" N="Megan Kirkham" /></R><R ID="3" CC="0" C="51" S="" N="51" V="Subaru WRX"><V ID="1" B="1" N="Scott Wilson" /></R><R ID="4" CC="0" C="56" S="" N="56" V="Aston Martin Vantage"><V ID="1" B="1" N="Ranald MacLurkin" /></R><R ID="5" CC="0" C="61" S="" N="61" V="Mazda MX5"><V ID="1" B="1" N="Robert Mikolajewicz" /></R><R ID="6" CC="0" C="66" S="" N="66" V="Audi RS3 LMS"><V ID="1" B="1" N="Barney Hogan" /></R><R ID="7" CC="0" C="139" S="" N="139" V="Nissan N14 Pulsar"><V ID="1" B="1" N="Timothy Maynard" /></R><R ID="8" CC="1" C="7" S="" N="7" V="BMW E30R"><V ID="1" B="1" N="Rory Plant" /></R><R ID="9" CC="1" C="17" S="" N="17" V="BMW 325i"><V ID="1" B="1" N="Brett Stevens" /></R><R ID="10" CC="1" C="22" S="" N="22" V="BMW E30"><V ID="1" B="1" N="Alex Jory" /></R><R ID="11" CC="1" C="27" S="" N="27" V="BMW E30"><V ID="1" B="1" N="Brian Bourke" /></R><R ID="12" CC="1" C="40" S="" N="40" V="BMW E30 325i"><V ID="1" B="1" N="Roderick Martin" /></R><R ID="13" CC="1" C="47" S="" N="47" V="BMW E30"><V ID="1" B="1" N="Clay Douglas" /></R><R ID="14" CC="1" C="61" S="" N="61" V="BMW E30R"><V ID="1" B="1" N="Zac Dunn" /></R><R ID="15" CC="1" C="66" S="" N="66" V="BMW E30 318i"><V ID="1" B="1" N="Benjamin Munro" /></R><R ID="16" CC="1" C="90" S="" N="90" V="BMW E30R"><V ID="1" B="1" N="Shannon Cooper" /></R></RL></New>

[2026-04-18T04:29:04.958815+00:00]
<C T="1776522545.1590" Y="L" C="12" E="0" />

[2026-04-18T04:29:04.959736+00:00]
<S T="1776522545.1590" S="WaitStart" I="0.0000" R="0" E="R4" P="1" SN="0" />

[2026-04-18T04:29:04.960316+00:00]
<G T="1776522545.1590" R="" C="" />

[2026-04-18T04:29:04.960460+00:00]
<A T="1776522545.1590" Y="f" C="0" I="0.0000" S1="0.0000" />

[2026-04-18T04:29:04.982936+00:00]
<L T="1776522545.1590" Y="f" L="15"><P L="1" LL="1" P="" LP="" C="4" D="1" T="0"><D LT="0" L="0" I="0.0000" T="0.0000" PN="0" SN="0" LL="M" P="N" LLP="0" LDC="0" LCD="0" FL="0" FTY="" FI="0.0000" FT="0.0000" GL="0" GI="0.0000" GNL="0" GNI="0.0000" LGL="0" LGI="0.0000" LGNL="0" LGNI="0.0000" PS="0" PF="" PI="0.0000" PT="0.0000" SP="0" LP="" TY="" TSL="0" /></P><P L="2" LL="2" P="" LP="" C="1" D="1" T="0"><D LT="0" L="0" I="0.0000" T="0.0000" PN="0" SN="0" LL="M" P="N" LLP="0" LDC="0" LCD="0" FL="0" FTY="" FI="0.0000" FT="0.0000" GL="?" GI="?" GNL="?" GNI="?" LGL="?" LGI="?" LGNL="?" LGNI="?" PS="0" PF="" PI="0.0000" PT="0.0000" SP="0" LP="" TY="" TSL="0" /></P><P L="3" LL="3" P="" LP="" C="3" D="1" T="0"><D LT="0" L="0" I="0.0000" T="0.0000" PN="0" SN="0" LL="M" P="N" LLP="0" LDC="0" LCD="0" FL="0" FTY="" FI="0.0000" FT="0.0000" GL="?" GI="?" GNL="?" GNI="?" LGL="?" LGI="?" LGNL="?" LGNI="?" PS="0" PF="" PI="0.0000" PT="0.0000" SP="0" LP="" TY="" TSL="0" /></P><P L="4" LL="4" P="" LP="" C="6" D="1" T="0"><D LT="0" L="0" I="0.0000" T="0.0000" PN="0" SN="0" LL="M" P="N" LLP="0" LDC="0" LCD="0" FL="0" FTY="" FI="0.0000" FT="0.0000" GL="?" GI="?" GNL="?" GNI="?" LGL="?" LGI="?" LGNL="?" LGNI="?" PS="0" PF="" PI="0.0000" PT="0.0000" SP="0" LP="" TY="" TSL="0" /></P><P L="5" LL="5" P="" LP="" C="7" D="1" T="0"><D LT="0" L="0" I="0.0000" T="0.0000" PN="0" SN="0" LL="M" P="N" LLP="0" LDC="0" LCD="0" FL="0" FTY="" FI="0.0000" FT="0.0000" GL="?" GI="?" GNL="?" GNI="?" LGL="?" LGI="?" LGNL="?" LGNI="?" PS="0" PF="" PI="0.0000" PT="0.0000" SP="0" LP="" TY="" TSL="0" /></P><P L="6" LL="6" P="" LP="" C="2" D="1" T="0"><D LT="0" L="0" I="0.0000" T="0.0000" PN="0" SN="0" LL="M" P="N" LLP="0" LDC="0" LCD="0" FL="0" FTY="" FI="0.0000" FT="0.0000" GL="?" GI="?" GNL="?" GNI="?" LGL="?" LGI="?" LGNL="?" LGNI="?" PS="0" PF="" PI="0.0000" PT="0.0000" SP="0" LP="" TY="" TSL="0" /></P><P L="7" LL="7" P="" LP="" C="15" D="1" T="0"><D LT="0" L="0" I="0.0000" T="0.0000" PN="0" SN="0" LL="M" P="N" LLP="0" LDC="0" LCD="0" FL="0" FTY="" FI="0.0000" FT="0.0000" GL="?" GI="?" GNL="?" GNI="?" LGL="?" LGI="?" LGNL="?" LGNI="?" PS="0" PF="" PI="0.0000" PT="0.0000" SP="0" LP="" TY="" TSL="0" /></P><P L="8" LL="8" P="" LP="" C="9" D="1" T="0"><D LT="0" L="0" I="0.0000" T="0.0000" PN="0" SN="0" LL="M" P="N" LLP="0" LDC="0" LCD="0" FL="0" FTY="" FI="0.0000" FT="0.0000" GL="?" GI="?" GNL="?" GNI="?" LGL="?" LGI="?" LGNL="?" LGNI="?" PS="0" PF="" PI="0.0000" PT="0.0000" SP="0" LP="" TY="" TSL="0" /></P><P L="9" LL="9" P="" LP="" C="11" D="1" T="0"><D LT="0" L="0" I="0.0000" T="0.0000" PN="0" SN="0" LL="M" P="N" LLP="0" LDC="0" LCD="0" FL="0" FTY="" FI="0.0000" FT="0.0000" GL="?" GI="?" GNL="?" GNI="?" LGL="?" LGI="?" LGNL="?" LGNI="?" PS="0" PF="" PI="0.0000" PT="0.0000" SP="0" LP="" TY="" TSL="0" /></P><P L="10" LL="10" P="" LP="" C="16" D="1" T="0"><D LT="0" L="0" I="0.0000" T="0.0000" PN="0" SN="0" LL="M" P="N" LLP="0" LDC="0" LCD="0" FL="0" FTY="" FI="0.0000" FT="0.0000" GL="?" GI="?" GNL="?" GNI="?" LGL="?" LGI="?" LGNL="?" LGNI="?" PS="0" PF="" PI="0.0000" PT="0.0000" SP="0" LP="" TY="" TSL="0" /></P><P L="11" LL="11" P="" LP="" C="12" D="1" T="0"><D LT="0" L="0" I="0.0000" T="0.0000" PN="0" SN="0" LL="M" P="N" LLP="0" LDC="0" LCD="0" FL="0" FTY="" FI="0.0000" FT="0.0000" GL="?" GI="?" GNL="?" GNI="?" LGL="?" LGI="?" LGNL="?" LGNI="?" PS="0" PF="" PI="0.0000" PT="0.0000" SP="0" LP="" TY="" TSL="0" /></P><P L="12" LL="12" P="" LP="" C="14" D="1" T="0"><D LT="0" L="0" I="0.0000" T="0.0000" PN="0" SN="0" LL="M" P="N" LLP="0" LDC="0" LCD="0" FL="0" FTY="" FI="0.0000" FT="0.0000" GL="?" GI="?" GNL="?" GNI="?" LGL="?" LGI="?" LGNL="?" LGNI="?" PS="0" PF="" PI="0.0000" PT="0.0000" SP="0" LP="" TY="" TSL="0" /></P><P L="13" LL="13" P="" LP="" C="8" D="1" T="0"><D LT="0" L="0" I="0.0000" T="0.0000" PN="0" SN="0" LL="M" P="N" LLP="0" LDC="0" LCD="0" FL="0" FTY="" FI="0.0000" FT="0.0000" GL="?" GI="?" GNL="?" GNI="?" LGL="?" LGI="?" LGNL="?" LGNI="?" PS="0" PF="" PI="0.0000" PT="0.0000" SP="0" LP="" TY="" TSL="0" /></P><P L="14" LL="14" P="" LP="" C="13" D="1" T="0"><D LT="0" L="0" I="0.0000" T="0.0000" PN="0" SN="0" LL="M" P="N" LLP="0" LDC="0" LCD="0" FL="0" FTY="" FI="0.0000" FT="0.0000" GL="?" GI="?" GNL="?" GNI="?" LGL="?" LGI="?" LGNL="?" LGNI="?" PS="0" PF="" PI="0.0000" PT="0.0000" SP="0" LP="" TY="" TSL="0" /></P><P L="15" LL="15" P="" LP="" C="10" D="1" T="0"><D LT="0" L="0" I="0.0000" T="0.0000" PN="0" SN="0" LL="M" P="N" LLP="0" LDC="0" LCD="0" FL="0" FTY="" FI="0.0000" FT="0.0000" GL="?" GI="?" GNL="?" GNI="?" LGL="?" LGI="?" LGNL="?" LGNI="?" PS="0" PF="" PI="0.0000" PT="0.0000" SP="0" LP="" TY="" TSL="0" /></P></L>

[2026-04-18T04:29:09.839540+00:00]
<H T="1776522550.0550" />

[2026-04-18T04:29:14.789417+00:00]
<H T="1776522555.0110" />

[2026-04-18T04:29:19.794563+00:00]
<H T="1776522560.0100" />

[2026-04-18T04:29:24.814052+00:00]
<H T="1776522565.0330" />

[2026-04-18T04:29:29.851533+00:00]
<H T="1776522570.0560" />

[2026-04-18T04:29:34.795451+00:00]
<H T="1776522575.0110" />

[2026-04-18T04:29:39.936035+00:00]
<H T="1776522580.0320" />

[2026-04-18T04:29:44.850311+00:00]
<H T="1776522585.0550" />

[2026-04-18T04:29:49.806839+00:00]
<H T="1776522590.0120" />

[2026-04-18T04:29:54.886597+00:00]
<H T="1776522595.0480" />

[2026-04-18T04:29:59.784541+00:00]
<H T="1776522600.0010" />

[2026-04-18T04:30:04.816656+00:00]
<H T="1776522605.0180" />

[2026-04-18T04:30:09.936210+00:00]
<H T="1776522610.0410" />

[2026-04-18T04:30:14.954504+00:00]
<H T="1776522615.0570" />

[2026-04-18T04:30:19.869165+00:00]
<H T="1776522620.0060" />

[2026-04-18T04:30:24.887106+00:00]
<H T="1776522625.0220" />

[2026-04-18T04:30:29.904468+00:00]
<H T="1776522630.0430" />

[2026-04-18T04:30:34.819765+00:00]
<H T="1776522635.0000" />

[2026-04-18T04:30:39.838226+00:00]
<H T="1776522640.0250" />

[2026-04-18T04:30:44.957329+00:00]
<H T="1776522645.0510" />

[2026-04-18T04:30:49.838916+00:00]
<H T="1776522650.0080" />

[2026-04-18T04:30:54.803644+00:00]
<H T="1776522655.0110" />

[2026-04-18T04:30:59.912560+00:00]
<H T="1776522660.0260" />

[2026-04-18T04:31:04.823698+00:00]
<H T="1776522665.0120" />

[2026-04-18T04:31:09.941791+00:00]
<H T="1776522670.0060" />

[2026-04-18T04:31:14.959663+00:00]
<H T="1776522675.0230" />

[2026-04-18T04:31:19.868773+00:00]
<H T="1776522680.0400" />

[2026-04-18T04:31:24.892461+00:00]
<H T="1776522685.0040" />

[2026-04-18T04:31:29.909558+00:00]
<H T="1776522690.0070" />

[2026-04-18T04:31:34.824312+00:00]
<H T="1776522695.0160" />

[2026-04-18T04:31:39.944663+00:00]
<H T="1776522700.0490" />

[2026-04-18T04:31:44.961825+00:00]
<H T="1776522705.0270" />

[2026-04-18T04:31:49.839522+00:00]
<H T="1776522710.0590" />

[2026-04-18T04:31:54.791015+00:00]
<H T="1776522715.0040" />

[2026-04-18T04:31:59.810023+00:00]
<H T="1776522720.0280" />

[2026-04-18T04:32:04.932300+00:00]
<H T="1776522725.0590" />

[2026-04-18T04:32:09.810965+00:00]
<H T="1776522730.0240" />

[2026-04-18T04:32:14.798330+00:00]
<H T="1776522735.0020" />

[2026-04-18T04:32:19.879922+00:00]
<H T="1776522740.0440" />

[2026-04-18T04:32:24.844191+00:00]
<H T="1776522745.0540" />

[2026-04-18T04:32:27.209194+00:00]
<L T="1776522747.4220" Y="p" L="15"><P L="1" LL="1" P="" LP="" C="4" D="1" T="0"><D /></P></L>

[2026-04-18T04:32:27.902061+00:00]
<L T="1776522748.1150" Y="p" L="15"><P L="2" LL="2" P="" LP="" C="1" D="1" T="0"><D /></P></L>

[2026-04-18T04:32:28.954515+00:00]
<L T="1776522749.1760" Y="p" L="15"><P L="4" LL="4" P="" LP="" C="6" D="1" T="0"><D /></P></L>

[2026-04-18T04:32:29.532732+00:00]
<L T="1776522749.7530" Y="p" L="15"><P L="5" LL="5" P="" LP="" C="7" D="1" T="0"><D /></P></L>
