================================================================================
UTC: 2026-04-18T04:11:08.536270+00:00
RAW_LENGTH: 1635
DECODED_LENGTH: 1635
<New T="1776521468.7203" Seq="78"><M D="Victorian Motor Racing Championship Round 2 (VMRC)" Y="Cars" /><T C="CPR" N="Calder Park Raceway" I="0" P="0" PI1="0" PI2="0"></T><E C="R2" D="Sports Compact - Race 1" Y="Race" MP="N" MPD="0" L="12" TY="" ST="0" /><OL><O ID="0" C="2LS" Y="Cars" RY="Race" RI="0.0000" RD="0" RC="" RS="" RV="" /></OL><RL><R ID="1" CC="0" C="2" S="" N="2" V="JCW Mini Cooper S"><V ID="1" B="1" N="Linda Devlin" /></R><R ID="2" CC="0" C="10" S="" N="10" V="Nissan Pulsar"><V ID="1" B="1" N="Lee Nuttall" /></R><R ID="3" CC="0" C="13" S="" N="13" V="Toyota Corolla KE30"><V ID="1" B="1" N="Steve Howard" /></R><R ID="4" CC="0" C="17" S="" N="17" V="Nissan Pulsar"><V ID="1" B="1" N="Megan Kirkham" /></R><R ID="5" CC="0" C="21" S="" N="21" V="Toyota 86"><V ID="1" B="1" N="Richard Gay" /></R><R ID="6" CC="0" C="22" S="" N="22" V="Mazda 323"><V ID="1" B="1" N="Nicholas Kerr" /></R><R ID="7" CC="0" C="45" S="" N="45" V=""><V ID="1" B="1" N="TBA" /></R><R ID="8" CC="0" C="49" S="" N="49" V="Toyota Corolla"><V ID="1" B="1" N="Andrew Kearns" /></R><R ID="9" CC="0" C="51" S="" N="51" V="Volkswagen Scirocco"><V ID="1" B="1" N="Nicholas Jones" /></R><R ID="10" CC="0" C="55" S="" N="55" V="SEAT Ibiza"><V ID="1" B="1" N="Tim Hosie" /></R><R ID="11" CC="0" C="88" S="" N="88" V="Nissan Pulsar"><V ID="1" B="1" N="Ben Moore" /></R><R ID="12" CC="0" C="99" S="" N="99" V="Fiat Abarth 695"><V ID="1" B="1" N="Claudia Lennox" /></R><R ID="13" CC="0" C="111" S="" N="111" V="Honda Civic"><V ID="1" B="1" N="James Atkinson" /></R><R ID="14" CC="0" C="555" S="" N="555" V=""><V ID="1" B="1" N="Jessica Reid" /></R></RL></New>
================================================================================
UTC: 2026-04-18T04:11:08.536533+00:00
RAW_LENGTH: 45
DECODED_LENGTH: 45
<C T="1776521468.7203" Y="L" C="0" E="824" />
================================================================================
UTC: 2026-04-18T04:11:08.536680+00:00
RAW_LENGTH: 81
DECODED_LENGTH: 81
<S T="1776521468.7203" S="Ended" I="1776521448.1606" R="0" E="R2" P="1" SN="0" />
================================================================================
UTC: 2026-04-18T04:11:08.536728+00:00
RAW_LENGTH: 35
DECODED_LENGTH: 35
<G T="1776521468.7203" R="" C="" />
================================================================================
UTC: 2026-04-18T04:11:08.536755+00:00
RAW_LENGTH: 61
DECODED_LENGTH: 61
<A T="1776521468.7203" Y="f" C="1" I="67.5655" S1="0.0000" />
================================================================================
UTC: 2026-04-18T04:11:08.536783+00:00
RAW_LENGTH: 4955
DECODED_LENGTH: 4955
<L T="1776521468.7203" Y="f" L="14"><P L="1" LL="1" P="1" LP="1" C="5" D="1" T="5"><D LT="0" L="12" I="68.8366" T="1776521368.2718" PN="1" SN="0" LL="M" P="N" LLP="0" LDC="0" LCD="12" FL="2" FTY="" FI="67.6280" FT="1776520684.1910" GL="0" GI="0.0000" GNL="0" GNI="0.0000" LGL="0" LGI="0.0000" LGNL="0" LGNI="0.0000" PS="0" PF="" PI="0.0000" PT="0.0000" SP="0" LP="M" TY="" TSL="0" /></P><P L="2" LL="2" P="2" LP="2" C="1" D="1" T="8"><D LT="0" L="12" I="69.2776" T="1776521372.0519" PN="1" SN="0" LL="M" P="N" LLP="0" LDC="0" LCD="12" FL="6" FTY="" FI="67.5655" FT="1776520960.9651" GL="0" GI="3.7801" GNL="0" GNI="3.7801" LGL="0" LGI="3.7801" LGNL="0" LGNI="3.7801" PS="0" PF="" PI="0.0000" PT="0.0000" SP="0" LP="M" TY="" TSL="0" /></P><P L="3" LL="3" P="3" LP="3" C="9" D="1" T="1"><D LT="0" L="12" I="68.5166" T="1776521385.5846" PN="1" SN="0" LL="M" P="N" LLP="0" LDC="0" LCD="12" FL="3" FTY="" FI="67.6463" FT="1776520753.2591" GL="0" GI="17.3128" GNL="0" GNI="13.5327" LGL="0" LGI="17.3128" LGNL="0" LGNI="13.5327" PS="0" PF="" PI="0.0000" PT="0.0000" SP="0" LP="M" TY="" TSL="0" /></P><P L="4" LL="4" P="4" LP="4" C="3" D="1" T="6"><D LT="0" L="12" I="69.9177" T="1776521386.7150" PN="1" SN="0" LL="M" P="N" LLP="0" LDC="0" LCD="12" FL="5" FTY="" FI="68.5948" FT="1776520898.8761" GL="0" GI="18.4432" GNL="0" GNI="1.1304" LGL="0" LGI="18.4432" LGNL="0" LGNI="1.1304" PS="0" PF="" PI="0.0000" PT="0.0000" SP="0" LP="M" TY="" TSL="0" /></P><P L="5" LL="5" P="5" LP="5" C="13" D="1" T="9"><D LT="0" L="12" I="77.8377" T="1776521396.9803" PN="1" SN="0" LL="M" P="N" LLP="0" LDC="0" LCD="12" FL="4" FTY="" FI="68.4529" FT="1776520825.3803" GL="0" GI="28.7085" GNL="0" GNI="10.2653" LGL="0" LGI="28.7085" LGNL="0" LGNI="10.2653" PS="0" PF="" PI="0.0000" PT="0.0000" SP="0" LP="M" TY="" TSL="0" /></P><P L="6" LL="6" P="6" LP="6" C="11" D="1" T="3"><D LT="0" L="12" I="71.8337" T="1776521403.2144" PN="1" SN="0" LL="M" P="N" LLP="0" LDC="0" LCD="12" FL="4" FTY="" FI="69.7928" FT="1776520832.4821" GL="0" GI="34.9426" GNL="0" GNI="6.2341" LGL="0" LGI="34.9426" LGNL="0" LGNI="6.2341" PS="0" PF="" PI="0.0000" PT="0.0000" SP="0" LP="M" TY="" TSL="0" /></P><P L="7" LL="7" P="7" LP="7" C="12" D="1" T="2"><D LT="0" L="12" I="73.4794" T="1776521427.2673" PN="1" SN="0" LL="M" P="N" LLP="0" LDC="0" LCD="12" FL="9" FTY="" FI="71.8551" FT="1776521209.1911" GL="0" GI="58.9955" GNL="0" GNI="24.0529" LGL="0" LGI="58.9955" LGNL="0" LGNI="24.0529" PS="0" PF="" PI="0.0000" PT="0.0000" SP="0" LP="M" TY="" TSL="0" /></P><P L="8" LL="8" P="8" LP="8" C="8" D="1" T="13"><D LT="0" L="11" I="76.6006" T="1776521371.2145" PN="1" SN="0" LL="M" P="N" LLP="0" LDC="0" LCD="11" FL="3" FTY="" FI="73.0642" FT="1776520775.8120" GL="1" GI="2.9427" GNL="0" GNI="17.4266" LGL="1" LGI="2.9427" LGNL="0" LGNI="17.4266" PS="0" PF="" PI="0.0000" PT="0.0000" SP="0" LP="M" TY="" TSL="0" /></P><P L="9" LL="9" P="9" LP="9" C="6" D="1" T="11"><D LT="0" L="11" I="75.2980" T="1776521374.5739" PN="1" SN="0" LL="M" P="N" LLP="0" LDC="0" LCD="11" FL="7" FTY="" FI="74.0806" FT="1776521074.8920" GL="1" GI="6.3021" GNL="0" GNI="3.3594" LGL="1" LGI="6.3021" LGNL="0" LGNI="3.3594" PS="0" PF="" PI="0.0000" PT="0.0000" SP="0" LP="M" TY="" TSL="0" /></P><P L="10" LL="10" P="10" LP="10" C="14" D="1" T="12"><D LT="0" L="11" I="79.5595" T="1776521434.2507" PN="1" SN="0" LL="M" P="N" LLP="0" LDC="0" LCD="11" FL="9" FTY="" FI="78.8179" FT="1776521274.1489" GL="1" GI="65.9789" GNL="0" GNI="59.6768" LGL="1" LGI="65.9789" LGNL="0" LGNI="59.6768" PS="0" PF="" PI="0.0000" PT="0.0000" SP="0" LP="M" TY="" TSL="0" /></P><P L="11" LL="11" P="11" LP="11" C="2" D="1" T="14"><D LT="0" L="10" I="102.5235" T="1776521388.9817" PN="1" SN="0" LL="M" P="N" LLP="0" LDC="0" LCD="10" FL="2" FTY="" FI="69.8636" FT="1776520689.9540" GL="2" GI="20.7099" GNL="0" GNI="34.2905" LGL="2" LGI="20.7099" LGNL="0" LGNI="34.2905" PS="0" PF="" PI="0.0000" PT="0.0000" SP="0" LP="M" TY="" TSL="0" /></P><P L="12" LL="12" P="DNF" LP="DNF" C="4" D="1" T="4"><D LT="0" L="11" I="73.4413" T="1776521350.4954" PN="1" SN="0" LL="M" P="N" LLP="0" LDC="0" LCD="11" FL="4" FTY="" FI="71.9924" FT="1776520841.5081" GL="0" GI="51.0602" GNL="?" GNI="?" LGL="0" LGI="51.0602" LGNL="?" LGNI="?" PS="0" PF="" PI="0.0000" PT="0.0000" SP="0" LP="M" TY="" TSL="0" /></P><P L="13" LL="13" P="DNF" LP="DNF" C="10" D="1" T="10"><D LT="0" L="3" I="122.4717" T="1776520826.8491" PN="1" SN="0" LL="M" P="Y" LLP="3" LDC="0" LCD="3" FL="2" FTY="" FI="73.7154" FT="1776520704.3774" GL="?" GI="?" GNL="?" GNI="?" LGL="?" LGI="?" LGNL="?" LGNI="?" PS="1" PF="P" PI="0.0000" PT="0.0000" SP="0" LP="M" TY="" TSL="0" /></P><P L="14" LL="14" P="DNS" LP="DNS" C="7" D="1" T="0"><D LT="0" L="0" I="0.0000" T="1776520543.4345" PN="0" SN="0" LL="M" P="N" LLP="0" LDC="0" LCD="0" FL="0" FTY="" FI="0.0000" FT="0.0000" GL="?" GI="?" GNL="?" GNI="?" LGL="?" LGI="?" LGNL="?" LGNI="?" PS="0" PF="" PI="0.0000" PT="0.0000" SP="0" LP="" TY="" TSL="0" /></P></L>
================================================================================
UTC: 2026-04-18T04:11:12.857996+00:00
RAW_LENGTH: 25
DECODED_LENGTH: 25
<H T="1776521473.0510" />
================================================================================
UTC: 2026-04-18T04:11:21.848153+00:00
RAW_LENGTH: 25
DECODED_LENGTH: 25
<H T="1776521482.0470" />
================================================================================
UTC: 2026-04-18T04:11:26.824910+00:00
RAW_LENGTH: 25
DECODED_LENGTH: 25
<H T="1776521487.0240" />
================================================================================
UTC: 2026-04-18T04:11:31.797721+00:00
RAW_LENGTH: 25
DECODED_LENGTH: 25
<H T="1776521492.0060" />
