
[2026-04-18T04:21:31.631538+00:00]
<New T="1776522091.8465" Seq="83"><M D="Victorian Motor Racing Championship Round 2 (VMRC)" Y="Cars" /><T C="CPR" N="Calder Park Raceway" I="0" P="0" PI1="0" PI2="0"></T><E C="R3" D="2026 Hankook Hyper Racer Australian Drivers&apos; C&apos;ship - Race 1" Y="Race" MP="N" MPD="0" L="12" TY="" ST="0" RY="Race" RI="57.8265" RD="739781" RC="Hayden Crossland" RS="NSW" RV="Hyper Racer X1" /><OL><O ID="0" C="HYPER" Y="Cars" RY="Race" RI="57.8265" RD="739781" RC="Hayden Crossland" RS="NSW" RV="Hyper Racer X1" /></OL><RL><R ID="1" CC="0" C="2" S="" N="2" V="Hyper Racer X1"><V ID="1" B="1" N="Dean Crooke" /></R><R ID="2" CC="0" C="4" S="" N="4" V="Hyper Racer X1"><V ID="1" B="1" N="Aaron Imbach" /></R><R ID="3" CC="0" C="5" S="" N="5" V="Hyper Racer X1"><V ID="1" B="1" N="Christopher Carydias" /></R><R ID="4" CC="0" C="11" S="" N="11" V="Hyper Racer X1"><V ID="1" B="1" N="Stephen Donnellan" /></R><R ID="5" CC="0" C="12" S="" N="12" V="Hyper Racer X1"><V ID="1" B="1" N="Rob Summons" /></R><R ID="6" CC="0" C="14" S="" N="14" V="Hyper Racer X1"><V ID="1" B="1" N="Jack Lewis" /></R><R ID="7" CC="0" C="19" S="" N="19" V="Hyper Racer X1"><V ID="1" B="1" N="Hamish Leighton" /></R><R ID="8" CC="0" C="23" S="" N="23" V="Hyper Racer X1"><V ID="1" B="1" N="Peter Nowlan" /></R><R ID="9" CC="0" C="24" S="" N="24" V="Hyper Racer X1"><V ID="1" B="1" N="Brenton Davey" /></R><R ID="10" CC="0" C="34" S="" N="34" V="Hyper Racer X1"><V ID="1" B="1" N="Lucas Stasi" /></R><R ID="11" CC="0" C="38" S="" N="38" V="Hyper Racer X1"><V ID="1" B="1" N="Zachary Catlin" /></R><R ID="12" CC="0" C="63" S="" N="63" V="Hyper Racer X1"><V ID="1" B="1" N="Harry Strik" /></R><R ID="13" CC="0" C="68" S="" N="68" V="Hyper Racer X1"><V ID="1" B="1" N="Terry Knowles" /></R><R ID="14" CC="0" C="74" S="" N="74" V="Hyper Racer X1"><V ID="1" B="1" N="Bradley Smith" /></R><R ID="15" CC="0" C="77" S="" N="77" V="Hyper Racer X1"><V ID="1" B="1" N="Justin Yuen" /></R><R ID="16" CC="0" C="82" S="" N="82" V="Hyper Racer X1"><V ID="1" B="1" N="Rocco Spinley" /></R><R ID="17" CC="0" C="88" S="" N="88" V="Hyper Racer X1"><V ID="1" B="1" N="Chris Peters" /></R></RL></New>

[2026-04-18T04:21:31.632125+00:00]
<C T="1776522091.8465" Y="L" C="6" E="403" />

[2026-04-18T04:21:31.632223+00:00]
<S T="1776522091.8465" S="Green" I="1776521687.5961" R="0" E="R3" P="1" SN="0" />

[2026-04-18T04:21:31.632421+00:00]
<G T="1776522091.8465" R="" C="" />

[2026-04-18T04:21:31.632528+00:00]
<A T="1776522091.8465" Y="f" C="14" I="59.7793" S1="0.0000" />

[2026-04-18T04:21:31.632575+00:00]
<L T="1776522091.8465" Y="f" L="13"><P L="1" LL="1" P="1" LP="1" C="10" D="1" T="10"><D LT="0" L="6" I="60.1887" T="1776522057.7736" PN="1" SN="0" LL="M" P="N" LLP="0" LDC="0" LCD="6" FL="6" FTY="" FI="60.1887" FT="1776522057.7736" GL="0" GI="0.0000" GNL="0" GNI="0.0000" LGL="0" LGI="0.0000" LGNL="0" LGNI="0.0000" PS="0" PF="" PI="0.0000" PT="0.0000" SP="0" LP="M" TY="" TSL="0" /></P><P L="2" LL="2" P="2" LP="2" C="11" D="1" T="3"><D LT="0" L="6" I="60.2940" T="1776522061.0389" PN="1" SN="0" LL="M" P="N" LLP="0" LDC="0" LCD="6" FL="6" FTY="" FI="60.2940" FT="1776522061.0389" GL="0" GI="3.2653" GNL="0" GNI="3.2653" LGL="0" LGI="3.2653" LGNL="0" LGNI="3.2653" PS="0" PF="" PI="0.0000" PT="0.0000" SP="0" LP="M" TY="" TSL="0" /></P><P L="3" LL="3" P="3" LP="3" C="9" D="1" T="11"><D LT="0" L="6" I="60.4250" T="1776522061.9050" PN="1" SN="0" LL="M" P="N" LLP="0" LDC="0" LCD="6" FL="6" FTY="" FI="60.4250" FT="1776522061.9050" GL="0" GI="4.1314" GNL="0" GNI="0.8661" LGL="0" LGI="4.1314" LGNL="0" LGNI="0.8661" PS="0" PF="" PI="0.0000" PT="0.0000" SP="0" LP="M" TY="" TSL="0" /></P><P L="4" LL="4" P="4" LP="4" C="14" D="1" T="9"><D LT="0" L="6" I="59.8867" T="1776522062.3259" PN="1" SN="0" LL="M" P="N" LLP="0" LDC="0" LCD="6" FL="5" FTY="" FI="59.7793" FT="1776522002.4392" GL="0" GI="4.5523" GNL="0" GNI="0.4209" LGL="0" LGI="4.5523" LGNL="0" LGNI="0.4209" PS="0" PF="" PI="0.0000" PT="0.0000" SP="0" LP="M" TY="" TSL="0" /></P><P L="5" LL="5" P="5" LP="5" C="6" D="1" T="14"><D LT="0" L="6" I="60.1495" T="1776522063.7144" PN="1" SN="0" LL="M" P="N" LLP="0" LDC="0" LCD="6" FL="6" FTY="" FI="60.1495" FT="1776522063.7144" GL="0" GI="5.9408" GNL="0" GNI="1.3885" LGL="0" LGI="5.9408" LGNL="0" LGNI="1.3885" PS="0" PF="" PI="0.0000" PT="0.0000" SP="0" LP="M" TY="" TSL="0" /></P><P L="6" LL="6" P="6" LP="6" C="16" D="1" T="6"><D LT="0" L="6" I="59.8136" T="1776522065.2744" PN="1" SN="0" LL="M" P="N" LLP="0" LDC="0" LCD="6" FL="6" FTY="" FI="59.8136" FT="1776522065.2744" GL="0" GI="7.5008" GNL="0" GNI="1.5600" LGL="0" LGI="7.5008" LGNL="0" LGNI="1.5600" PS="0" PF="" PI="0.0000" PT="0.0000" SP="0" LP="M" TY="" TSL="0" /></P><P L="7" LL="7" P="7" LP="7" C="2" D="1" T="16"><D LT="0" L="6" I="60.8395" T="1776522065.9979" PN="1" SN="0" LL="M" P="N" LLP="0" LDC="0" LCD="6" FL="6" FTY="" FI="60.8395" FT="1776522065.9979" GL="0" GI="8.2243" GNL="0" GNI="0.7235" LGL="0" LGI="8.2243" LGNL="0" LGNI="0.7235" PS="0" PF="" PI="0.0000" PT="0.0000" SP="0" LP="M" TY="" TSL="0" /></P><P L="8" LL="8" P="8" LP="8" C="17" D="1" T="2"><D LT="0" L="6" I="61.0756" T="1776522068.8936" PN="1" SN="0" LL="M" P="N" LLP="0" LDC="0" LCD="6" FL="5" FTY="" FI="60.8248" FT="1776522007.8180" GL="0" GI="11.1200" GNL="0" GNI="2.8957" LGL="0" LGI="11.1200" LGNL="0" LGNI="2.8957" PS="0" PF="" PI="0.0000" PT="0.0000" SP="0" LP="M" TY="" TSL="0" /></P><P L="9" LL="9" P="9" LP="9" C="13" D="1" T="1"><D LT="0" L="6" I="62.3554" T="1776522075.5406" PN="1" SN="0" LL="M" P="N" LLP="0" LDC="0" LCD="6" FL="6" FTY="" FI="62.3554" FT="1776522075.5406" GL="0" GI="17.7670" GNL="0" GNI="6.6470" LGL="0" LGI="17.7670" LGNL="0" LGNI="6.6470" PS="0" PF="" PI="0.0000" PT="0.0000" SP="0" LP="M" TY="" TSL="0" /></P><P L="10" LL="10" P="10" LP="10" C="7" D="1" T="17"><D LT="0" L="6" I="62.6943" T="1776522086.3322" PN="1" SN="0" LL="M" P="N" LLP="0" LDC="0" LCD="6" FL="6" FTY="" FI="62.6943" FT="1776522086.3322" GL="0" GI="28.5586" GNL="0" GNI="10.7916" LGL="0" LGI="28.5586" LGNL="0" LGNI="10.7916" PS="0" PF="" PI="0.0000" PT="0.0000" SP="0" LP="M" TY="" TSL="0" /></P><P L="11" LL="11" P="11" LP="11" C="5" D="1" T="13"><D LT="0" L="6" I="64.3484" T="1776522090.1198" PN="1" SN="0" LL="M" P="N" LLP="0" LDC="0" LCD="6" FL="6" FTY="" FI="64.3484" FT="1776522090.1198" GL="0" GI="32.3462" GNL="0" GNI="3.7876" LGL="0" LGI="32.3462" LGNL="0" LGNI="3.7876" PS="0" PF="" PI="0.0000" PT="0.0000" SP="0" LP="M" TY="" TSL="0" /></P><P L="12" LL="12" P="12" LP="12" C="3" D="1" T="7"><D LT="0" L="5" I="111.9370" T="1776522058.0325" PN="1" SN="0" LL="M" P="N" LLP="0" LDC="0" LCD="5" FL="4" FTY="" FI="61.2250" FT="1776521946.0955" GL="1" GI="0.2589" GNL="0" GNI="32.2611" LGL="1" LGI="0.2589" LGNL="0" LGNI="32.2611" PS="0" PF="" PI="0.0000" PT="0.0000" SP="0" LP="M" TY="" TSL="0" /></P><P L="13" LL="13" P="13" LP="13" C="1" D="1" T="5"><D LT="0" L="5" I="60.3658" T="1776522066.4738" PN="1" SN="0" LL="M" P="N" LLP="0" LDC="0" LCD="5" FL="5" FTY="" FI="60.3658" FT="1776522066.4738" GL="1" GI="8.7002" GNL="0" GNI="8.4413" LGL="1" LGI="8.7002" LGNL="0" LGNI="8.4413" PS="0" PF="" PI="0.0000" PT="0.0000" SP="0" LP="M" TY="" TSL="0" /></P></L>

[2026-04-18T04:21:31.837455+00:00]
<C T="1776522092.0570" Y="L" C="6" E="404" />

[2026-04-18T04:21:32.800036+00:00]
<C T="1776522093.0260" Y="L" C="6" E="405" />

[2026-04-18T04:21:33.845411+00:00]
<C T="1776522094.0230" Y="L" C="6" E="406" />

[2026-04-18T04:21:34.980886+00:00]
<C T="1776522095.0450" Y="L" C="6" E="407" />

[2026-04-18T04:21:35.797505+00:00]
<C T="1776522096.0080" Y="L" C="6" E="408" />

[2026-04-18T04:21:36.817712+00:00]
<C T="1776522097.0270" Y="L" C="6" E="409" />

[2026-04-18T04:21:37.829723+00:00]
<C T="1776522098.0450" Y="L" C="6" E="410" />

[2026-04-18T04:21:38.797169+00:00]
<C T="1776522099.0080" Y="L" C="6" E="411" />

[2026-04-18T04:21:39.822300+00:00]
<C T="1776522100.0380" Y="L" C="6" E="412" />

[2026-04-18T04:21:40.915651+00:00]
<C T="1776522101.0050" Y="L" C="6" E="413" />

[2026-04-18T04:21:41.817188+00:00]
<C T="1776522102.0330" Y="L" C="6" E="414" />

[2026-04-18T04:21:42.848118+00:00]
<C T="1776522103.0580" Y="L" C="6" E="415" />

[2026-04-18T04:21:43.812687+00:00]
<C T="1776522104.0280" Y="L" C="6" E="416" />

[2026-04-18T04:21:44.847879+00:00]
<C T="1776522105.0610" Y="L" C="6" E="417" />

[2026-04-18T04:21:45.831201+00:00]
<C T="1776522106.0310" Y="L" C="6" E="418" />

[2026-04-18T04:21:47.059762+00:00]
<C T="1776522107.0600" Y="L" C="6" E="419" />

[2026-04-18T04:21:47.812513+00:00]
<C T="1776522108.0270" Y="L" C="6" E="420" />

[2026-04-18T04:21:48.837508+00:00]
<C T="1776522109.0580" Y="L" C="6" E="421" />

[2026-04-18T04:21:49.797189+00:00]
<C T="1776522110.0160" Y="L" C="6" E="422" />

[2026-04-18T04:21:50.832196+00:00]
<C T="1776522111.0490" Y="L" C="6" E="423" />

[2026-04-18T04:21:51.802614+00:00]
<C T="1776522112.0200" Y="L" C="6" E="424" />

[2026-04-18T04:21:52.830283+00:00]
<C T="1776522113.0460" Y="L" C="6" E="425" />

[2026-04-18T04:21:53.773167+00:00]
<C T="1776522114.0030" Y="L" C="6" E="426" />

[2026-04-18T04:21:54.786932+00:00]
<C T="1776522115.0050" Y="L" C="6" E="427" />

[2026-04-18T04:21:55.811786+00:00]
<C T="1776522116.0290" Y="L" C="6" E="428" />

[2026-04-18T04:21:56.883412+00:00]
<C T="1776522117.0610" Y="L" C="6" E="429" />

[2026-04-18T04:21:57.797244+00:00]
<C T="1776522118.0140" Y="L" C="6" E="430" />

[2026-04-18T04:21:58.056989+00:00]
<C T="1776522118.2830" Y="L" C="5" E="430" />
