
[2026-04-18T04:18:19.350257+00:00]
<New T="1776521899.5425" Seq="83"><M D="Victorian Motor Racing Championship Round 2 (VMRC)" Y="Cars" /><T C="CPR" N="Calder Park Raceway" I="0" P="0" PI1="0" PI2="0"></T><E C="R3" D="2026 Hankook Hyper Racer Australian Drivers&apos; C&apos;ship - Race 1" Y="Race" MP="N" MPD="0" L="12" TY="" ST="0" RY="Race" RI="57.8265" RD="739781" RC="Hayden Crossland" RS="NSW" RV="Hyper Racer X1" /><OL><O ID="0" C="HYPER" Y="Cars" RY="Race" RI="57.8265" RD="739781" RC="Hayden Crossland" RS="NSW" RV="Hyper Racer X1" /></OL><RL><R ID="1" CC="0" C="2" S="" N="2" V="Hyper Racer X1"><V ID="1" B="1" N="Dean Crooke" /></R><R ID="2" CC="0" C="4" S="" N="4" V="Hyper Racer X1"><V ID="1" B="1" N="Aaron Imbach" /></R><R ID="3" CC="0" C="5" S="" N="5" V="Hyper Racer X1"><V ID="1" B="1" N="Christopher Carydias" /></R><R ID="4" CC="0" C="11" S="" N="11" V="Hyper Racer X1"><V ID="1" B="1" N="Stephen Donnellan" /></R><R ID="5" CC="0" C="12" S="" N="12" V="Hyper Racer X1"><V ID="1" B="1" N="Rob Summons" /></R><R ID="6" CC="0" C="14" S="" N="14" V="Hyper Racer X1"><V ID="1" B="1" N="Jack Lewis" /></R><R ID="7" CC="0" C="19" S="" N="19" V="Hyper Racer X1"><V ID="1" B="1" N="Hamish Leighton" /></R><R ID="8" CC="0" C="23" S="" N="23" V="Hyper Racer X1"><V ID="1" B="1" N="Peter Nowlan" /></R><R ID="9" CC="0" C="24" S="" N="24" V="Hyper Racer X1"><V ID="1" B="1" N="Brenton Davey" /></R><R ID="10" CC="0" C="34" S="" N="34" V="Hyper Racer X1"><V ID="1" B="1" N="Lucas Stasi" /></R><R ID="11" CC="0" C="38" S="" N="38" V="Hyper Racer X1"><V ID="1" B="1" N="Zachary Catlin" /></R><R ID="12" CC="0" C="63" S="" N="63" V="Hyper Racer X1"><V ID="1" B="1" N="Harry Strik" /></R><R ID="13" CC="0" C="68" S="" N="68" V="Hyper Racer X1"><V ID="1" B="1" N="Terry Knowles" /></R><R ID="14" CC="0" C="74" S="" N="74" V="Hyper Racer X1"><V ID="1" B="1" N="Bradley Smith" /></R><R ID="15" CC="0" C="77" S="" N="77" V="Hyper Racer X1"><V ID="1" B="1" N="Justin Yuen" /></R><R ID="16" CC="0" C="82" S="" N="82" V="Hyper Racer X1"><V ID="1" B="1" N="Rocco Spinley" /></R><R ID="17" CC="0" C="88" S="" N="88" V="Hyper Racer X1"><V ID="1" B="1" N="Chris Peters" /></R></RL></New>

[2026-04-18T04:18:19.351344+00:00]
<C T="1776521899.5425" Y="L" C="9" E="211" />

[2026-04-18T04:18:19.351546+00:00]
<S T="1776521899.5425" S="Green" I="1776521687.5961" R="0" E="R3" P="1" SN="0" />

[2026-04-18T04:18:19.351779+00:00]
<G T="1776521899.5425" R="" C="" />

[2026-04-18T04:18:19.351890+00:00]
<A T="1776521899.5425" Y="f" C="14" I="60.7999" S1="0.0000" />

[2026-04-18T04:18:19.352210+00:00]
<L T="1776521899.5425" Y="f" L="13"><P L="1" LL="1" P="1" LP="1" C="10" D="1" T="10"><D LT="0" L="3" I="61.1045" T="1776521876.8675" PN="1" SN="0" LL="M" P="N" LLP="0" LDC="0" LCD="3" FL="3" FTY="" FI="61.1045" FT="1776521876.8675" GL="0" GI="0.0000" GNL="0" GNI="0.0000" LGL="0" LGI="0.0000" LGNL="0" LGNI="0.0000" PS="0" PF="" PI="0.0000" PT="0.0000" SP="0" LP="M" TY="" TSL="0" /></P><P L="2" LL="2" P="2" LP="2" C="11" D="1" T="11"><D LT="0" L="3" I="61.2856" T="1776521878.9432" PN="1" SN="0" LL="M" P="N" LLP="0" LDC="0" LCD="3" FL="3" FTY="" FI="61.2856" FT="1776521878.9432" GL="0" GI="2.0757" GNL="0" GNI="2.0757" LGL="0" LGI="2.0757" LGNL="0" LGNI="2.0757" PS="0" PF="" PI="0.0000" PT="0.0000" SP="0" LP="M" TY="" TSL="0" /></P><P L="3" LL="3" P="3" LP="3" C="9" D="1" T="9"><D LT="0" L="3" I="61.2717" T="1776521880.2072" PN="1" SN="0" LL="M" P="N" LLP="0" LDC="0" LCD="3" FL="3" FTY="" FI="61.2717" FT="1776521880.2072" GL="0" GI="3.3397" GNL="0" GNI="1.2640" LGL="0" LGI="3.3397" LGNL="0" LGNI="1.2640" PS="0" PF="" PI="0.0000" PT="0.0000" SP="0" LP="M" TY="" TSL="0" /></P><P L="4" LL="4" P="4" LP="4" C="6" D="1" T="6"><D LT="0" L="3" I="61.4812" T="1776521881.3044" PN="1" SN="0" LL="M" P="N" LLP="0" LDC="0" LCD="3" FL="3" FTY="" FI="61.4812" FT="1776521881.3044" GL="0" GI="4.4369" GNL="0" GNI="1.0972" LGL="0" LGI="4.4369" LGNL="0" LGNI="1.0972" PS="0" PF="" PI="0.0000" PT="0.0000" SP="0" LP="M" TY="" TSL="0" /></P><P L="5" LL="5" P="5" LP="5" C="14" D="1" T="14"><D LT="0" L="3" I="60.7999" T="1776521882.4087" PN="1" SN="0" LL="M" P="N" LLP="0" LDC="0" LCD="3" FL="3" FTY="" FI="60.7999" FT="1776521882.4087" GL="0" GI="5.5412" GNL="0" GNI="1.1043" LGL="0" LGI="5.5412" LGNL="0" LGNI="1.1043" PS="0" PF="" PI="0.0000" PT="0.0000" SP="0" LP="M" TY="" TSL="0" /></P><P L="6" LL="6" P="6" LP="6" C="2" D="1" T="2"><D LT="0" L="3" I="62.0724" T="1776521883.3272" PN="1" SN="0" LL="M" P="N" LLP="0" LDC="0" LCD="3" FL="3" FTY="" FI="62.0724" FT="1776521883.3272" GL="0" GI="6.4597" GNL="0" GNI="0.9185" LGL="0" LGI="6.4597" LGNL="0" LGNI="0.9185" PS="0" PF="" PI="0.0000" PT="0.0000" SP="0" LP="M" TY="" TSL="0" /></P><P L="7" LL="7" P="7" LP="7" C="16" D="1" T="16"><D LT="0" L="3" I="61.7802" T="1776521883.6837" PN="1" SN="0" LL="M" P="N" LLP="0" LDC="0" LCD="3" FL="3" FTY="" FI="61.7802" FT="1776521883.6837" GL="0" GI="6.8162" GNL="0" GNI="0.3565" LGL="0" LGI="6.8162" LGNL="0" LGNI="0.3565" PS="0" PF="" PI="0.0000" PT="0.0000" SP="0" LP="M" TY="" TSL="0" /></P><P L="8" LL="8" P="8" LP="8" C="1" D="1" T="1"><D LT="0" L="3" I="61.4908" T="1776521883.9594" PN="1" SN="0" LL="M" P="N" LLP="0" LDC="0" LCD="3" FL="3" FTY="" FI="61.4908" FT="1776521883.9594" GL="0" GI="7.0919" GNL="0" GNI="0.2757" LGL="0" LGI="7.0919" LGNL="0" LGNI="0.2757" PS="0" PF="" PI="0.0000" PT="0.0000" SP="0" LP="M" TY="" TSL="0" /></P><P L="9" LL="9" P="9" LP="9" C="3" D="1" T="3"><D LT="0" L="3" I="61.7850" T="1776521884.8705" PN="1" SN="0" LL="M" P="N" LLP="0" LDC="0" LCD="3" FL="3" FTY="" FI="61.7850" FT="1776521884.8705" GL="0" GI="8.0030" GNL="0" GNI="0.9111" LGL="0" LGI="8.0030" LGNL="0" LGNI="0.9111" PS="0" PF="" PI="0.0000" PT="0.0000" SP="0" LP="M" TY="" TSL="0" /></P><P L="10" LL="10" P="10" LP="10" C="17" D="1" T="17"><D LT="0" L="3" I="61.8620" T="1776521886.0909" PN="1" SN="0" LL="M" P="N" LLP="0" LDC="0" LCD="3" FL="3" FTY="" FI="61.8620" FT="1776521886.0909" GL="0" GI="9.2234" GNL="0" GNI="1.2204" LGL="0" LGI="9.2234" LGNL="0" LGNI="1.2204" PS="0" PF="" PI="0.0000" PT="0.0000" SP="0" LP="M" TY="" TSL="0" /></P><P L="11" LL="11" P="11" LP="11" C="13" D="1" T="13"><D LT="0" L="3" I="62.6083" T="1776521887.7085" PN="1" SN="0" LL="M" P="N" LLP="0" LDC="0" LCD="3" FL="3" FTY="" FI="62.6083" FT="1776521887.7085" GL="0" GI="10.8410" GNL="0" GNI="1.6176" LGL="0" LGI="10.8410" LGNL="0" LGNI="1.6176" PS="0" PF="" PI="0.0000" PT="0.0000" SP="0" LP="M" TY="" TSL="0" /></P><P L="12" LL="12" P="12" LP="12" C="7" D="1" T="7"><D LT="0" L="3" I="68.5259" T="1776521893.1751" PN="1" SN="0" LL="M" P="N" LLP="0" LDC="0" LCD="3" FL="2" FTY="" FI="63.5685" FT="1776521824.6492" GL="0" GI="16.3076" GNL="0" GNI="5.4666" LGL="0" LGI="16.3076" LGNL="0" LGNI="5.4666" PS="0" PF="" PI="0.0000" PT="0.0000" SP="0" LP="M" TY="" TSL="0" /></P><P L="13" LL="13" P="13" LP="13" C="5" D="1" T="5"><D LT="0" L="3" I="64.5869" T="1776521894.2218" PN="1" SN="0" LL="M" P="N" LLP="0" LDC="0" LCD="3" FL="3" FTY="" FI="64.5869" FT="1776521894.2218" GL="0" GI="17.3543" GNL="0" GNI="1.0467" LGL="0" LGI="17.3543" LGNL="0" LGNI="1.0467" PS="0" PF="" PI="0.0000" PT="0.0000" SP="0" LP="M" TY="" TSL="0" /></P></L>

[2026-04-18T04:18:19.845423+00:00]
<C T="1776521900.0550" Y="L" C="9" E="212" />

[2026-04-18T04:18:20.884529+00:00]
<C T="1776521901.0040" Y="L" C="9" E="213" />

[2026-04-18T04:18:21.843731+00:00]
<C T="1776521902.0330" Y="L" C="9" E="214" />

[2026-04-18T04:18:22.865858+00:00]
<C T="1776521903.0610" Y="L" C="9" E="215" />

[2026-04-18T04:18:23.893595+00:00]
<C T="1776521904.0250" Y="L" C="9" E="216" />

[2026-04-18T04:18:24.874066+00:00]
<C T="1776521905.0520" Y="L" C="9" E="217" />

[2026-04-18T04:18:25.842244+00:00]
<C T="1776521906.0180" Y="L" C="9" E="218" />

[2026-04-18T04:18:26.973694+00:00]
<C T="1776521907.0470" Y="L" C="9" E="219" />

[2026-04-18T04:18:27.825691+00:00]
<C T="1776521908.0120" Y="L" C="9" E="220" />

[2026-04-18T04:18:28.887230+00:00]
<C T="1776521909.0370" Y="L" C="9" E="221" />

[2026-04-18T04:18:29.914259+00:00]
<C T="1776521910.0560" Y="L" C="9" E="222" />

[2026-04-18T04:18:30.962171+00:00]
<C T="1776521911.0110" Y="L" C="9" E="223" />

[2026-04-18T04:18:31.830470+00:00]
<C T="1776521912.0280" Y="L" C="9" E="224" />

[2026-04-18T04:18:32.850463+00:00]
<C T="1776521913.0390" Y="L" C="9" E="225" />

[2026-04-18T04:18:34.040449+00:00]
<C T="1776521914.0530" Y="L" C="9" E="226" />

[2026-04-18T04:18:34.825497+00:00]
<C T="1776521915.0170" Y="L" C="9" E="227" />

[2026-04-18T04:18:35.856202+00:00]
<C T="1776521916.0440" Y="L" C="9" E="228" />

[2026-04-18T04:18:36.860393+00:00]
<C T="1776521917.0570" Y="L" C="9" E="229" />

[2026-04-18T04:18:37.817228+00:00]
<C T="1776521918.0110" Y="L" C="9" E="230" />

[2026-04-18T04:18:38.856028+00:00]
<C T="1776521919.0380" Y="L" C="9" E="231" />

[2026-04-18T04:18:39.810568+00:00]
<C T="1776521920.0030" Y="L" C="9" E="232" />

[2026-04-18T04:18:40.954505+00:00]
<C T="1776521921.0310" Y="L" C="9" E="233" />

[2026-04-18T04:18:41.859966+00:00]
<C T="1776521922.0580" Y="L" C="9" E="234" />

[2026-04-18T04:18:42.827757+00:00]
<C T="1776521923.0240" Y="L" C="9" E="235" />

[2026-04-18T04:18:43.860355+00:00]
<C T="1776521924.0500" Y="L" C="9" E="236" />

[2026-04-18T04:18:44.893354+00:00]
<C T="1776521925.0150" Y="L" C="9" E="237" />

[2026-04-18T04:18:45.918042+00:00]
<C T="1776521926.0420" Y="L" C="9" E="238" />

[2026-04-18T04:18:47.044064+00:00]
<C T="1776521927.0550" Y="L" C="9" E="239" />

[2026-04-18T04:18:47.829358+00:00]
<C T="1776521928.0190" Y="L" C="9" E="240" />

[2026-04-18T04:18:48.886421+00:00]
<C T="1776521929.0460" Y="L" C="9" E="241" />

[2026-04-18T04:18:49.843066+00:00]
<C T="1776521930.0110" Y="L" C="9" E="242" />

[2026-04-18T04:18:50.842893+00:00]
<C T="1776521931.0400" Y="L" C="9" E="243" />

[2026-04-18T04:18:51.897244+00:00]
<C T="1776521932.0060" Y="L" C="9" E="244" />

[2026-04-18T04:18:52.837722+00:00]
<C T="1776521933.0340" Y="L" C="9" E="245" />

[2026-04-18T04:18:53.875907+00:00]
<C T="1776521934.0590" Y="L" C="9" E="246" />

[2026-04-18T04:18:54.810254+00:00]
<C T="1776521935.0080" Y="L" C="9" E="247" />

[2026-04-18T04:18:55.836041+00:00]
<C T="1776521936.0320" Y="L" C="9" E="248" />

[2026-04-18T04:18:56.875073+00:00]
<C T="1776521937.0600" Y="L" C="9" E="249" />

[2026-04-18T04:18:57.522314+00:00]
<C T="1776521937.5850" Y="L" C="8" E="249" />

[2026-04-18T04:18:57.527320+00:00]
<A T="1776521937.5970" Y="p" C="10" I="60.3917" />

[2026-04-18T04:18:57.527653+00:00]
<L T="1776521937.5970" Y="p" L="13"><P L="1" LL="1" P="1" LP="1" C="10" D="1" T="10"><D L="4" I="60.3917" T="1776521937.2592" LCD="4" FL="4" FI="60.3917" FT="1776521937.2592" /></P></L>

[2026-04-18T04:18:57.845050+00:00]
<C T="1776521938.0430" Y="L" C="8" E="250" />

[2026-04-18T04:18:58.882002+00:00]
<C T="1776521939.0090" Y="L" C="8" E="251" />
