
[2026-04-18T04:24:03.499273+00:00]
<New T="1776522243.6854" Seq="83"><M D="Victorian Motor Racing Championship Round 2 (VMRC)" Y="Cars" /><T C="CPR" N="Calder Park Raceway" I="0" P="0" PI1="0" PI2="0"></T><E C="R3" D="2026 Hankook Hyper Racer Australian Drivers&apos; C&apos;ship - Race 1" Y="Race" MP="N" MPD="0" L="12" TY="" ST="0" RY="Race" RI="57.8265" RD="739781" RC="Hayden Crossland" RS="NSW" RV="Hyper Racer X1" /><OL><O ID="0" C="HYPER" Y="Cars" RY="Race" RI="57.8265" RD="739781" RC="Hayden Crossland" RS="NSW" RV="Hyper Racer X1" /></OL><RL><R ID="1" CC="0" C="2" S="" N="2" V="Hyper Racer X1"><V ID="1" B="1" N="Dean Crooke" /></R><R ID="2" CC="0" C="4" S="" N="4" V="Hyper Racer X1"><V ID="1" B="1" N="Aaron Imbach" /></R><R ID="3" CC="0" C="5" S="" N="5" V="Hyper Racer X1"><V ID="1" B="1" N="Christopher Carydias" /></R><R ID="4" CC="0" C="11" S="" N="11" V="Hyper Racer X1"><V ID="1" B="1" N="Stephen Donnellan" /></R><R ID="5" CC="0" C="12" S="" N="12" V="Hyper Racer X1"><V ID="1" B="1" N="Rob Summons" /></R><R ID="6" CC="0" C="14" S="" N="14" V="Hyper Racer X1"><V ID="1" B="1" N="Jack Lewis" /></R><R ID="7" CC="0" C="19" S="" N="19" V="Hyper Racer X1"><V ID="1" B="1" N="Hamish Leighton" /></R><R ID="8" CC="0" C="23" S="" N="23" V="Hyper Racer X1"><V ID="1" B="1" N="Peter Nowlan" /></R><R ID="9" CC="0" C="24" S="" N="24" V="Hyper Racer X1"><V ID="1" B="1" N="Brenton Davey" /></R><R ID="10" CC="0" C="34" S="" N="34" V="Hyper Racer X1"><V ID="1" B="1" N="Lucas Stasi" /></R><R ID="11" CC="0" C="38" S="" N="38" V="Hyper Racer X1"><V ID="1" B="1" N="Zachary Catlin" /></R><R ID="12" CC="0" C="63" S="" N="63" V="Hyper Racer X1"><V ID="1" B="1" N="Harry Strik" /></R><R ID="13" CC="0" C="68" S="" N="68" V="Hyper Racer X1"><V ID="1" B="1" N="Terry Knowles" /></R><R ID="14" CC="0" C="74" S="" N="74" V="Hyper Racer X1"><V ID="1" B="1" N="Bradley Smith" /></R><R ID="15" CC="0" C="77" S="" N="77" V="Hyper Racer X1"><V ID="1" B="1" N="Justin Yuen" /></R><R ID="16" CC="0" C="82" S="" N="82" V="Hyper Racer X1"><V ID="1" B="1" N="Rocco Spinley" /></R><R ID="17" CC="0" C="88" S="" N="88" V="Hyper Racer X1"><V ID="1" B="1" N="Chris Peters" /></R></RL></New>

[2026-04-18T04:24:03.499758+00:00]
<C T="1776522243.6854" Y="L" C="3" E="555" />

[2026-04-18T04:24:03.500171+00:00]
<S T="1776522243.6854" S="Green" I="1776521687.5961" R="0" E="R3" P="1" SN="0" />

[2026-04-18T04:24:03.500222+00:00]
<G T="1776522243.6854" R="" C="" />

[2026-04-18T04:24:03.500372+00:00]
<A T="1776522243.6855" Y="f" C="14" I="59.7793" S1="0.0000" />

[2026-04-18T04:24:03.500407+00:00]
<L T="1776522243.6855" Y="f" L="13"><P L="1" LL="1" P="1" LP="1" C="10" D="1" T="10"><D LT="0" L="9" I="60.1456" T="1776522238.2643" PN="1" SN="0" LL="M" P="N" LLP="0" LDC="0" LCD="9" FL="8" FTY="" FI="60.0365" FT="1776522178.1187" GL="0" GI="0.0000" GNL="0" GNI="0.0000" LGL="0" LGI="0.0000" LGNL="0" LGNI="0.0000" PS="0" PF="" PI="0.0000" PT="0.0000" SP="0" LP="M" TY="" TSL="0" /></P><P L="2" LL="2" P="2" LP="2" C="11" D="1" T="11"><D LT="0" L="9" I="59.8950" T="1776522242.0174" PN="1" SN="0" LL="M" P="N" LLP="0" LDC="0" LCD="9" FL="9" FTY="" FI="59.8950" FT="1776522242.0174" GL="0" GI="3.7531" GNL="0" GNI="3.7531" LGL="0" LGI="3.7531" LGNL="0" LGNI="3.7531" PS="0" PF="" PI="0.0000" PT="0.0000" SP="0" LP="M" TY="" TSL="0" /></P><P L="3" LL="3" P="3" LP="3" C="14" D="1" T="14"><D LT="0" L="9" I="59.8020" T="1776522242.5409" PN="1" SN="0" LL="M" P="N" LLP="0" LDC="0" LCD="9" FL="5" FTY="" FI="59.7793" FT="1776522002.4392" GL="0" GI="4.2766" GNL="0" GNI="0.5235" LGL="0" LGI="4.2766" LGNL="0" LGNI="0.5235" PS="0" PF="" PI="0.0000" PT="0.0000" SP="0" LP="M" TY="" TSL="0" /></P><P L="4" LL="4" P="4" LP="4" C="9" D="1" T="9"><D LT="0" L="8" I="60.8568" T="1776522183.3419" PN="1" SN="0" LL="M" P="N" LLP="0" LDC="0" LCD="8" FL="6" FTY="" FI="60.4250" FT="1776522061.9050" GL="0" GI="5.2232" GNL="0" GNI="0.6030" LGL="0" LGI="5.2232" LGNL="0" LGNI="0.6030" PS="0" PF="" PI="0.0000" PT="0.0000" SP="0" LP="M" TY="" TSL="0" /></P><P L="5" LL="5" P="5" LP="5" C="16" D="1" T="16"><D LT="0" L="8" I="60.3712" T="1776522186.0792" PN="1" SN="0" LL="M" P="N" LLP="0" LDC="0" LCD="8" FL="6" FTY="" FI="59.8136" FT="1776522065.2744" GL="0" GI="7.9605" GNL="0" GNI="2.7373" LGL="0" LGI="7.9605" LGNL="0" LGNI="2.7373" PS="0" PF="" PI="0.0000" PT="0.0000" SP="0" LP="M" TY="" TSL="0" /></P><P L="6" LL="6" P="6" LP="6" C="2" D="1" T="2"><D LT="0" L="8" I="60.8036" T="1776522187.0422" PN="1" SN="0" LL="M" P="N" LLP="0" LDC="0" LCD="8" FL="7" FTY="" FI="60.2407" FT="1776522126.2386" GL="0" GI="8.9235" GNL="0" GNI="0.9630" LGL="0" LGI="8.9235" LGNL="0" LGNI="0.9630" PS="0" PF="" PI="0.0000" PT="0.0000" SP="0" LP="M" TY="" TSL="0" /></P><P L="7" LL="7" P="7" LP="7" C="17" D="1" T="1"><D LT="0" L="8" I="61.1120" T="1776522190.9494" PN="1" SN="0" LL="M" P="N" LLP="0" LDC="0" LCD="8" FL="5" FTY="" FI="60.8248" FT="1776522007.8180" GL="0" GI="12.8307" GNL="0" GNI="3.9072" LGL="0" LGI="12.8307" LGNL="0" LGNI="3.9072" PS="0" PF="" PI="0.0000" PT="0.0000" SP="0" LP="M" TY="" TSL="0" /></P><P L="8" LL="8" P="8" LP="8" C="13" D="1" T="3"><D LT="0" L="8" I="62.4824" T="1776522199.7396" PN="1" SN="0" LL="M" P="N" LLP="0" LDC="0" LCD="8" FL="7" FTY="" FI="61.7166" FT="1776522137.2572" GL="0" GI="21.6209" GNL="0" GNI="8.7902" LGL="0" LGI="21.6209" LGNL="0" LGNI="8.7902" PS="0" PF="" PI="0.0000" PT="0.0000" SP="0" LP="M" TY="" TSL="0" /></P><P L="9" LL="9" P="9" LP="9" C="6" D="1" T="17"><D LT="0" L="8" I="82.5134" T="1776522206.9344" PN="1" SN="0" LL="M" P="N" LLP="0" LDC="0" LCD="8" FL="6" FTY="" FI="60.1495" FT="1776522063.7144" GL="0" GI="28.8157" GNL="0" GNI="7.1948" LGL="0" LGI="28.8157" LGNL="0" LGNI="7.1948" PS="0" PF="" PI="0.0000" PT="0.0000" SP="0" LP="M" TY="" TSL="0" /></P><P L="10" LL="10" P="10" LP="10" C="7" D="1" T="13"><D LT="0" L="8" I="63.0356" T="1776522212.1495" PN="1" SN="0" LL="M" P="N" LLP="0" LDC="0" LCD="8" FL="6" FTY="" FI="62.6943" FT="1776522086.3322" GL="0" GI="34.0308" GNL="0" GNI="5.2151" LGL="0" LGI="34.0308" LGNL="0" LGNI="5.2151" PS="0" PF="" PI="0.0000" PT="0.0000" SP="0" LP="M" TY="" TSL="0" /></P><P L="11" LL="11" P="11" LP="11" C="5" D="1" T="6"><D LT="0" L="8" I="64.1060" T="1776522218.1019" PN="1" SN="0" LL="M" P="N" LLP="0" LDC="0" LCD="8" FL="7" FTY="" FI="63.8761" FT="1776522153.9959" GL="0" GI="39.9832" GNL="0" GNI="5.9524" LGL="0" LGI="39.9832" LGNL="0" LGNI="5.9524" PS="0" PF="" PI="0.0000" PT="0.0000" SP="0" LP="M" TY="" TSL="0" /></P><P L="12" LL="12" P="12" LP="12" C="1" D="1" T="7"><D LT="0" L="7" I="60.8594" T="1776522187.3712" PN="1" SN="0" LL="M" P="N" LLP="0" LDC="0" LCD="7" FL="6" FTY="" FI="60.0380" FT="1776522126.5118" GL="1" GI="9.2525" GNL="0" GNI="33.3753" LGL="1" LGI="9.2525" LGNL="0" LGNI="33.3753" PS="0" PF="" PI="0.0000" PT="0.0000" SP="0" LP="M" TY="" TSL="0" /></P><P L="13" LL="13" P="13" LP="13" C="3" D="1" T="5"><D LT="0" L="7" I="64.4862" T="1776522190.8277" PN="1" SN="0" LL="M" P="N" LLP="0" LDC="0" LCD="7" FL="4" FTY="" FI="61.2250" FT="1776521946.0955" GL="1" GI="12.7090" GNL="0" GNI="3.4565" LGL="1" LGI="12.7090" LGNL="0" LGNI="3.4565" PS="0" PF="" PI="0.0000" PT="0.0000" SP="0" LP="M" TY="" TSL="0" /></P></L>

[2026-04-18T04:24:03.561375+00:00]
<L T="1776522243.7880" Y="p" L="13"><P L="4" LL="4" P="4" LP="4" C="9" D="1" T="9"><D L="9" I="60.2200" T="1776522243.5619" LCD="9" FL="9" FI="60.2200" FT="1776522243.5619" GI="5.2976" GNI="1.0210" LGI="5.2976" LGNI="1.0210" /></P></L>

[2026-04-18T04:24:03.809340+00:00]
<C T="1776522244.0400" Y="L" C="3" E="556" />

[2026-04-18T04:24:04.840390+00:00]
<C T="1776522245.0560" Y="L" C="3" E="557" />

[2026-04-18T04:24:05.799474+00:00]
<C T="1776522246.0270" Y="L" C="3" E="558" />

[2026-04-18T04:24:06.809886+00:00]
<C T="1776522247.0310" Y="L" C="3" E="559" />

[2026-04-18T04:24:06.822437+00:00]
<L T="1776522247.0470" Y="p" L="13"><P L="5" LL="5" P="5" LP="5" C="16" D="1" T="16"><D L="9" I="60.6985" T="1776522246.7777" LCD="9" GI="8.5134" GNI="3.2158" LGI="8.5134" LGNI="3.2158" /></P></L>

[2026-04-18T04:24:07.349842+00:00]
<L T="1776522247.5630" Y="p" L="13"><P L="6" LL="6" P="6" LP="6" C="2" D="1" T="2"><D L="9" I="60.2660" T="1776522247.3082" LCD="9" GI="9.0439" GNI="0.5305" LGI="9.0439" LGNI="0.5305" /></P></L>

[2026-04-18T04:24:07.530875+00:00]
<L T="1776522247.7560" Y="p" L="13"><P L="12" LL="12" P="12" LP="12" C="1" D="1" T="7"><D L="8" I="60.1151" T="1776522247.4863" LCD="8" GI="9.2220" GNI="29.3844" LGI="9.2220" LGNI="29.3844" /></P></L>

[2026-04-18T04:24:07.801487+00:00]
<C T="1776522248.0220" Y="L" C="3" E="560" />

[2026-04-18T04:24:08.814604+00:00]
<C T="1776522249.0310" Y="L" C="3" E="561" />

[2026-04-18T04:24:09.780234+00:00]
<C T="1776522250.0030" Y="L" C="3" E="562" />

[2026-04-18T04:24:10.799889+00:00]
<C T="1776522251.0020" Y="L" C="3" E="563" />

[2026-04-18T04:24:11.807228+00:00]
<C T="1776522252.0200" Y="L" C="3" E="564" />

[2026-04-18T04:24:11.813519+00:00]
<L T="1776522252.0200" Y="p" L="13"><P L="7" LL="7" P="7" LP="7" C="17" D="1" T="1"><D L="9" I="60.7437" T="1776522251.6931" LCD="9" FL="9" FI="60.7437" FT="1776522251.6931" GI="13.4288" GNI="4.3849" LGI="13.4288" LGNI="4.3849" /></P><P L="8" LL="8" P="8" LP="8" C="13" D="1" T="17"><D /></P><P L="9" LL="9" P="9" LP="9" C="6" D="1" T="3"><D /></P></L>

[2026-04-18T04:24:12.804808+00:00]
<C T="1776522253.0210" Y="L" C="3" E="565" />

[2026-04-18T04:24:13.899770+00:00]
<C T="1776522254.0550" Y="L" C="3" E="566" />

[2026-04-18T04:24:13.899965+00:00]
<L T="1776522254.0550" Y="p" L="13"><P L="13" LL="13" P="13" LP="13" C="3" D="1" T="5"><D L="8" I="62.9907" T="1776522253.8184" LCD="8" GI="15.5541" GNI="6.3321" LGI="15.5541" LGNI="6.3321" /></P></L>

[2026-04-18T04:24:14.819998+00:00]
<C T="1776522255.0210" Y="L" C="3" E="567" />

[2026-04-18T04:24:15.844113+00:00]
<C T="1776522256.0470" Y="L" C="3" E="568" />

[2026-04-18T04:24:16.884767+00:00]
<C T="1776522257.0610" Y="L" C="3" E="569" />

[2026-04-18T04:24:17.839868+00:00]
<C T="1776522258.0220" Y="L" C="3" E="570" />

[2026-04-18T04:24:18.800255+00:00]
<C T="1776522259.0190" Y="L" C="3" E="571" />

[2026-04-18T04:24:19.922581+00:00]
<C T="1776522260.0330" Y="L" C="3" E="572" />

[2026-04-18T04:24:20.829590+00:00]
<C T="1776522261.0460" Y="L" C="3" E="573" />

[2026-04-18T04:24:21.850684+00:00]
<C T="1776522262.0640" Y="L" C="3" E="574" />

[2026-04-18T04:24:21.852126+00:00]
<L T="1776522262.0780" Y="p" L="13"><P L="8" LL="8" P="8" LP="8" C="13" D="1" T="17"><D L="9" I="62.0638" T="1776522261.8034" LCD="9" GI="23.5391" GNI="10.1103" LGI="23.5391" LGNI="10.1103" /></P></L>

[2026-04-18T04:24:22.799119+00:00]
<C T="1776522263.0140" Y="L" C="3" E="575" />

[2026-04-18T04:24:23.820262+00:00]
<C T="1776522264.0340" Y="L" C="3" E="576" />

[2026-04-18T04:24:24.833636+00:00]
<C T="1776522265.0500" Y="L" C="3" E="577" />

[2026-04-18T04:24:25.802204+00:00]
<C T="1776522266.0140" Y="L" C="3" E="578" />

[2026-04-18T04:24:26.829855+00:00]
<C T="1776522267.0270" Y="L" C="3" E="579" />

[2026-04-18T04:24:27.839190+00:00]
<C T="1776522268.0560" Y="L" C="3" E="580" />
