
[2026-04-18T04:39:46.215539+00:00]
<New T="1776523186.2371" Seq="102"><M D="Victorian Motor Racing Championship Round 2 (VMRC)" Y="Cars" /><T C="CPR" N="Calder Park Raceway" I="0" P="0" PI1="0" PI2="0"></T><E C="R4" D="Victorian Super Tin Tops &amp; BMW E30 Racing - Race 1" Y="Race" MP="N" MPD="0" L="12" TY="" ST="0" /><OL><O ID="0" C="STT" Y="Cars" RY="Race" RI="0.0000" RD="0" RC="" RS="" RV=""></O><O ID="1" C="E30" Y="Cars" RY="Race" RI="0.0000" RD="0" RC="" RS="" RV="" /></OL><RL><R ID="1" CC="0" C="9" S="" N="9" V="Mazda RX7"><V ID="1" B="1" N="Wayne Alway" /></R><R ID="2" CC="0" C="17" S="" N="17" V="Nissan Pulsar"><V ID="1" B="1" N="Megan Kirkham" /></R><R ID="3" CC="0" C="51" S="" N="51" V="Subaru WRX"><V ID="1" B="1" N="Scott Wilson" /></R><R ID="4" CC="0" C="56" S="" N="56" V="Aston Martin Vantage"><V ID="1" B="1" N="Ranald MacLurkin" /></R><R ID="5" CC="0" C="61" S="" N="61" V="Mazda MX5"><V ID="1" B="1" N="Robert Mikolajewicz" /></R><R ID="6" CC="0" C="66" S="" N="66" V="Audi RS3 LMS"><V ID="1" B="1" N="Barney Hogan" /></R><R ID="7" CC="0" C="139" S="" N="139" V="Nissan N14 Pulsar"><V ID="1" B="1" N="Timothy Maynard" /></R><R ID="8" CC="1" C="7" S="" N="7" V="BMW E30R"><V ID="1" B="1" N="Rory Plant" /></R><R ID="9" CC="1" C="17" S="" N="17" V="BMW 325i"><V ID="1" B="1" N="Brett Stevens" /></R><R ID="10" CC="1" C="22" S="" N="22" V="BMW E30"><V ID="1" B="1" N="Alex Jory" /></R><R ID="11" CC="1" C="27" S="" N="27" V="BMW E30"><V ID="1" B="1" N="Brian Bourke" /></R><R ID="12" CC="1" C="40" S="" N="40" V="BMW E30 325i"><V ID="1" B="1" N="Roderick Martin" /></R><R ID="13" CC="1" C="47" S="" N="47" V="BMW E30"><V ID="1" B="1" N="Clay Douglas" /></R><R ID="14" CC="1" C="61" S="" N="61" V="BMW E30R"><V ID="1" B="1" N="Zac Dunn" /></R><R ID="15" CC="1" C="66" S="" N="66" V="BMW E30 318i"><V ID="1" B="1" N="Benjamin Munro" /></R><R ID="16" CC="1" C="90" S="" N="90" V="BMW E30R"><V ID="1" B="1" N="Shannon Cooper" /></R></RL></New>

[2026-04-18T04:39:46.217325+00:00]
<C T="1776523186.2371" Y="L" C="8" E="327" />

[2026-04-18T04:39:46.217698+00:00]
<S T="1776523186.2371" S="Green" I="1776522858.3206" R="0" E="R4" P="1" SN="0" />

[2026-04-18T04:39:46.217958+00:00]
<G T="1776523186.2371" R="" C="" />

[2026-04-18T04:39:46.218194+00:00]
<A T="1776523186.2371" Y="f" C="6" I="68.2256" S1="0.0000" />

[2026-04-18T04:39:46.218405+00:00]
<L T="1776523186.2371" Y="f" L="15"><P L="1" LL="1" P="1" LP="1" C="4" D="1" T="4"><D LT="0" L="4" I="68.7121" T="1776523142.2773" PN="1" SN="0" LL="M" P="N" LLP="0" LDC="0" LCD="4" FL="4" FTY="" FI="68.7121" FT="1776523142.2773" GL="0" GI="0.0000" GNL="0" GNI="0.0000" LGL="0" LGI="0.0000" LGNL="0" LGNI="0.0000" PS="0" PF="" PI="0.0000" PT="0.0000" SP="0" LP="M" TY="" TSL="0" /></P><P L="2" LL="2" P="2" LP="2" C="1" D="1" T="1"><D LT="0" L="4" I="68.6998" T="1776523142.8279" PN="1" SN="0" LL="M" P="N" LLP="0" LDC="0" LCD="4" FL="4" FTY="" FI="68.6998" FT="1776523142.8279" GL="0" GI="0.5506" GNL="0" GNI="0.5506" LGL="0" LGI="0.5506" LGNL="0" LGNI="0.5506" PS="0" PF="" PI="0.0000" PT="0.0000" SP="0" LP="M" TY="" TSL="0" /></P><P L="3" LL="3" P="3" LP="3" C="6" D="1" T="6"><D LT="0" L="4" I="68.2256" T="1776523143.4560" PN="1" SN="0" LL="M" P="N" LLP="0" LDC="0" LCD="4" FL="4" FTY="" FI="68.2256" FT="1776523143.4560" GL="0" GI="1.1787" GNL="0" GNI="0.6281" LGL="0" LGI="1.1787" LGNL="0" LGNI="0.6281" PS="0" PF="" PI="0.0000" PT="0.0000" SP="0" LP="M" TY="" TSL="0" /></P><P L="4" LL="4" P="4" LP="4" C="7" D="1" T="7"><D LT="0" L="4" I="68.6417" T="1776523144.5017" PN="1" SN="0" LL="M" P="N" LLP="0" LDC="0" LCD="4" FL="4" FTY="" FI="68.6417" FT="1776523144.5017" GL="0" GI="2.2244" GNL="0" GNI="1.0457" LGL="0" LGI="2.2244" LGNL="0" LGNI="1.0457" PS="0" PF="" PI="0.0000" PT="0.0000" SP="0" LP="M" TY="" TSL="0" /></P><P L="5" LL="5" P="5" LP="5" C="15" D="1" T="15"><D LT="0" L="4" I="69.0202" T="1776523164.3811" PN="1" SN="0" LL="M" P="N" LLP="0" LDC="0" LCD="4" FL="4" FTY="" FI="69.0202" FT="1776523164.3811" GL="0" GI="22.1038" GNL="0" GNI="19.8794" LGL="0" LGI="22.1038" LGNL="0" LGNI="19.8794" PS="0" PF="" PI="0.0000" PT="0.0000" SP="0" LP="M" TY="" TSL="0" /></P><P L="6" LL="6" P="6" LP="6" C="9" D="1" T="9"><D LT="0" L="4" I="71.3299" T="1776523172.2145" PN="1" SN="0" LL="M" P="N" LLP="0" LDC="0" LCD="4" FL="2" FTY="" FI="70.9010" FT="1776523029.7059" GL="0" GI="29.9372" GNL="0" GNI="7.8334" LGL="0" LGI="29.9372" LGNL="0" LGNI="7.8334" PS="0" PF="" PI="0.0000" PT="0.0000" SP="0" LP="M" TY="" TSL="0" /></P><P L="7" LL="7" P="7" LP="7" C="11" D="1" T="11"><D LT="0" L="4" I="73.2522" T="1776523173.1772" PN="1" SN="0" LL="M" P="N" LLP="0" LDC="0" LCD="4" FL="2" FTY="" FI="70.6338" FT="1776523028.9560" GL="0" GI="30.8999" GNL="0" GNI="0.9627" LGL="0" LGI="30.8999" LGNL="0" LGNI="0.9627" PS="0" PF="" PI="0.0000" PT="0.0000" SP="0" LP="M" TY="" TSL="0" /></P><P L="8" LL="8" P="8" LP="8" C="14" D="1" T="14"><D LT="0" L="4" I="72.3699" T="1776523174.3737" PN="1" SN="0" LL="M" P="N" LLP="0" LDC="0" LCD="4" FL="2" FTY="" FI="70.9322" FT="1776523030.7438" GL="0" GI="32.0964" GNL="0" GNI="1.1965" LGL="0" LGI="32.0964" LGNL="0" LGNI="1.1965" PS="0" PF="" PI="0.0000" PT="0.0000" SP="0" LP="M" TY="" TSL="0" /></P><P L="9" LL="9" P="9" LP="9" C="2" D="1" T="2"><D LT="0" L="4" I="78.8750" T="1776523175.7996" PN="1" SN="0" LL="M" P="N" LLP="0" LDC="0" LCD="4" FL="2" FTY="" FI="77.4404" FT="1776523019.4420" GL="0" GI="33.5223" GNL="0" GNI="1.4259" LGL="0" LGI="33.5223" LGNL="0" LGNI="1.4259" PS="0" PF="" PI="0.0000" PT="0.0000" SP="0" LP="M" TY="" TSL="0" /></P><P L="10" LL="10" P="10" LP="10" C="10" D="1" T="10"><D LT="0" L="4" I="73.2861" T="1776523177.3932" PN="1" SN="0" LL="M" P="N" LLP="0" LDC="0" LCD="4" FL="3" FTY="" FI="70.3285" FT="1776523104.1071" GL="0" GI="35.1159" GNL="0" GNI="1.5936" LGL="0" LGI="35.1159" LGNL="0" LGNI="1.5936" PS="0" PF="" PI="0.0000" PT="0.0000" SP="0" LP="M" TY="" TSL="0" /></P><P L="11" LL="11" P="11" LP="11" C="12" D="1" T="12"><D LT="0" L="4" I="72.4369" T="1776523178.3957" PN="1" SN="0" LL="M" P="N" LLP="0" LDC="0" LCD="4" FL="2" FTY="" FI="72.1382" FT="1776523033.5345" GL="0" GI="36.1184" GNL="0" GNI="1.0025" LGL="0" LGI="36.1184" LGNL="0" LGNI="1.0025" PS="0" PF="" PI="0.0000" PT="0.0000" SP="0" LP="M" TY="" TSL="0" /></P><P L="12" LL="12" P="12" LP="12" C="16" D="1" T="16"><D LT="0" L="4" I="71.7894" T="1776523179.8533" PN="1" SN="0" LL="M" P="N" LLP="0" LDC="0" LCD="4" FL="4" FTY="" FI="71.7894" FT="1776523179.8533" GL="0" GI="37.5760" GNL="0" GNI="1.4576" LGL="0" LGI="37.5760" LGNL="0" LGNI="1.4576" PS="0" PF="" PI="0.0000" PT="0.0000" SP="0" LP="M" TY="" TSL="0" /></P><P L="13" LL="13" P="13" LP="13" C="8" D="1" T="8"><D LT="0" L="4" I="71.5588" T="1776523180.4102" PN="1" SN="0" LL="M" P="N" LLP="0" LDC="0" LCD="4" FL="4" FTY="" FI="71.5588" FT="1776523180.4102" GL="0" GI="38.1329" GNL="0" GNI="0.5569" LGL="0" LGI="38.1329" LGNL="0" LGNI="0.5569" PS="0" PF="" PI="0.0000" PT="0.0000" SP="0" LP="M" TY="" TSL="0" /></P><P L="14" LL="14" P="14" LP="14" C="13" D="1" T="13"><D LT="0" L="4" I="73.3057" T="1776523184.8092" PN="1" SN="0" LL="M" P="N" LLP="0" LDC="0" LCD="4" FL="3" FTY="" FI="73.2364" FT="1776523111.5035" GL="0" GI="42.5319" GNL="0" GNI="4.3990" LGL="0" LGI="42.5319" LGNL="0" LGNI="4.3990" PS="0" PF="" PI="0.0000" PT="0.0000" SP="0" LP="M" TY="" TSL="0" /></P><P L="15" LL="15" P="" LP="" C="3" D="1" T="0"><D LT="0" L="0" I="0.0000" T="1776522858.3206" PN="0" SN="0" LL="M" P="N" LLP="0" LDC="0" LCD="0" FL="0" FTY="" FI="0.0000" FT="0.0000" GL="?" GI="?" GNL="?" GNI="?" LGL="?" LGI="?" LGNL="?" LGNI="?" PS="0" PF="" PI="0.0000" PT="0.0000" SP="0" LP="" TY="" TSL="0" /></P></L>

[2026-04-18T04:39:46.977632+00:00]
<C T="1776523187.0320" Y="L" C="8" E="328" />

[2026-04-18T04:39:48.011107+00:00]
<C T="1776523188.0540" Y="L" C="8" E="329" />

[2026-04-18T04:39:48.969542+00:00]
<C T="1776523189.0050" Y="L" C="8" E="330" />

[2026-04-18T04:39:49.981043+00:00]
<C T="1776523190.0220" Y="L" C="8" E="331" />

[2026-04-18T04:39:51.001418+00:00]
<C T="1776523191.0560" Y="L" C="8" E="332" />

[2026-04-18T04:39:51.961632+00:00]
<C T="1776523192.0070" Y="L" C="8" E="333" />

[2026-04-18T04:39:52.998487+00:00]
<C T="1776523193.0240" Y="L" C="8" E="334" />

[2026-04-18T04:39:53.991351+00:00]
<C T="1776523194.0450" Y="L" C="8" E="335" />

[2026-04-18T04:39:54.961032+00:00]
<C T="1776523195.0010" Y="L" C="8" E="336" />

[2026-04-18T04:39:55.981724+00:00]
<C T="1776523196.0200" Y="L" C="8" E="337" />

[2026-04-18T04:39:56.987052+00:00]
<C T="1776523197.0390" Y="L" C="8" E="338" />

[2026-04-18T04:39:57.961178+00:00]
<C T="1776523198.0060" Y="L" C="8" E="339" />

[2026-04-18T04:39:58.990593+00:00]
<C T="1776523199.0350" Y="L" C="8" E="340" />

[2026-04-18T04:39:59.971637+00:00]
<C T="1776523200.0050" Y="L" C="8" E="341" />

[2026-04-18T04:40:00.981161+00:00]
<C T="1776523201.0340" Y="L" C="8" E="342" />

[2026-04-18T04:40:01.961691+00:00]
<C T="1776523202.0010" Y="L" C="8" E="343" />

[2026-04-18T04:40:02.965649+00:00]
<C T="1776523203.0220" Y="L" C="8" E="344" />

[2026-04-18T04:40:04.012240+00:00]
<C T="1776523204.0530" Y="L" C="8" E="345" />

[2026-04-18T04:40:04.971308+00:00]
<C T="1776523205.0220" Y="L" C="8" E="346" />

[2026-04-18T04:40:05.996730+00:00]
<C T="1776523206.0500" Y="L" C="8" E="347" />

[2026-04-18T04:40:06.946716+00:00]
<C T="1776523207.0020" Y="L" C="8" E="348" />

[2026-04-18T04:40:08.098414+00:00]
<C T="1776523208.0220" Y="L" C="8" E="349" />

[2026-04-18T04:40:09.154432+00:00]
<C T="1776523209.0370" Y="L" C="8" E="350" />

[2026-04-18T04:40:10.076178+00:00]
<C T="1776523210.0040" Y="L" C="8" E="351" />

[2026-04-18T04:40:10.862108+00:00]
<C T="1776523210.9070" Y="L" C="7" E="351" />

[2026-04-18T04:40:10.865629+00:00]
<L T="1776523210.9230" Y="p" L="15"><P L="1" LL="1" P="1" LP="1" C="4" D="1" T="4"><D L="5" I="68.2775" T="1776523210.5548" LCD="5" FL="5" FI="68.2775" FT="1776523210.5548" /></P></L>

[2026-04-18T04:40:10.981733+00:00]
<C T="1776523211.0490" Y="L" C="7" E="352" />

[2026-04-18T04:40:11.504994+00:00]
<L T="1776523211.5660" Y="p" L="15"><P L="2" LL="2" P="2" LP="2" C="1" D="1" T="1"><D L="5" I="68.4854" T="1776523211.3133" LCD="5" FL="5" FI="68.4854" FT="1776523211.3133" GI="0.7585" GNI="0.7585" LGI="0.7585" LGNI="0.7585" /></P></L>

[2026-04-18T04:40:11.635338+00:00]
<L T="1776523211.6920" Y="p" L="15"><P L="2" LL="2" P="2" LP="2" C="1" D="1" T="1"><D I="68.4906" T="1776523211.3185" FI="68.4906" FT="1776523211.3185" GI="0.7637" GNI="0.7637" LGI="0.7637" LGNI="0.7637" /></P></L>

[2026-04-18T04:40:11.956660+00:00]
<C T="1776523212.0060" Y="L" C="7" E="353" />

[2026-04-18T04:40:12.219946+00:00]
<L T="1776523212.2730" Y="p" L="15"><P L="3" LL="3" P="3" LP="3" C="6" D="1" T="6"><D L="5" I="68.5088" T="1776523211.9648" LCD="5" GI="1.4100" GNI="0.6463" LGI="1.4100" LGNI="0.6463" /></P></L>

[2026-04-18T04:40:12.987088+00:00]
<C T="1776523213.0410" Y="L" C="7" E="354" />

[2026-04-18T04:40:14.069583+00:00]
<C T="1776523214.0080" Y="L" C="7" E="355" />

[2026-04-18T04:40:15.094083+00:00]
<C T="1776523215.0360" Y="L" C="7" E="356" />

[2026-04-18T04:40:16.007237+00:00]
<C T="1776523216.0560" Y="L" C="7" E="357" />

[2026-04-18T04:40:16.013032+00:00]
<L T="1776523216.0720" Y="p" L="15"><P L="4" LL="4" P="4" LP="4" C="7" D="1" T="7"><D L="5" I="71.2040" T="1776523215.7057" LCD="5" GI="5.1509" GNI="3.7409" LGI="5.1509" LGNI="3.7409" /></P></L>

[2026-04-18T04:40:16.200377+00:00]
<L T="1776523216.2590" Y="p" L="15"><P L="4" LL="4" P="4" LP="4" C="7" D="1" T="7"><D I="71.1985" T="1776523215.7002" GI="5.1454" GNI="3.7354" LGI="5.1454" LGNI="3.7354" /></P></L>

[2026-04-18T04:40:16.982526+00:00]
<C T="1776523217.0240" Y="L" C="7" E="358" />

[2026-04-18T04:40:17.941411+00:00]
<C T="1776523218.0020" Y="L" C="7" E="359" />

[2026-04-18T04:40:18.984995+00:00]
<C T="1776523219.0210" Y="L" C="7" E="360" />

[2026-04-18T04:40:19.998567+00:00]
<C T="1776523220.0510" Y="L" C="7" E="361" />

[2026-04-18T04:40:20.962120+00:00]
<C T="1776523221.0180" Y="L" C="7" E="362" />

[2026-04-18T04:40:22.056678+00:00]
<C T="1776523222.0490" Y="L" C="7" E="363" />

[2026-04-18T04:40:22.978637+00:00]
<C T="1776523223.0180" Y="L" C="7" E="364" />

[2026-04-18T04:40:23.998779+00:00]
<C T="1776523224.0510" Y="L" C="7" E="365" />

[2026-04-18T04:40:24.961108+00:00]
<C T="1776523225.0150" Y="L" C="7" E="366" />

[2026-04-18T04:40:25.984540+00:00]
<C T="1776523226.0270" Y="L" C="7" E="367" />

[2026-04-18T04:40:27.000440+00:00]
<C T="1776523227.0440" Y="L" C="7" E="368" />

[2026-04-18T04:40:28.010252+00:00]
<C T="1776523228.0560" Y="L" C="7" E="369" />

[2026-04-18T04:40:28.973386+00:00]
<C T="1776523229.0090" Y="L" C="7" E="370" />

[2026-04-18T04:40:30.013118+00:00]
<C T="1776523230.0400" Y="L" C="7" E="371" />

[2026-04-18T04:40:31.010238+00:00]
<C T="1776523231.0620" Y="L" C="7" E="372" />

[2026-04-18T04:40:31.980595+00:00]
<C T="1776523232.0270" Y="L" C="7" E="373" />

[2026-04-18T04:40:33.007114+00:00]
<C T="1776523233.0600" Y="L" C="7" E="374" />

[2026-04-18T04:40:33.795404+00:00]
<L T="1776523233.8570" Y="p" L="15"><P L="5" LL="5" P="5" LP="5" C="15" D="1" T="15"><D L="5" I="69.2319" T="1776523233.6130" LCD="5" GI="23.0582" GNI="17.9128" LGI="23.0582" LGNI="17.9128" /></P></L>

[2026-04-18T04:40:33.984611+00:00]
<C T="1776523234.0430" Y="L" C="7" E="375" />

[2026-04-18T04:40:35.008600+00:00]
<C T="1776523235.0580" Y="L" C="7" E="376" />

[2026-04-18T04:40:35.973931+00:00]
<C T="1776523236.0250" Y="L" C="7" E="377" />

[2026-04-18T04:40:37.003062+00:00]
<C T="1776523237.0550" Y="L" C="7" E="378" />

[2026-04-18T04:40:37.976265+00:00]
<C T="1776523238.0250" Y="L" C="7" E="379" />

[2026-04-18T04:40:39.007244+00:00]
<C T="1776523239.0580" Y="L" C="7" E="380" />

[2026-04-18T04:40:39.973082+00:00]
<C T="1776523240.0250" Y="L" C="7" E="381" />

[2026-04-18T04:40:41.003714+00:00]
<C T="1776523241.0570" Y="L" C="7" E="382" />

[2026-04-18T04:40:41.985711+00:00]
<C T="1776523242.0230" Y="L" C="7" E="383" />

[2026-04-18T04:40:42.989763+00:00]
<C T="1776523243.0400" Y="L" C="7" E="384" />

[2026-04-18T04:40:43.948185+00:00]
<C T="1776523244.0010" Y="L" C="7" E="385" />

[2026-04-18T04:40:44.146684+00:00]
<L T="1776523244.2070" Y="p" L="15"><P L="6" LL="6" P="6" LP="6" C="9" D="1" T="9"><D L="5" I="71.6818" T="1776523243.8963" LCD="5" GI="33.3415" GNI="10.2833" LGI="33.3415" LGNI="10.2833" /></P></L>

[2026-04-18T04:40:44.676290+00:00]
<L T="1776523244.7220" Y="p" L="15"><P L="7" LL="7" P="7" LP="7" C="11" D="1" T="11"><D L="5" I="71.1740" T="1776523244.3512" LCD="5" GI="33.7964" GNI="0.4549" LGI="33.7964" LGNI="0.4549" /></P></L>

[2026-04-18T04:40:44.988583+00:00]
<C T="1776523245.0400" Y="L" C="7" E="386" />

[2026-04-18T04:40:45.846477+00:00]
<L T="1776523245.9050" Y="p" L="15"><P L="8" LL="8" P="8" LP="8" C="14" D="1" T="14"><D L="5" I="71.0998" T="1776523245.4735" LCD="5" GI="34.9187" GNI="1.1223" LGI="34.9187" LGNI="1.1223" /></P></L>

[2026-04-18T04:40:45.942476+00:00]
<C T="1776523246.0080" Y="L" C="7" E="387" />

[2026-04-18T04:40:46.978150+00:00]
<C T="1776523247.0270" Y="L" C="7" E="388" />

[2026-04-18T04:40:47.759643+00:00]
<L T="1776523247.8190" Y="p" L="15"><P L="9" LL="9" P="9" LP="9" C="10" D="1" T="10"><D L="5" I="70.1837" T="1776523247.5769" LCD="5" FL="5" FI="70.1837" FT="1776523247.5769" GI="37.0221" GNI="2.1034" LGI="37.0221" LGNI="2.1034" /></P><P L="10" LL="10" P="10" LP="10" C="2" D="1" T="2"><D GNL="?" GNI="?" LGNL="?" LGNI="?" /></P><P L="11" LL="11" P="11" LP="11" C="12" D="1" T="12"><D GNI="2.5961" LGNI="2.5961" /></P></L>

[2026-04-18T04:40:47.942979+00:00]
<C T="1776523248.0070" Y="L" C="7" E="389" />

[2026-04-18T04:40:48.963618+00:00]
<C T="1776523249.0130" Y="L" C="7" E="390" />

[2026-04-18T04:40:49.999567+00:00]
<C T="1776523250.0470" Y="L" C="7" E="391" />

[2026-04-18T04:40:50.337570+00:00]
<L T="1776523250.3950" Y="p" L="15"><P L="10" LL="10" P="10" LP="10" C="12" D="1" T="12"><D L="5" I="71.7810" T="1776523250.1767" LCD="5" FL="5" FI="71.7810" FT="1776523250.1767" GI="39.6219" GNI="2.5998" LGI="39.6219" LGNI="2.5998" /></P><P L="11" LL="11" P="11" LP="11" C="2" D="1" T="2"><D /></P><P L="12" LL="12" P="12" LP="12" C="16" D="1" T="16"><D GNI="4.0537" LGNI="4.0537" /></P></L>

[2026-04-18T04:40:50.974242+00:00]
<C T="1776523251.0240" Y="L" C="7" E="392" />

[2026-04-18T04:40:51.998715+00:00]
<C T="1776523252.0500" Y="L" C="7" E="393" />

[2026-04-18T04:40:52.967908+00:00]
<C T="1776523253.0170" Y="L" C="7" E="394" />

[2026-04-18T04:40:53.168517+00:00]
<L T="1776523253.2240" Y="p" L="15"><P L="11" LL="11" P="11" LP="11" C="16" D="1" T="16"><D L="5" I="73.0612" T="1776523252.9145" LCD="5" GI="42.3597" GNI="2.7378" LGI="42.3597" LGNI="2.7378" /></P><P L="12" LL="12" P="12" LP="12" C="2" D="1" T="2"><D /></P><P L="13" LL="13" P="13" LP="13" C="8" D="1" T="8"><D GNI="4.6106" LGNI="4.6106" /></P></L>

[2026-04-18T04:40:53.988594+00:00]
<C T="1776523254.0520" Y="L" C="7" E="395" />

[2026-04-18T04:40:54.256152+00:00]
<L T="1776523254.3180" Y="p" L="15"><P L="12" LL="12" P="12" LP="12" C="8" D="1" T="8"><D L="5" I="73.6353" T="1776523254.0455" LCD="5" GI="43.4907" GNI="1.1310" LGI="43.4907" LGNI="1.1310" /></P><P L="13" LL="13" P="13" LP="13" C="2" D="1" T="2"><D /></P><P L="14" LL="14" P="14" LP="14" C="13" D="1" T="13"><D GNI="9.0096" LGNI="9.0096" /></P></L>

[2026-04-18T04:40:54.967794+00:00]
<C T="1776523255.0180" Y="L" C="7" E="396" />

[2026-04-18T04:40:55.991105+00:00]
<C T="1776523256.0520" Y="L" C="7" E="397" />

[2026-04-18T04:40:56.953963+00:00]
<C T="1776523257.0100" Y="L" C="7" E="398" />

[2026-04-18T04:40:57.999217+00:00]
<C T="1776523258.0410" Y="L" C="7" E="399" />

[2026-04-18T04:40:58.388220+00:00]
<L T="1776523258.4390" Y="p" L="15"><P L="13" LL="13" P="13" LP="13" C="2" D="1" T="2"><D L="5" I="82.4315" T="1776523258.2311" LCD="5" GI="47.6763" GNL="0" GNI="4.1856" LGI="47.6763" LGNL="0" LGNI="4.1856" /></P></L>

[2026-04-18T04:40:58.718044+00:00]
<L T="1776523258.7730" Y="p" L="15"><P L="14" LL="14" P="14" LP="14" C="13" D="1" T="13"><D L="5" I="73.5576" T="1776523258.3668" LCD="5" GI="47.8120" GNI="0.1357" LGI="47.8120" LGNI="0.1357" /></P></L>

[2026-04-18T04:40:58.977999+00:00]
<C T="1776523259.0270" Y="L" C="7" E="400" />

[2026-04-18T04:40:59.998297+00:00]
<C T="1776523260.0490" Y="L" C="7" E="401" />

[2026-04-18T04:41:01.017999+00:00]
<C T="1776523261.0650" Y="L" C="7" E="402" />

[2026-04-18T04:41:01.983700+00:00]
<C T="1776523262.0330" Y="L" C="7" E="403" />

[2026-04-18T04:41:02.954347+00:00]
<C T="1776523263.0020" Y="L" C="7" E="404" />

[2026-04-18T04:41:03.980259+00:00]
<C T="1776523264.0330" Y="L" C="7" E="405" />

[2026-04-18T04:41:04.997757+00:00]
<C T="1776523265.0600" Y="L" C="7" E="406" />

[2026-04-18T04:41:05.998352+00:00]
<C T="1776523266.0590" Y="L" C="7" E="407" />

[2026-04-18T04:41:07.009786+00:00]
<C T="1776523267.0600" Y="L" C="7" E="408" />

[2026-04-18T04:41:07.969124+00:00]
<C T="1776523268.0190" Y="L" C="7" E="409" />

[2026-04-18T04:41:08.999396+00:00]
<C T="1776523269.0480" Y="L" C="7" E="410" />

[2026-04-18T04:41:09.955714+00:00]
<C T="1776523270.0070" Y="L" C="7" E="411" />

[2026-04-18T04:41:11.055418+00:00]
<C T="1776523271.0370" Y="L" C="7" E="412" />

[2026-04-18T04:41:11.964829+00:00]
<C T="1776523272.0070" Y="L" C="7" E="413" />

[2026-04-18T04:41:12.988958+00:00]
<C T="1776523273.0380" Y="L" C="7" E="414" />

[2026-04-18T04:41:13.955078+00:00]
<C T="1776523274.0070" Y="L" C="7" E="415" />

[2026-04-18T04:41:14.975775+00:00]
<C T="1776523275.0230" Y="L" C="7" E="416" />

[2026-04-18T04:41:16.025085+00:00]
<C T="1776523276.0460" Y="L" C="7" E="417" />

[2026-04-18T04:41:17.149292+00:00]
<C T="1776523277.0140" Y="L" C="7" E="418" />

[2026-04-18T04:41:17.992067+00:00]
<C T="1776523278.0430" Y="L" C="7" E="419" />

[2026-04-18T04:41:18.959852+00:00]
<C T="1776523279.0080" Y="L" C="7" E="420" />

[2026-04-18T04:41:19.489497+00:00]
<C T="1776523279.5340" Y="L" C="6" E="420" />

[2026-04-18T04:41:19.493426+00:00]
<L T="1776523279.5500" Y="p" L="15"><P L="1" LL="1" P="1" LP="1" C="4" D="1" T="4"><D L="6" I="68.6374" T="1776523279.1922" LCD="6" /></P></L>

[2026-04-18T04:41:20.008041+00:00]
<C T="1776523280.0570" Y="L" C="6" E="421" />

[2026-04-18T04:41:20.206583+00:00]
<L T="1776523280.2610" Y="p" L="15"><P L="2" LL="2" P="2" LP="2" C="1" D="1" T="1"><D L="6" I="68.7010" T="1776523280.0195" LCD="6" GI="0.8273" GNI="0.8273" LGI="0.8273" LGNI="0.8273" /></P></L>

[2026-04-18T04:41:20.528562+00:00]
<L T="1776523280.5770" Y="p" L="15"><P L="3" LL="3" P="3" LP="3" C="6" D="1" T="6"><D L="6" I="68.3238" T="1776523280.2886" LCD="6" GI="1.0964" GNI="0.2691" LGI="1.0964" LGNI="0.2691" /></P></L>

[2026-04-18T04:41:21.055460+00:00]
<C T="1776523281.0120" Y="L" C="6" E="422" />

[2026-04-18T04:41:21.984211+00:00]
<C T="1776523282.0330" Y="L" C="6" E="423" />

[2026-04-18T04:41:23.014174+00:00]
<C T="1776523283.0620" Y="L" C="6" E="424" />

[2026-04-18T04:41:23.968557+00:00]
<C T="1776523284.0160" Y="L" C="6" E="425" />

[2026-04-18T04:41:24.826969+00:00]
<L T="1776523284.8840" Y="p" L="15"><P L="4" LL="4" P="4" LP="4" C="7" D="1" T="7"><D L="6" I="68.9020" T="1776523284.6022" LCD="6" GI="5.4100" GNI="4.3136" LGI="5.4100" LGNI="4.3136" /></P></L>

[2026-04-18T04:41:24.988264+00:00]
<C T="1776523285.0480" Y="L" C="6" E="426" />

[2026-04-18T04:41:25.948823+00:00]
<C T="1776523286.0000" Y="L" C="6" E="427" />

[2026-04-18T04:41:27.134984+00:00]
<C T="1776523287.0320" Y="L" C="6" E="428" />

[2026-04-18T04:41:28.014298+00:00]
<C T="1776523288.0570" Y="L" C="6" E="429" />

[2026-04-18T04:41:28.979211+00:00]
<C T="1776523289.0260" Y="L" C="6" E="430" />

[2026-04-18T04:41:30.025147+00:00]
<C T="1776523290.0580" Y="L" C="6" E="431" />

[2026-04-18T04:41:30.963859+00:00]
<C T="1776523291.0240" Y="L" C="6" E="432" />

[2026-04-18T04:41:32.003840+00:00]
<C T="1776523292.0380" Y="L" C="6" E="433" />

[2026-04-18T04:41:32.959494+00:00]
<C T="1776523293.0040" Y="L" C="6" E="434" />

[2026-04-18T04:41:34.049910+00:00]
<C T="1776523294.0380" Y="L" C="6" E="435" />

[2026-04-18T04:41:34.960538+00:00]
<C T="1776523295.0060" Y="L" C="6" E="436" />

[2026-04-18T04:41:35.981847+00:00]
<C T="1776523296.0380" Y="L" C="6" E="437" />

[2026-04-18T04:41:37.004462+00:00]
<C T="1776523297.0530" Y="L" C="6" E="438" />

[2026-04-18T04:41:37.974598+00:00]
<C T="1776523298.0220" Y="L" C="6" E="439" />

[2026-04-18T04:41:39.055268+00:00]
<C T="1776523299.0530" Y="L" C="6" E="440" />

[2026-04-18T04:41:40.018705+00:00]
<C T="1776523300.0210" Y="L" C="6" E="441" />

[2026-04-18T04:41:40.984837+00:00]
<C T="1776523301.0380" Y="L" C="6" E="442" />

[2026-04-18T04:41:41.966618+00:00]
<C T="1776523302.0050" Y="L" C="6" E="443" />

[2026-04-18T04:41:42.988703+00:00]
<C T="1776523303.0380" Y="L" C="6" E="444" />

[2026-04-18T04:41:43.191815+00:00]
<L T="1776523303.2490" Y="p" L="15"><P L="5" LL="5" P="5" LP="5" C="15" D="1" T="15"><D L="6" I="69.4521" T="1776523303.0651" LCD="6" GI="23.8729" GNI="18.4629" LGI="23.8729" LGNI="18.4629" /></P></L>

[2026-04-18T04:41:43.962852+00:00]
<C T="1776523304.0080" Y="L" C="6" E="445" />

[2026-04-18T04:41:45.048298+00:00]
<C T="1776523305.0430" Y="L" C="6" E="446" />

[2026-04-18T04:41:45.963862+00:00]
<C T="1776523306.0070" Y="L" C="6" E="447" />

[2026-04-18T04:41:46.997711+00:00]
<C T="1776523307.0400" Y="L" C="6" E="448" />

[2026-04-18T04:41:47.951952+00:00]
<C T="1776523308.0050" Y="L" C="6" E="449" />

[2026-04-18T04:41:48.969892+00:00]
<C T="1776523309.0190" Y="L" C="6" E="450" />

[2026-04-18T04:41:50.004452+00:00]
<C T="1776523310.0530" Y="L" C="6" E="451" />

[2026-04-18T04:41:50.974840+00:00]
<C T="1776523311.0220" Y="L" C="6" E="452" />

[2026-04-18T04:41:52.011944+00:00]
<C T="1776523312.0540" Y="L" C="6" E="453" />

[2026-04-18T04:41:52.961473+00:00]
<C T="1776523313.0230" Y="L" C="6" E="454" />

[2026-04-18T04:41:53.994258+00:00]
<C T="1776523314.0390" Y="L" C="6" E="455" />

[2026-04-18T04:41:54.643425+00:00]
<L T="1776523314.6900" Y="p" L="15"><P L="6" LL="6" P="6" LP="6" C="9" D="1" T="9"><D L="6" I="70.5277" T="1776523314.4240" LCD="6" FL="6" FI="70.5277" FT="1776523314.4240" GI="35.2318" GNI="11.3589" LGI="35.2318" LGNI="11.3589" /></P></L>

[2026-04-18T04:41:54.959709+00:00]
<C T="1776523315.0080" Y="L" C="6" E="456" />

[2026-04-18T04:41:55.446074+00:00]
<L T="1776523315.4820" Y="p" L="15"><P L="7" LL="7" P="7" LP="7" C="11" D="1" T="11"><D L="6" I="70.7440" T="1776523315.0952" LCD="6" GI="35.9030" GNI="0.6712" LGI="35.9030" LGNI="0.6712" /></P></L>

[2026-04-18T04:41:56.004995+00:00]
<C T="1776523316.0530" Y="L" C="6" E="457" />

[2026-04-18T04:41:56.780582+00:00]
<L T="1776523316.8340" Y="p" L="15"><P L="8" LL="8" P="8" LP="8" C="14" D="1" T="14"><D L="6" I="71.0109" T="1776523316.4844" LCD="6" GI="37.2922" GNI="1.3892" LGI="37.2922" LGNI="1.3892" /></P></L>

[2026-04-18T04:41:56.968885+00:00]
<C T="1776523317.0340" Y="L" C="6" E="458" />

[2026-04-18T04:41:57.462800+00:00]
<L T="1776523317.5180" Y="p" L="15"><P L="9" LL="9" P="9" LP="9" C="10" D="1" T="10"><D L="6" I="69.6052" T="1776523317.1821" LCD="6" FL="6" FI="69.6052" FT="1776523317.1821" GI="37.9899" GNI="0.6977" LGI="37.9899" LGNI="0.6977" /></P></L>

[2026-04-18T04:41:57.987508+00:00]
<C T="1776523318.0400" Y="L" C="6" E="459" />

[2026-04-18T04:41:58.964431+00:00]
<C T="1776523319.0270" Y="L" C="6" E="460" />

[2026-04-18T04:41:59.980714+00:00]
<C T="1776523320.0190" Y="L" C="6" E="461" />

[2026-04-18T04:42:01.000430+00:00]
<C T="1776523321.0490" Y="L" C="6" E="462" />

[2026-04-18T04:42:01.971083+00:00]
<C T="1776523322.0150" Y="L" C="6" E="463" />

[2026-04-18T04:42:02.301233+00:00]
<L T="1776523322.3470" Y="p" L="15"><P L="10" LL="10" P="10" LP="10" C="12" D="1" T="12"><D L="6" I="71.8756" T="1776523322.0523" LCD="6" GI="42.8601" GNI="4.8702" LGI="42.8601" LGNI="4.8702" /></P></L>

[2026-04-18T04:42:03.000167+00:00]
<C T="1776523323.0460" Y="L" C="6" E="464" />

[2026-04-18T04:42:03.985119+00:00]
<C T="1776523324.0330" Y="L" C="6" E="465" />

[2026-04-18T04:42:04.476109+00:00]
<L T="1776523324.5280" Y="p" L="15"><P L="11" LL="11" P="11" LP="11" C="16" D="1" T="16"><D L="6" I="71.3634" T="1776523324.2779" LCD="6" FL="6" FI="71.3634" FT="1776523324.2779" GI="45.0857" GNI="2.2256" LGI="45.0857" LGNI="2.2256" /></P></L>

[2026-04-18T04:42:04.960305+00:00]
<C T="1776523325.0090" Y="L" C="6" E="466" />

[2026-04-18T04:42:05.434352+00:00]
<L T="1776523325.4840" Y="p" L="15"><P L="12" LL="12" P="12" LP="12" C="8" D="1" T="8"><D L="6" I="71.1669" T="1776523325.2124" LCD="6" FL="6" FI="71.1669" FT="1776523325.2124" GI="46.0202" GNI="0.9345" LGI="46.0202" LGNI="0.9345" /></P></L>

[2026-04-18T04:42:06.009232+00:00]
<C T="1776523326.0550" Y="L" C="6" E="467" />

[2026-04-18T04:42:06.989458+00:00]
<C T="1776523327.0350" Y="L" C="6" E="468" />

[2026-04-18T04:42:08.014332+00:00]
<C T="1776523328.0500" Y="L" C="6" E="469" />

[2026-04-18T04:42:08.964978+00:00]
<C T="1776523329.0170" Y="L" C="6" E="470" />

[2026-04-18T04:42:10.014809+00:00]
<C T="1776523330.0480" Y="L" C="6" E="471" />

[2026-04-18T04:42:11.115373+00:00]
<C T="1776523331.0140" Y="L" C="6" E="472" />

[2026-04-18T04:42:11.501513+00:00]
<L T="1776523331.5570" Y="p" L="15"><P L="13" LL="13" P="13" LP="13" C="13" D="1" T="13"><D L="6" I="72.9782" T="1776523331.3450" LCD="6" FL="6" FI="72.9782" FT="1776523331.3450" GI="52.1528" GNI="6.1326" LGI="52.1528" LGNI="6.1326" /></P><P L="14" LL="14" P="14" LP="14" C="2" D="1" T="2"><D GNL="?" GNI="?" LGNL="?" LGNI="?" /></P></L>

[2026-04-18T04:42:12.016110+00:00]
<C T="1776523332.0610" Y="L" C="6" E="473" />

[2026-04-18T04:42:12.995386+00:00]
<C T="1776523333.0410" Y="L" C="6" E="474" />

[2026-04-18T04:42:13.994528+00:00]
<C T="1776523334.0390" Y="L" C="6" E="475" />

[2026-04-18T04:42:14.964887+00:00]
<C T="1776523335.0070" Y="L" C="6" E="476" />

[2026-04-18T04:42:16.000597+00:00]
<C T="1776523336.0370" Y="L" C="6" E="477" />

[2026-04-18T04:42:16.069450+00:00]
<L T="1776523336.1160" Y="p" L="15"><P L="14" LL="14" P="14" LP="14" C="2" D="1" T="2"><D L="6" I="77.6761" T="1776523335.9072" LCD="6" GI="56.7150" GNL="0" GNI="4.5622" LGI="56.7150" LGNL="0" LGNI="4.5622" /></P></L>

[2026-04-18T04:42:16.955101+00:00]
<C T="1776523337.0050" Y="L" C="6" E="478" />

[2026-04-18T04:42:17.949058+00:00]
<C T="1776523338.0120" Y="L" C="6" E="479" />

[2026-04-18T04:42:18.992586+00:00]
<C T="1776523339.0400" Y="L" C="6" E="480" />

[2026-04-18T04:42:19.966539+00:00]
<C T="1776523340.0070" Y="L" C="6" E="481" />

[2026-04-18T04:42:20.993494+00:00]
<C T="1776523341.0370" Y="L" C="6" E="482" />

[2026-04-18T04:42:21.960066+00:00]
<C T="1776523342.0050" Y="L" C="6" E="483" />

[2026-04-18T04:42:22.989075+00:00]
<C T="1776523343.0360" Y="L" C="6" E="484" />

[2026-04-18T04:42:23.955252+00:00]
<C T="1776523344.0040" Y="L" C="6" E="485" />

[2026-04-18T04:42:24.976088+00:00]
<C T="1776523345.0340" Y="L" C="6" E="486" />

[2026-04-18T04:42:26.000818+00:00]
<C T="1776523346.0470" Y="L" C="6" E="487" />

[2026-04-18T04:42:27.089990+00:00]
<C T="1776523347.0150" Y="L" C="6" E="488" />

[2026-04-18T04:42:27.810441+00:00]
<C T="1776523347.8390" Y="L" C="5" E="488" />

[2026-04-18T04:42:27.811763+00:00]
<L T="1776523347.8540" Y="p" L="15"><P L="1" LL="1" P="1" LP="1" C="4" D="1" T="4"><D L="7" I="68.2714" T="1776523347.4636" LCD="7" FL="7" FI="68.2714" FT="1776523347.4636" /></P></L>

[2026-04-18T04:42:27.984987+00:00]
<C T="1776523348.0440" Y="L" C="5" E="489" />

[2026-04-18T04:42:28.432609+00:00]
<A T="1776523348.4870" Y="p" I="67.9540" />

[2026-04-18T04:42:28.434685+00:00]
<L T="1776523348.4870" Y="p" L="15"><P L="2" LL="2" P="2" LP="2" C="6" D="1" T="6"><D L="7" I="67.9540" T="1776523348.2426" LCD="7" FL="7" FI="67.9540" FT="1776523348.2426" GI="0.7790" GNI="0.7790" LGI="0.7790" LGNI="0.7790" /></P><P L="3" LL="3" P="3" LP="3" C="1" D="1" T="1"><D GNL="?" GNI="?" LGNL="?" LGNI="?" /></P><P L="4" LL="4" P="4" LP="4" C="7" D="1" T="7"><D GNI="4.5827" LGNI="4.5827" /></P></L>

[2026-04-18T04:42:29.080452+00:00]
<C T="1776523349.0570" Y="L" C="5" E="490" />

[2026-04-18T04:42:29.089080+00:00]
<L T="1776523349.0720" Y="p" L="15"><P L="3" LL="3" P="3" LP="3" C="1" D="1" T="1"><D L="7" I="68.8404" T="1776523348.8599" LCD="7" GI="1.3963" GNL="0" GNI="0.6173" LGI="1.3963" LGNL="0" LGNI="0.6173" /></P></L>

[2026-04-18T04:42:29.986116+00:00]
<C T="1776523350.0240" Y="L" C="5" E="491" />

[2026-04-18T04:42:30.965771+00:00]
<C T="1776523351.0200" Y="L" C="5" E="492" />

[2026-04-18T04:42:32.280616+00:00]
<C T="1776523352.0430" Y="L" C="5" E="493" />

[2026-04-18T04:42:32.953165+00:00]
<C T="1776523353.0090" Y="L" C="5" E="494" />

[2026-04-18T04:42:33.091058+00:00]
<L T="1776523353.1360" Y="p" L="15"><P L="4" LL="4" P="4" LP="4" C="7" D="1" T="7"><D L="7" I="68.2317" T="1776523352.8339" LCD="7" FL="7" FI="68.2317" FT="1776523352.8339" GI="5.3703" GNI="3.9740" LGI="5.3703" LGNI="3.9740" /></P></L>

[2026-04-18T04:42:33.975108+00:00]
<C T="1776523354.0230" Y="L" C="5" E="495" />

[2026-04-18T04:42:34.965358+00:00]
<C T="1776523355.0250" Y="L" C="5" E="496" />

[2026-04-18T04:42:35.996882+00:00]
<C T="1776523356.0430" Y="L" C="5" E="497" />

[2026-04-18T04:42:37.023276+00:00]
<C T="1776523357.0130" Y="L" C="5" E="498" />

[2026-04-18T04:42:37.975376+00:00]
<C T="1776523358.0270" Y="L" C="5" E="499" />

[2026-04-18T04:42:39.018125+00:00]
<C T="1776523359.0580" Y="L" C="5" E="500" />

[2026-04-18T04:42:39.981392+00:00]
<C T="1776523360.0250" Y="L" C="5" E="501" />

[2026-04-18T04:42:41.328722+00:00]
<C T="1776523361.0560" Y="L" C="5" E="502" />

[2026-04-18T04:42:41.990283+00:00]
<C T="1776523362.0230" Y="L" C="5" E="503" />

[2026-04-18T04:42:43.002466+00:00]
<C T="1776523363.0520" Y="L" C="5" E="504" />

[2026-04-18T04:42:43.966642+00:00]
<C T="1776523364.0180" Y="L" C="5" E="505" />

[2026-04-18T04:42:45.006651+00:00]
<C T="1776523365.0310" Y="L" C="5" E="506" />

[2026-04-18T04:42:46.000773+00:00]
<C T="1776523366.0460" Y="L" C="5" E="507" />

[2026-04-18T04:42:46.956594+00:00]
<C T="1776523367.0130" Y="L" C="5" E="508" />

[2026-04-18T04:42:47.981949+00:00]
<C T="1776523368.0280" Y="L" C="5" E="509" />

[2026-04-18T04:42:49.107625+00:00]
<C T="1776523369.0580" Y="L" C="5" E="510" />

[2026-04-18T04:42:49.965242+00:00]
<C T="1776523370.0070" Y="L" C="5" E="511" />

[2026-04-18T04:42:50.979989+00:00]
<C T="1776523371.0380" Y="L" C="5" E="512" />

[2026-04-18T04:42:52.005399+00:00]
<C T="1776523372.0520" Y="L" C="5" E="513" />

[2026-04-18T04:42:52.865209+00:00]
<L T="1776523372.9070" Y="p" L="15"><P L="5" LL="5" P="5" LP="5" C="15" D="1" T="15"><D L="7" I="69.5411" T="1776523372.6062" LCD="7" GI="25.1426" GNI="19.7723" LGI="25.1426" LGNI="19.7723" /></P></L>

[2026-04-18T04:42:52.980712+00:00]
<C T="1776523373.0350" Y="L" C="5" E="514" />

[2026-04-18T04:42:54.041144+00:00]
<C T="1776523374.0520" Y="L" C="5" E="515" />

[2026-04-18T04:42:54.941927+00:00]
<C T="1776523375.0000" Y="L" C="5" E="516" />

[2026-04-18T04:42:55.974812+00:00]
<C T="1776523376.0170" Y="L" C="5" E="517" />

[2026-04-18T04:42:56.977939+00:00]
<C T="1776523377.0360" Y="L" C="5" E="518" />

[2026-04-18T04:42:58.006600+00:00]
<C T="1776523378.0480" Y="L" C="5" E="519" />

[2026-04-18T04:42:58.963502+00:00]
<C T="1776523379.0130" Y="L" C="5" E="520" />

[2026-04-18T04:43:00.064335+00:00]
<C T="1776523380.0190" Y="L" C="5" E="521" />

[2026-04-18T04:43:01.006730+00:00]
<C T="1776523381.0480" Y="L" C="5" E="522" />

[2026-04-18T04:43:01.967954+00:00]
<C T="1776523382.0110" Y="L" C="5" E="523" />

[2026-04-18T04:43:02.980497+00:00]
<C T="1776523383.0390" Y="L" C="5" E="524" />

[2026-04-18T04:43:04.007328+00:00]
<C T="1776523384.0520" Y="L" C="5" E="525" />

[2026-04-18T04:43:04.969891+00:00]
<C T="1776523385.0170" Y="L" C="5" E="526" />

[2026-04-18T04:43:05.302559+00:00]
<L T="1776523385.3490" Y="p" L="15"><P L="6" LL="6" P="6" LP="6" C="9" D="1" T="9"><D L="7" I="70.5994" T="1776523385.0234" LCD="7" GI="37.5598" GNI="12.4172" LGI="37.5598" LGNI="12.4172" /></P></L>

[2026-04-18T04:43:06.003665+00:00]
<C T="1776523386.0470" Y="L" C="5" E="527" />

[2026-04-18T04:43:06.079858+00:00]
<L T="1776523386.1260" Y="p" L="15"><P L="7" LL="7" P="7" LP="7" C="11" D="1" T="11"><D L="7" I="70.8530" T="1776523385.9482" LCD="7" GI="38.4846" GNI="0.9248" LGI="38.4846" LGNI="0.9248" /></P></L>

[2026-04-18T04:43:06.972271+00:00]
<C T="1776523387.0130" Y="L" C="5" E="528" />

[2026-04-18T04:43:07.372663+00:00]
<L T="1776523387.4250" Y="p" L="15"><P L="8" LL="8" P="8" LP="8" C="14" D="1" T="14"><D L="7" I="70.6835" T="1776523387.1679" LCD="7" FL="7" FI="70.6835" FT="1776523387.1679" GI="39.7043" GNI="1.2197" LGI="39.7043" LGNI="1.2197" /></P></L>

[2026-04-18T04:43:07.444459+00:00]
<L T="1776523387.4990" Y="p" L="15"><P L="9" LL="9" P="9" LP="9" C="10" D="1" T="10"><D L="7" I="70.1124" T="1776523387.2945" LCD="7" GI="39.8309" GNI="0.1266" LGI="39.8309" LGNI="0.1266" /></P></L>

[2026-04-18T04:43:07.975464+00:00]
<C T="1776523388.0120" Y="L" C="5" E="529" />

[2026-04-18T04:43:08.986216+00:00]
<C T="1776523389.0420" Y="L" C="5" E="530" />

[2026-04-18T04:43:10.013053+00:00]
<C T="1776523390.0570" Y="L" C="5" E="531" />

[2026-04-18T04:43:10.972517+00:00]
<C T="1776523391.0160" Y="L" C="5" E="532" />

[2026-04-18T04:43:12.001794+00:00]
<C T="1776523392.0450" Y="L" C="5" E="533" />

[2026-04-18T04:43:12.975912+00:00]
<C T="1776523393.0110" Y="L" C="5" E="534" />

[2026-04-18T04:43:13.996837+00:00]
<C T="1776523394.0390" Y="L" C="5" E="535" />

[2026-04-18T04:43:14.064659+00:00]
<L T="1776523394.1190" Y="p" L="15"><P L="10" LL="10" P="10" LP="10" C="12" D="1" T="12"><D L="7" I="71.7585" T="1776523393.8108" LCD="7" FL="7" FI="71.7585" FT="1776523393.8108" GI="46.3472" GNI="6.5163" LGI="46.3472" LGNI="6.5163" /></P></L>

[2026-04-18T04:43:15.016386+00:00]
<C T="1776523395.0590" Y="L" C="5" E="536" />

[2026-04-18T04:43:15.866432+00:00]
<L T="1776523395.9170" Y="p" L="15"><P L="11" LL="11" P="11" LP="11" C="16" D="1" T="16"><D L="7" I="71.3453" T="1776523395.6232" LCD="7" FL="7" FI="71.3453" FT="1776523395.6232" GI="48.1596" GNI="1.8124" LGI="48.1596" LGNI="1.8124" /></P></L>

[2026-04-18T04:43:15.987001+00:00]
<C T="1776523396.0440" Y="L" C="5" E="537" />

[2026-04-18T04:43:17.065697+00:00]
<L T="1776523396.9450" Y="p" L="15"><P L="12" LL="12" P="12" LP="12" C="8" D="1" T="8"><D L="7" I="71.3292" T="1776523396.5416" LCD="7" GI="49.0780" GNI="0.9184" LGI="49.0780" LGNI="0.9184" /></P></L>

[2026-04-18T04:43:17.068485+00:00]
<C T="1776523397.0080" Y="L" C="5" E="538" />

[2026-04-18T04:43:17.986318+00:00]
<C T="1776523398.0310" Y="L" C="5" E="539" />

[2026-04-18T04:43:18.962183+00:00]
<C T="1776523399.0040" Y="L" C="5" E="540" />

[2026-04-18T04:43:19.995736+00:00]
<C T="1776523400.0360" Y="L" C="5" E="541" />

[2026-04-18T04:43:21.000579+00:00]
<C T="1776523401.0040" Y="L" C="5" E="542" />
