
[2026-04-18T04:17:53.443828+00:00]
<New T="1776521873.6378" Seq="83"><M D="Victorian Motor Racing Championship Round 2 (VMRC)" Y="Cars" /><T C="CPR" N="Calder Park Raceway" I="0" P="0" PI1="0" PI2="0"></T><E C="R3" D="2026 Hankook Hyper Racer Australian Drivers&apos; C&apos;ship - Race 1" Y="Race" MP="N" MPD="0" L="12" TY="" ST="0" RY="Race" RI="57.8265" RD="739781" RC="Hayden Crossland" RS="NSW" RV="Hyper Racer X1" /><OL><O ID="0" C="HYPER" Y="Cars" RY="Race" RI="57.8265" RD="739781" RC="Hayden Crossland" RS="NSW" RV="Hyper Racer X1" /></OL><RL><R ID="1" CC="0" C="2" S="" N="2" V="Hyper Racer X1"><V ID="1" B="1" N="Dean Crooke" /></R><R ID="2" CC="0" C="4" S="" N="4" V="Hyper Racer X1"><V ID="1" B="1" N="Aaron Imbach" /></R><R ID="3" CC="0" C="5" S="" N="5" V="Hyper Racer X1"><V ID="1" B="1" N="Christopher Carydias" /></R><R ID="4" CC="0" C="11" S="" N="11" V="Hyper Racer X1"><V ID="1" B="1" N="Stephen Donnellan" /></R><R ID="5" CC="0" C="12" S="" N="12" V="Hyper Racer X1"><V ID="1" B="1" N="Rob Summons" /></R><R ID="6" CC="0" C="14" S="" N="14" V="Hyper Racer X1"><V ID="1" B="1" N="Jack Lewis" /></R><R ID="7" CC="0" C="19" S="" N="19" V="Hyper Racer X1"><V ID="1" B="1" N="Hamish Leighton" /></R><R ID="8" CC="0" C="23" S="" N="23" V="Hyper Racer X1"><V ID="1" B="1" N="Peter Nowlan" /></R><R ID="9" CC="0" C="24" S="" N="24" V="Hyper Racer X1"><V ID="1" B="1" N="Brenton Davey" /></R><R ID="10" CC="0" C="34" S="" N="34" V="Hyper Racer X1"><V ID="1" B="1" N="Lucas Stasi" /></R><R ID="11" CC="0" C="38" S="" N="38" V="Hyper Racer X1"><V ID="1" B="1" N="Zachary Catlin" /></R><R ID="12" CC="0" C="63" S="" N="63" V="Hyper Racer X1"><V ID="1" B="1" N="Harry Strik" /></R><R ID="13" CC="0" C="68" S="" N="68" V="Hyper Racer X1"><V ID="1" B="1" N="Terry Knowles" /></R><R ID="14" CC="0" C="74" S="" N="74" V="Hyper Racer X1"><V ID="1" B="1" N="Bradley Smith" /></R><R ID="15" CC="0" C="77" S="" N="77" V="Hyper Racer X1"><V ID="1" B="1" N="Justin Yuen" /></R><R ID="16" CC="0" C="82" S="" N="82" V="Hyper Racer X1"><V ID="1" B="1" N="Rocco Spinley" /></R><R ID="17" CC="0" C="88" S="" N="88" V="Hyper Racer X1"><V ID="1" B="1" N="Chris Peters" /></R></RL></New>

[2026-04-18T04:17:53.444475+00:00]
<C T="1776521873.6379" Y="L" C="10" E="185" />

[2026-04-18T04:17:53.444613+00:00]
<S T="1776521873.6379" S="Green" I="1776521687.5961" R="0" E="R3" P="1" SN="0" />

[2026-04-18T04:17:53.444791+00:00]
<G T="1776521873.6379" R="" C="" />

[2026-04-18T04:17:53.444892+00:00]
<A T="1776521873.6379" Y="f" C="11" I="61.5511" S1="0.0000" />

[2026-04-18T04:17:53.444997+00:00]
<L T="1776521873.6379" Y="f" L="13"><P L="1" LL="1" P="1" LP="1" C="10" D="1" T="10"><D LT="0" L="2" I="61.6227" T="1776521815.7630" PN="1" SN="0" LL="M" P="N" LLP="0" LDC="0" LCD="2" FL="2" FTY="" FI="61.6227" FT="1776521815.7630" GL="0" GI="0.0000" GNL="0" GNI="0.0000" LGL="0" LGI="0.0000" LGNL="0" LGNI="0.0000" PS="0" PF="" PI="0.0000" PT="0.0000" SP="0" LP="M" TY="" TSL="0" /></P><P L="2" LL="2" P="2" LP="2" C="11" D="1" T="11"><D LT="0" L="2" I="61.5511" T="1776521817.6576" PN="1" SN="0" LL="M" P="N" LLP="0" LDC="0" LCD="2" FL="2" FTY="" FI="61.5511" FT="1776521817.6576" GL="0" GI="1.8946" GNL="0" GNI="1.8946" LGL="0" LGI="1.8946" LGNL="0" LGNI="1.8946" PS="0" PF="" PI="0.0000" PT="0.0000" SP="0" LP="M" TY="" TSL="0" /></P><P L="3" LL="3" P="3" LP="3" C="9" D="1" T="9"><D LT="0" L="2" I="62.2096" T="1776521818.9355" PN="1" SN="0" LL="M" P="N" LLP="0" LDC="0" LCD="2" FL="2" FTY="" FI="62.2096" FT="1776521818.9355" GL="0" GI="3.1725" GNL="0" GNI="1.2779" LGL="0" LGI="3.1725" LGNL="0" LGNI="1.2779" PS="0" PF="" PI="0.0000" PT="0.0000" SP="0" LP="M" TY="" TSL="0" /></P><P L="4" LL="4" P="4" LP="4" C="6" D="1" T="6"><D LT="0" L="2" I="61.7378" T="1776521819.8232" PN="1" SN="0" LL="M" P="N" LLP="0" LDC="0" LCD="2" FL="2" FTY="" FI="61.7378" FT="1776521819.8232" GL="0" GI="4.0602" GNL="0" GNI="0.8877" LGL="0" LGI="4.0602" LGNL="0" LGNI="0.8877" PS="0" PF="" PI="0.0000" PT="0.0000" SP="0" LP="M" TY="" TSL="0" /></P><P L="5" LL="5" P="5" LP="5" C="2" D="1" T="2"><D LT="0" L="2" I="63.3865" T="1776521821.2548" PN="1" SN="0" LL="M" P="N" LLP="0" LDC="0" LCD="2" FL="2" FTY="" FI="63.3865" FT="1776521821.2548" GL="0" GI="5.4918" GNL="0" GNI="1.4316" LGL="0" LGI="5.4918" LGNL="0" LGNI="1.4316" PS="0" PF="" PI="0.0000" PT="0.0000" SP="0" LP="M" TY="" TSL="0" /></P><P L="6" LL="6" P="6" LP="6" C="14" D="1" T="14"><D LT="0" L="2" I="62.9841" T="1776521821.6088" PN="1" SN="0" LL="M" P="N" LLP="0" LDC="0" LCD="2" FL="2" FTY="" FI="62.9841" FT="1776521821.6088" GL="0" GI="5.8458" GNL="0" GNI="0.3540" LGL="0" LGI="5.8458" LGNL="0" LGNI="0.3540" PS="0" PF="" PI="0.0000" PT="0.0000" SP="0" LP="M" TY="" TSL="0" /></P><P L="7" LL="7" P="7" LP="7" C="16" D="1" T="16"><D LT="0" L="2" I="63.1156" T="1776521821.9035" PN="1" SN="0" LL="M" P="N" LLP="0" LDC="0" LCD="2" FL="2" FTY="" FI="63.1156" FT="1776521821.9035" GL="0" GI="6.1405" GNL="0" GNI="0.2947" LGL="0" LGI="6.1405" LGNL="0" LGNI="0.2947" PS="0" PF="" PI="0.0000" PT="0.0000" SP="0" LP="M" TY="" TSL="0" /></P><P L="8" LL="8" P="8" LP="8" C="1" D="1" T="1"><D LT="0" L="2" I="63.2306" T="1776521822.4686" PN="1" SN="0" LL="M" P="N" LLP="0" LDC="0" LCD="2" FL="2" FTY="" FI="63.2306" FT="1776521822.4686" GL="0" GI="6.7056" GNL="0" GNI="0.5651" LGL="0" LGI="6.7056" LGNL="0" LGNI="0.5651" PS="0" PF="" PI="0.0000" PT="0.0000" SP="0" LP="M" TY="" TSL="0" /></P><P L="9" LL="9" P="9" LP="9" C="3" D="1" T="3"><D LT="0" L="2" I="62.4391" T="1776521823.0855" PN="1" SN="0" LL="M" P="N" LLP="0" LDC="0" LCD="2" FL="2" FTY="" FI="62.4391" FT="1776521823.0855" GL="0" GI="7.3225" GNL="0" GNI="0.6169" LGL="0" LGI="7.3225" LGNL="0" LGNI="0.6169" PS="0" PF="" PI="0.0000" PT="0.0000" SP="0" LP="M" TY="" TSL="0" /></P><P L="10" LL="10" P="10" LP="10" C="17" D="1" T="17"><D LT="0" L="2" I="63.7613" T="1776521824.2289" PN="1" SN="0" LL="M" P="N" LLP="0" LDC="0" LCD="2" FL="2" FTY="" FI="63.7613" FT="1776521824.2289" GL="0" GI="8.4659" GNL="0" GNI="1.1434" LGL="0" LGI="8.4659" LGNL="0" LGNI="1.1434" PS="0" PF="" PI="0.0000" PT="0.0000" SP="0" LP="M" TY="" TSL="0" /></P><P L="11" LL="11" P="11" LP="11" C="7" D="1" T="7"><D LT="0" L="2" I="63.5685" T="1776521824.6492" PN="1" SN="0" LL="M" P="N" LLP="0" LDC="0" LCD="2" FL="2" FTY="" FI="63.5685" FT="1776521824.6492" GL="0" GI="8.8862" GNL="0" GNI="0.4203" LGL="0" LGI="8.8862" LGNL="0" LGNI="0.4203" PS="0" PF="" PI="0.0000" PT="0.0000" SP="0" LP="M" TY="" TSL="0" /></P><P L="12" LL="12" P="12" LP="12" C="13" D="1" T="13"><D LT="0" L="2" I="63.5247" T="1776521825.1002" PN="1" SN="0" LL="M" P="N" LLP="0" LDC="0" LCD="2" FL="2" FTY="" FI="63.5247" FT="1776521825.1002" GL="0" GI="9.3372" GNL="0" GNI="0.4510" LGL="0" LGI="9.3372" LGNL="0" LGNI="0.4510" PS="0" PF="" PI="0.0000" PT="0.0000" SP="0" LP="M" TY="" TSL="0" /></P><P L="13" LL="13" P="13" LP="13" C="5" D="1" T="5"><D LT="0" L="2" I="67.1814" T="1776521829.6349" PN="1" SN="0" LL="M" P="N" LLP="0" LDC="0" LCD="2" FL="2" FTY="" FI="67.1814" FT="1776521829.6349" GL="0" GI="13.8719" GNL="0" GNI="4.5347" LGL="0" LGI="13.8719" LGNL="0" LGNI="4.5347" PS="0" PF="" PI="0.0000" PT="0.0000" SP="0" LP="M" TY="" TSL="0" /></P></L>

[2026-04-18T04:17:53.861168+00:00]
<C T="1776521874.0610" Y="L" C="10" E="186" />

[2026-04-18T04:17:54.821383+00:00]
<C T="1776521875.0180" Y="L" C="10" E="187" />

[2026-04-18T04:17:55.836684+00:00]
<C T="1776521876.0350" Y="L" C="10" E="188" />

[2026-04-18T04:17:56.852707+00:00]
<C T="1776521877.0480" Y="L" C="9" E="189" />

[2026-04-18T04:17:56.858077+00:00]
<A T="1776521877.0630" Y="p" C="10" I="61.1045" />

[2026-04-18T04:17:56.859127+00:00]
<L T="1776521877.0630" Y="p" L="13"><P L="1" LL="1" P="1" LP="1" C="10" D="1" T="10"><D L="3" I="61.1045" T="1776521876.8675" LCD="3" FL="3" FI="61.1045" FT="1776521876.8675" /></P></L>

[2026-04-18T04:17:57.798683+00:00]
<C T="1776521878.0000" Y="L" C="9" E="190" />

[2026-04-18T04:17:58.953315+00:00]
<C T="1776521879.0310" Y="L" C="9" E="191" />

[2026-04-18T04:17:58.967704+00:00]
<L T="1776521879.1750" Y="p" L="13"><P L="2" LL="2" P="2" LP="2" C="11" D="1" T="11"><D L="3" I="61.2856" T="1776521878.9432" LCD="3" FL="3" FI="61.2856" FT="1776521878.9432" GI="2.0757" GNI="2.0757" LGI="2.0757" LGNI="2.0757" /></P></L>

[2026-04-18T04:17:59.942568+00:00]
<C T="1776521880.0610" Y="L" C="9" E="192" />

[2026-04-18T04:18:00.264410+00:00]
<L T="1776521880.4590" Y="p" L="13"><P L="3" LL="3" P="3" LP="3" C="9" D="1" T="9"><D L="3" I="61.2717" T="1776521880.2072" LCD="3" FL="3" FI="61.2717" FT="1776521880.2072" GI="3.3397" GNI="1.2640" LGI="3.3397" LGNI="1.2640" /></P></L>

[2026-04-18T04:18:00.832955+00:00]
<C T="1776521881.0280" Y="L" C="9" E="193" />

[2026-04-18T04:18:01.376063+00:00]
<L T="1776521881.5660" Y="p" L="13"><P L="4" LL="4" P="4" LP="4" C="6" D="1" T="6"><D L="3" I="61.4812" T="1776521881.3044" LCD="3" FL="3" FI="61.4812" FT="1776521881.3044" GI="4.4369" GNI="1.0972" LGI="4.4369" LGNI="1.0972" /></P></L>

[2026-04-18T04:18:01.821107+00:00]
<C T="1776521882.0150" Y="L" C="9" E="194" />

[2026-04-18T04:18:02.500761+00:00]
<A T="1776521882.5400" Y="p" C="14" I="60.7999" />

[2026-04-18T04:18:02.502091+00:00]
<L T="1776521882.5400" Y="p" L="13"><P L="5" LL="5" P="5" LP="5" C="14" D="1" T="14"><D L="3" I="60.7999" T="1776521882.4087" LCD="3" FL="3" FI="60.7999" FT="1776521882.4087" GI="5.5412" GNI="1.1043" LGI="5.5412" LGNI="1.1043" /></P><P L="6" LL="6" P="6" LP="6" C="2" D="1" T="2"><D GNL="?" GNI="?" LGNL="?" LGNI="?" /></P><P L="7" LL="7" P="7" LP="7" C="16" D="1" T="16"><D GNI="0.6487" LGNI="0.6487" /></P></L>

[2026-04-18T04:18:02.863851+00:00]
<C T="1776521883.0500" Y="L" C="9" E="195" />

[2026-04-18T04:18:03.444001+00:00]
<L T="1776521883.5900" Y="p" L="13"><P L="6" LL="6" P="6" LP="6" C="2" D="1" T="2"><D L="3" I="62.0724" T="1776521883.3272" LCD="3" FL="3" FI="62.0724" FT="1776521883.3272" GI="6.4597" GNL="0" GNI="0.9185" LGI="6.4597" LGNL="0" LGNI="0.9185" /></P></L>

[2026-04-18T04:18:03.660852+00:00]
<L T="1776521883.8610" Y="p" L="13"><P L="7" LL="7" P="7" LP="7" C="16" D="1" T="16"><D L="3" I="61.7802" T="1776521883.6837" LCD="3" FL="3" FI="61.7802" FT="1776521883.6837" GI="6.8162" GNI="0.3565" LGI="6.8162" LGNI="0.3565" /></P></L>

[2026-04-18T04:18:04.001925+00:00]
<C T="1776521884.0510" Y="L" C="9" E="196" />

[2026-04-18T04:18:04.048904+00:00]
<L T="1776521884.2410" Y="p" L="13"><P L="8" LL="8" P="8" LP="8" C="1" D="1" T="1"><D L="3" I="61.4908" T="1776521883.9594" LCD="3" FL="3" FI="61.4908" FT="1776521883.9594" GI="7.0919" GNI="0.2757" LGI="7.0919" LGNI="0.2757" /></P></L>

[2026-04-18T04:18:04.882932+00:00]
<C T="1776521885.0640" Y="L" C="9" E="197" />

[2026-04-18T04:18:04.884073+00:00]
<L T="1776521885.0780" Y="p" L="13"><P L="9" LL="9" P="9" LP="9" C="3" D="1" T="3"><D L="3" I="61.7850" T="1776521884.8705" LCD="3" FL="3" FI="61.7850" FT="1776521884.8705" GI="8.0030" GNI="0.9111" LGI="8.0030" LGNI="0.9111" /></P></L>

[2026-04-18T04:18:05.830663+00:00]
<C T="1776521886.0260" Y="L" C="9" E="198" />

[2026-04-18T04:18:06.248770+00:00]
<L T="1776521886.4270" Y="p" L="13"><P L="10" LL="10" P="10" LP="10" C="17" D="1" T="17"><D L="3" I="61.8620" T="1776521886.0909" LCD="3" FL="3" FI="61.8620" FT="1776521886.0909" GI="9.2234" GNI="1.2204" LGI="9.2234" LGNI="1.2204" /></P></L>

[2026-04-18T04:18:06.853309+00:00]
<C T="1776521887.0620" Y="L" C="9" E="199" />

[2026-04-18T04:18:07.765275+00:00]
<L T="1776521887.9670" Y="p" L="13"><P L="11" LL="11" P="11" LP="11" C="13" D="1" T="13"><D L="3" I="62.6083" T="1776521887.7085" LCD="3" FL="3" FI="62.6083" FT="1776521887.7085" GI="10.8410" GNI="1.6176" LGI="10.8410" LGNI="1.6176" /></P><P L="12" LL="12" P="12" LP="12" C="7" D="1" T="7"><D GNL="?" GNI="?" LGNL="?" LGNI="?" /></P><P L="13" LL="13" P="13" LP="13" C="5" D="1" T="5"><D GNI="4.9857" LGNI="4.9857" /></P></L>

[2026-04-18T04:18:07.826586+00:00]
<C T="1776521888.0310" Y="L" C="9" E="200" />

[2026-04-18T04:18:08.875068+00:00]
<C T="1776521889.0490" Y="L" C="9" E="201" />

[2026-04-18T04:18:09.873955+00:00]
<C T="1776521890.0220" Y="L" C="9" E="202" />

[2026-04-18T04:18:11.001848+00:00]
<C T="1776521891.0420" Y="L" C="9" E="203" />

[2026-04-18T04:18:11.866004+00:00]
<C T="1776521892.0600" Y="L" C="9" E="204" />

[2026-04-18T04:18:12.946831+00:00]
<C T="1776521893.0270" Y="L" C="9" E="205" />

[2026-04-18T04:18:13.227968+00:00]
<L T="1776521893.4370" Y="p" L="13"><P L="12" LL="12" P="12" LP="12" C="7" D="1" T="7"><D L="3" I="68.5259" T="1776521893.1751" LCD="3" GI="16.3076" GNL="0" GNI="5.4666" LGI="16.3076" LGNL="0" LGNI="5.4666" /></P></L>

[2026-04-18T04:18:13.843737+00:00]
<C T="1776521894.0040" Y="L" C="9" E="206" />
