
[2026-04-18T04:19:03.356990+00:00]
<New T="1776521943.5626" Seq="83"><M D="Victorian Motor Racing Championship Round 2 (VMRC)" Y="Cars" /><T C="CPR" N="Calder Park Raceway" I="0" P="0" PI1="0" PI2="0"></T><E C="R3" D="2026 Hankook Hyper Racer Australian Drivers&apos; C&apos;ship - Race 1" Y="Race" MP="N" MPD="0" L="12" TY="" ST="0" RY="Race" RI="57.8265" RD="739781" RC="Hayden Crossland" RS="NSW" RV="Hyper Racer X1" /><OL><O ID="0" C="HYPER" Y="Cars" RY="Race" RI="57.8265" RD="739781" RC="Hayden Crossland" RS="NSW" RV="Hyper Racer X1" /></OL><RL><R ID="1" CC="0" C="2" S="" N="2" V="Hyper Racer X1"><V ID="1" B="1" N="Dean Crooke" /></R><R ID="2" CC="0" C="4" S="" N="4" V="Hyper Racer X1"><V ID="1" B="1" N="Aaron Imbach" /></R><R ID="3" CC="0" C="5" S="" N="5" V="Hyper Racer X1"><V ID="1" B="1" N="Christopher Carydias" /></R><R ID="4" CC="0" C="11" S="" N="11" V="Hyper Racer X1"><V ID="1" B="1" N="Stephen Donnellan" /></R><R ID="5" CC="0" C="12" S="" N="12" V="Hyper Racer X1"><V ID="1" B="1" N="Rob Summons" /></R><R ID="6" CC="0" C="14" S="" N="14" V="Hyper Racer X1"><V ID="1" B="1" N="Jack Lewis" /></R><R ID="7" CC="0" C="19" S="" N="19" V="Hyper Racer X1"><V ID="1" B="1" N="Hamish Leighton" /></R><R ID="8" CC="0" C="23" S="" N="23" V="Hyper Racer X1"><V ID="1" B="1" N="Peter Nowlan" /></R><R ID="9" CC="0" C="24" S="" N="24" V="Hyper Racer X1"><V ID="1" B="1" N="Brenton Davey" /></R><R ID="10" CC="0" C="34" S="" N="34" V="Hyper Racer X1"><V ID="1" B="1" N="Lucas Stasi" /></R><R ID="11" CC="0" C="38" S="" N="38" V="Hyper Racer X1"><V ID="1" B="1" N="Zachary Catlin" /></R><R ID="12" CC="0" C="63" S="" N="63" V="Hyper Racer X1"><V ID="1" B="1" N="Harry Strik" /></R><R ID="13" CC="0" C="68" S="" N="68" V="Hyper Racer X1"><V ID="1" B="1" N="Terry Knowles" /></R><R ID="14" CC="0" C="74" S="" N="74" V="Hyper Racer X1"><V ID="1" B="1" N="Bradley Smith" /></R><R ID="15" CC="0" C="77" S="" N="77" V="Hyper Racer X1"><V ID="1" B="1" N="Justin Yuen" /></R><R ID="16" CC="0" C="82" S="" N="82" V="Hyper Racer X1"><V ID="1" B="1" N="Rocco Spinley" /></R><R ID="17" CC="0" C="88" S="" N="88" V="Hyper Racer X1"><V ID="1" B="1" N="Chris Peters" /></R></RL></New>

[2026-04-18T04:19:03.361889+00:00]
<C T="1776521943.5627" Y="L" C="8" E="255" />

[2026-04-18T04:19:03.362027+00:00]
<S T="1776521943.5627" S="Green" I="1776521687.5961" R="0" E="R3" P="1" SN="0" />

[2026-04-18T04:19:03.362113+00:00]
<G T="1776521943.5627" R="" C="" />

[2026-04-18T04:19:03.362159+00:00]
<A T="1776521943.5627" Y="f" C="14" I="60.2512" S1="0.0000" />

[2026-04-18T04:19:03.362208+00:00]
<L T="1776521943.5627" Y="f" L="13"><P L="1" LL="1" P="1" LP="1" C="10" D="1" T="10"><D LT="0" L="4" I="60.3917" T="1776521937.2592" PN="1" SN="0" LL="M" P="N" LLP="0" LDC="0" LCD="4" FL="4" FTY="" FI="60.3917" FT="1776521937.2592" GL="0" GI="0.0000" GNL="0" GNI="0.0000" LGL="0" LGI="0.0000" LGNL="0" LGNI="0.0000" PS="0" PF="" PI="0.0000" PT="0.0000" SP="0" LP="M" TY="" TSL="0" /></P><P L="2" LL="2" P="2" LP="2" C="11" D="1" T="11"><D LT="0" L="4" I="61.2603" T="1776521940.2035" PN="1" SN="0" LL="M" P="N" LLP="0" LDC="0" LCD="4" FL="4" FTY="" FI="61.2603" FT="1776521940.2035" GL="0" GI="2.9443" GNL="0" GNI="2.9443" LGL="0" LGI="2.9443" LGNL="0" LGNI="2.9443" PS="0" PF="" PI="0.0000" PT="0.0000" SP="0" LP="M" TY="" TSL="0" /></P><P L="3" LL="3" P="3" LP="3" C="9" D="1" T="9"><D LT="0" L="4" I="60.8174" T="1776521941.0246" PN="1" SN="0" LL="M" P="N" LLP="0" LDC="0" LCD="4" FL="4" FTY="" FI="60.8174" FT="1776521941.0246" GL="0" GI="3.7654" GNL="0" GNI="0.8211" LGL="0" LGI="3.7654" LGNL="0" LGNI="0.8211" PS="0" PF="" PI="0.0000" PT="0.0000" SP="0" LP="M" TY="" TSL="0" /></P><P L="4" LL="4" P="4" LP="4" C="6" D="1" T="6"><D LT="0" L="4" I="60.9621" T="1776521942.2665" PN="1" SN="0" LL="M" P="N" LLP="0" LDC="0" LCD="4" FL="4" FTY="" FI="60.9621" FT="1776521942.2665" GL="0" GI="5.0073" GNL="0" GNI="1.2419" LGL="0" LGI="5.0073" LGNL="0" LGNI="1.2419" PS="0" PF="" PI="0.0000" PT="0.0000" SP="0" LP="M" TY="" TSL="0" /></P><P L="5" LL="5" P="5" LP="5" C="14" D="1" T="14"><D LT="0" L="4" I="60.2512" T="1776521942.6599" PN="1" SN="0" LL="M" P="N" LLP="0" LDC="0" LCD="4" FL="4" FTY="" FI="60.2512" FT="1776521942.6599" GL="0" GI="5.4007" GNL="0" GNI="0.3934" LGL="0" LGI="5.4007" LGNL="0" LGNI="0.3934" PS="0" PF="" PI="0.0000" PT="0.0000" SP="0" LP="M" TY="" TSL="0" /></P><P L="6" LL="6" P="6" LP="6" C="2" D="1" T="2"><D LT="0" L="3" I="62.0724" T="1776521883.3272" PN="1" SN="0" LL="M" P="N" LLP="0" LDC="0" LCD="3" FL="3" FTY="" FI="62.0724" FT="1776521883.3272" GL="0" GI="6.4597" GNL="0" GNI="0.9185" LGL="0" LGI="6.4597" LGNL="0" LGNI="0.9185" PS="0" PF="" PI="0.0000" PT="0.0000" SP="0" LP="M" TY="" TSL="0" /></P><P L="7" LL="7" P="7" LP="7" C="16" D="1" T="16"><D LT="0" L="3" I="61.7802" T="1776521883.6837" PN="1" SN="0" LL="M" P="N" LLP="0" LDC="0" LCD="3" FL="3" FTY="" FI="61.7802" FT="1776521883.6837" GL="0" GI="6.8162" GNL="0" GNI="0.3565" LGL="0" LGI="6.8162" LGNL="0" LGNI="0.3565" PS="0" PF="" PI="0.0000" PT="0.0000" SP="0" LP="M" TY="" TSL="0" /></P><P L="8" LL="8" P="8" LP="8" C="1" D="1" T="1"><D LT="0" L="3" I="61.4908" T="1776521883.9594" PN="1" SN="0" LL="M" P="N" LLP="0" LDC="0" LCD="3" FL="3" FTY="" FI="61.4908" FT="1776521883.9594" GL="0" GI="7.0919" GNL="0" GNI="0.2757" LGL="0" LGI="7.0919" LGNL="0" LGNI="0.2757" PS="0" PF="" PI="0.0000" PT="0.0000" SP="0" LP="M" TY="" TSL="0" /></P><P L="9" LL="9" P="9" LP="9" C="3" D="1" T="3"><D LT="0" L="3" I="61.7850" T="1776521884.8705" PN="1" SN="0" LL="M" P="N" LLP="0" LDC="0" LCD="3" FL="3" FTY="" FI="61.7850" FT="1776521884.8705" GL="0" GI="8.0030" GNL="0" GNI="0.9111" LGL="0" LGI="8.0030" LGNL="0" LGNI="0.9111" PS="0" PF="" PI="0.0000" PT="0.0000" SP="0" LP="M" TY="" TSL="0" /></P><P L="10" LL="10" P="10" LP="10" C="17" D="1" T="17"><D LT="0" L="3" I="61.8620" T="1776521886.0909" PN="1" SN="0" LL="M" P="N" LLP="0" LDC="0" LCD="3" FL="3" FTY="" FI="61.8620" FT="1776521886.0909" GL="0" GI="9.2234" GNL="0" GNI="1.2204" LGL="0" LGI="9.2234" LGNL="0" LGNI="1.2204" PS="0" PF="" PI="0.0000" PT="0.0000" SP="0" LP="M" TY="" TSL="0" /></P><P L="11" LL="11" P="11" LP="11" C="13" D="1" T="13"><D LT="0" L="3" I="62.6083" T="1776521887.7085" PN="1" SN="0" LL="M" P="N" LLP="0" LDC="0" LCD="3" FL="3" FTY="" FI="62.6083" FT="1776521887.7085" GL="0" GI="10.8410" GNL="0" GNI="1.6176" LGL="0" LGI="10.8410" LGNL="0" LGNI="1.6176" PS="0" PF="" PI="0.0000" PT="0.0000" SP="0" LP="M" TY="" TSL="0" /></P><P L="12" LL="12" P="12" LP="12" C="7" D="1" T="7"><D LT="0" L="3" I="68.5259" T="1776521893.1751" PN="1" SN="0" LL="M" P="N" LLP="0" LDC="0" LCD="3" FL="2" FTY="" FI="63.5685" FT="1776521824.6492" GL="0" GI="16.3076" GNL="0" GNI="5.4666" LGL="0" LGI="16.3076" LGNL="0" LGNI="5.4666" PS="0" PF="" PI="0.0000" PT="0.0000" SP="0" LP="M" TY="" TSL="0" /></P><P L="13" LL="13" P="13" LP="13" C="5" D="1" T="5"><D LT="0" L="3" I="64.5869" T="1776521894.2218" PN="1" SN="0" LL="M" P="N" LLP="0" LDC="0" LCD="3" FL="3" FTY="" FI="64.5869" FT="1776521894.2218" GL="0" GI="17.3543" GNL="0" GNI="1.0467" LGL="0" LGI="17.3543" LGNL="0" LGNI="1.0467" PS="0" PF="" PI="0.0000" PT="0.0000" SP="0" LP="M" TY="" TSL="0" /></P></L>

[2026-04-18T04:19:03.809919+00:00]
<C T="1776521944.0350" Y="L" C="8" E="256" />

[2026-04-18T04:19:04.517039+00:00]
<L T="1776521944.7340" Y="p" L="13"><P L="6" LL="6" P="6" LP="6" C="2" D="1" T="2"><D L="4" I="60.9670" T="1776521944.2942" LCD="4" FL="4" FI="60.9670" FT="1776521944.2942" GI="7.0350" GNI="1.6343" LGI="7.0350" LGNI="1.6343" /></P></L>

[2026-04-18T04:19:04.800051+00:00]
<C T="1776521945.0050" Y="L" C="8" E="257" />

[2026-04-18T04:19:05.062471+00:00]
<L T="1776521945.2920" Y="p" L="13"><P L="7" LL="7" P="7" LP="7" C="16" D="1" T="16"><D L="4" I="61.1960" T="1776521944.8797" LCD="4" FL="4" FI="61.1960" FT="1776521944.8797" GI="7.6205" GNI="0.5855" LGI="7.6205" LGNI="0.5855" /></P></L>

[2026-04-18T04:19:05.886615+00:00]
<C T="1776521946.0450" Y="L" C="8" E="258" />

[2026-04-18T04:19:06.101913+00:00]
<L T="1776521946.3300" Y="p" L="13"><P L="8" LL="8" P="8" LP="8" C="3" D="1" T="3"><D L="4" I="61.2250" T="1776521946.0955" LCD="4" FL="4" FI="61.2250" FT="1776521946.0955" GI="8.8363" GNI="1.2158" LGI="8.8363" LGNI="1.2158" /></P><P L="9" LL="9" P="9" LP="9" C="1" D="1" T="1"><D GNL="?" GNI="?" LGNL="?" LGNI="?" /></P><P L="10" LL="10" P="10" LP="10" C="17" D="1" T="17"><D GNI="2.1315" LGNI="2.1315" /></P></L>

[2026-04-18T04:19:06.810086+00:00]
<C T="1776521947.0240" Y="L" C="8" E="259" />

[2026-04-18T04:19:07.133563+00:00]
<L T="1776521947.3560" Y="p" L="13"><P L="9" LL="9" P="9" LP="9" C="17" D="1" T="17"><D L="4" I="60.9023" T="1776521946.9932" LCD="4" FL="4" FI="60.9023" FT="1776521946.9932" GI="9.7340" GNI="0.8977" LGI="9.7340" LGNI="0.8977" /></P><P L="10" LL="10" P="10" LP="10" C="1" D="1" T="1"><D /></P><P L="11" LL="11" P="11" LP="11" C="13" D="1" T="13"><D GNI="3.7491" LGNI="3.7491" /></P></L>

[2026-04-18T04:19:07.832497+00:00]
<C T="1776521948.0520" Y="L" C="8" E="260" />

[2026-04-18T04:19:08.789744+00:00]
<C T="1776521949.0030" Y="L" C="8" E="261" />

[2026-04-18T04:19:09.814695+00:00]
<C T="1776521950.0340" Y="L" C="8" E="262" />

[2026-04-18T04:19:10.282800+00:00]
<L T="1776521950.5060" Y="p" L="13"><P L="10" LL="10" P="10" LP="10" C="13" D="1" T="13"><D L="4" I="62.5808" T="1776521950.2893" LCD="4" FL="4" FI="62.5808" FT="1776521950.2893" GI="13.0301" GNI="3.2961" LGI="13.0301" LGNI="3.2961" /></P><P L="11" LL="11" P="11" LP="11" C="1" D="1" T="1"><D /></P><P L="12" LL="12" P="12" LP="12" C="7" D="1" T="7"><D GNI="9.2157" LGNI="9.2157" /></P></L>

[2026-04-18T04:19:10.785390+00:00]
<C T="1776521951.0040" Y="L" C="8" E="263" />

[2026-04-18T04:19:11.814393+00:00]
<C T="1776521952.0270" Y="L" C="8" E="264" />

[2026-04-18T04:19:12.834563+00:00]
<C T="1776521953.0580" Y="L" C="8" E="265" />

[2026-04-18T04:19:13.845237+00:00]
<C T="1776521954.0190" Y="L" C="8" E="266" />

[2026-04-18T04:19:14.900660+00:00]
<C T="1776521955.0490" Y="L" C="8" E="267" />

[2026-04-18T04:19:15.817601+00:00]
<C T="1776521956.0140" Y="L" C="8" E="268" />

[2026-04-18T04:19:16.819788+00:00]
<C T="1776521957.0400" Y="L" C="8" E="269" />

[2026-04-18T04:19:17.351138+00:00]
<L T="1776521957.5780" Y="p" L="13"><P L="11" LL="11" P="11" LP="11" C="7" D="1" T="7"><D L="4" I="64.0843" T="1776521957.2594" LCD="4" GI="20.0002" GNI="6.9701" LGI="20.0002" LGNI="6.9701" /></P><P L="12" LL="12" P="12" LP="12" C="1" D="1" T="1"><D /></P><P L="13" LL="13" P="13" LP="13" C="5" D="1" T="5"><D GNI="10.2624" LGNI="10.2624" /></P></L>

[2026-04-18T04:19:17.842280+00:00]
<C T="1776521958.0190" Y="L" C="8" E="270" />

[2026-04-18T04:19:18.991921+00:00]
<C T="1776521959.0500" Y="L" C="8" E="271" />

[2026-04-18T04:19:18.993954+00:00]
<L T="1776521959.1300" Y="p" L="13"><P L="12" LL="12" P="12" LP="12" C="5" D="1" T="5"><D L="4" I="64.5238" T="1776521958.7456" LCD="4" FL="4" FI="64.5238" FT="1776521958.7456" GI="21.4864" GNI="1.4862" LGI="21.4864" LGNI="1.4862" /></P><P L="13" LL="13" P="13" LP="13" C="1" D="1" T="1"><D /></P></L>

[2026-04-18T04:19:19.799612+00:00]
<C T="1776521960.0220" Y="L" C="8" E="272" />

[2026-04-18T04:19:20.938536+00:00]
<C T="1776521961.0550" Y="L" C="8" E="273" />

[2026-04-18T04:19:21.799596+00:00]
<C T="1776521962.0200" Y="L" C="8" E="274" />

[2026-04-18T04:19:22.985742+00:00]
<C T="1776521963.0510" Y="L" C="8" E="275" />

[2026-04-18T04:19:23.820883+00:00]
<C T="1776521964.0160" Y="L" C="8" E="276" />

[2026-04-18T04:19:24.820339+00:00]
<C T="1776521965.0410" Y="L" C="8" E="277" />

[2026-04-18T04:19:25.784298+00:00]
<C T="1776521966.0060" Y="L" C="8" E="278" />

[2026-04-18T04:19:26.961830+00:00]
<C T="1776521967.0360" Y="L" C="8" E="279" />

[2026-04-18T04:19:27.779409+00:00]
<C T="1776521968.0000" Y="L" C="8" E="280" />

[2026-04-18T04:19:28.808886+00:00]
<C T="1776521969.0270" Y="L" C="8" E="281" />

[2026-04-18T04:19:29.835786+00:00]
<C T="1776521970.0550" Y="L" C="8" E="282" />

[2026-04-18T04:19:30.822497+00:00]
<C T="1776521971.0030" Y="L" C="8" E="283" />

[2026-04-18T04:19:31.806729+00:00]
<C T="1776521972.0250" Y="L" C="8" E="284" />

[2026-04-18T04:19:32.897486+00:00]
<C T="1776521973.0560" Y="L" C="8" E="285" />

[2026-04-18T04:19:33.920803+00:00]
<C T="1776521974.0040" Y="L" C="8" E="286" />

[2026-04-18T04:19:34.864566+00:00]
<C T="1776521975.0250" Y="L" C="8" E="287" />

[2026-04-18T04:19:35.887416+00:00]
<C T="1776521976.0530" Y="L" C="8" E="288" />

[2026-04-18T04:19:36.911624+00:00]
<C T="1776521977.0180" Y="L" C="8" E="289" />

[2026-04-18T04:19:37.825616+00:00]
<C T="1776521978.0460" Y="L" C="8" E="290" />

[2026-04-18T04:19:38.792799+00:00]
<C T="1776521979.0110" Y="L" C="8" E="291" />

[2026-04-18T04:19:39.814420+00:00]
<C T="1776521980.0330" Y="L" C="8" E="292" />

[2026-04-18T04:19:40.829684+00:00]
<C T="1776521981.0480" Y="L" C="8" E="293" />

[2026-04-18T04:19:41.826448+00:00]
<C T="1776521982.0020" Y="L" C="8" E="294" />

[2026-04-18T04:19:42.850710+00:00]
<C T="1776521983.0280" Y="L" C="8" E="295" />
