
[2026-04-18T04:19:56.479047+00:00]
<New T="1776521996.6439" Seq="83"><M D="Victorian Motor Racing Championship Round 2 (VMRC)" Y="Cars" /><T C="CPR" N="Calder Park Raceway" I="0" P="0" PI1="0" PI2="0"></T><E C="R3" D="2026 Hankook Hyper Racer Australian Drivers&apos; C&apos;ship - Race 1" Y="Race" MP="N" MPD="0" L="12" TY="" ST="0" RY="Race" RI="57.8265" RD="739781" RC="Hayden Crossland" RS="NSW" RV="Hyper Racer X1" /><OL><O ID="0" C="HYPER" Y="Cars" RY="Race" RI="57.8265" RD="739781" RC="Hayden Crossland" RS="NSW" RV="Hyper Racer X1" /></OL><RL><R ID="1" CC="0" C="2" S="" N="2" V="Hyper Racer X1"><V ID="1" B="1" N="Dean Crooke" /></R><R ID="2" CC="0" C="4" S="" N="4" V="Hyper Racer X1"><V ID="1" B="1" N="Aaron Imbach" /></R><R ID="3" CC="0" C="5" S="" N="5" V="Hyper Racer X1"><V ID="1" B="1" N="Christopher Carydias" /></R><R ID="4" CC="0" C="11" S="" N="11" V="Hyper Racer X1"><V ID="1" B="1" N="Stephen Donnellan" /></R><R ID="5" CC="0" C="12" S="" N="12" V="Hyper Racer X1"><V ID="1" B="1" N="Rob Summons" /></R><R ID="6" CC="0" C="14" S="" N="14" V="Hyper Racer X1"><V ID="1" B="1" N="Jack Lewis" /></R><R ID="7" CC="0" C="19" S="" N="19" V="Hyper Racer X1"><V ID="1" B="1" N="Hamish Leighton" /></R><R ID="8" CC="0" C="23" S="" N="23" V="Hyper Racer X1"><V ID="1" B="1" N="Peter Nowlan" /></R><R ID="9" CC="0" C="24" S="" N="24" V="Hyper Racer X1"><V ID="1" B="1" N="Brenton Davey" /></R><R ID="10" CC="0" C="34" S="" N="34" V="Hyper Racer X1"><V ID="1" B="1" N="Lucas Stasi" /></R><R ID="11" CC="0" C="38" S="" N="38" V="Hyper Racer X1"><V ID="1" B="1" N="Zachary Catlin" /></R><R ID="12" CC="0" C="63" S="" N="63" V="Hyper Racer X1"><V ID="1" B="1" N="Harry Strik" /></R><R ID="13" CC="0" C="68" S="" N="68" V="Hyper Racer X1"><V ID="1" B="1" N="Terry Knowles" /></R><R ID="14" CC="0" C="74" S="" N="74" V="Hyper Racer X1"><V ID="1" B="1" N="Bradley Smith" /></R><R ID="15" CC="0" C="77" S="" N="77" V="Hyper Racer X1"><V ID="1" B="1" N="Justin Yuen" /></R><R ID="16" CC="0" C="82" S="" N="82" V="Hyper Racer X1"><V ID="1" B="1" N="Rocco Spinley" /></R><R ID="17" CC="0" C="88" S="" N="88" V="Hyper Racer X1"><V ID="1" B="1" N="Chris Peters" /></R></RL></New>

[2026-04-18T04:19:56.481314+00:00]
<C T="1776521996.6439" Y="L" C="8" E="308" />

[2026-04-18T04:19:56.481495+00:00]
<S T="1776521996.6439" S="Green" I="1776521687.5961" R="0" E="R3" P="1" SN="0" />

[2026-04-18T04:19:56.481644+00:00]
<G T="1776521996.6439" R="" C="" />

[2026-04-18T04:19:56.481725+00:00]
<A T="1776521996.6441" Y="f" C="14" I="60.2512" S1="0.0000" />

[2026-04-18T04:19:56.481802+00:00]
<L T="1776521996.6441" Y="f" L="13"><P L="1" LL="1" P="1" LP="1" C="10" D="1" T="10"><D LT="0" L="4" I="60.3917" T="1776521937.2592" PN="1" SN="0" LL="M" P="N" LLP="0" LDC="0" LCD="4" FL="4" FTY="" FI="60.3917" FT="1776521937.2592" GL="0" GI="0.0000" GNL="0" GNI="0.0000" LGL="0" LGI="0.0000" LGNL="0" LGNI="0.0000" PS="0" PF="" PI="0.0000" PT="0.0000" SP="0" LP="M" TY="" TSL="0" /></P><P L="2" LL="2" P="2" LP="2" C="11" D="1" T="11"><D LT="0" L="4" I="61.2603" T="1776521940.2035" PN="1" SN="0" LL="M" P="N" LLP="0" LDC="0" LCD="4" FL="4" FTY="" FI="61.2603" FT="1776521940.2035" GL="0" GI="2.9443" GNL="0" GNI="2.9443" LGL="0" LGI="2.9443" LGNL="0" LGNI="2.9443" PS="0" PF="" PI="0.0000" PT="0.0000" SP="0" LP="M" TY="" TSL="0" /></P><P L="3" LL="3" P="3" LP="3" C="9" D="1" T="9"><D LT="0" L="4" I="60.8174" T="1776521941.0246" PN="1" SN="0" LL="M" P="N" LLP="0" LDC="0" LCD="4" FL="4" FTY="" FI="60.8174" FT="1776521941.0246" GL="0" GI="3.7654" GNL="0" GNI="0.8211" LGL="0" LGI="3.7654" LGNL="0" LGNI="0.8211" PS="0" PF="" PI="0.0000" PT="0.0000" SP="0" LP="M" TY="" TSL="0" /></P><P L="4" LL="4" P="4" LP="4" C="6" D="1" T="6"><D LT="0" L="4" I="60.9621" T="1776521942.2665" PN="1" SN="0" LL="M" P="N" LLP="0" LDC="0" LCD="4" FL="4" FTY="" FI="60.9621" FT="1776521942.2665" GL="0" GI="5.0073" GNL="0" GNI="1.2419" LGL="0" LGI="5.0073" LGNL="0" LGNI="1.2419" PS="0" PF="" PI="0.0000" PT="0.0000" SP="0" LP="M" TY="" TSL="0" /></P><P L="5" LL="5" P="5" LP="5" C="14" D="1" T="14"><D LT="0" L="4" I="60.2512" T="1776521942.6599" PN="1" SN="0" LL="M" P="N" LLP="0" LDC="0" LCD="4" FL="4" FTY="" FI="60.2512" FT="1776521942.6599" GL="0" GI="5.4007" GNL="0" GNI="0.3934" LGL="0" LGI="5.4007" LGNL="0" LGNI="0.3934" PS="0" PF="" PI="0.0000" PT="0.0000" SP="0" LP="M" TY="" TSL="0" /></P><P L="6" LL="6" P="6" LP="6" C="2" D="1" T="2"><D LT="0" L="4" I="60.9670" T="1776521944.2942" PN="1" SN="0" LL="M" P="N" LLP="0" LDC="0" LCD="4" FL="4" FTY="" FI="60.9670" FT="1776521944.2942" GL="0" GI="7.0350" GNL="0" GNI="1.6343" LGL="0" LGI="7.0350" LGNL="0" LGNI="1.6343" PS="0" PF="" PI="0.0000" PT="0.0000" SP="0" LP="M" TY="" TSL="0" /></P><P L="7" LL="7" P="7" LP="7" C="16" D="1" T="16"><D LT="0" L="4" I="61.1960" T="1776521944.8797" PN="1" SN="0" LL="M" P="N" LLP="0" LDC="0" LCD="4" FL="4" FTY="" FI="61.1960" FT="1776521944.8797" GL="0" GI="7.6205" GNL="0" GNI="0.5855" LGL="0" LGI="7.6205" LGNL="0" LGNI="0.5855" PS="0" PF="" PI="0.0000" PT="0.0000" SP="0" LP="M" TY="" TSL="0" /></P><P L="8" LL="8" P="8" LP="8" C="3" D="1" T="3"><D LT="0" L="4" I="61.2250" T="1776521946.0955" PN="1" SN="0" LL="M" P="N" LLP="0" LDC="0" LCD="4" FL="4" FTY="" FI="61.2250" FT="1776521946.0955" GL="0" GI="8.8363" GNL="0" GNI="1.2158" LGL="0" LGI="8.8363" LGNL="0" LGNI="1.2158" PS="0" PF="" PI="0.0000" PT="0.0000" SP="0" LP="M" TY="" TSL="0" /></P><P L="9" LL="9" P="9" LP="9" C="17" D="1" T="17"><D LT="0" L="4" I="60.9023" T="1776521946.9932" PN="1" SN="0" LL="M" P="N" LLP="0" LDC="0" LCD="4" FL="4" FTY="" FI="60.9023" FT="1776521946.9932" GL="0" GI="9.7340" GNL="0" GNI="0.8977" LGL="0" LGI="9.7340" LGNL="0" LGNI="0.8977" PS="0" PF="" PI="0.0000" PT="0.0000" SP="0" LP="M" TY="" TSL="0" /></P><P L="10" LL="10" P="10" LP="10" C="13" D="1" T="13"><D LT="0" L="4" I="62.5808" T="1776521950.2893" PN="1" SN="0" LL="M" P="N" LLP="0" LDC="0" LCD="4" FL="4" FTY="" FI="62.5808" FT="1776521950.2893" GL="0" GI="13.0301" GNL="0" GNI="3.2961" LGL="0" LGI="13.0301" LGNL="0" LGNI="3.2961" PS="0" PF="" PI="0.0000" PT="0.0000" SP="0" LP="M" TY="" TSL="0" /></P><P L="11" LL="11" P="11" LP="11" C="7" D="1" T="7"><D LT="0" L="4" I="64.0843" T="1776521957.2594" PN="1" SN="0" LL="M" P="N" LLP="0" LDC="0" LCD="4" FL="2" FTY="" FI="63.5685" FT="1776521824.6492" GL="0" GI="20.0002" GNL="0" GNI="6.9701" LGL="0" LGI="20.0002" LGNL="0" LGNI="6.9701" PS="0" PF="" PI="0.0000" PT="0.0000" SP="0" LP="M" TY="" TSL="0" /></P><P L="12" LL="12" P="12" LP="12" C="5" D="1" T="5"><D LT="0" L="4" I="64.5238" T="1776521958.7456" PN="1" SN="0" LL="M" P="N" LLP="0" LDC="0" LCD="4" FL="4" FTY="" FI="64.5238" FT="1776521958.7456" GL="0" GI="21.4864" GNL="0" GNI="1.4862" LGL="0" LGI="21.4864" LGNL="0" LGNI="1.4862" PS="0" PF="" PI="0.0000" PT="0.0000" SP="0" LP="M" TY="" TSL="0" /></P><P L="13" LL="13" P="13" LP="13" C="1" D="1" T="1"><D LT="0" L="3" I="61.4908" T="1776521883.9594" PN="1" SN="0" LL="M" P="N" LLP="0" LDC="0" LCD="3" FL="3" FTY="" FI="61.4908" FT="1776521883.9594" GL="0" GI="7.0919" GNL="?" GNI="?" LGL="0" LGI="7.0919" LGNL="?" LGNI="?" PS="0" PF="" PI="0.0000" PT="0.0000" SP="0" LP="M" TY="" TSL="0" /></P></L>

[2026-04-18T04:19:56.779885+00:00]
<C T="1776521997.0000" Y="L" C="8" E="309" />

[2026-04-18T04:19:57.684297+00:00]
<C T="1776521997.9020" Y="L" C="7" E="309" />

[2026-04-18T04:19:57.688847+00:00]
<L T="1776521997.9170" Y="p" L="13"><P L="1" LL="1" P="1" LP="1" C="10" D="1" T="10"><D L="5" I="60.3257" T="1776521997.5849" LCD="5" FL="5" FI="60.3257" FT="1776521997.5849" /></P><P L="13" LL="13" P="13" LP="13" C="1" D="1" T="1"><D GL="?" GI="?" LGL="?" LGI="?" /></P></L>

[2026-04-18T04:19:57.815250+00:00]
<C T="1776521998.0450" Y="L" C="7" E="310" />

[2026-04-18T04:19:58.864762+00:00]
<C T="1776521999.0570" Y="L" C="7" E="311" />

[2026-04-18T04:19:59.950650+00:00]
<C T="1776522000.0130" Y="L" C="7" E="312" />

[2026-04-18T04:20:00.974937+00:00]
<C T="1776522001.0420" Y="L" C="7" E="313" />

[2026-04-18T04:20:00.976410+00:00]
<L T="1776522001.0570" Y="p" L="13"><P L="2" LL="2" P="2" LP="2" C="11" D="1" T="11"><D L="5" I="60.5414" T="1776522000.7449" LCD="5" FL="5" FI="60.5414" FT="1776522000.7449" GI="3.1600" GNI="3.1600" LGI="3.1600" LGNI="3.1600" /></P></L>

[2026-04-18T04:20:01.692012+00:00]
<L T="1776522001.7700" Y="p" L="13"><P L="3" LL="3" P="3" LP="3" C="9" D="1" T="9"><D L="5" I="60.4554" T="1776522001.4800" LCD="5" FL="5" FI="60.4554" FT="1776522001.4800" GI="3.8951" GNI="0.7351" LGI="3.8951" LGNI="0.7351" /></P></L>

[2026-04-18T04:20:01.806083+00:00]
<C T="1776522002.0230" Y="L" C="7" E="314" />

[2026-04-18T04:20:02.510651+00:00]
<A T="1776522002.6270" Y="p" I="59.7793" />

[2026-04-18T04:20:02.511170+00:00]
<L T="1776522002.6270" Y="p" L="13"><P L="4" LL="4" P="4" LP="4" C="14" D="1" T="14"><D L="5" I="59.7793" T="1776522002.4392" LCD="5" FL="5" FI="59.7793" FT="1776522002.4392" GI="4.8543" GNI="0.9592" LGI="4.8543" LGNI="0.9592" /></P><P L="5" LL="5" P="5" LP="5" C="6" D="1" T="6"><D GNL="?" GNI="?" LGNL="?" LGNI="?" /></P><P L="6" LL="6" P="6" LP="6" C="2" D="1" T="2"><D GNI="2.0277" LGNI="2.0277" /></P></L>

[2026-04-18T04:20:02.784114+00:00]
<C T="1776522003.0000" Y="L" C="7" E="315" />

[2026-04-18T04:20:03.793556+00:00]
<L T="1776522003.9740" Y="p" L="13"><P L="5" LL="5" P="5" LP="5" C="6" D="1" T="6"><D L="5" I="61.2984" T="1776522003.5649" LCD="5" GI="5.9800" GNL="0" GNI="1.1257" LGI="5.9800" LGNL="0" LGNI="1.1257" /></P></L>

[2026-04-18T04:20:03.804400+00:00]
<C T="1776522004.0380" Y="L" C="7" E="316" />

[2026-04-18T04:20:04.829104+00:00]
<C T="1776522005.0510" Y="L" C="7" E="317" />

[2026-04-18T04:20:05.202701+00:00]
<L T="1776522005.3200" Y="p" L="13"><P L="6" LL="6" P="6" LP="6" C="2" D="1" T="2"><D L="5" I="60.8642" T="1776522005.1584" LCD="5" FL="5" FI="60.8642" FT="1776522005.1584" GI="7.5735" GNI="1.5935" LGI="7.5735" LGNI="1.5935" /></P></L>

[2026-04-18T04:20:05.509330+00:00]
<L T="1776522005.7340" Y="p" L="13"><P L="7" LL="7" P="7" LP="7" C="16" D="1" T="16"><D L="5" I="60.5811" T="1776522005.4608" LCD="5" FL="5" FI="60.5811" FT="1776522005.4608" GI="7.8759" GNI="0.3024" LGI="7.8759" LGNI="0.3024" /></P></L>

[2026-04-18T04:20:05.828479+00:00]
<C T="1776522006.0510" Y="L" C="7" E="318" />

[2026-04-18T04:20:06.174448+00:00]
<L T="1776522006.3980" Y="p" L="13"><P L="8" LL="8" P="8" LP="8" C="3" D="1" T="1"><D /></P><P L="9" LL="9" P="9" LP="9" C="17" D="1" T="3"><D /></P><P L="10" LL="10" P="10" LP="10" C="13" D="1" T="17"><D /></P><P L="11" LL="11" P="11" LP="11" C="7" D="1" T="13"><D /></P><P L="12" LL="12" P="12" LP="12" C="5" D="1" T="7"><D /></P><P L="13" LL="13" P="13" LP="13" C="1" D="1" T="5"><D L="4" I="122.1486" T="1776522006.1080" LCD="4" GL="1" GI="8.5231" GNL="0" GNI="47.3624" LGL="1" LGI="8.5231" LGNL="0" LGNI="47.3624" /></P></L>

[2026-04-18T04:20:06.802344+00:00]
<C T="1776522007.0290" Y="L" C="7" E="319" />

[2026-04-18T04:20:07.839217+00:00]
<C T="1776522008.0400" Y="L" C="7" E="320" />

[2026-04-18T04:20:07.892065+00:00]
<L T="1776522008.1190" Y="p" L="13"><P L="8" LL="8" P="8" LP="8" C="17" D="1" T="1"><D L="5" I="60.8248" T="1776522007.8180" LCD="5" FL="5" FI="60.8248" FT="1776522007.8180" GI="10.2331" GNI="2.3572" LGI="10.2331" LGNI="2.3572" /></P><P L="9" LL="9" P="9" LP="9" C="3" D="1" T="17"><D GNL="?" GNI="?" LGNL="?" LGNI="?" /></P><P L="10" LL="10" P="10" LP="10" C="13" D="1" T="3"><D GNI="4.1938" LGNI="4.1938" /></P></L>

[2026-04-18T04:20:08.774011+00:00]
<C T="1776522009.0070" Y="L" C="7" E="321" />

[2026-04-18T04:20:09.841296+00:00]
<C T="1776522010.0250" Y="L" C="7" E="322" />

[2026-04-18T04:20:11.010669+00:00]
<C T="1776522011.0500" Y="L" C="7" E="323" />

[2026-04-18T04:20:11.829422+00:00]
<C T="1776522012.0470" Y="L" C="7" E="324" />

[2026-04-18T04:20:12.854427+00:00]
<C T="1776522013.0030" Y="L" C="7" E="325" />

[2026-04-18T04:20:13.295554+00:00]
<L T="1776522013.5170" Y="p" L="13"><P L="9" LL="9" P="9" LP="9" C="13" D="1" T="17"><D L="5" I="62.8959" T="1776522013.1852" LCD="5" GI="15.6003" GNI="5.3672" LGI="15.6003" LGNI="5.3672" /></P><P L="10" LL="10" P="10" LP="10" C="3" D="1" T="13"><D /></P><P L="11" LL="11" P="11" LP="11" C="7" D="1" T="3"><D GNI="11.1639" LGNI="11.1639" /></P></L>

[2026-04-18T04:20:13.806723+00:00]
<C T="1776522014.0190" Y="L" C="7" E="326" />

[2026-04-18T04:20:14.817920+00:00]
<C T="1776522015.0470" Y="L" C="7" E="327" />

[2026-04-18T04:20:15.834869+00:00]
<C T="1776522016.0600" Y="L" C="7" E="328" />

[2026-04-18T04:20:16.950547+00:00]
<C T="1776522017.0160" Y="L" C="7" E="329" />

[2026-04-18T04:20:17.798919+00:00]
<C T="1776522018.0190" Y="L" C="7" E="330" />

[2026-04-18T04:20:18.895087+00:00]
<C T="1776522019.0390" Y="L" C="7" E="331" />

[2026-04-18T04:20:19.815660+00:00]
<C T="1776522020.0420" Y="L" C="7" E="332" />

[2026-04-18T04:20:20.824573+00:00]
<C T="1776522021.0540" Y="L" C="7" E="333" />

[2026-04-18T04:20:21.784283+00:00]
<C T="1776522022.0020" Y="L" C="7" E="334" />

[2026-04-18T04:20:22.992771+00:00]
<C T="1776522023.0290" Y="L" C="7" E="335" />
