
[2026-04-18T04:23:03.399528+00:00]
<New T="1776522183.6172" Seq="83"><M D="Victorian Motor Racing Championship Round 2 (VMRC)" Y="Cars" /><T C="CPR" N="Calder Park Raceway" I="0" P="0" PI1="0" PI2="0"></T><E C="R3" D="2026 Hankook Hyper Racer Australian Drivers&apos; C&apos;ship - Race 1" Y="Race" MP="N" MPD="0" L="12" TY="" ST="0" RY="Race" RI="57.8265" RD="739781" RC="Hayden Crossland" RS="NSW" RV="Hyper Racer X1" /><OL><O ID="0" C="HYPER" Y="Cars" RY="Race" RI="57.8265" RD="739781" RC="Hayden Crossland" RS="NSW" RV="Hyper Racer X1" /></OL><RL><R ID="1" CC="0" C="2" S="" N="2" V="Hyper Racer X1"><V ID="1" B="1" N="Dean Crooke" /></R><R ID="2" CC="0" C="4" S="" N="4" V="Hyper Racer X1"><V ID="1" B="1" N="Aaron Imbach" /></R><R ID="3" CC="0" C="5" S="" N="5" V="Hyper Racer X1"><V ID="1" B="1" N="Christopher Carydias" /></R><R ID="4" CC="0" C="11" S="" N="11" V="Hyper Racer X1"><V ID="1" B="1" N="Stephen Donnellan" /></R><R ID="5" CC="0" C="12" S="" N="12" V="Hyper Racer X1"><V ID="1" B="1" N="Rob Summons" /></R><R ID="6" CC="0" C="14" S="" N="14" V="Hyper Racer X1"><V ID="1" B="1" N="Jack Lewis" /></R><R ID="7" CC="0" C="19" S="" N="19" V="Hyper Racer X1"><V ID="1" B="1" N="Hamish Leighton" /></R><R ID="8" CC="0" C="23" S="" N="23" V="Hyper Racer X1"><V ID="1" B="1" N="Peter Nowlan" /></R><R ID="9" CC="0" C="24" S="" N="24" V="Hyper Racer X1"><V ID="1" B="1" N="Brenton Davey" /></R><R ID="10" CC="0" C="34" S="" N="34" V="Hyper Racer X1"><V ID="1" B="1" N="Lucas Stasi" /></R><R ID="11" CC="0" C="38" S="" N="38" V="Hyper Racer X1"><V ID="1" B="1" N="Zachary Catlin" /></R><R ID="12" CC="0" C="63" S="" N="63" V="Hyper Racer X1"><V ID="1" B="1" N="Harry Strik" /></R><R ID="13" CC="0" C="68" S="" N="68" V="Hyper Racer X1"><V ID="1" B="1" N="Terry Knowles" /></R><R ID="14" CC="0" C="74" S="" N="74" V="Hyper Racer X1"><V ID="1" B="1" N="Bradley Smith" /></R><R ID="15" CC="0" C="77" S="" N="77" V="Hyper Racer X1"><V ID="1" B="1" N="Justin Yuen" /></R><R ID="16" CC="0" C="82" S="" N="82" V="Hyper Racer X1"><V ID="1" B="1" N="Rocco Spinley" /></R><R ID="17" CC="0" C="88" S="" N="88" V="Hyper Racer X1"><V ID="1" B="1" N="Chris Peters" /></R></RL></New>

[2026-04-18T04:23:03.400113+00:00]
<C T="1776522183.6172" Y="L" C="4" E="495" />

[2026-04-18T04:23:03.400229+00:00]
<S T="1776522183.6172" S="Green" I="1776521687.5961" R="0" E="R3" P="1" SN="0" />

[2026-04-18T04:23:03.400343+00:00]
<G T="1776522183.6172" R="" C="" />

[2026-04-18T04:23:03.400405+00:00]
<A T="1776522183.6172" Y="f" C="14" I="59.7793" S1="0.0000" />

[2026-04-18T04:23:03.400463+00:00]
<L T="1776522183.6172" Y="f" L="13"><P L="1" LL="1" P="1" LP="1" C="10" D="1" T="10"><D LT="0" L="8" I="60.0365" T="1776522178.1187" PN="1" SN="0" LL="M" P="N" LLP="0" LDC="0" LCD="8" FL="8" FTY="" FI="60.0365" FT="1776522178.1187" GL="0" GI="0.0000" GNL="0" GNI="0.0000" LGL="0" LGI="0.0000" LGNL="0" LGNI="0.0000" PS="0" PF="" PI="0.0000" PT="0.0000" SP="0" LP="M" TY="" TSL="0" /></P><P L="2" LL="2" P="2" LP="2" C="11" D="1" T="11"><D LT="0" L="8" I="60.4044" T="1776522182.1224" PN="1" SN="0" LL="M" P="N" LLP="0" LDC="0" LCD="8" FL="6" FTY="" FI="60.2940" FT="1776522061.0389" GL="0" GI="4.0037" GNL="0" GNI="4.0037" LGL="0" LGI="4.0037" LGNL="0" LGNI="4.0037" PS="0" PF="" PI="0.0000" PT="0.0000" SP="0" LP="M" TY="" TSL="0" /></P><P L="3" LL="3" P="3" LP="3" C="14" D="1" T="14"><D LT="0" L="8" I="59.8773" T="1776522182.7389" PN="1" SN="0" LL="M" P="N" LLP="0" LDC="0" LCD="8" FL="5" FTY="" FI="59.7793" FT="1776522002.4392" GL="0" GI="4.6202" GNL="0" GNI="0.6165" LGL="0" LGI="4.6202" LGNL="0" LGNI="0.6165" PS="0" PF="" PI="0.0000" PT="0.0000" SP="0" LP="M" TY="" TSL="0" /></P><P L="4" LL="4" P="4" LP="4" C="9" D="1" T="9"><D LT="0" L="7" I="60.5801" T="1776522122.4851" PN="1" SN="0" LL="M" P="N" LLP="0" LDC="0" LCD="7" FL="6" FTY="" FI="60.4250" FT="1776522061.9050" GL="0" GI="4.4029" GNL="?" GNI="?" LGL="0" LGI="4.4029" LGNL="?" LGNI="?" PS="0" PF="" PI="0.0000" PT="0.0000" SP="0" LP="M" TY="" TSL="0" /></P><P L="5" LL="5" P="5" LP="5" C="6" D="1" T="6"><D LT="0" L="7" I="60.7066" T="1776522124.4210" PN="1" SN="0" LL="M" P="N" LLP="0" LDC="0" LCD="7" FL="6" FTY="" FI="60.1495" FT="1776522063.7144" GL="0" GI="6.3388" GNL="0" GNI="1.9359" LGL="0" LGI="6.3388" LGNL="0" LGNI="1.9359" PS="0" PF="" PI="0.0000" PT="0.0000" SP="0" LP="M" TY="" TSL="0" /></P><P L="6" LL="6" P="6" LP="6" C="16" D="1" T="16"><D LT="0" L="7" I="60.4336" T="1776522125.7080" PN="1" SN="0" LL="M" P="N" LLP="0" LDC="0" LCD="7" FL="6" FTY="" FI="59.8136" FT="1776522065.2744" GL="0" GI="7.6258" GNL="0" GNI="1.2870" LGL="0" LGI="7.6258" LGNL="0" LGNI="1.2870" PS="0" PF="" PI="0.0000" PT="0.0000" SP="0" LP="M" TY="" TSL="0" /></P><P L="7" LL="7" P="7" LP="7" C="2" D="1" T="2"><D LT="0" L="7" I="60.2407" T="1776522126.2386" PN="1" SN="0" LL="M" P="N" LLP="0" LDC="0" LCD="7" FL="7" FTY="" FI="60.2407" FT="1776522126.2386" GL="0" GI="8.1564" GNL="0" GNI="0.5306" LGL="0" LGI="8.1564" LGNL="0" LGNI="0.5306" PS="0" PF="" PI="0.0000" PT="0.0000" SP="0" LP="M" TY="" TSL="0" /></P><P L="8" LL="8" P="8" LP="8" C="17" D="1" T="3"><D LT="0" L="7" I="60.9438" T="1776522129.8374" PN="1" SN="0" LL="M" P="N" LLP="0" LDC="0" LCD="7" FL="5" FTY="" FI="60.8248" FT="1776522007.8180" GL="0" GI="11.7552" GNL="0" GNI="3.5988" LGL="0" LGI="11.7552" LGNL="0" LGNI="3.5988" PS="0" PF="" PI="0.0000" PT="0.0000" SP="0" LP="M" TY="" TSL="0" /></P><P L="9" LL="9" P="9" LP="9" C="13" D="1" T="1"><D LT="0" L="7" I="61.7166" T="1776522137.2572" PN="1" SN="0" LL="M" P="N" LLP="0" LDC="0" LCD="7" FL="7" FTY="" FI="61.7166" FT="1776522137.2572" GL="0" GI="19.1750" GNL="0" GNI="7.4198" LGL="0" LGI="19.1750" LGNL="0" LGNI="7.4198" PS="0" PF="" PI="0.0000" PT="0.0000" SP="0" LP="M" TY="" TSL="0" /></P><P L="10" LL="10" P="10" LP="10" C="7" D="1" T="17"><D LT="0" L="7" I="62.7817" T="1776522149.1139" PN="1" SN="0" LL="M" P="N" LLP="0" LDC="0" LCD="7" FL="6" FTY="" FI="62.6943" FT="1776522086.3322" GL="0" GI="31.0317" GNL="0" GNI="11.8567" LGL="0" LGI="31.0317" LGNL="0" LGNI="11.8567" PS="0" PF="" PI="0.0000" PT="0.0000" SP="0" LP="M" TY="" TSL="0" /></P><P L="11" LL="11" P="11" LP="11" C="5" D="1" T="13"><D LT="0" L="7" I="63.8761" T="1776522153.9959" PN="1" SN="0" LL="M" P="N" LLP="0" LDC="0" LCD="7" FL="7" FTY="" FI="63.8761" FT="1776522153.9959" GL="0" GI="35.9137" GNL="0" GNI="4.8820" LGL="0" LGI="35.9137" LGNL="0" LGNI="4.8820" PS="0" PF="" PI="0.0000" PT="0.0000" SP="0" LP="M" TY="" TSL="0" /></P><P L="12" LL="12" P="12" LP="12" C="3" D="1" T="7"><D LT="0" L="6" I="68.3090" T="1776522126.3415" PN="1" SN="0" LL="M" P="N" LLP="0" LDC="0" LCD="6" FL="4" FTY="" FI="61.2250" FT="1776521946.0955" GL="1" GI="8.2593" GNL="0" GNI="36.2217" LGL="1" LGI="8.2593" LGNL="0" LGNI="36.2217" PS="0" PF="" PI="0.0000" PT="0.0000" SP="0" LP="M" TY="" TSL="0" /></P><P L="13" LL="13" P="13" LP="13" C="1" D="1" T="5"><D LT="0" L="6" I="60.0380" T="1776522126.5118" PN="1" SN="0" LL="M" P="N" LLP="0" LDC="0" LCD="6" FL="6" FTY="" FI="60.0380" FT="1776522126.5118" GL="1" GI="8.4296" GNL="0" GNI="0.1703" LGL="1" LGI="8.4296" LGNL="0" LGNI="0.1703" PS="0" PF="" PI="0.0000" PT="0.0000" SP="0" LP="M" TY="" TSL="0" /></P></L>

[2026-04-18T04:23:03.443591+00:00]
<L T="1776522183.6670" Y="p" L="13"><P L="4" LL="4" P="4" LP="4" C="9" D="1" T="9"><D L="8" I="60.8568" T="1776522183.3419" LCD="8" GI="5.2232" GNL="0" GNI="0.6030" LGI="5.2232" LGNL="0" LGNI="0.6030" /></P></L>

[2026-04-18T04:23:03.822285+00:00]
<C T="1776522184.0450" Y="L" C="4" E="496" />

[2026-04-18T04:23:04.778722+00:00]
<C T="1776522185.0080" Y="L" C="4" E="497" />

[2026-04-18T04:23:05.803356+00:00]
<C T="1776522186.0250" Y="L" C="4" E="498" />

[2026-04-18T04:23:06.128932+00:00]
<L T="1776522186.3400" Y="p" L="13"><P L="5" LL="5" P="5" LP="5" C="16" D="1" T="16"><D L="8" I="60.3712" T="1776522186.0792" LCD="8" GI="7.9605" GNI="2.7373" LGI="7.9605" LGNI="2.7373" /></P><P L="6" LL="6" P="6" LP="6" C="6" D="1" T="6"><D GNL="?" GNI="?" LGNL="?" LGNI="?" /></P><P L="7" LL="7" P="7" LP="7" C="2" D="1" T="2"><D GNI="1.8176" LGNI="1.8176" /></P></L>

[2026-04-18T04:23:06.808800+00:00]
<C T="1776522187.0250" Y="L" C="4" E="499" />

[2026-04-18T04:23:07.142524+00:00]
<L T="1776522187.3690" Y="p" L="13"><P L="6" LL="6" P="6" LP="6" C="2" D="1" T="2"><D L="8" I="60.8036" T="1776522187.0422" LCD="8" GI="8.9235" GNI="0.9630" LGI="8.9235" LGNI="0.9630" /></P><P L="7" LL="7" P="7" LP="7" C="6" D="1" T="6"><D /></P><P L="8" LL="8" P="8" LP="8" C="17" D="1" T="3"><D GNI="5.4164" LGNI="5.4164" /></P></L>

[2026-04-18T04:23:07.477081+00:00]
<L T="1776522187.6880" Y="p" L="13"><P L="7" LL="7" P="7" LP="7" C="6" D="1" T="1"><D /></P><P L="8" LL="8" P="8" LP="8" C="17" D="1" T="6"><D /></P><P L="9" LL="9" P="9" LP="9" C="13" D="1" T="3"><D /></P><P L="12" LL="12" P="12" LP="12" C="1" D="1" T="7"><D L="7" I="60.8594" T="1776522187.3712" LCD="7" GI="9.2525" GNI="33.3753" LGI="9.2525" LGNI="33.3753" /></P><P L="13" LL="13" P="13" LP="13" C="3" D="1" T="5"><D GNL="?" GNI="?" LGNL="?" LGNI="?" /></P></L>

[2026-04-18T04:23:07.800375+00:00]
<C T="1776522188.0190" Y="L" C="4" E="500" />

[2026-04-18T04:23:08.807819+00:00]
<C T="1776522189.0430" Y="L" C="4" E="501" />

[2026-04-18T04:23:09.823535+00:00]
<C T="1776522190.0530" Y="L" C="4" E="502" />

[2026-04-18T04:23:10.830088+00:00]
<C T="1776522191.0580" Y="L" C="4" E="503" />

[2026-04-18T04:23:10.959202+00:00]
<L T="1776522191.1830" Y="p" L="13"><P L="8" LL="8" P="8" LP="8" C="17" D="1" T="3"><D /></P><P L="9" LL="9" P="9" LP="9" C="13" D="1" T="6"><D /></P><P L="13" LL="13" P="13" LP="13" C="3" D="1" T="5"><D L="7" I="64.4862" T="1776522190.8277" LCD="7" GI="12.7090" GNL="0" GNI="3.4565" LGI="12.7090" LGNL="0" LGNI="3.4565" /></P></L>

[2026-04-18T04:23:11.028007+00:00]
<L T="1776522191.2460" Y="p" L="13"><P L="7" LL="7" P="7" LP="7" C="17" D="1" T="1"><D L="8" I="61.1120" T="1776522190.9494" LCD="8" GI="12.8307" GNI="3.9072" LGI="12.8307" LGNI="3.9072" /></P><P L="8" LL="8" P="8" LP="8" C="6" D="1" T="3"><D /></P><P L="9" LL="9" P="9" LP="9" C="13" D="1" T="17"><D GNI="12.8362" LGNI="12.8362" /></P><P L="10" LL="10" P="10" LP="10" C="7" D="1" T="6"><D /></P></L>

[2026-04-18T04:23:11.777485+00:00]
<C T="1776522192.0000" Y="L" C="4" E="504" />

[2026-04-18T04:23:12.977871+00:00]
<C T="1776522193.0350" Y="L" C="4" E="505" />

[2026-04-18T04:23:13.833934+00:00]
<C T="1776522194.0410" Y="L" C="4" E="506" />

[2026-04-18T04:23:14.836287+00:00]
<C T="1776522195.0570" Y="L" C="4" E="507" />

[2026-04-18T04:23:15.796020+00:00]
<C T="1776522196.0080" Y="L" C="4" E="508" />

[2026-04-18T04:23:16.850348+00:00]
<C T="1776522197.0240" Y="L" C="4" E="509" />

[2026-04-18T04:23:17.812322+00:00]
<C T="1776522198.0340" Y="L" C="4" E="510" />

[2026-04-18T04:23:18.828486+00:00]
<C T="1776522199.0480" Y="L" C="4" E="511" />

[2026-04-18T04:23:19.743290+00:00]
<L T="1776522199.9700" Y="p" L="13"><P L="8" LL="8" P="8" LP="8" C="13" D="1" T="3"><D L="8" I="62.4824" T="1776522199.7396" LCD="8" GI="21.6209" GNI="8.7902" LGI="21.6209" LGNI="8.7902" /></P><P L="9" LL="9" P="9" LP="9" C="6" D="1" T="17"><D /></P><P L="10" LL="10" P="10" LP="10" C="7" D="1" T="13"><D GNI="24.6929" LGNI="24.6929" /></P><P L="11" LL="11" P="11" LP="11" C="5" D="1" T="6"><D /></P></L>

[2026-04-18T04:23:19.801863+00:00]
<C T="1776522200.0300" Y="L" C="4" E="512" />

[2026-04-18T04:23:20.820200+00:00]
<C T="1776522201.0420" Y="L" C="4" E="513" />

[2026-04-18T04:23:21.960143+00:00]
<C T="1776522202.0120" Y="L" C="4" E="514" />

[2026-04-18T04:23:22.847826+00:00]
<C T="1776522203.0340" Y="L" C="4" E="515" />

[2026-04-18T04:23:24.002670+00:00]
<C T="1776522204.0530" Y="L" C="4" E="516" />

[2026-04-18T04:23:24.880437+00:00]
<C T="1776522205.0120" Y="L" C="4" E="517" />

[2026-04-18T04:23:25.810489+00:00]
<C T="1776522206.0270" Y="L" C="4" E="518" />

[2026-04-18T04:23:26.828210+00:00]
<C T="1776522207.0490" Y="L" C="4" E="519" />
