
[2026-04-18T04:44:49.603102+00:00]
<New T="1776523489.6289" Seq="102"><M D="Victorian Motor Racing Championship Round 2 (VMRC)" Y="Cars" /><T C="CPR" N="Calder Park Raceway" I="0" P="0" PI1="0" PI2="0"></T><E C="R4" D="Victorian Super Tin Tops &amp; BMW E30 Racing - Race 1" Y="Race" MP="N" MPD="0" L="12" TY="" ST="0" /><OL><O ID="0" C="STT" Y="Cars" RY="Race" RI="0.0000" RD="0" RC="" RS="" RV=""></O><O ID="1" C="E30" Y="Cars" RY="Race" RI="0.0000" RD="0" RC="" RS="" RV="" /></OL><RL><R ID="1" CC="0" C="9" S="" N="9" V="Mazda RX7"><V ID="1" B="1" N="Wayne Alway" /></R><R ID="2" CC="0" C="17" S="" N="17" V="Nissan Pulsar"><V ID="1" B="1" N="Megan Kirkham" /></R><R ID="3" CC="0" C="51" S="" N="51" V="Subaru WRX"><V ID="1" B="1" N="Scott Wilson" /></R><R ID="4" CC="0" C="56" S="" N="56" V="Aston Martin Vantage"><V ID="1" B="1" N="Ranald MacLurkin" /></R><R ID="5" CC="0" C="61" S="" N="61" V="Mazda MX5"><V ID="1" B="1" N="Robert Mikolajewicz" /></R><R ID="6" CC="0" C="66" S="" N="66" V="Audi RS3 LMS"><V ID="1" B="1" N="Barney Hogan" /></R><R ID="7" CC="0" C="139" S="" N="139" V="Nissan N14 Pulsar"><V ID="1" B="1" N="Timothy Maynard" /></R><R ID="8" CC="1" C="7" S="" N="7" V="BMW E30R"><V ID="1" B="1" N="Rory Plant" /></R><R ID="9" CC="1" C="17" S="" N="17" V="BMW 325i"><V ID="1" B="1" N="Brett Stevens" /></R><R ID="10" CC="1" C="22" S="" N="22" V="BMW E30"><V ID="1" B="1" N="Alex Jory" /></R><R ID="11" CC="1" C="27" S="" N="27" V="BMW E30"><V ID="1" B="1" N="Brian Bourke" /></R><R ID="12" CC="1" C="40" S="" N="40" V="BMW E30 325i"><V ID="1" B="1" N="Roderick Martin" /></R><R ID="13" CC="1" C="47" S="" N="47" V="BMW E30"><V ID="1" B="1" N="Clay Douglas" /></R><R ID="14" CC="1" C="61" S="" N="61" V="BMW E30R"><V ID="1" B="1" N="Zac Dunn" /></R><R ID="15" CC="1" C="66" S="" N="66" V="BMW E30 318i"><V ID="1" B="1" N="Benjamin Munro" /></R><R ID="16" CC="1" C="90" S="" N="90" V="BMW E30R"><V ID="1" B="1" N="Shannon Cooper" /></R></RL></New>

[2026-04-18T04:44:49.605183+00:00]
<C T="1776523489.6289" Y="L" C="3" E="630" />

[2026-04-18T04:44:49.606252+00:00]
<S T="1776523489.6289" S="Green" I="1776522858.3206" R="0" E="R4" P="1" SN="0" />

[2026-04-18T04:44:49.607000+00:00]
<G T="1776523489.6289" R="" C="" />

[2026-04-18T04:44:49.607692+00:00]
<A T="1776523489.6289" Y="f" C="4" I="67.9332" S1="0.0000" />

[2026-04-18T04:44:49.608346+00:00]
<L T="1776523489.6289" Y="f" L="15"><P L="1" LL="1" P="1" LP="1" C="4" D="1" T="4"><D LT="0" L="9" I="68.0409" T="1776523483.4377" PN="1" SN="0" LL="M" P="N" LLP="0" LDC="0" LCD="9" FL="8" FTY="" FI="67.9332" FT="1776523415.3968" GL="0" GI="0.0000" GNL="0" GNI="0.0000" LGL="0" LGI="0.0000" LGNL="0" LGNI="0.0000" PS="0" PF="" PI="0.0000" PT="0.0000" SP="0" LP="M" TY="" TSL="0" /></P><P L="2" LL="2" P="2" LP="2" C="6" D="1" T="6"><D LT="0" L="9" I="68.7222" T="1776523484.9170" PN="1" SN="0" LL="M" P="N" LLP="0" LDC="0" LCD="9" FL="8" FTY="" FI="67.9522" FT="1776523416.1948" GL="0" GI="1.4793" GNL="0" GNI="1.4793" LGL="0" LGI="1.4793" LGNL="0" LGNI="1.4793" PS="0" PF="" PI="0.0000" PT="0.0000" SP="0" LP="M" TY="" TSL="0" /></P><P L="3" LL="3" P="3" LP="3" C="1" D="1" T="1"><D LT="0" L="9" I="68.5760" T="1776523485.6599" PN="1" SN="0" LL="M" P="N" LLP="0" LDC="0" LCD="9" FL="8" FTY="" FI="68.2240" FT="1776523417.0839" GL="0" GI="2.2222" GNL="0" GNI="0.7429" LGL="0" LGI="2.2222" LGNL="0" LGNI="0.7429" PS="0" PF="" PI="0.0000" PT="0.0000" SP="0" LP="M" TY="" TSL="0" /></P><P L="4" LL="4" P="4" LP="4" C="7" D="1" T="7"><D LT="0" L="8" I="68.3883" T="1776523421.2222" PN="1" SN="0" LL="M" P="N" LLP="0" LDC="0" LCD="8" FL="7" FTY="" FI="68.2317" FT="1776523352.8339" GL="0" GI="5.8254" GNL="0" GNI="4.1383" LGL="0" LGI="5.8254" LGNL="0" LGNI="4.1383" PS="0" PF="" PI="0.0000" PT="0.0000" SP="0" LP="M" TY="" TSL="0" /></P><P L="5" LL="5" P="5" LP="5" C="15" D="1" T="15"><D LT="0" L="8" I="69.4901" T="1776523442.0963" PN="1" SN="0" LL="M" P="N" LLP="0" LDC="0" LCD="8" FL="4" FTY="" FI="69.0202" FT="1776523164.3811" GL="0" GI="26.6995" GNL="0" GNI="20.8741" LGL="0" LGI="26.6995" LGNL="0" LGNI="20.8741" PS="0" PF="" PI="0.0000" PT="0.0000" SP="0" LP="M" TY="" TSL="0" /></P><P L="6" LL="6" P="6" LP="6" C="9" D="1" T="9"><D LT="0" L="8" I="70.0832" T="1776523455.1066" PN="1" SN="0" LL="M" P="N" LLP="0" LDC="0" LCD="8" FL="8" FTY="" FI="70.0832" FT="1776523455.1066" GL="0" GI="39.7098" GNL="0" GNI="13.0103" LGL="0" LGI="39.7098" LGNL="0" LGNI="13.0103" PS="0" PF="" PI="0.0000" PT="0.0000" SP="0" LP="M" TY="" TSL="0" /></P><P L="7" LL="7" P="7" LP="7" C="11" D="1" T="11"><D LT="0" L="8" I="70.6954" T="1776523456.6436" PN="1" SN="0" LL="M" P="N" LLP="0" LDC="0" LCD="8" FL="2" FTY="" FI="70.6338" FT="1776523028.9560" GL="0" GI="41.2468" GNL="0" GNI="1.5370" LGL="0" LGI="41.2468" LGNL="0" LGNI="1.5370" PS="0" PF="" PI="0.0000" PT="0.0000" SP="0" LP="M" TY="" TSL="0" /></P><P L="8" LL="8" P="8" LP="8" C="10" D="1" T="10"><D LT="0" L="8" I="69.6305" T="1776523456.9250" PN="1" SN="0" LL="M" P="N" LLP="0" LDC="0" LCD="8" FL="6" FTY="" FI="69.6052" FT="1776523317.1821" GL="0" GI="41.5282" GNL="0" GNI="0.2814" LGL="0" LGI="41.5282" LGNL="0" LGNI="0.2814" PS="0" PF="" PI="0.0000" PT="0.0000" SP="0" LP="M" TY="" TSL="0" /></P><P L="9" LL="9" P="9" LP="9" C="14" D="1" T="14"><D LT="0" L="8" I="70.6621" T="1776523457.8300" PN="1" SN="0" LL="M" P="N" LLP="0" LDC="0" LCD="8" FL="8" FTY="" FI="70.6621" FT="1776523457.8300" GL="0" GI="42.4332" GNL="0" GNI="0.9050" LGL="0" LGI="42.4332" LGNL="0" LGNI="0.9050" PS="0" PF="" PI="0.0000" PT="0.0000" SP="0" LP="M" TY="" TSL="0" /></P><P L="10" LL="10" P="10" LP="10" C="12" D="1" T="12"><D LT="0" L="8" I="72.2112" T="1776523466.0220" PN="1" SN="0" LL="M" P="N" LLP="0" LDC="0" LCD="8" FL="7" FTY="" FI="71.7585" FT="1776523393.8108" GL="0" GI="50.6252" GNL="0" GNI="8.1920" LGL="0" LGI="50.6252" LGNL="0" LGNI="8.1920" PS="0" PF="" PI="0.0000" PT="0.0000" SP="0" LP="M" TY="" TSL="0" /></P><P L="11" LL="11" P="11" LP="11" C="16" D="1" T="16"><D LT="0" L="8" I="71.6919" T="1776523467.3151" PN="1" SN="0" LL="M" P="N" LLP="0" LDC="0" LCD="8" FL="7" FTY="" FI="71.3453" FT="1776523395.6232" GL="0" GI="51.9183" GNL="0" GNI="1.2931" LGL="0" LGI="51.9183" LGNL="0" LGNI="1.2931" PS="0" PF="" PI="0.0000" PT="0.0000" SP="0" LP="M" TY="" TSL="0" /></P><P L="12" LL="12" P="12" LP="12" C="8" D="1" T="8"><D LT="0" L="8" I="71.6642" T="1776523468.2058" PN="1" SN="0" LL="M" P="N" LLP="0" LDC="0" LCD="8" FL="6" FTY="" FI="71.1669" FT="1776523325.2124" GL="0" GI="52.8090" GNL="0" GNI="0.8907" LGL="0" LGI="52.8090" LGNL="0" LGNI="0.8907" PS="0" PF="" PI="0.0000" PT="0.0000" SP="0" LP="M" TY="" TSL="0" /></P><P L="13" LL="13" P="13" LP="13" C="13" D="1" T="13"><D LT="0" L="8" I="73.1590" T="1776523477.8548" PN="1" SN="0" LL="M" P="N" LLP="0" LDC="0" LCD="8" FL="6" FTY="" FI="72.9782" FT="1776523331.3450" GL="0" GI="62.4580" GNL="0" GNI="9.6490" LGL="0" LGI="62.4580" LGNL="0" LGNI="9.6490" PS="0" PF="" PI="0.0000" PT="0.0000" SP="0" LP="M" TY="" TSL="0" /></P><P L="14" LL="14" P="14" LP="14" C="2" D="1" T="2"><D LT="0" L="7" I="77.8756" T="1776523413.7828" PN="1" SN="0" LL="M" P="N" LLP="0" LDC="0" LCD="7" FL="2" FTY="" FI="77.4404" FT="1776523019.4420" GL="?" GI="?" GNL="0" GNI="9.0870" LGL="?" LGI="?" LGNL="0" LGNI="9.0870" PS="0" PF="" PI="0.0000" PT="0.0000" SP="0" LP="M" TY="" TSL="0" /></P><P L="15" LL="15" P="" LP="" C="3" D="1" T="0"><D LT="0" L="0" I="0.0000" T="1776522858.3206" PN="0" SN="0" LL="M" P="N" LLP="0" LDC="0" LCD="0" FL="0" FTY="" FI="0.0000" FT="0.0000" GL="?" GI="?" GNL="?" GNI="?" LGL="?" LGI="?" LGNL="?" LGNI="?" PS="0" PF="" PI="0.0000" PT="0.0000" SP="0" LP="" TY="" TSL="0" /></P></L>

[2026-04-18T04:44:50.008188+00:00]
<C T="1776523490.0460" Y="L" C="3" E="631" />

[2026-04-18T04:44:50.478229+00:00]
<L T="1776523490.5160" Y="p" L="15"><P L="4" LL="4" P="4" LP="4" C="7" D="1" T="7"><D L="9" I="69.0094" T="1776523490.2316" LCD="9" GI="6.7939" GNI="4.5717" LGI="6.7939" LGNI="4.5717" /></P></L>

[2026-04-18T04:44:50.988915+00:00]
<C T="1776523491.0230" Y="L" C="3" E="632" />

[2026-04-18T04:44:52.013541+00:00]
<C T="1776523492.0510" Y="L" C="3" E="633" />

[2026-04-18T04:44:52.988593+00:00]
<C T="1776523493.0200" Y="L" C="3" E="634" />

[2026-04-18T04:44:52.991869+00:00]
<L T="1776523493.0200" Y="p" L="15"><P L="5" LL="5" P="5" LP="5" C="15" D="1" T="2"><D /></P><P L="6" LL="6" P="6" LP="6" C="9" D="1" T="15"><D /></P><P L="7" LL="7" P="7" LP="7" C="11" D="1" T="9"><D /></P><P L="8" LL="8" P="8" LP="8" C="10" D="1" T="11"><D /></P><P L="9" LL="9" P="9" LP="9" C="14" D="1" T="10"><D /></P><P L="10" LL="10" P="10" LP="10" C="12" D="1" T="14"><D /></P><P L="11" LL="11" P="11" LP="11" C="16" D="1" T="12"><D /></P><P L="12" LL="12" P="12" LP="12" C="8" D="1" T="16"><D /></P><P L="13" LL="13" P="13" LP="13" C="13" D="1" T="8"><D /></P><P L="14" LL="14" P="14" LP="14" C="2" D="1" T="13"><D L="8" I="79.0070" T="1776523492.7898" LCD="8" GL="1" GI="9.3521" GNI="14.9350" LGL="1" LGI="9.3521" LGNI="14.9350" /></P></L>

[2026-04-18T04:44:54.135422+00:00]
<C T="1776523494.0390" Y="L" C="3" E="635" />

[2026-04-18T04:44:55.054571+00:00]
<C T="1776523495.0100" Y="L" C="3" E="636" />

[2026-04-18T04:44:55.994312+00:00]
<C T="1776523496.0290" Y="L" C="3" E="637" />

[2026-04-18T04:44:56.999273+00:00]
<C T="1776523497.0410" Y="L" C="3" E="638" />

[2026-04-18T04:44:58.005620+00:00]
<C T="1776523498.0550" Y="L" C="3" E="639" />

[2026-04-18T04:44:59.013771+00:00]
<C T="1776523499.0500" Y="L" C="3" E="640" />

[2026-04-18T04:45:00.182494+00:00]
<C T="1776523500.0020" Y="L" C="3" E="641" />

[2026-04-18T04:45:00.991487+00:00]
<C T="1776523501.0300" Y="L" C="3" E="642" />

[2026-04-18T04:45:02.009424+00:00]
<C T="1776523502.0450" Y="L" C="3" E="643" />

[2026-04-18T04:45:03.022580+00:00]
<C T="1776523503.0570" Y="L" C="3" E="644" />

[2026-04-18T04:45:03.973938+00:00]
<C T="1776523504.0130" Y="L" C="3" E="645" />

[2026-04-18T04:45:05.199415+00:00]
<C T="1776523505.0250" Y="L" C="3" E="646" />

[2026-04-18T04:45:06.100215+00:00]
<C T="1776523506.0390" Y="L" C="3" E="647" />

[2026-04-18T04:45:07.018442+00:00]
<C T="1776523507.0530" Y="L" C="3" E="648" />

[2026-04-18T04:45:07.984801+00:00]
<C T="1776523508.0040" Y="L" C="3" E="649" />

[2026-04-18T04:45:08.983452+00:00]
<C T="1776523509.0230" Y="L" C="3" E="650" />

[2026-04-18T04:45:10.010286+00:00]
<C T="1776523510.0420" Y="L" C="3" E="651" />

[2026-04-18T04:45:11.029523+00:00]
<C T="1776523511.0610" Y="L" C="3" E="652" />

[2026-04-18T04:45:11.680952+00:00]
<L T="1776523511.7270" Y="p" L="15"><P L="5" LL="5" P="5" LP="5" C="15" D="1" T="2"><D L="9" I="69.4266" T="1776523511.5229" LCD="9" GI="28.0852" GNI="21.2913" LGI="28.0852" LGNI="21.2913" /></P></L>

[2026-04-18T04:45:12.022583+00:00]
<C T="1776523512.0440" Y="L" C="3" E="653" />

[2026-04-18T04:45:13.024215+00:00]
<C T="1776523513.0630" Y="L" C="3" E="654" />

[2026-04-18T04:45:13.999742+00:00]
<C T="1776523514.0350" Y="L" C="3" E="655" />

[2026-04-18T04:45:15.009867+00:00]
<C T="1776523515.0470" Y="L" C="3" E="656" />

[2026-04-18T04:45:16.054172+00:00]
<C T="1776523516.0120" Y="L" C="3" E="657" />

[2026-04-18T04:45:17.180878+00:00]
<C T="1776523517.0440" Y="L" C="3" E="658" />

[2026-04-18T04:45:17.974812+00:00]
<C T="1776523518.0130" Y="L" C="3" E="659" />

[2026-04-18T04:45:19.006861+00:00]
<C T="1776523519.0240" Y="L" C="3" E="660" />

[2026-04-18T04:45:19.984332+00:00]
<C T="1776523520.0210" Y="L" C="3" E="661" />

[2026-04-18T04:45:21.009305+00:00]
<C T="1776523521.0350" Y="L" C="3" E="662" />

[2026-04-18T04:45:22.198495+00:00]
<C T="1776523522.0490" Y="L" C="3" E="663" />

[2026-04-18T04:45:22.978927+00:00]
<C T="1776523523.0150" Y="L" C="3" E="664" />

[2026-04-18T04:45:24.007577+00:00]
<C T="1776523524.0470" Y="L" C="3" E="665" />

[2026-04-18T04:45:24.980086+00:00]
<C T="1776523525.0050" Y="L" C="3" E="666" />

[2026-04-18T04:45:25.752721+00:00]
<L T="1776523525.7890" Y="p" L="15"><P L="6" LL="6" P="6" LP="6" C="9" D="1" T="15"><D L="9" I="70.3247" T="1776523525.4313" LCD="9" GI="41.9936" GNI="13.9084" LGI="41.9936" LGNI="13.9084" /></P></L>

[2026-04-18T04:45:26.004520+00:00]
<C T="1776523526.0400" Y="L" C="3" E="667" />

[2026-04-18T04:45:26.844326+00:00]
<L T="1776523526.8890" Y="p" L="15"><P L="7" LL="7" P="7" LP="7" C="10" D="1" T="9"><D L="9" I="69.6320" T="1776523526.5570" LCD="9" GI="43.1193" GNI="1.1257" LGI="43.1193" LGNI="1.1257" /></P><P L="8" LL="8" P="8" LP="8" C="11" D="1" T="10"><D GNL="?" GNI="?" LGNL="?" LGNI="?" /></P><P L="9" LL="9" P="9" LP="9" C="14" D="1" T="11"><D GNI="1.1864" LGNI="1.1864" /></P></L>

[2026-04-18T04:45:26.965216+00:00]
<C T="1776523527.0150" Y="L" C="3" E="668" />

[2026-04-18T04:45:27.883036+00:00]
<L T="1776523527.9290" Y="p" L="15"><P L="8" LL="8" P="8" LP="8" C="11" D="1" T="10"><D L="9" I="70.9394" T="1776523527.5830" LCD="9" GI="44.1453" GNL="0" GNI="1.0260" LGI="44.1453" LGNL="0" LGNI="1.0260" /></P></L>

[2026-04-18T04:45:27.984579+00:00]
<C T="1776523528.0330" Y="L" C="3" E="669" />

[2026-04-18T04:45:29.161090+00:00]
<C T="1776523529.0410" Y="L" C="3" E="670" />

[2026-04-18T04:45:29.163044+00:00]
<L T="1776523529.1910" Y="p" L="15"><P L="9" LL="9" P="9" LP="9" C="14" D="1" T="11"><D L="9" I="70.9891" T="1776523528.8191" LCD="9" GI="45.3814" GNI="1.2361" LGI="45.3814" LGNI="1.2361" /></P></L>

[2026-04-18T04:45:30.085867+00:00]
<C T="1776523530.0290" Y="L" C="3" E="671" />

[2026-04-18T04:45:30.963525+00:00]
<C T="1776523531.0000" Y="L" C="3" E="672" />

[2026-04-18T04:45:31.994462+00:00]
<C T="1776523532.0310" Y="L" C="3" E="673" />

[2026-04-18T04:45:33.134696+00:00]
<C T="1776523533.0500" Y="L" C="3" E="674" />

[2026-04-18T04:45:33.967055+00:00]
<C T="1776523534.0090" Y="L" C="3" E="675" />

[2026-04-18T04:45:35.004620+00:00]
<C T="1776523535.0410" Y="L" C="3" E="676" />

[2026-04-18T04:45:36.016634+00:00]
<C T="1776523536.0540" Y="L" C="3" E="677" />

[2026-04-18T04:45:36.979968+00:00]
<C T="1776523537.0060" Y="L" C="3" E="678" />

[2026-04-18T04:45:37.981685+00:00]
<C T="1776523538.0190" Y="L" C="3" E="679" />

[2026-04-18T04:45:38.691775+00:00]
<L T="1776523538.7380" Y="p" L="15"><P L="10" LL="10" P="10" LP="10" C="12" D="1" T="14"><D L="9" I="72.3811" T="1776523538.4031" LCD="9" GI="54.9654" GNI="9.5840" LGI="54.9654" LGNI="9.5840" /></P></L>

[2026-04-18T04:45:39.014953+00:00]
<C T="1776523539.0500" Y="L" C="3" E="680" />

[2026-04-18T04:45:39.156550+00:00]
<L T="1776523539.1960" Y="p" L="15"><P L="11" LL="11" P="11" LP="11" C="16" D="1" T="12"><D L="9" I="71.5599" T="1776523538.8750" LCD="9" GI="55.4373" GNI="0.4719" LGI="55.4373" LGNI="0.4719" /></P></L>

[2026-04-18T04:45:39.981180+00:00]
<C T="1776523540.0160" Y="L" C="3" E="681" />

[2026-04-18T04:45:40.322009+00:00]
<L T="1776523540.3640" Y="p" L="15"><P L="12" LL="12" P="12" LP="12" C="8" D="1" T="16"><D L="9" I="71.8003" T="1776523540.0061" LCD="9" GI="56.5684" GNI="1.1311" LGI="56.5684" LGNI="1.1311" /></P></L>

[2026-04-18T04:45:40.992522+00:00]
<C T="1776523541.0040" Y="L" C="3" E="682" />

[2026-04-18T04:45:42.004855+00:00]
<C T="1776523542.0400" Y="L" C="3" E="683" />

[2026-04-18T04:45:42.988779+00:00]
<C T="1776523543.0080" Y="L" C="3" E="684" />

[2026-04-18T04:45:44.014576+00:00]
<C T="1776523544.0270" Y="L" C="3" E="685" />

[2026-04-18T04:45:45.010717+00:00]
<C T="1776523545.0490" Y="L" C="3" E="686" />

[2026-04-18T04:45:46.011010+00:00]
<C T="1776523546.0610" Y="L" C="3" E="687" />

[2026-04-18T04:45:47.052353+00:00]
<C T="1776523547.0570" Y="L" C="3" E="688" />

[2026-04-18T04:45:47.960624+00:00]
<C T="1776523548.0070" Y="L" C="3" E="689" />

[2026-04-18T04:45:49.027653+00:00]
<C T="1776523549.0060" Y="L" C="3" E="690" />

[2026-04-18T04:45:49.999719+00:00]
<C T="1776523550.0160" Y="L" C="3" E="691" />

[2026-04-18T04:45:50.999299+00:00]
<C T="1776523551.0320" Y="L" C="3" E="692" />

[2026-04-18T04:45:52.000682+00:00]
<C T="1776523552.0300" Y="L" C="2" E="693" />

[2026-04-18T04:45:52.004548+00:00]
<L T="1776523552.0460" Y="p" L="15"><P L="1" LL="1" P="1" LP="1" C="4" D="1" T="4"><D L="10" I="68.2659" T="1776523551.7036" LCD="10" /></P><P L="13" LL="13" P="13" LP="13" C="13" D="1" T="8"><D GL="?" GI="?" LGL="?" LGI="?" /></P></L>

[2026-04-18T04:45:52.655170+00:00]
<L T="1776523552.6890" Y="p" L="15"><P L="2" LL="2" P="2" LP="2" C="6" D="1" T="13"><D /></P><P L="3" LL="3" P="3" LP="3" C="1" D="1" T="6"><D /></P><P L="4" LL="4" P="4" LP="4" C="7" D="1" T="1"><D /></P><P L="5" LL="5" P="5" LP="5" C="15" D="1" T="7"><D /></P><P L="6" LL="6" P="6" LP="6" C="9" D="1" T="2"><D /></P><P L="7" LL="7" P="7" LP="7" C="10" D="1" T="15"><D /></P><P L="8" LL="8" P="8" LP="8" C="11" D="1" T="9"><D /></P><P L="9" LL="9" P="9" LP="9" C="14" D="1" T="10"><D /></P><P L="10" LL="10" P="10" LP="10" C="12" D="1" T="11"><D /></P><P L="11" LL="11" P="11" LP="11" C="16" D="1" T="14"><D /></P><P L="12" LL="12" P="12" LP="12" C="8" D="1" T="12"><D /></P><P L="13" LL="13" P="13" LP="13" C="13" D="1" T="16"><D L="9" I="74.5365" T="1776523552.3913" LCD="9" GL="1" GI="0.6877" GNI="12.3852" LGL="1" LGI="0.6877" LGNI="12.3852" /></P><P L="14" LL="14" P="14" LP="14" C="2" D="1" T="8"><D /></P></L>

[2026-04-18T04:45:52.969318+00:00]
<C T="1776523553.0020" Y="L" C="2" E="694" />

[2026-04-18T04:45:53.380384+00:00]
<L T="1776523553.4100" Y="p" L="15"><P L="2" LL="2" P="2" LP="2" C="6" D="1" T="13"><D L="10" I="68.0991" T="1776523553.0161" LCD="10" GI="1.3125" GNI="1.3125" LGI="1.3125" LGNI="1.3125" /></P></L>

[2026-04-18T04:45:53.990713+00:00]
<C T="1776523554.0380" Y="L" C="2" E="695" />

[2026-04-18T04:45:54.455171+00:00]
<L T="1776523554.4360" Y="p" L="15"><P L="3" LL="3" P="3" LP="3" C="1" D="1" T="6"><D L="10" I="68.4483" T="1776523554.1082" LCD="10" GI="2.4046" GNI="1.0921" LGI="2.4046" LGNI="1.0921" /></P></L>

[2026-04-18T04:45:54.970698+00:00]
<C T="1776523555.0070" Y="L" C="2" E="696" />

[2026-04-18T04:45:56.001911+00:00]
<C T="1776523556.0410" Y="L" C="2" E="697" />

[2026-04-18T04:45:57.048347+00:00]
<C T="1776523557.0550" Y="L" C="2" E="698" />

[2026-04-18T04:45:57.964872+00:00]
<C T="1776523558.0110" Y="L" C="2" E="699" />

[2026-04-18T04:45:58.607881+00:00]
<L T="1776523558.6540" Y="p" L="15"><P L="4" LL="4" P="4" LP="4" C="7" D="1" T="1"><D L="10" I="68.1274" T="1776523558.3590" LCD="10" FL="10" FI="68.1274" FT="1776523558.3590" GI="6.6554" GNI="4.2508" LGI="6.6554" LGNI="4.2508" /></P></L>

[2026-04-18T04:45:58.995981+00:00]
<C T="1776523559.0300" Y="L" C="2" E="700" />

[2026-04-18T04:46:00.030380+00:00]
<C T="1776523560.0610" Y="L" C="2" E="701" />

[2026-04-18T04:46:00.980827+00:00]
<C T="1776523561.0160" Y="L" C="2" E="702" />

[2026-04-18T04:46:01.989976+00:00]
<C T="1776523562.0360" Y="L" C="2" E="703" />

[2026-04-18T04:46:03.005362+00:00]
<C T="1776523563.0390" Y="L" C="2" E="704" />

[2026-04-18T04:46:04.020912+00:00]
<C T="1776523564.0570" Y="L" C="2" E="705" />

[2026-04-18T04:46:05.025668+00:00]
<C T="1776523565.0600" Y="L" C="2" E="706" />

[2026-04-18T04:46:06.129081+00:00]
<C T="1776523566.0160" Y="L" C="2" E="707" />

[2026-04-18T04:46:06.970693+00:00]
<C T="1776523567.0190" Y="L" C="2" E="708" />

[2026-04-18T04:46:08.000331+00:00]
<C T="1776523568.0220" Y="L" C="2" E="709" />

[2026-04-18T04:46:09.005724+00:00]
<C T="1776523569.0410" Y="L" C="2" E="710" />

[2026-04-18T04:46:09.661540+00:00]
<L T="1776523569.7070" Y="p" L="15"><P L="14" LL="14" P="14" LP="14" C="2" D="1" T="8"><D L="9" I="76.6965" T="1776523569.4863" LCD="9" FL="9" FI="76.6965" FT="1776523569.4863" GI="17.7827" GNI="17.0950" LGI="17.7827" LGNI="17.0950" /></P></L>

[2026-04-18T04:46:09.974703+00:00]
<C T="1776523570.0170" Y="L" C="2" E="711" />

[2026-04-18T04:46:10.992644+00:00]
<C T="1776523571.0260" Y="L" C="2" E="712" />

[2026-04-18T04:46:12.015824+00:00]
<C T="1776523572.0570" Y="L" C="2" E="713" />

[2026-04-18T04:46:12.991731+00:00]
<C T="1776523573.0060" Y="L" C="2" E="714" />

[2026-04-18T04:46:13.984850+00:00]
<C T="1776523574.0330" Y="L" C="2" E="715" />

[2026-04-18T04:46:15.004784+00:00]
<C T="1776523575.0380" Y="L" C="2" E="716" />

[2026-04-18T04:46:16.015281+00:00]
<C T="1776523576.0050" Y="L" C="2" E="717" />

[2026-04-18T04:46:17.142296+00:00]
<C T="1776523577.0330" Y="L" C="2" E="718" />

[2026-04-18T04:46:18.112160+00:00]
<C T="1776523578.0600" Y="L" C="2" E="719" />

[2026-04-18T04:46:18.990809+00:00]
<C T="1776523579.0100" Y="L" C="2" E="720" />

[2026-04-18T04:46:20.010429+00:00]
<C T="1776523580.0360" Y="L" C="2" E="721" />

[2026-04-18T04:46:20.980189+00:00]
<C T="1776523581.0010" Y="L" C="2" E="722" />

[2026-04-18T04:46:21.101873+00:00]
<L T="1776523581.1430" Y="p" L="15"><P L="5" LL="5" P="5" LP="5" C="15" D="1" T="7"><D L="10" I="69.3011" T="1776523580.8240" LCD="10" GI="29.1204" GNI="22.4650" LGI="29.1204" LGNI="22.4650" /></P></L>

[2026-04-18T04:46:21.986134+00:00]
<C T="1776523582.0280" Y="L" C="2" E="723" />

[2026-04-18T04:46:23.128300+00:00]
<C T="1776523583.0420" Y="L" C="2" E="724" />

[2026-04-18T04:46:23.968649+00:00]
<C T="1776523584.0080" Y="L" C="2" E="725" />

[2026-04-18T04:46:25.177443+00:00]
<C T="1776523585.0140" Y="L" C="2" E="726" />

[2026-04-18T04:46:26.095518+00:00]
<C T="1776523586.0380" Y="L" C="2" E="727" />

[2026-04-18T04:46:26.991093+00:00]
<C T="1776523587.0030" Y="L" C="2" E="728" />

[2026-04-18T04:46:28.042940+00:00]
<C T="1776523588.0290" Y="L" C="2" E="729" />

[2026-04-18T04:46:29.006163+00:00]
<C T="1776523589.0410" Y="L" C="2" E="730" />

[2026-04-18T04:46:30.020366+00:00]
<C T="1776523590.0620" Y="L" C="2" E="731" />

[2026-04-18T04:46:30.975100+00:00]
<C T="1776523591.0090" Y="L" C="2" E="732" />

[2026-04-18T04:46:31.996104+00:00]
<C T="1776523592.0310" Y="L" C="2" E="733" />

[2026-04-18T04:46:33.015873+00:00]
<C T="1776523593.0580" Y="L" C="2" E="734" />

[2026-04-18T04:46:33.959084+00:00]
<C T="1776523594.0050" Y="L" C="2" E="735" />

[2026-04-18T04:46:35.109885+00:00]
<C T="1776523595.0000" Y="L" C="2" E="736" />

[2026-04-18T04:46:35.985987+00:00]
<C T="1776523596.0170" Y="L" C="2" E="737" />

[2026-04-18T04:46:36.069702+00:00]
<L T="1776523596.0960" Y="p" L="15"><P L="6" LL="6" P="6" LP="6" C="9" D="1" T="2"><D L="10" I="70.3604" T="1776523595.7917" LCD="10" GI="44.0881" GNI="14.9677" LGI="44.0881" LGNI="14.9677" /></P></L>

[2026-04-18T04:46:36.842328+00:00]
<L T="1776523596.8710" Y="p" L="15"><P L="7" LL="7" P="7" LP="7" C="10" D="1" T="15"><D L="10" I="69.9013" T="1776523596.4583" LCD="10" GI="44.7547" GNI="0.6666" LGI="44.7547" LGNI="0.6666" /></P></L>

[2026-04-18T04:46:37.015995+00:00]
<C T="1776523597.0610" Y="L" C="2" E="738" />

[2026-04-18T04:46:37.966409+00:00]
<C T="1776523598.0120" Y="L" C="2" E="739" />

[2026-04-18T04:46:38.432758+00:00]
<L T="1776523598.4750" Y="p" L="15"><P L="8" LL="8" P="8" LP="8" C="11" D="1" T="9"><D L="10" I="70.5676" T="1776523598.1506" LCD="10" FL="10" FI="70.5676" FT="1776523598.1506" GI="46.4470" GNI="1.6923" LGI="46.4470" LGNI="1.6923" /></P></L>

[2026-04-18T04:46:39.021061+00:00]
<C T="1776523599.0560" Y="L" C="2" E="740" />

[2026-04-18T04:46:39.559123+00:00]
<L T="1776523599.6000" Y="p" L="15"><P L="9" LL="9" P="9" LP="9" C="14" D="1" T="10"><D L="10" I="70.4878" T="1776523599.3069" LCD="10" FL="10" FI="70.4878" FT="1776523599.3069" GI="47.6033" GNI="1.1563" LGI="47.6033" LGNI="1.1563" /></P></L>

[2026-04-18T04:46:40.006573+00:00]
<C T="1776523600.0530" Y="L" C="2" E="741" />

[2026-04-18T04:46:41.003454+00:00]
<C T="1776523601.0350" Y="L" C="2" E="742" />

[2026-04-18T04:46:42.011541+00:00]
<C T="1776523602.0570" Y="L" C="2" E="743" />

[2026-04-18T04:46:42.976261+00:00]
<C T="1776523603.0080" Y="L" C="2" E="744" />

[2026-04-18T04:46:43.996447+00:00]
<C T="1776523604.0410" Y="L" C="2" E="745" />

[2026-04-18T04:46:45.108318+00:00]
<C T="1776523605.0570" Y="L" C="2" E="746" />

[2026-04-18T04:46:45.994952+00:00]
<C T="1776523606.0220" Y="L" C="2" E="747" />

[2026-04-18T04:46:47.021152+00:00]
<C T="1776523607.0530" Y="L" C="2" E="748" />

[2026-04-18T04:46:48.116179+00:00]
<C T="1776523608.0230" Y="L" C="2" E="749" />

[2026-04-18T04:46:49.044424+00:00]
<C T="1776523609.0550" Y="L" C="2" E="750" />

[2026-04-18T04:46:50.027545+00:00]
<C T="1776523610.0020" Y="L" C="2" E="751" />

[2026-04-18T04:46:51.001562+00:00]
<C T="1776523611.0220" Y="L" C="2" E="752" />

[2026-04-18T04:46:51.765413+00:00]
<L T="1776523611.8060" Y="p" L="15"><P L="10" LL="10" P="10" LP="10" C="16" D="1" T="11"><D L="10" I="72.7180" T="1776523611.5930" LCD="10" GI="59.8894" GNI="12.2861" LGI="59.8894" LGNI="12.2861" /></P><P L="11" LL="11" P="11" LP="11" C="12" D="1" T="14"><D GNL="?" GNI="?" LGNL="?" LGNI="?" /></P><P L="12" LL="12" P="12" LP="12" C="8" D="1" T="16"><D GNI="1.6030" LGNI="1.6030" /></P><P L="13" LL="13" P="13" LP="13" C="13" D="1" T="12"><D /></P></L>

[2026-04-18T04:46:51.894741+00:00]
<L T="1776523611.9310" Y="p" L="15"><P L="10" LL="10" P="10" LP="10" C="16" D="1" T="11"><D I="72.7121" T="1776523611.5871" GI="59.8835" GNI="12.2802" LGI="59.8835" LGNI="12.2802" /></P></L>

[2026-04-18T04:46:52.012457+00:00]
<C T="1776523612.0570" Y="L" C="2" E="753" />

[2026-04-18T04:46:52.928510+00:00]
<L T="1776523612.9510" Y="p" L="15"><P L="11" LL="11" P="11" LP="11" C="8" D="1" T="14"><D L="10" I="72.5743" T="1776523612.5804" LCD="10" GI="60.8768" GNI="0.9933" LGI="60.8768" LGNI="0.9933" /></P><P L="12" LL="12" P="12" LP="12" C="12" D="1" T="16"><D /></P><P L="13" LL="13" P="13" LP="13" C="13" D="1" T="8"><D GNI="13.9882" LGNI="13.9882" /></P><P L="14" LL="14" P="14" LP="14" C="2" D="1" T="12"><D /></P></L>

[2026-04-18T04:46:52.971933+00:00]
<C T="1776523613.0150" Y="L" C="2" E="754" />

[2026-04-18T04:46:53.433008+00:00]
<L T="1776523613.4750" Y="p" L="15"><P L="12" LL="12" P="12" LP="12" C="12" D="1" T="16"><D L="10" I="74.7172" T="1776523613.1203" LCD="10" GI="61.4167" GNL="0" GNI="0.5399" LGI="61.4167" LGNL="0" LGNI="0.5399" /></P></L>

[2026-04-18T04:46:54.001590+00:00]
<C T="1776523614.0470" Y="L" C="2" E="755" />

[2026-04-18T04:46:55.056935+00:00]
<C T="1776523615.0580" Y="L" C="2" E="756" />

[2026-04-18T04:46:55.987645+00:00]
<C T="1776523616.0250" Y="L" C="2" E="757" />

[2026-04-18T04:46:57.027378+00:00]
<C T="1776523617.0570" Y="L" C="2" E="758" />

[2026-04-18T04:46:58.133225+00:00]
<C T="1776523618.0250" Y="L" C="2" E="759" />

[2026-04-18T04:46:59.056639+00:00]
<C T="1776523619.0320" Y="L" C="2" E="760" />

[2026-04-18T04:46:59.526341+00:00]
<C T="1776523619.5520" Y="L" C="1" E="760" />

[2026-04-18T04:46:59.530165+00:00]
<A T="1776523619.5710" Y="p" I="67.4524" />

[2026-04-18T04:46:59.539475+00:00]
<L T="1776523619.5710" Y="p" L="15"><P L="1" LL="1" P="1" LP="1" C="4" D="1" T="4"><D L="11" I="67.4524" T="1776523619.1560" LCD="11" FL="11" FI="67.4524" FT="1776523619.1560" /></P></L>

[2026-04-18T04:47:00.095316+00:00]
<C T="1776523620.0160" Y="L" C="1" E="761" />

[2026-04-18T04:47:01.032989+00:00]
<C T="1776523621.0430" Y="L" C="1" E="762" />

[2026-04-18T04:47:01.859862+00:00]
<L T="1776523621.9020" Y="p" L="15"><P L="2" LL="2" P="2" LP="2" C="6" D="1" T="6"><D L="11" I="68.5278" T="1776523621.5439" LCD="11" GI="2.3879" GNI="2.3879" LGI="2.3879" LGNI="2.3879" /></P><P L="3" LL="3" P="3" LP="3" C="1" D="1" T="13"><D /></P></L>

[2026-04-18T04:47:01.983309+00:00]
<C T="1776523622.0290" Y="L" C="1" E="763" />

[2026-04-18T04:47:02.516458+00:00]
<L T="1776523622.5560" Y="p" L="15"><P L="3" LL="3" P="3" LP="3" C="1" D="1" T="1"><D L="11" I="68.2408" T="1776523622.3490" LCD="11" GI="3.1930" GNI="0.8051" LGI="3.1930" LGNI="0.8051" /></P><P L="4" LL="4" P="4" LP="4" C="7" D="1" T="13"><D /></P></L>

[2026-04-18T04:47:03.030895+00:00]
<C T="1776523623.0590" Y="L" C="1" E="764" />

[2026-04-18T04:47:03.996212+00:00]
<C T="1776523624.0300" Y="L" C="1" E="765" />

[2026-04-18T04:47:04.976449+00:00]
<C T="1776523625.0060" Y="L" C="1" E="766" />

[2026-04-18T04:47:05.990990+00:00]
<C T="1776523626.0360" Y="L" C="1" E="767" />

[2026-04-18T04:47:06.861599+00:00]
<L T="1776523626.8760" Y="p" L="15"><P L="13" LL="13" P="13" LP="13" C="13" D="1" T="8"><D L="10" I="74.2779" T="1776523626.6692" LCD="10" GI="7.5132" GNI="13.5489" LGI="7.5132" LGNI="13.5489" /></P></L>

[2026-04-18T04:47:06.961943+00:00]
<C T="1776523627.0040" Y="L" C="1" E="768" />

[2026-04-18T04:47:08.001728+00:00]
<C T="1776523628.0200" Y="L" C="1" E="769" />

[2026-04-18T04:47:09.026906+00:00]
<C T="1776523629.0550" Y="L" C="1" E="770" />

[2026-04-18T04:47:09.030131+00:00]
<L T="1776523629.0700" Y="p" L="15"><P L="4" LL="4" P="4" LP="4" C="7" D="1" T="13"><D L="11" I="70.4476" T="1776523628.8066" LCD="11" GI="9.6506" GNI="6.4576" LGI="9.6506" LGNI="6.4576" /></P></L>
